43.0 APEX_CODE,FINEST;APEX_PROFILING,INFO;CALLOUT,INFO;DB,INFO;NBA,INFO;SYSTEM,DEBUG;VALIDATION,INFO;VISUALFORCE,INFO;WAVE,INFO;WORKFLOW,INFO
Execute Anonymous: OopsConcepts obj = new OopsConcepts();
Execute Anonymous: OopsConcepts obj1 = new OopsConcepts(5);
08:49:13.1 (1206535)|USER_INFO|[EXTERNAL]|0056F000009ROqM|swaraj@espl.com|Pacific Standard Time|GMT-07:00
08:49:13.1 (1228665)|EXECUTION_STARTED
08:49:13.1 (1235019)|CODE_UNIT_STARTED|[EXTERNAL]|execute_anonymous_apex
08:49:13.1 (7751261)|VARIABLE_SCOPE_BEGIN|[1]|obj|OopsConcepts|true|false
08:49:13.1 (7891747)|VARIABLE_SCOPE_BEGIN|[2]|obj1|OopsConcepts|true|false
08:49:13.1 (8062458)|HEAP_ALLOCATE|[72]|Bytes:3
08:49:13.1 (8118478)|HEAP_ALLOCATE|[77]|Bytes:152
08:49:13.1 (8141382)|HEAP_ALLOCATE|[342]|Bytes:408
08:49:13.1 (8164491)|HEAP_ALLOCATE|[355]|Bytes:408
08:49:13.1 (8186510)|HEAP_ALLOCATE|[467]|Bytes:48
08:49:13.1 (8227307)|HEAP_ALLOCATE|[139]|Bytes:6
08:49:13.1 (8263584)|HEAP_ALLOCATE|[EXTERNAL]|Bytes:3
08:49:13.1 (8330356)|STATEMENT_EXECUTE|[1]
08:49:13.1 (8335551)|STATEMENT_EXECUTE|[1]
08:49:13.1 (8342530)|HEAP_ALLOCATE|[1]|Bytes:3
08:49:13.1 (8352968)|HEAP_ALLOCATE|[1]|Bytes:3
08:49:13.1 (8407773)|METHOD_ENTRY|[1]|01p6F00000CNReJ|OopsConcepts.OopsConcepts()
08:49:13.1 (8418609)|STATEMENT_EXECUTE|[1]
08:49:13.1 (8424246)|STATEMENT_EXECUTE|[1]
08:49:13.1 (8465924)|HEAP_ALLOCATE|[50]|Bytes:5
08:49:13.1 (8501401)|HEAP_ALLOCATE|[56]|Bytes:5
08:49:13.1 (8517075)|HEAP_ALLOCATE|[64]|Bytes:7
08:49:13.1 (8545074)|SYSTEM_MODE_ENTER|false
08:49:13.1 (8564597)|HEAP_ALLOCATE|[1]|Bytes:5
08:49:13.1 (8577815)|SYSTEM_MODE_EXIT|false
08:49:13.1 (8595372)|METHOD_EXIT|[1]|OopsConcepts
08:49:13.1 (8615228)|HEAP_ALLOCATE|[1]|Bytes:4
08:49:13.1 (8652096)|SYSTEM_MODE_ENTER|false
08:49:13.1 (8673712)|HEAP_ALLOCATE|[1]|Bytes:5
08:49:13.1 (8732217)|CONSTRUCTOR_ENTRY|[1]|01p6F00000CNReJ|<init>()|OopsConcepts
08:49:13.1 (8785417)|VARIABLE_SCOPE_BEGIN|[2]|this|OopsConcepts|true|false
08:49:13.1 (8861803)|VARIABLE_ASSIGNMENT|[2]|this|{}|0x4929a9ec
08:49:13.1 (8883531)|HEAP_ALLOCATE|[3]|Bytes:5
08:49:13.1 (8893407)|STATEMENT_EXECUTE|[1]
08:49:13.1 (8899235)|HEAP_ALLOCATE|[3]|Bytes:5
08:49:13.1 (8915218)|HEAP_ALLOCATE|[3]|Bytes:6
08:49:13.1 (8964987)|STATEMENT_EXECUTE|[2]
08:49:13.1 (8968993)|STATEMENT_EXECUTE|[3]
08:49:13.1 (8974542)|HEAP_ALLOCATE|[3]|Bytes:28
08:49:13.1 (9056994)|USER_DEBUG|[3]|DEBUG|This is Default Constructor!
08:49:13.1 (9115120)|CONSTRUCTOR_EXIT|[1]|01p6F00000CNReJ|<init>()|OopsConcepts
08:49:13.1 (9139591)|SYSTEM_MODE_EXIT|false
08:49:13.1 (9187874)|VARIABLE_ASSIGNMENT|[1]|obj|{}|0x4929a9ec
08:49:13.1 (9200064)|STATEMENT_EXECUTE|[2]
08:49:13.1 (9207127)|HEAP_ALLOCATE|[2]|Bytes:4
08:49:13.1 (9244851)|SYSTEM_MODE_ENTER|false
08:49:13.1 (9262896)|HEAP_ALLOCATE|[2]|Bytes:5
08:49:13.1 (9288326)|CONSTRUCTOR_ENTRY|[2]|01p6F00000CNReJ|<init>(Integer)|OopsConcepts
08:49:13.1 (9318215)|VARIABLE_SCOPE_BEGIN|[5]|this|OopsConcepts|true|false
08:49:13.1 (9349552)|VARIABLE_ASSIGNMENT|[5]|this|{}|0x40f268bc
08:49:13.1 (9369724)|VARIABLE_SCOPE_BEGIN|[5]|param|Integer|false|false
08:49:13.1 (9388349)|VARIABLE_ASSIGNMENT|[5]|param|5
08:49:13.1 (9403078)|HEAP_ALLOCATE|[6]|Bytes:5
08:49:13.1 (9412084)|STATEMENT_EXECUTE|[6]
08:49:13.1 (9423469)|CONSTRUCTOR_ENTRY|[6]|01p6F00000CNReJ|<init>()|OopsConcepts
08:49:13.1 (9444710)|VARIABLE_SCOPE_BEGIN|[2]|this|OopsConcepts|true|false
08:49:13.1 (9497464)|VARIABLE_ASSIGNMENT|[2]|this|{}|0x40f268bc
08:49:13.1 (9515122)|HEAP_ALLOCATE|[3]|Bytes:5
08:49:13.1 (9523901)|STATEMENT_EXECUTE|[1]
08:49:13.1 (9528867)|HEAP_ALLOCATE|[3]|Bytes:5
08:49:13.1 (9554161)|STATEMENT_EXECUTE|[2]
08:49:13.1 (9557496)|STATEMENT_EXECUTE|[3]
08:49:13.1 (9571550)|USER_DEBUG|[3]|DEBUG|This is Default Constructor!
08:49:13.1 (9593438)|CONSTRUCTOR_EXIT|[6]|01p6F00000CNReJ|<init>()|OopsConcepts
08:49:13.1 (9603492)|STATEMENT_EXECUTE|[5]
08:49:13.1 (9606414)|STATEMENT_EXECUTE|[7]
08:49:13.1 (9612329)|HEAP_ALLOCATE|[7]|Bytes:34
08:49:13.1 (9643919)|USER_DEBUG|[7]|DEBUG|This is Parameterised Constructor!
08:49:13.1 (9671026)|CONSTRUCTOR_EXIT|[2]|01p6F00000CNReJ|<init>(Integer)|OopsConcepts
08:49:13.1 (9686243)|SYSTEM_MODE_EXIT|false
08:49:13.1 (9723310)|VARIABLE_ASSIGNMENT|[2]|obj1|{}|0x40f268bc
08:49:13.9 (9767327)|CUMULATIVE_LIMIT_USAGE
08:49:13.9 (9767327)|LIMIT_USAGE_FOR_NS|(default)|
  Number of SOQL queries: 0 out of 100
  Number of query rows: 0 out of 50000
  Number of SOSL queries: 0 out of 20
  Number of DML statements: 0 out of 150
  Number of DML rows: 0 out of 10000
  Maximum CPU time: 0 out of 10000
  Maximum heap size: 0 out of 6000000
  Number of callouts: 0 out of 100
  Number of Email Invocations: 0 out of 10
  Number of future calls: 0 out of 50
  Number of queueable jobs added to the queue: 0 out of 50
  Number of Mobile Apex push calls: 0 out of 10

08:49:13.9 (9767327)|CUMULATIVE_LIMIT_USAGE_END

08:49:13.1 (9899295)|CODE_UNIT_FINISHED|execute_anonymous_apex
08:49:13.1 (10906247)|EXECUTION_FINISHED
