43.0 APEX_CODE,FINEST;APEX_PROFILING,INFO;CALLOUT,INFO;DB,INFO;NBA,INFO;SYSTEM,DEBUG;VALIDATION,INFO;VISUALFORCE,INFO;WAVE,INFO;WORKFLOW,INFO
Execute Anonymous: BasicProgramming obj = new BasicProgramming();
Execute Anonymous: String result = obj.determineEvenOdd(9);
Execute Anonymous: //System.debug('Number is: '+ result);
Execute Anonymous: //obj.printArray(10);
Execute Anonymous: Integer[] inputArray = new Integer[]{20,5,5,10};
Execute Anonymous: //obj.arrayOperations(inputArray);
Execute Anonymous: obj.displaySum(5);
07:57:56.1 (1131958)|USER_INFO|[EXTERNAL]|0056F000009ROqM|swaraj@espl.com|Pacific Standard Time|GMT-07:00
07:57:56.1 (1150786)|EXECUTION_STARTED
07:57:56.1 (1154946)|CODE_UNIT_STARTED|[EXTERNAL]|execute_anonymous_apex
07:57:56.1 (1305963)|VARIABLE_SCOPE_BEGIN|[5]|inputArray|List<Integer>|true|false
07:57:56.1 (13589318)|VARIABLE_SCOPE_BEGIN|[1]|obj|BasicProgramming|true|false
07:57:56.1 (13615599)|VARIABLE_SCOPE_BEGIN|[2]|result|String|false|false
07:57:56.1 (13764925)|HEAP_ALLOCATE|[72]|Bytes:3
07:57:56.1 (13806367)|HEAP_ALLOCATE|[77]|Bytes:152
07:57:56.1 (13818846)|HEAP_ALLOCATE|[342]|Bytes:408
07:57:56.1 (13829813)|HEAP_ALLOCATE|[355]|Bytes:408
07:57:56.1 (13839541)|HEAP_ALLOCATE|[467]|Bytes:48
07:57:56.1 (13865186)|HEAP_ALLOCATE|[139]|Bytes:6
07:57:56.1 (13887889)|HEAP_ALLOCATE|[EXTERNAL]|Bytes:7
07:57:56.1 (13953685)|STATEMENT_EXECUTE|[1]
07:57:56.1 (13964961)|STATEMENT_EXECUTE|[1]
07:57:56.1 (13970242)|HEAP_ALLOCATE|[1]|Bytes:14
07:57:56.1 (13975844)|HEAP_ALLOCATE|[1]|Bytes:29
07:57:56.1 (14018397)|METHOD_ENTRY|[9]|01p6F00000CNPHj|BasicProgramming.BasicProgramming()
07:57:56.1 (14025817)|STATEMENT_EXECUTE|[9]
07:57:56.1 (14029267)|STATEMENT_EXECUTE|[9]
07:57:56.1 (14057950)|HEAP_ALLOCATE|[50]|Bytes:5
07:57:56.1 (14080515)|HEAP_ALLOCATE|[56]|Bytes:5
07:57:56.1 (14088135)|HEAP_ALLOCATE|[64]|Bytes:7
07:57:56.1 (14105484)|SYSTEM_MODE_ENTER|false
07:57:56.1 (14124947)|HEAP_ALLOCATE|[1]|Bytes:5
07:57:56.1 (14132462)|SYSTEM_MODE_EXIT|false
07:57:56.1 (14152044)|METHOD_EXIT|[9]|BasicProgramming
07:57:56.1 (14165601)|HEAP_ALLOCATE|[1]|Bytes:4
07:57:56.1 (14187846)|SYSTEM_MODE_ENTER|false
07:57:56.1 (14200142)|HEAP_ALLOCATE|[1]|Bytes:5
07:57:56.1 (14228434)|CONSTRUCTOR_ENTRY|[1]|01p6F00000CNPHj|<init>()|BasicProgramming
07:57:56.1 (14257774)|VARIABLE_SCOPE_BEGIN|[11]|this|BasicProgramming|true|false
07:57:56.1 (14311227)|VARIABLE_ASSIGNMENT|[11]|this|{}|0x599f6467
07:57:56.1 (14322709)|HEAP_ALLOCATE|[EXTERNAL]|Bytes:5
07:57:56.1 (14327329)|STATEMENT_EXECUTE|[9]
07:57:56.1 (14330216)|HEAP_ALLOCATE|[EXTERNAL]|Bytes:5
07:57:56.1 (14338689)|HEAP_ALLOCATE|[EXTERNAL]|Bytes:6
07:57:56.1 (14368410)|STATEMENT_EXECUTE|[11]
07:57:56.1 (14393411)|CONSTRUCTOR_EXIT|[1]|01p6F00000CNPHj|<init>()|BasicProgramming
07:57:56.1 (14406225)|SYSTEM_MODE_EXIT|false
07:57:56.1 (14429201)|VARIABLE_ASSIGNMENT|[1]|obj|{}|0x599f6467
07:57:56.1 (14439756)|STATEMENT_EXECUTE|[2]
07:57:56.1 (14462282)|SYSTEM_MODE_ENTER|false
07:57:56.1 (14471762)|HEAP_ALLOCATE|[2]|Bytes:5
07:57:56.1 (14525614)|METHOD_ENTRY|[2]|01p6F00000CNPHj|BasicProgramming.determineEvenOdd(Integer)
07:57:56.1 (14547255)|VARIABLE_SCOPE_BEGIN|[16]|this|BasicProgramming|true|false
07:57:56.1 (14563513)|VARIABLE_ASSIGNMENT|[16]|this|{}|0x599f6467
07:57:56.1 (14570046)|VARIABLE_SCOPE_BEGIN|[16]|number1|Integer|false|false
07:57:56.1 (14579651)|VARIABLE_ASSIGNMENT|[16]|number1|9
07:57:56.1 (14590254)|HEAP_ALLOCATE|[17]|Bytes:5
07:57:56.1 (14594971)|STATEMENT_EXECUTE|[16]
07:57:56.1 (14596565)|STATEMENT_EXECUTE|[17]
07:57:56.1 (14652699)|VARIABLE_SCOPE_BEGIN|[2]|System.Math.E|Double|false|true
07:57:56.1 (14660712)|VARIABLE_SCOPE_BEGIN|[3]|System.Math.PI|Double|false|true
07:57:56.1 (14679659)|HEAP_ALLOCATE|[17]|Bytes:206
07:57:56.1 (14691722)|SYSTEM_METHOD_ENTRY|[1]|Math.Math()
07:57:56.1 (14696415)|STATEMENT_EXECUTE|[1]
07:57:56.1 (14752043)|SYSTEM_METHOD_EXIT|[1]|Math
07:57:56.1 (14773651)|METHOD_ENTRY|[17]||System.Math.mod(Integer, Integer)
07:57:56.1 (14881323)|METHOD_EXIT|[17]||System.Math.mod(Integer, Integer)
07:57:56.1 (14889176)|HEAP_ALLOCATE|[17]|Bytes:3
07:57:56.1 (14897134)|METHOD_EXIT|[2]|01p6F00000CNPHj|BasicProgramming.determineEvenOdd(Integer)
07:57:56.1 (14903015)|SYSTEM_MODE_EXIT|false
07:57:56.1 (14920577)|VARIABLE_ASSIGNMENT|[2]|result|"Odd"
07:57:56.1 (14925845)|STATEMENT_EXECUTE|[5]
07:57:56.1 (14940990)|HEAP_ALLOCATE|[5]|Bytes:4
07:57:56.1 (14989979)|HEAP_ALLOCATE|[5]|Bytes:4
07:57:56.1 (14996523)|HEAP_ALLOCATE|[5]|Bytes:4
07:57:56.1 (15000248)|HEAP_ALLOCATE|[5]|Bytes:4
07:57:56.1 (15004277)|HEAP_ALLOCATE|[5]|Bytes:4
07:57:56.1 (15035172)|HEAP_ALLOCATE|[EXTERNAL]|Bytes:20
07:57:56.1 (15052800)|VARIABLE_ASSIGNMENT|[5]|inputArray|[20,5,5,10]|0x1bea3bb8
07:57:56.1 (15059174)|STATEMENT_EXECUTE|[7]
07:57:56.1 (15080244)|SYSTEM_MODE_ENTER|false
07:57:56.1 (15090995)|HEAP_ALLOCATE|[7]|Bytes:5
07:57:56.1 (15104015)|METHOD_ENTRY|[7]|01p6F00000CNPHj|BasicProgramming.displaySum(Integer)
07:57:56.1 (15123350)|VARIABLE_SCOPE_BEGIN|[98]|this|BasicProgramming|true|false
07:57:56.1 (15141455)|VARIABLE_ASSIGNMENT|[98]|this|{}|0x599f6467
07:57:56.1 (15147257)|VARIABLE_SCOPE_BEGIN|[98]|inputNumber|Integer|false|false
07:57:56.1 (15154754)|VARIABLE_ASSIGNMENT|[98]|inputNumber|5
07:57:56.1 (15163790)|HEAP_ALLOCATE|[99]|Bytes:5
07:57:56.1 (15168033)|STATEMENT_EXECUTE|[98]
07:57:56.1 (15169743)|STATEMENT_EXECUTE|[99]
07:57:56.1 (15173406)|VARIABLE_SCOPE_BEGIN|[99]|sum|Integer|false|false
07:57:56.1 (15189581)|HEAP_ALLOCATE|[99]|Bytes:4
07:57:56.1 (15195963)|VARIABLE_ASSIGNMENT|[99]|sum|0
07:57:56.1 (15200926)|STATEMENT_EXECUTE|[100]
07:57:56.1 (15203368)|VARIABLE_SCOPE_BEGIN|[100]|i|Integer|false|false
07:57:56.1 (15209383)|HEAP_ALLOCATE|[100]|Bytes:4
07:57:56.1 (15213742)|VARIABLE_ASSIGNMENT|[100]|i|0
07:57:56.1 (15218978)|STATEMENT_EXECUTE|[100]
07:57:56.1 (15220462)|STATEMENT_EXECUTE|[101]
07:57:56.1 (15222780)|HEAP_ALLOCATE|[101]|Bytes:4
07:57:56.1 (15226865)|VARIABLE_ASSIGNMENT|[101]|sum|0
07:57:56.1 (15231010)|HEAP_ALLOCATE|[100]|Bytes:4
07:57:56.1 (15235265)|VARIABLE_ASSIGNMENT|[100]|i|1
07:57:56.1 (15239797)|STATEMENT_EXECUTE|[100]
07:57:56.1 (15241243)|STATEMENT_EXECUTE|[101]
07:57:56.1 (15243161)|HEAP_ALLOCATE|[101]|Bytes:4
07:57:56.1 (15247071)|VARIABLE_ASSIGNMENT|[101]|sum|1
07:57:56.1 (15251143)|HEAP_ALLOCATE|[100]|Bytes:4
07:57:56.1 (15255116)|VARIABLE_ASSIGNMENT|[100]|i|2
07:57:56.1 (15259458)|STATEMENT_EXECUTE|[100]
07:57:56.1 (15260908)|STATEMENT_EXECUTE|[101]
07:57:56.1 (15262711)|HEAP_ALLOCATE|[101]|Bytes:4
07:57:56.1 (15266646)|VARIABLE_ASSIGNMENT|[101]|sum|3
07:57:56.1 (15269857)|HEAP_ALLOCATE|[100]|Bytes:4
07:57:56.1 (15274149)|VARIABLE_ASSIGNMENT|[100]|i|3
07:57:56.1 (15278073)|STATEMENT_EXECUTE|[100]
07:57:56.1 (15279501)|STATEMENT_EXECUTE|[101]
07:57:56.1 (15281343)|HEAP_ALLOCATE|[101]|Bytes:4
07:57:56.1 (15285172)|VARIABLE_ASSIGNMENT|[101]|sum|6
07:57:56.1 (15288179)|HEAP_ALLOCATE|[100]|Bytes:4
07:57:56.1 (15291998)|VARIABLE_ASSIGNMENT|[100]|i|4
07:57:56.1 (15295567)|STATEMENT_EXECUTE|[100]
07:57:56.1 (15297046)|STATEMENT_EXECUTE|[101]
07:57:56.1 (15298889)|HEAP_ALLOCATE|[101]|Bytes:4
07:57:56.1 (15302844)|VARIABLE_ASSIGNMENT|[101]|sum|10
07:57:56.1 (15306100)|HEAP_ALLOCATE|[100]|Bytes:4
07:57:56.1 (15309896)|VARIABLE_ASSIGNMENT|[100]|i|5
07:57:56.1 (15319593)|METHOD_EXIT|[7]|01p6F00000CNPHj|BasicProgramming.displaySum(Integer)
07:57:56.1 (15326430)|SYSTEM_MODE_EXIT|false
07:57:56.15 (15366033)|CUMULATIVE_LIMIT_USAGE
07:57:56.15 (15366033)|LIMIT_USAGE_FOR_NS|(default)|
  Number of SOQL queries: 0 out of 100
  Number of query rows: 0 out of 50000
  Number of SOSL queries: 0 out of 20
  Number of DML statements: 0 out of 150
  Number of DML rows: 0 out of 10000
  Maximum CPU time: 0 out of 10000
  Maximum heap size: 0 out of 6000000
  Number of callouts: 0 out of 100
  Number of Email Invocations: 0 out of 10
  Number of future calls: 0 out of 50
  Number of queueable jobs added to the queue: 0 out of 50
  Number of Mobile Apex push calls: 0 out of 10

07:57:56.15 (15366033)|CUMULATIVE_LIMIT_USAGE_END

07:57:56.1 (15401530)|CODE_UNIT_FINISHED|execute_anonymous_apex
07:57:56.1 (16416744)|EXECUTION_FINISHED
