43.0 APEX_CODE,FINEST;APEX_PROFILING,INFO;CALLOUT,INFO;DB,INFO;NBA,INFO;SYSTEM,DEBUG;VALIDATION,INFO;VISUALFORCE,INFO;WAVE,INFO;WORKFLOW,INFO
Execute Anonymous: BasicProgramming obj = new BasicProgramming();
Execute Anonymous: String result = obj.determineEvenOdd(9);
Execute Anonymous: //System.debug('Number is: '+ result);
Execute Anonymous: //obj.printArray(10);
Execute Anonymous: Integer[] inputArray = new Integer[]{20,5,15,10};
Execute Anonymous: obj.arrayOperations(inputArray);
06:57:47.1 (1300353)|USER_INFO|[EXTERNAL]|0056F000009ROqM|swaraj@espl.com|Pacific Standard Time|GMT-07:00
06:57:47.1 (1322878)|EXECUTION_STARTED
06:57:47.1 (1329987)|CODE_UNIT_STARTED|[EXTERNAL]|execute_anonymous_apex
06:57:47.1 (1548921)|VARIABLE_SCOPE_BEGIN|[5]|inputArray|List<Integer>|true|false
06:57:47.1 (15013548)|VARIABLE_SCOPE_BEGIN|[1]|obj|BasicProgramming|true|false
06:57:47.1 (15086625)|VARIABLE_SCOPE_BEGIN|[2]|result|String|false|false
06:57:47.1 (15310141)|HEAP_ALLOCATE|[72]|Bytes:3
06:57:47.1 (15401474)|HEAP_ALLOCATE|[77]|Bytes:152
06:57:47.1 (15434757)|HEAP_ALLOCATE|[342]|Bytes:408
06:57:47.1 (15465907)|HEAP_ALLOCATE|[355]|Bytes:408
06:57:47.1 (15503695)|HEAP_ALLOCATE|[467]|Bytes:48
06:57:47.1 (15551354)|HEAP_ALLOCATE|[139]|Bytes:6
06:57:47.1 (15594562)|HEAP_ALLOCATE|[EXTERNAL]|Bytes:7
06:57:47.1 (15709566)|STATEMENT_EXECUTE|[1]
06:57:47.1 (15718868)|STATEMENT_EXECUTE|[1]
06:57:47.1 (15729368)|HEAP_ALLOCATE|[1]|Bytes:11
06:57:47.1 (15747099)|HEAP_ALLOCATE|[1]|Bytes:14
06:57:47.1 (15837534)|METHOD_ENTRY|[9]|01p6F00000CNPHj|BasicProgramming.BasicProgramming()
06:57:47.1 (15857474)|STATEMENT_EXECUTE|[9]
06:57:47.1 (15866610)|STATEMENT_EXECUTE|[9]
06:57:47.1 (15916210)|HEAP_ALLOCATE|[50]|Bytes:5
06:57:47.1 (15958237)|HEAP_ALLOCATE|[56]|Bytes:5
06:57:47.1 (15981049)|HEAP_ALLOCATE|[64]|Bytes:7
06:57:47.1 (16020285)|SYSTEM_MODE_ENTER|false
06:57:47.1 (16047095)|HEAP_ALLOCATE|[1]|Bytes:5
06:57:47.1 (16068099)|SYSTEM_MODE_EXIT|false
06:57:47.1 (16092135)|METHOD_EXIT|[9]|BasicProgramming
06:57:47.1 (16121633)|HEAP_ALLOCATE|[1]|Bytes:4
06:57:47.1 (16226606)|SYSTEM_MODE_ENTER|false
06:57:47.1 (16256999)|HEAP_ALLOCATE|[1]|Bytes:5
06:57:47.1 (16293875)|CONSTRUCTOR_ENTRY|[1]|01p6F00000CNPHj|<init>()|BasicProgramming
06:57:47.1 (16376687)|VARIABLE_SCOPE_BEGIN|[10]|this|BasicProgramming|true|false
06:57:47.1 (16495688)|VARIABLE_ASSIGNMENT|[10]|this|{}|0x7ef1ba71
06:57:47.1 (16522215)|HEAP_ALLOCATE|[EXTERNAL]|Bytes:5
06:57:47.1 (16540470)|STATEMENT_EXECUTE|[9]
06:57:47.1 (16549087)|HEAP_ALLOCATE|[EXTERNAL]|Bytes:5
06:57:47.1 (16571572)|HEAP_ALLOCATE|[EXTERNAL]|Bytes:6
06:57:47.1 (18757488)|STATEMENT_EXECUTE|[10]
06:57:47.1 (18789771)|CONSTRUCTOR_EXIT|[1]|01p6F00000CNPHj|<init>()|BasicProgramming
06:57:47.1 (18812191)|SYSTEM_MODE_EXIT|false
06:57:47.1 (18917710)|VARIABLE_ASSIGNMENT|[1]|obj|{}|0x7ef1ba71
06:57:47.1 (18936099)|STATEMENT_EXECUTE|[2]
06:57:47.1 (18988769)|SYSTEM_MODE_ENTER|false
06:57:47.1 (19015584)|HEAP_ALLOCATE|[2]|Bytes:5
06:57:47.1 (19114231)|METHOD_ENTRY|[2]|01p6F00000CNPHj|BasicProgramming.determineEvenOdd(Integer)
06:57:47.1 (19169037)|VARIABLE_SCOPE_BEGIN|[15]|this|BasicProgramming|true|false
06:57:47.1 (19228903)|VARIABLE_ASSIGNMENT|[15]|this|{}|0x7ef1ba71
06:57:47.1 (19252068)|VARIABLE_SCOPE_BEGIN|[15]|number1|Integer|false|false
06:57:47.1 (19284010)|VARIABLE_ASSIGNMENT|[15]|number1|9
06:57:47.1 (19309260)|HEAP_ALLOCATE|[16]|Bytes:5
06:57:47.1 (19324956)|STATEMENT_EXECUTE|[15]
06:57:47.1 (19330268)|STATEMENT_EXECUTE|[16]
06:57:47.1 (19461114)|VARIABLE_SCOPE_BEGIN|[2]|System.Math.E|Double|false|true
06:57:47.1 (19488508)|VARIABLE_SCOPE_BEGIN|[3]|System.Math.PI|Double|false|true
06:57:47.1 (19515584)|HEAP_ALLOCATE|[16]|Bytes:206
06:57:47.1 (19549483)|SYSTEM_METHOD_ENTRY|[1]|Math.Math()
06:57:47.1 (19562396)|STATEMENT_EXECUTE|[1]
06:57:47.1 (19672366)|SYSTEM_METHOD_EXIT|[1]|Math
06:57:47.1 (19707932)|METHOD_ENTRY|[16]||System.Math.mod(Integer, Integer)
06:57:47.1 (19868067)|METHOD_EXIT|[16]||System.Math.mod(Integer, Integer)
06:57:47.1 (19886309)|HEAP_ALLOCATE|[16]|Bytes:3
06:57:47.1 (19910716)|METHOD_EXIT|[2]|01p6F00000CNPHj|BasicProgramming.determineEvenOdd(Integer)
06:57:47.1 (19927737)|SYSTEM_MODE_EXIT|false
06:57:47.1 (19975216)|VARIABLE_ASSIGNMENT|[2]|result|"Odd"
06:57:47.1 (19996778)|STATEMENT_EXECUTE|[5]
06:57:47.1 (20021807)|HEAP_ALLOCATE|[5]|Bytes:4
06:57:47.1 (20100228)|HEAP_ALLOCATE|[5]|Bytes:4
06:57:47.1 (20120430)|HEAP_ALLOCATE|[5]|Bytes:4
06:57:47.1 (20133311)|HEAP_ALLOCATE|[5]|Bytes:4
06:57:47.1 (20144831)|HEAP_ALLOCATE|[5]|Bytes:4
06:57:47.1 (20199094)|HEAP_ALLOCATE|[EXTERNAL]|Bytes:20
06:57:47.1 (20247176)|VARIABLE_ASSIGNMENT|[5]|inputArray|[20,5,15,10]|0x20240e2d
06:57:47.1 (20263351)|STATEMENT_EXECUTE|[6]
06:57:47.1 (20308281)|SYSTEM_MODE_ENTER|false
06:57:47.1 (20331858)|HEAP_ALLOCATE|[6]|Bytes:5
06:57:47.1 (20365197)|METHOD_ENTRY|[6]|01p6F00000CNPHj|BasicProgramming.arrayOperations(List<Integer>)
06:57:47.1 (20418827)|VARIABLE_SCOPE_BEGIN|[40]|this|BasicProgramming|true|false
06:57:47.1 (20479179)|VARIABLE_ASSIGNMENT|[40]|this|{}|0x7ef1ba71
06:57:47.1 (20500412)|VARIABLE_SCOPE_BEGIN|[40]|inputArray|List<Integer>|true|false
06:57:47.1 (20538393)|VARIABLE_ASSIGNMENT|[40]|inputArray|[20,5,15,10]|0x20240e2d
06:57:47.1 (20561888)|HEAP_ALLOCATE|[42]|Bytes:5
06:57:47.1 (20577786)|STATEMENT_EXECUTE|[40]
06:57:47.1 (20583541)|STATEMENT_EXECUTE|[42]
06:57:47.1 (20658144)|STATEMENT_EXECUTE|[44]
06:57:47.1 (20668819)|HEAP_ALLOCATE|[44]|Bytes:16
06:57:47.1 (20741677)|USER_DEBUG|[44]|DEBUG|Assending oreder
06:57:47.1 (20768060)|STATEMENT_EXECUTE|[45]
06:57:47.1 (20782172)|VARIABLE_SCOPE_BEGIN|[45]|i|Integer|false|false
06:57:47.1 (20799063)|HEAP_ALLOCATE|[45]|Bytes:4
06:57:47.1 (20902075)|VARIABLE_ASSIGNMENT|[45]|i|0
06:57:47.1 (20957268)|STATEMENT_EXECUTE|[45]
06:57:47.1 (20964660)|STATEMENT_EXECUTE|[46]
06:57:47.1 (20972232)|HEAP_ALLOCATE|[46]|Bytes:17
06:57:47.1 (21051771)|HEAP_ALLOCATE|[46]|Bytes:1
06:57:47.1 (21082929)|HEAP_ALLOCATE|[46]|Bytes:2
06:57:47.1 (21108722)|HEAP_ALLOCATE|[46]|Bytes:8
06:57:47.1 (21140054)|HEAP_ALLOCATE|[46]|Bytes:1
06:57:47.1 (21173813)|HEAP_ALLOCATE|[46]|Bytes:21
06:57:47.1 (21202290)|USER_DEBUG|[46]|DEBUG|Array element at 0is5
06:57:47.1 (21220248)|HEAP_ALLOCATE|[45]|Bytes:4
06:57:47.1 (21250711)|VARIABLE_ASSIGNMENT|[45]|i|1
06:57:47.1 (21278693)|STATEMENT_EXECUTE|[45]
06:57:47.1 (21285000)|STATEMENT_EXECUTE|[46]
06:57:47.1 (21306226)|HEAP_ALLOCATE|[46]|Bytes:1
06:57:47.1 (21334338)|HEAP_ALLOCATE|[46]|Bytes:8
06:57:47.1 (21360568)|HEAP_ALLOCATE|[46]|Bytes:2
06:57:47.1 (21384735)|HEAP_ALLOCATE|[46]|Bytes:22
06:57:47.1 (21407331)|USER_DEBUG|[46]|DEBUG|Array element at 1is10
06:57:47.1 (21424050)|HEAP_ALLOCATE|[45]|Bytes:4
06:57:47.1 (21450122)|VARIABLE_ASSIGNMENT|[45]|i|2
06:57:47.1 (21475832)|STATEMENT_EXECUTE|[45]
06:57:47.1 (21481621)|STATEMENT_EXECUTE|[46]
06:57:47.1 (21501120)|HEAP_ALLOCATE|[46]|Bytes:1
06:57:47.1 (21528434)|HEAP_ALLOCATE|[46]|Bytes:8
06:57:47.1 (21553892)|HEAP_ALLOCATE|[46]|Bytes:2
06:57:47.1 (21578067)|HEAP_ALLOCATE|[46]|Bytes:22
06:57:47.1 (21600187)|USER_DEBUG|[46]|DEBUG|Array element at 2is15
06:57:47.1 (21622636)|HEAP_ALLOCATE|[45]|Bytes:4
06:57:47.1 (21648911)|VARIABLE_ASSIGNMENT|[45]|i|3
06:57:47.1 (21672929)|STATEMENT_EXECUTE|[45]
06:57:47.1 (21678815)|STATEMENT_EXECUTE|[46]
06:57:47.1 (21699085)|HEAP_ALLOCATE|[46]|Bytes:1
06:57:47.1 (21726803)|HEAP_ALLOCATE|[46]|Bytes:8
06:57:47.1 (21752033)|HEAP_ALLOCATE|[46]|Bytes:2
06:57:47.1 (21775611)|HEAP_ALLOCATE|[46]|Bytes:22
06:57:47.1 (21797019)|USER_DEBUG|[46]|DEBUG|Array element at 3is20
06:57:47.1 (21813694)|HEAP_ALLOCATE|[45]|Bytes:4
06:57:47.1 (21838535)|VARIABLE_ASSIGNMENT|[45]|i|4
06:57:47.1 (21864377)|STATEMENT_EXECUTE|[49]
06:57:47.1 (21872809)|HEAP_ALLOCATE|[49]|Bytes:17
06:57:47.1 (21917932)|USER_DEBUG|[49]|DEBUG|Descending oreder
06:57:47.1 (21945434)|STATEMENT_EXECUTE|[50]
06:57:47.1 (21991616)|VARIABLE_SCOPE_BEGIN|[50]|i|Integer|false|false
06:57:47.1 (22011827)|HEAP_ALLOCATE|[50]|Bytes:4
06:57:47.1 (22054682)|VARIABLE_ASSIGNMENT|[50]|i|3
06:57:47.1 (22071691)|STATEMENT_EXECUTE|[50]
06:57:47.1 (22076884)|STATEMENT_EXECUTE|[51]
06:57:47.1 (22128999)|HEAP_ALLOCATE|[51]|Bytes:1
06:57:47.1 (22164771)|HEAP_ALLOCATE|[51]|Bytes:8
06:57:47.1 (22193541)|HEAP_ALLOCATE|[51]|Bytes:2
06:57:47.1 (22219084)|HEAP_ALLOCATE|[51]|Bytes:22
06:57:47.1 (22245058)|USER_DEBUG|[51]|DEBUG|Array element at 3is20
06:57:47.1 (22263765)|HEAP_ALLOCATE|[50]|Bytes:4
06:57:47.1 (22291354)|VARIABLE_ASSIGNMENT|[50]|i|2
06:57:47.1 (22305424)|STATEMENT_EXECUTE|[50]
06:57:47.1 (22310395)|STATEMENT_EXECUTE|[51]
06:57:47.1 (22331569)|HEAP_ALLOCATE|[51]|Bytes:1
06:57:47.1 (22359613)|HEAP_ALLOCATE|[51]|Bytes:8
06:57:47.1 (22385477)|HEAP_ALLOCATE|[51]|Bytes:2
06:57:47.1 (22409835)|HEAP_ALLOCATE|[51]|Bytes:22
06:57:47.1 (22435294)|USER_DEBUG|[51]|DEBUG|Array element at 2is15
06:57:47.1 (22453496)|HEAP_ALLOCATE|[50]|Bytes:4
06:57:47.1 (22479603)|VARIABLE_ASSIGNMENT|[50]|i|1
06:57:47.1 (22493265)|STATEMENT_EXECUTE|[50]
06:57:47.1 (22497644)|STATEMENT_EXECUTE|[51]
06:57:47.1 (22517476)|HEAP_ALLOCATE|[51]|Bytes:1
06:57:47.1 (22544237)|HEAP_ALLOCATE|[51]|Bytes:8
06:57:47.1 (22570011)|HEAP_ALLOCATE|[51]|Bytes:2
06:57:47.1 (22593418)|HEAP_ALLOCATE|[51]|Bytes:22
06:57:47.1 (22641938)|USER_DEBUG|[51]|DEBUG|Array element at 1is10
06:57:47.1 (22668483)|HEAP_ALLOCATE|[50]|Bytes:4
06:57:47.1 (22826553)|VARIABLE_ASSIGNMENT|[50]|i|0
06:57:47.1 (22849370)|STATEMENT_EXECUTE|[50]
06:57:47.1 (22854489)|STATEMENT_EXECUTE|[51]
06:57:47.1 (22885956)|HEAP_ALLOCATE|[51]|Bytes:1
06:57:47.1 (22920666)|HEAP_ALLOCATE|[51]|Bytes:8
06:57:47.1 (23009494)|HEAP_ALLOCATE|[51]|Bytes:1
06:57:47.1 (23030150)|HEAP_ALLOCATE|[51]|Bytes:21
06:57:47.1 (23048999)|USER_DEBUG|[51]|DEBUG|Array element at 0is5
06:57:47.1 (23064792)|HEAP_ALLOCATE|[50]|Bytes:4
06:57:47.1 (23088625)|VARIABLE_ASSIGNMENT|[50]|i|-1
06:57:47.1 (23113967)|METHOD_EXIT|[6]|01p6F00000CNPHj|BasicProgramming.arrayOperations(List<Integer>)
06:57:47.1 (23128678)|SYSTEM_MODE_EXIT|false
06:57:47.23 (23193477)|CUMULATIVE_LIMIT_USAGE
06:57:47.23 (23193477)|LIMIT_USAGE_FOR_NS|(default)|
  Number of SOQL queries: 0 out of 100
  Number of query rows: 0 out of 50000
  Number of SOSL queries: 0 out of 20
  Number of DML statements: 0 out of 150
  Number of DML rows: 0 out of 10000
  Maximum CPU time: 0 out of 10000
  Maximum heap size: 0 out of 6000000
  Number of callouts: 0 out of 100
  Number of Email Invocations: 0 out of 10
  Number of future calls: 0 out of 50
  Number of queueable jobs added to the queue: 0 out of 50
  Number of Mobile Apex push calls: 0 out of 10

06:57:47.23 (23193477)|CUMULATIVE_LIMIT_USAGE_END

06:57:47.1 (23263461)|CODE_UNIT_FINISHED|execute_anonymous_apex
06:57:47.1 (24338270)|EXECUTION_FINISHED
