43.0 APEX_CODE,FINEST;APEX_PROFILING,INFO;CALLOUT,INFO;DB,INFO;NBA,INFO;SYSTEM,DEBUG;VALIDATION,INFO;VISUALFORCE,INFO;WAVE,INFO;WORKFLOW,INFO
Execute Anonymous: BasicProgramming obj = new BasicProgramming();
Execute Anonymous: String result = obj.determineEvenOdd(9);
Execute Anonymous: //System.debug('Number is: '+ result);
Execute Anonymous: //obj.printArray(10);
Execute Anonymous: /*
Execute Anonymous: Integer[] inputArray = new Integer[]{20,5,5,10};
Execute Anonymous: obj.arrayOperations(inputArray);*/
Execute Anonymous: obj.displaySum(5);
08:00:50.1 (1262994)|USER_INFO|[EXTERNAL]|0056F000009ROqM|swaraj@espl.com|Pacific Standard Time|GMT-07:00
08:00:50.1 (1301169)|EXECUTION_STARTED
08:00:50.1 (1306683)|CODE_UNIT_STARTED|[EXTERNAL]|execute_anonymous_apex
08:00:50.1 (17161761)|VARIABLE_SCOPE_BEGIN|[1]|obj|BasicProgramming|true|false
08:00:50.1 (17285237)|VARIABLE_SCOPE_BEGIN|[2]|result|String|false|false
08:00:50.1 (17456967)|HEAP_ALLOCATE|[72]|Bytes:3
08:00:50.1 (17502141)|HEAP_ALLOCATE|[77]|Bytes:152
08:00:50.1 (17515758)|HEAP_ALLOCATE|[342]|Bytes:408
08:00:50.1 (17526784)|HEAP_ALLOCATE|[355]|Bytes:408
08:00:50.1 (17537365)|HEAP_ALLOCATE|[467]|Bytes:48
08:00:50.1 (17561865)|HEAP_ALLOCATE|[139]|Bytes:6
08:00:50.1 (17586253)|HEAP_ALLOCATE|[EXTERNAL]|Bytes:5
08:00:50.1 (17636909)|STATEMENT_EXECUTE|[1]
08:00:50.1 (17639761)|STATEMENT_EXECUTE|[1]
08:00:50.1 (17643328)|HEAP_ALLOCATE|[1]|Bytes:14
08:00:50.1 (17648378)|HEAP_ALLOCATE|[1]|Bytes:33
08:00:50.1 (17695707)|METHOD_ENTRY|[9]|01p6F00000CNPHj|BasicProgramming.BasicProgramming()
08:00:50.1 (17705023)|STATEMENT_EXECUTE|[9]
08:00:50.1 (17711302)|STATEMENT_EXECUTE|[9]
08:00:50.1 (17739901)|HEAP_ALLOCATE|[50]|Bytes:5
08:00:50.1 (17759208)|HEAP_ALLOCATE|[56]|Bytes:5
08:00:50.1 (17766833)|HEAP_ALLOCATE|[64]|Bytes:7
08:00:50.1 (17783477)|SYSTEM_MODE_ENTER|false
08:00:50.1 (17796013)|HEAP_ALLOCATE|[1]|Bytes:5
08:00:50.1 (17806868)|SYSTEM_MODE_EXIT|false
08:00:50.1 (17829045)|METHOD_EXIT|[9]|BasicProgramming
08:00:50.1 (17842027)|HEAP_ALLOCATE|[1]|Bytes:4
08:00:50.1 (17865485)|SYSTEM_MODE_ENTER|false
08:00:50.1 (17883185)|HEAP_ALLOCATE|[1]|Bytes:5
08:00:50.1 (17913835)|CONSTRUCTOR_ENTRY|[1]|01p6F00000CNPHj|<init>()|BasicProgramming
08:00:50.1 (17947330)|VARIABLE_SCOPE_BEGIN|[11]|this|BasicProgramming|true|false
08:00:50.1 (18073785)|VARIABLE_ASSIGNMENT|[11]|this|{}|0xbb90d97
08:00:50.1 (18088035)|HEAP_ALLOCATE|[EXTERNAL]|Bytes:5
08:00:50.1 (18092394)|STATEMENT_EXECUTE|[9]
08:00:50.1 (18095396)|HEAP_ALLOCATE|[EXTERNAL]|Bytes:5
08:00:50.1 (18103898)|HEAP_ALLOCATE|[EXTERNAL]|Bytes:6
08:00:50.1 (18138651)|STATEMENT_EXECUTE|[11]
08:00:50.1 (18170044)|CONSTRUCTOR_EXIT|[1]|01p6F00000CNPHj|<init>()|BasicProgramming
08:00:50.1 (18185351)|SYSTEM_MODE_EXIT|false
08:00:50.1 (18228751)|VARIABLE_ASSIGNMENT|[1]|obj|{}|0xbb90d97
08:00:50.1 (18235586)|STATEMENT_EXECUTE|[2]
08:00:50.1 (18258742)|SYSTEM_MODE_ENTER|false
08:00:50.1 (18269537)|HEAP_ALLOCATE|[2]|Bytes:5
08:00:50.1 (18310500)|METHOD_ENTRY|[2]|01p6F00000CNPHj|BasicProgramming.determineEvenOdd(Integer)
08:00:50.1 (18332486)|VARIABLE_SCOPE_BEGIN|[16]|this|BasicProgramming|true|false
08:00:50.1 (18347108)|VARIABLE_ASSIGNMENT|[16]|this|{}|0xbb90d97
08:00:50.1 (18354340)|VARIABLE_SCOPE_BEGIN|[16]|number1|Integer|false|false
08:00:50.1 (18373290)|VARIABLE_ASSIGNMENT|[16]|number1|9
08:00:50.1 (18383781)|HEAP_ALLOCATE|[17]|Bytes:5
08:00:50.1 (18387458)|STATEMENT_EXECUTE|[16]
08:00:50.1 (18389091)|STATEMENT_EXECUTE|[17]
08:00:50.1 (18421078)|VARIABLE_SCOPE_BEGIN|[2]|System.Math.E|Double|false|true
08:00:50.1 (18428692)|VARIABLE_SCOPE_BEGIN|[3]|System.Math.PI|Double|false|true
08:00:50.1 (18441122)|HEAP_ALLOCATE|[17]|Bytes:206
08:00:50.1 (18462448)|SYSTEM_METHOD_ENTRY|[1]|Math.Math()
08:00:50.1 (18467572)|STATEMENT_EXECUTE|[1]
08:00:50.1 (18527403)|SYSTEM_METHOD_EXIT|[1]|Math
08:00:50.1 (18541088)|METHOD_ENTRY|[17]||System.Math.mod(Integer, Integer)
08:00:50.1 (18667915)|METHOD_EXIT|[17]||System.Math.mod(Integer, Integer)
08:00:50.1 (18676221)|HEAP_ALLOCATE|[17]|Bytes:3
08:00:50.1 (18685055)|METHOD_EXIT|[2]|01p6F00000CNPHj|BasicProgramming.determineEvenOdd(Integer)
08:00:50.1 (18694068)|SYSTEM_MODE_EXIT|false
08:00:50.1 (18712278)|VARIABLE_ASSIGNMENT|[2]|result|"Odd"
08:00:50.1 (18717615)|STATEMENT_EXECUTE|[8]
08:00:50.1 (18738837)|SYSTEM_MODE_ENTER|false
08:00:50.1 (18749633)|HEAP_ALLOCATE|[8]|Bytes:5
08:00:50.1 (18761273)|METHOD_ENTRY|[8]|01p6F00000CNPHj|BasicProgramming.displaySum(Integer)
08:00:50.1 (18782777)|VARIABLE_SCOPE_BEGIN|[99]|this|BasicProgramming|true|false
08:00:50.1 (18799015)|VARIABLE_ASSIGNMENT|[99]|this|{}|0xbb90d97
08:00:50.1 (18805004)|VARIABLE_SCOPE_BEGIN|[99]|inputNumber|Integer|false|false
08:00:50.1 (18821325)|VARIABLE_ASSIGNMENT|[99]|inputNumber|5
08:00:50.1 (18830100)|HEAP_ALLOCATE|[100]|Bytes:5
08:00:50.1 (18834469)|STATEMENT_EXECUTE|[99]
08:00:50.1 (18836283)|STATEMENT_EXECUTE|[100]
08:00:50.1 (18839476)|VARIABLE_SCOPE_BEGIN|[100]|sum|Integer|false|false
08:00:50.1 (18846276)|HEAP_ALLOCATE|[100]|Bytes:4
08:00:50.1 (18859521)|VARIABLE_ASSIGNMENT|[100]|sum|0
08:00:50.1 (18865496)|STATEMENT_EXECUTE|[101]
08:00:50.1 (18867850)|VARIABLE_SCOPE_BEGIN|[101]|i|Integer|false|false
08:00:50.1 (18873377)|HEAP_ALLOCATE|[101]|Bytes:4
08:00:50.1 (18882920)|VARIABLE_ASSIGNMENT|[101]|i|1
08:00:50.1 (18888987)|STATEMENT_EXECUTE|[101]
08:00:50.1 (18890423)|STATEMENT_EXECUTE|[102]
08:00:50.1 (18892279)|HEAP_ALLOCATE|[102]|Bytes:4
08:00:50.1 (18896683)|VARIABLE_ASSIGNMENT|[102]|sum|1
08:00:50.1 (18901076)|HEAP_ALLOCATE|[101]|Bytes:4
08:00:50.1 (18912386)|VARIABLE_ASSIGNMENT|[101]|i|2
08:00:50.1 (18919627)|STATEMENT_EXECUTE|[101]
08:00:50.1 (18921050)|STATEMENT_EXECUTE|[102]
08:00:50.1 (18922793)|HEAP_ALLOCATE|[102]|Bytes:4
08:00:50.1 (18927639)|VARIABLE_ASSIGNMENT|[102]|sum|3
08:00:50.1 (18931582)|HEAP_ALLOCATE|[101]|Bytes:4
08:00:50.1 (18939390)|VARIABLE_ASSIGNMENT|[101]|i|3
08:00:50.1 (18943761)|STATEMENT_EXECUTE|[101]
08:00:50.1 (18945144)|STATEMENT_EXECUTE|[102]
08:00:50.1 (18946952)|HEAP_ALLOCATE|[102]|Bytes:4
08:00:50.1 (18951471)|VARIABLE_ASSIGNMENT|[102]|sum|6
08:00:50.1 (18954960)|HEAP_ALLOCATE|[101]|Bytes:4
08:00:50.1 (18958869)|VARIABLE_ASSIGNMENT|[101]|i|4
08:00:50.1 (18962691)|STATEMENT_EXECUTE|[101]
08:00:50.1 (18964056)|STATEMENT_EXECUTE|[102]
08:00:50.1 (18965992)|HEAP_ALLOCATE|[102]|Bytes:4
08:00:50.1 (18970660)|VARIABLE_ASSIGNMENT|[102]|sum|10
08:00:50.1 (18974254)|HEAP_ALLOCATE|[101]|Bytes:4
08:00:50.1 (18978236)|VARIABLE_ASSIGNMENT|[101]|i|5
08:00:50.1 (18981809)|STATEMENT_EXECUTE|[101]
08:00:50.1 (18983241)|STATEMENT_EXECUTE|[102]
08:00:50.1 (18984921)|HEAP_ALLOCATE|[102]|Bytes:4
08:00:50.1 (18989048)|VARIABLE_ASSIGNMENT|[102]|sum|15
08:00:50.1 (18992501)|HEAP_ALLOCATE|[101]|Bytes:4
08:00:50.1 (18996342)|VARIABLE_ASSIGNMENT|[101]|i|6
08:00:50.1 (19000513)|STATEMENT_EXECUTE|[104]
08:00:50.1 (19004186)|HEAP_ALLOCATE|[104]|Bytes:8
08:00:50.1 (19045730)|HEAP_ALLOCATE|[104]|Bytes:1
08:00:50.1 (19061199)|HEAP_ALLOCATE|[104]|Bytes:4
08:00:50.1 (19071582)|HEAP_ALLOCATE|[104]|Bytes:2
08:00:50.1 (19089035)|HEAP_ALLOCATE|[104]|Bytes:15
08:00:50.1 (19118207)|USER_DEBUG|[104]|DEBUG|Sum for 5 is 15
08:00:50.1 (19133077)|METHOD_EXIT|[8]|01p6F00000CNPHj|BasicProgramming.displaySum(Integer)
08:00:50.1 (19140732)|SYSTEM_MODE_EXIT|false
08:00:50.19 (19200371)|CUMULATIVE_LIMIT_USAGE
08:00:50.19 (19200371)|LIMIT_USAGE_FOR_NS|(default)|
  Number of SOQL queries: 0 out of 100
  Number of query rows: 0 out of 50000
  Number of SOSL queries: 0 out of 20
  Number of DML statements: 0 out of 150
  Number of DML rows: 0 out of 10000
  Maximum CPU time: 0 out of 10000
  Maximum heap size: 0 out of 6000000
  Number of callouts: 0 out of 100
  Number of Email Invocations: 0 out of 10
  Number of future calls: 0 out of 50
  Number of queueable jobs added to the queue: 0 out of 50
  Number of Mobile Apex push calls: 0 out of 10

08:00:50.19 (19200371)|CUMULATIVE_LIMIT_USAGE_END

08:00:50.1 (19254816)|CODE_UNIT_FINISHED|execute_anonymous_apex
08:00:50.1 (20414045)|EXECUTION_FINISHED
