43.0 APEX_CODE,FINEST;APEX_PROFILING,INFO;CALLOUT,INFO;DB,INFO;NBA,INFO;SYSTEM,DEBUG;VALIDATION,INFO;VISUALFORCE,INFO;WAVE,INFO;WORKFLOW,INFO
Execute Anonymous: Student s = new Subject();
Execute Anonymous: s.whoAmI();
10:11:09.1 (1107707)|USER_INFO|[EXTERNAL]|0056F000009ROqM|swaraj@espl.com|Pacific Standard Time|GMT-07:00
10:11:09.1 (1136717)|EXECUTION_STARTED
10:11:09.1 (1144008)|CODE_UNIT_STARTED|[EXTERNAL]|execute_anonymous_apex
10:11:09.1 (7633094)|VARIABLE_SCOPE_BEGIN|[2]|Student.college|String|false|true
10:11:09.1 (7791183)|VARIABLE_SCOPE_BEGIN|[1]|s|Student|true|false
10:11:09.1 (7898656)|HEAP_ALLOCATE|[72]|Bytes:3
10:11:09.1 (8119718)|HEAP_ALLOCATE|[77]|Bytes:152
10:11:09.1 (8143342)|HEAP_ALLOCATE|[342]|Bytes:408
10:11:09.1 (8163807)|HEAP_ALLOCATE|[355]|Bytes:408
10:11:09.1 (8182919)|HEAP_ALLOCATE|[467]|Bytes:48
10:11:09.1 (8218821)|HEAP_ALLOCATE|[139]|Bytes:6
10:11:09.1 (8249588)|HEAP_ALLOCATE|[EXTERNAL]|Bytes:3
10:11:09.1 (8305724)|STATEMENT_EXECUTE|[1]
10:11:09.1 (8308486)|STATEMENT_EXECUTE|[1]
10:11:09.1 (11836577)|HEAP_ALLOCATE|[1]|Bytes:3
10:11:09.1 (11847125)|HEAP_ALLOCATE|[1]|Bytes:3
10:11:09.1 (11883653)|METHOD_ENTRY|[1]|01p6F00000CNRn3|Subject.Subject()
10:11:09.1 (11891520)|STATEMENT_EXECUTE|[1]
10:11:09.1 (11895144)|STATEMENT_EXECUTE|[1]
10:11:09.1 (11913652)|METHOD_EXIT|[1]|Subject
10:11:09.1 (11938778)|HEAP_ALLOCATE|[1]|Bytes:4
10:11:09.1 (11982068)|HEAP_ALLOCATE|[50]|Bytes:5
10:11:09.1 (12005160)|HEAP_ALLOCATE|[56]|Bytes:5
10:11:09.1 (12013895)|HEAP_ALLOCATE|[64]|Bytes:7
10:11:09.1 (12032101)|SYSTEM_MODE_ENTER|false
10:11:09.1 (12053102)|HEAP_ALLOCATE|[1]|Bytes:5
10:11:09.1 (12066398)|CONSTRUCTOR_ENTRY|[1]|01p6F00000CNRn3|<init>()|Subject
10:11:09.1 (12091530)|VARIABLE_SCOPE_BEGIN|[2]|this|Subject|true|false
10:11:09.1 (12343311)|VARIABLE_ASSIGNMENT|[2]|this|{}|0x479c4837
10:11:09.1 (12365083)|STATEMENT_EXECUTE|[1]
10:11:09.1 (12374235)|HEAP_ALLOCATE|[2]|Bytes:1
10:11:09.1 (12382856)|HEAP_ALLOCATE|[2]|Bytes:8
10:11:09.1 (12414734)|VARIABLE_ASSIGNMENT|[2]|Student.college|"K K Wagh"
10:11:09.1 (12431564)|METHOD_ENTRY|[1]|01p6F00000CNRmo|Student.Student()
10:11:09.1 (12438348)|STATEMENT_EXECUTE|[1]
10:11:09.1 (12441235)|STATEMENT_EXECUTE|[1]
10:11:09.1 (12445438)|METHOD_EXIT|[1]|Student
10:11:09.1 (12453116)|CONSTRUCTOR_ENTRY|[2]|01p6F00000CNRmo|<init>()|Student
10:11:09.1 (12489146)|VARIABLE_SCOPE_BEGIN|[3]|this|Student|true|false
10:11:09.1 (12507395)|VARIABLE_ASSIGNMENT|[3]|this|{}|0x479c4837
10:11:09.1 (12514224)|STATEMENT_EXECUTE|[1]
10:11:09.1 (12532928)|HEAP_ALLOCATE|[EXTERNAL]|Bytes:6
10:11:09.1 (12573448)|STATEMENT_EXECUTE|[3]
10:11:09.1 (12581362)|CONSTRUCTOR_EXIT|[2]|01p6F00000CNRmo|<init>()|Student
10:11:09.1 (12591007)|STATEMENT_EXECUTE|[2]
10:11:09.1 (12594623)|CONSTRUCTOR_EXIT|[1]|01p6F00000CNRn3|<init>()|Subject
10:11:09.1 (12608819)|SYSTEM_MODE_EXIT|false
10:11:09.1 (12641139)|VARIABLE_ASSIGNMENT|[1]|s|{}|0x479c4837
10:11:09.1 (12651464)|STATEMENT_EXECUTE|[2]
10:11:09.1 (12681172)|SYSTEM_MODE_ENTER|false
10:11:09.1 (12697931)|HEAP_ALLOCATE|[2]|Bytes:5
10:11:09.1 (12729947)|METHOD_ENTRY|[2]|01p6F00000CNRn3|Subject.whoAmI()
10:11:09.1 (12768273)|VARIABLE_SCOPE_BEGIN|[5]|this|Subject|true|false
10:11:09.1 (12786854)|VARIABLE_ASSIGNMENT|[5]|this|{}|0x479c4837
10:11:09.1 (12795954)|STATEMENT_EXECUTE|[5]
10:11:09.1 (12797676)|STATEMENT_EXECUTE|[6]
10:11:09.1 (12800988)|HEAP_ALLOCATE|[6]|Bytes:9
10:11:09.1 (12820422)|HEAP_ALLOCATE|[6]|Bytes:17
10:11:09.1 (12859121)|USER_DEBUG|[6]|DEBUG|College: K K Wagh
10:11:09.1 (12869181)|STATEMENT_EXECUTE|[7]
10:11:09.1 (12871858)|HEAP_ALLOCATE|[7]|Bytes:22
10:11:09.1 (12884182)|USER_DEBUG|[7]|DEBUG|This is Subject class!
10:11:09.1 (12893319)|METHOD_EXIT|[2]|01p6F00000CNRn3|Subject.whoAmI()
10:11:09.1 (12901212)|SYSTEM_MODE_EXIT|false
10:11:09.12 (12931078)|CUMULATIVE_LIMIT_USAGE
10:11:09.12 (12931078)|LIMIT_USAGE_FOR_NS|(default)|
  Number of SOQL queries: 0 out of 100
  Number of query rows: 0 out of 50000
  Number of SOSL queries: 0 out of 20
  Number of DML statements: 0 out of 150
  Number of DML rows: 0 out of 10000
  Maximum CPU time: 0 out of 10000
  Maximum heap size: 0 out of 6000000
  Number of callouts: 0 out of 100
  Number of Email Invocations: 0 out of 10
  Number of future calls: 0 out of 50
  Number of queueable jobs added to the queue: 0 out of 50
  Number of Mobile Apex push calls: 0 out of 10

10:11:09.12 (12931078)|CUMULATIVE_LIMIT_USAGE_END

10:11:09.1 (12968096)|CODE_UNIT_FINISHED|execute_anonymous_apex
10:11:09.1 (13766999)|EXECUTION_FINISHED
