43.0 APEX_CODE,FINEST;APEX_PROFILING,INFO;CALLOUT,INFO;DB,INFO;NBA,INFO;SYSTEM,DEBUG;VALIDATION,INFO;VISUALFORCE,INFO;WAVE,INFO;WORKFLOW,INFO
Execute Anonymous: OopsConcepts obj = new OopsConcepts();
08:47:57.1 (1131748)|USER_INFO|[EXTERNAL]|0056F000009ROqM|swaraj@espl.com|Pacific Standard Time|GMT-07:00
08:47:57.1 (1254750)|EXECUTION_STARTED
08:47:57.1 (1259827)|CODE_UNIT_STARTED|[EXTERNAL]|execute_anonymous_apex
08:47:57.1 (7460153)|VARIABLE_SCOPE_BEGIN|[1]|obj|OopsConcepts|true|false
08:47:57.1 (7689557)|HEAP_ALLOCATE|[72]|Bytes:3
08:47:57.1 (7735086)|HEAP_ALLOCATE|[77]|Bytes:152
08:47:57.1 (7750084)|HEAP_ALLOCATE|[342]|Bytes:408
08:47:57.1 (7764278)|HEAP_ALLOCATE|[355]|Bytes:408
08:47:57.1 (7775390)|HEAP_ALLOCATE|[467]|Bytes:48
08:47:57.1 (7804878)|HEAP_ALLOCATE|[139]|Bytes:6
08:47:57.1 (7829624)|HEAP_ALLOCATE|[EXTERNAL]|Bytes:1
08:47:57.1 (7872622)|STATEMENT_EXECUTE|[1]
08:47:57.1 (7876420)|STATEMENT_EXECUTE|[1]
08:47:57.1 (7880566)|HEAP_ALLOCATE|[1]|Bytes:3
08:47:57.1 (7886203)|HEAP_ALLOCATE|[1]|Bytes:3
08:47:57.1 (7928889)|METHOD_ENTRY|[1]|01p6F00000CNReJ|OopsConcepts.OopsConcepts()
08:47:57.1 (7935870)|STATEMENT_EXECUTE|[1]
08:47:57.1 (7939620)|STATEMENT_EXECUTE|[1]
08:47:57.1 (7972492)|HEAP_ALLOCATE|[50]|Bytes:5
08:47:57.1 (7997271)|HEAP_ALLOCATE|[56]|Bytes:5
08:47:57.1 (8005706)|HEAP_ALLOCATE|[64]|Bytes:7
08:47:57.1 (8026401)|SYSTEM_MODE_ENTER|false
08:47:57.1 (8041758)|HEAP_ALLOCATE|[1]|Bytes:5
08:47:57.1 (8049715)|SYSTEM_MODE_EXIT|false
08:47:57.1 (8073388)|METHOD_EXIT|[1]|OopsConcepts
08:47:57.1 (8088802)|HEAP_ALLOCATE|[1]|Bytes:4
08:47:57.1 (8119669)|SYSTEM_MODE_ENTER|false
08:47:57.1 (8133617)|HEAP_ALLOCATE|[1]|Bytes:5
08:47:57.1 (8163202)|CONSTRUCTOR_ENTRY|[1]|01p6F00000CNReJ|<init>()|OopsConcepts
08:47:57.1 (8200892)|VARIABLE_SCOPE_BEGIN|[2]|this|OopsConcepts|true|false
08:47:57.1 (8246488)|VARIABLE_ASSIGNMENT|[2]|this|{}|0x3976fc7
08:47:57.1 (8259585)|HEAP_ALLOCATE|[3]|Bytes:5
08:47:57.1 (8264419)|STATEMENT_EXECUTE|[1]
08:47:57.1 (8267411)|HEAP_ALLOCATE|[3]|Bytes:5
08:47:57.1 (8276365)|HEAP_ALLOCATE|[3]|Bytes:6
08:47:57.1 (8308948)|STATEMENT_EXECUTE|[2]
08:47:57.1 (8311152)|STATEMENT_EXECUTE|[3]
08:47:57.1 (8314227)|HEAP_ALLOCATE|[3]|Bytes:28
08:47:57.1 (8402870)|USER_DEBUG|[3]|DEBUG|This is Default Constructor!
08:47:57.1 (8456414)|CONSTRUCTOR_EXIT|[1]|01p6F00000CNReJ|<init>()|OopsConcepts
08:47:57.1 (8470542)|SYSTEM_MODE_EXIT|false
08:47:57.1 (8500090)|VARIABLE_ASSIGNMENT|[1]|obj|{}|0x3976fc7
08:47:57.8 (8543955)|CUMULATIVE_LIMIT_USAGE
08:47:57.8 (8543955)|LIMIT_USAGE_FOR_NS|(default)|
  Number of SOQL queries: 0 out of 100
  Number of query rows: 0 out of 50000
  Number of SOSL queries: 0 out of 20
  Number of DML statements: 0 out of 150
  Number of DML rows: 0 out of 10000
  Maximum CPU time: 0 out of 10000
  Maximum heap size: 0 out of 6000000
  Number of callouts: 0 out of 100
  Number of Email Invocations: 0 out of 10
  Number of future calls: 0 out of 50
  Number of queueable jobs added to the queue: 0 out of 50
  Number of Mobile Apex push calls: 0 out of 10

08:47:57.8 (8543955)|CUMULATIVE_LIMIT_USAGE_END

08:47:57.1 (8582636)|CODE_UNIT_FINISHED|execute_anonymous_apex
08:47:57.1 (9476264)|EXECUTION_FINISHED
