43.0 APEX_CODE,FINEST;APEX_PROFILING,INFO;CALLOUT,INFO;DB,INFO;NBA,INFO;SYSTEM,DEBUG;VALIDATION,INFO;VISUALFORCE,INFO;WAVE,INFO;WORKFLOW,INFO
Execute Anonymous: Student s = new Subject();
Execute Anonymous: s.whoAmI();
09:41:23.1 (1330662)|USER_INFO|[EXTERNAL]|0056F000009ROqM|swaraj@espl.com|Pacific Standard Time|GMT-07:00
09:41:23.1 (1355589)|EXECUTION_STARTED
09:41:23.1 (1360120)|CODE_UNIT_STARTED|[EXTERNAL]|execute_anonymous_apex
09:41:23.1 (15054768)|VARIABLE_SCOPE_BEGIN|[2]|Student.college|String|false|true
09:41:23.1 (15121418)|VARIABLE_SCOPE_BEGIN|[1]|s|Student|true|false
09:41:23.1 (15257964)|HEAP_ALLOCATE|[72]|Bytes:3
09:41:23.1 (15306564)|HEAP_ALLOCATE|[77]|Bytes:152
09:41:23.1 (15323738)|HEAP_ALLOCATE|[342]|Bytes:408
09:41:23.1 (15343007)|HEAP_ALLOCATE|[355]|Bytes:408
09:41:23.1 (15356430)|HEAP_ALLOCATE|[467]|Bytes:48
09:41:23.1 (15384461)|HEAP_ALLOCATE|[139]|Bytes:6
09:41:23.1 (15413242)|HEAP_ALLOCATE|[EXTERNAL]|Bytes:3
09:41:23.1 (15447066)|STATEMENT_EXECUTE|[1]
09:41:23.1 (15450597)|STATEMENT_EXECUTE|[1]
09:41:23.1 (23544229)|HEAP_ALLOCATE|[1]|Bytes:3
09:41:23.1 (23556045)|HEAP_ALLOCATE|[1]|Bytes:1
09:41:23.1 (23599217)|METHOD_ENTRY|[1]|01p6F00000CNRn3|Subject.Subject()
09:41:23.1 (23609052)|STATEMENT_EXECUTE|[1]
09:41:23.1 (23613568)|STATEMENT_EXECUTE|[1]
09:41:23.1 (23622887)|METHOD_EXIT|[1]|Subject
09:41:23.1 (23643439)|HEAP_ALLOCATE|[1]|Bytes:4
09:41:23.1 (23688601)|HEAP_ALLOCATE|[50]|Bytes:5
09:41:23.1 (23715855)|HEAP_ALLOCATE|[56]|Bytes:5
09:41:23.1 (23724854)|HEAP_ALLOCATE|[64]|Bytes:7
09:41:23.1 (23748249)|SYSTEM_MODE_ENTER|false
09:41:23.1 (23774459)|HEAP_ALLOCATE|[1]|Bytes:5
09:41:23.1 (23793704)|CONSTRUCTOR_ENTRY|[1]|01p6F00000CNRn3|<init>()|Subject
09:41:23.1 (23826442)|VARIABLE_SCOPE_BEGIN|[2]|this|Subject|true|false
09:41:23.1 (23892915)|VARIABLE_ASSIGNMENT|[2]|this|{}|0x6c317b4
09:41:23.1 (23905018)|STATEMENT_EXECUTE|[1]
09:41:23.1 (23912801)|HEAP_ALLOCATE|[2]|Bytes:3
09:41:23.1 (23918856)|HEAP_ALLOCATE|[2]|Bytes:3
09:41:23.1 (23922703)|HEAP_ALLOCATE|[2]|Bytes:8
09:41:23.1 (23940633)|VARIABLE_ASSIGNMENT|[2]|Student.college|"K K Wagh"
09:41:23.1 (23954676)|METHOD_ENTRY|[1]|01p6F00000CNRmo|Student.Student()
09:41:23.1 (23962969)|STATEMENT_EXECUTE|[1]
09:41:23.1 (23966755)|STATEMENT_EXECUTE|[1]
09:41:23.1 (23971940)|METHOD_EXIT|[1]|Student
09:41:23.1 (23979833)|CONSTRUCTOR_ENTRY|[2]|01p6F00000CNRmo|<init>()|Student
09:41:23.1 (24022886)|VARIABLE_SCOPE_BEGIN|[3]|this|Student|true|false
09:41:23.1 (24043201)|VARIABLE_ASSIGNMENT|[3]|this|{}|0x6c317b4
09:41:23.1 (24050013)|STATEMENT_EXECUTE|[1]
09:41:23.1 (24056788)|HEAP_ALLOCATE|[EXTERNAL]|Bytes:6
09:41:23.1 (24101308)|STATEMENT_EXECUTE|[3]
09:41:23.1 (24108599)|CONSTRUCTOR_EXIT|[2]|01p6F00000CNRmo|<init>()|Student
09:41:23.1 (24116198)|STATEMENT_EXECUTE|[2]
09:41:23.1 (24119358)|CONSTRUCTOR_EXIT|[1]|01p6F00000CNRn3|<init>()|Subject
09:41:23.1 (24132354)|SYSTEM_MODE_EXIT|false
09:41:23.1 (24159457)|VARIABLE_ASSIGNMENT|[1]|s|{}|0x6c317b4
09:41:23.1 (24166232)|STATEMENT_EXECUTE|[2]
09:41:23.1 (24198651)|SYSTEM_MODE_ENTER|false
09:41:23.1 (24212525)|HEAP_ALLOCATE|[2]|Bytes:5
09:41:23.1 (24239214)|METHOD_ENTRY|[2]|01p6F00000CNRn3|Subject.whoAmI()
09:41:23.1 (24274366)|VARIABLE_SCOPE_BEGIN|[5]|this|Subject|true|false
09:41:23.1 (24291820)|VARIABLE_ASSIGNMENT|[5]|this|{}|0x6c317b4
09:41:23.1 (24301210)|STATEMENT_EXECUTE|[5]
09:41:23.1 (24303347)|STATEMENT_EXECUTE|[6]
09:41:23.1 (24307067)|HEAP_ALLOCATE|[6]|Bytes:22
09:41:23.1 (24356282)|USER_DEBUG|[6]|DEBUG|This is Subject class!
09:41:23.1 (24372833)|METHOD_EXIT|[2]|01p6F00000CNRn3|Subject.whoAmI()
09:41:23.1 (24384228)|SYSTEM_MODE_EXIT|false
09:41:23.24 (24421402)|CUMULATIVE_LIMIT_USAGE
09:41:23.24 (24421402)|LIMIT_USAGE_FOR_NS|(default)|
  Number of SOQL queries: 0 out of 100
  Number of query rows: 0 out of 50000
  Number of SOSL queries: 0 out of 20
  Number of DML statements: 0 out of 150
  Number of DML rows: 0 out of 10000
  Maximum CPU time: 0 out of 10000
  Maximum heap size: 0 out of 6000000
  Number of callouts: 0 out of 100
  Number of Email Invocations: 0 out of 10
  Number of future calls: 0 out of 50
  Number of queueable jobs added to the queue: 0 out of 50
  Number of Mobile Apex push calls: 0 out of 10

09:41:23.24 (24421402)|CUMULATIVE_LIMIT_USAGE_END

09:41:23.1 (24467056)|CODE_UNIT_FINISHED|execute_anonymous_apex
09:41:23.1 (25383517)|EXECUTION_FINISHED
