43.0 APEX_CODE,FINEST;APEX_PROFILING,INFO;CALLOUT,INFO;DB,INFO;NBA,INFO;SYSTEM,DEBUG;VALIDATION,INFO;VISUALFORCE,INFO;WAVE,INFO;WORKFLOW,INFO
Execute Anonymous: BasicProgramming obj = new BasicProgramming();
Execute Anonymous: String result = obj.determineEvenOdd(9);
Execute Anonymous: //System.debug('Number is: '+ result);
Execute Anonymous: //obj.printArray(10);
Execute Anonymous: Integer[] inputArray = new Integer[]{20,5,15,10};
Execute Anonymous: obj.arrayOperations(inputArray);
06:51:18.2 (2666592)|USER_INFO|[EXTERNAL]|0056F000009ROqM|swaraj@espl.com|Pacific Standard Time|GMT-07:00
06:51:18.2 (2686076)|EXECUTION_STARTED
06:51:18.2 (2690577)|CODE_UNIT_STARTED|[EXTERNAL]|execute_anonymous_apex
06:51:18.2 (2833317)|VARIABLE_SCOPE_BEGIN|[5]|inputArray|List<Integer>|true|false
06:51:18.2 (13129810)|VARIABLE_SCOPE_BEGIN|[1]|obj|BasicProgramming|true|false
06:51:18.2 (13160630)|VARIABLE_SCOPE_BEGIN|[2]|result|String|false|false
06:51:18.2 (13326438)|HEAP_ALLOCATE|[72]|Bytes:3
06:51:18.2 (13383584)|HEAP_ALLOCATE|[77]|Bytes:152
06:51:18.2 (13397029)|HEAP_ALLOCATE|[342]|Bytes:408
06:51:18.2 (13408361)|HEAP_ALLOCATE|[355]|Bytes:408
06:51:18.2 (13418579)|HEAP_ALLOCATE|[467]|Bytes:48
06:51:18.2 (13448449)|HEAP_ALLOCATE|[139]|Bytes:6
06:51:18.2 (13465953)|HEAP_ALLOCATE|[EXTERNAL]|Bytes:7
06:51:18.2 (13519811)|STATEMENT_EXECUTE|[1]
06:51:18.2 (13522583)|STATEMENT_EXECUTE|[1]
06:51:18.2 (13527067)|HEAP_ALLOCATE|[1]|Bytes:11
06:51:18.2 (13550597)|HEAP_ALLOCATE|[1]|Bytes:5
06:51:18.2 (13607368)|METHOD_ENTRY|[9]|01p6F00000CNPHj|BasicProgramming.BasicProgramming()
06:51:18.2 (13615043)|STATEMENT_EXECUTE|[9]
06:51:18.2 (13628922)|STATEMENT_EXECUTE|[9]
06:51:18.2 (13659493)|HEAP_ALLOCATE|[50]|Bytes:5
06:51:18.2 (13683887)|HEAP_ALLOCATE|[56]|Bytes:5
06:51:18.2 (13691272)|HEAP_ALLOCATE|[64]|Bytes:7
06:51:18.2 (13722199)|SYSTEM_MODE_ENTER|false
06:51:18.2 (13733143)|HEAP_ALLOCATE|[1]|Bytes:5
06:51:18.2 (13740785)|SYSTEM_MODE_EXIT|false
06:51:18.2 (13760689)|METHOD_EXIT|[9]|BasicProgramming
06:51:18.2 (13774281)|HEAP_ALLOCATE|[1]|Bytes:4
06:51:18.2 (13796896)|SYSTEM_MODE_ENTER|false
06:51:18.2 (13807055)|HEAP_ALLOCATE|[1]|Bytes:5
06:51:18.2 (13832529)|CONSTRUCTOR_ENTRY|[1]|01p6F00000CNPHj|<init>()|BasicProgramming
06:51:18.2 (13862356)|VARIABLE_SCOPE_BEGIN|[10]|this|BasicProgramming|true|false
06:51:18.2 (13915273)|VARIABLE_ASSIGNMENT|[10]|this|{}|0x613c1974
06:51:18.2 (13927538)|HEAP_ALLOCATE|[EXTERNAL]|Bytes:5
06:51:18.2 (13932491)|STATEMENT_EXECUTE|[9]
06:51:18.2 (13935237)|HEAP_ALLOCATE|[EXTERNAL]|Bytes:5
06:51:18.2 (13944096)|HEAP_ALLOCATE|[EXTERNAL]|Bytes:6
06:51:18.2 (13978090)|STATEMENT_EXECUTE|[10]
06:51:18.2 (13998437)|CONSTRUCTOR_EXIT|[1]|01p6F00000CNPHj|<init>()|BasicProgramming
06:51:18.2 (14011014)|SYSTEM_MODE_EXIT|false
06:51:18.2 (14030766)|VARIABLE_ASSIGNMENT|[1]|obj|{}|0x613c1974
06:51:18.2 (14037180)|STATEMENT_EXECUTE|[2]
06:51:18.2 (14060207)|SYSTEM_MODE_ENTER|false
06:51:18.2 (14068135)|HEAP_ALLOCATE|[2]|Bytes:5
06:51:18.2 (14111452)|METHOD_ENTRY|[2]|01p6F00000CNPHj|BasicProgramming.determineEvenOdd(Integer)
06:51:18.2 (14133858)|VARIABLE_SCOPE_BEGIN|[15]|this|BasicProgramming|true|false
06:51:18.2 (14148652)|VARIABLE_ASSIGNMENT|[15]|this|{}|0x613c1974
06:51:18.2 (14155300)|VARIABLE_SCOPE_BEGIN|[15]|number1|Integer|false|false
06:51:18.2 (14166093)|VARIABLE_ASSIGNMENT|[15]|number1|9
06:51:18.2 (14180689)|HEAP_ALLOCATE|[16]|Bytes:5
06:51:18.2 (14185085)|STATEMENT_EXECUTE|[15]
06:51:18.2 (14186810)|STATEMENT_EXECUTE|[16]
06:51:18.2 (14216774)|VARIABLE_SCOPE_BEGIN|[2]|System.Math.E|Double|false|true
06:51:18.2 (14225318)|VARIABLE_SCOPE_BEGIN|[3]|System.Math.PI|Double|false|true
06:51:18.2 (14241275)|HEAP_ALLOCATE|[16]|Bytes:206
06:51:18.2 (14252118)|SYSTEM_METHOD_ENTRY|[1]|Math.Math()
06:51:18.2 (14256132)|STATEMENT_EXECUTE|[1]
06:51:18.2 (14300137)|SYSTEM_METHOD_EXIT|[1]|Math
06:51:18.2 (14312977)|METHOD_ENTRY|[16]||System.Math.mod(Integer, Integer)
06:51:18.2 (14412829)|METHOD_EXIT|[16]||System.Math.mod(Integer, Integer)
06:51:18.2 (14420553)|HEAP_ALLOCATE|[16]|Bytes:3
06:51:18.2 (14428935)|METHOD_EXIT|[2]|01p6F00000CNPHj|BasicProgramming.determineEvenOdd(Integer)
06:51:18.2 (14434769)|SYSTEM_MODE_EXIT|false
06:51:18.2 (14450683)|VARIABLE_ASSIGNMENT|[2]|result|"Odd"
06:51:18.2 (14456111)|STATEMENT_EXECUTE|[5]
06:51:18.2 (14472041)|HEAP_ALLOCATE|[5]|Bytes:4
06:51:18.2 (14519699)|HEAP_ALLOCATE|[5]|Bytes:4
06:51:18.2 (14526368)|HEAP_ALLOCATE|[5]|Bytes:4
06:51:18.2 (14530220)|HEAP_ALLOCATE|[5]|Bytes:4
06:51:18.2 (14534032)|HEAP_ALLOCATE|[5]|Bytes:4
06:51:18.2 (14561550)|HEAP_ALLOCATE|[EXTERNAL]|Bytes:20
06:51:18.2 (14579308)|VARIABLE_ASSIGNMENT|[5]|inputArray|[20,5,15,10]|0x3ca434d9
06:51:18.2 (14585232)|STATEMENT_EXECUTE|[6]
06:51:18.2 (14606925)|SYSTEM_MODE_ENTER|false
06:51:18.2 (14615369)|HEAP_ALLOCATE|[6]|Bytes:5
06:51:18.2 (14629190)|METHOD_ENTRY|[6]|01p6F00000CNPHj|BasicProgramming.arrayOperations(List<Integer>)
06:51:18.2 (14650525)|VARIABLE_SCOPE_BEGIN|[40]|this|BasicProgramming|true|false
06:51:18.2 (14667056)|VARIABLE_ASSIGNMENT|[40]|this|{}|0x613c1974
06:51:18.2 (14673694)|VARIABLE_SCOPE_BEGIN|[40]|inputArray|List<Integer>|true|false
06:51:18.2 (14684852)|VARIABLE_ASSIGNMENT|[40]|inputArray|[20,5,15,10]|0x3ca434d9
06:51:18.2 (14694508)|HEAP_ALLOCATE|[41]|Bytes:5
06:51:18.2 (14698892)|STATEMENT_EXECUTE|[40]
06:51:18.2 (14700666)|STATEMENT_EXECUTE|[41]
06:51:18.2 (14758859)|STATEMENT_EXECUTE|[42]
06:51:18.2 (14764547)|VARIABLE_SCOPE_BEGIN|[42]|i|Integer|false|false
06:51:18.2 (14776194)|HEAP_ALLOCATE|[42]|Bytes:4
06:51:18.2 (14786135)|VARIABLE_ASSIGNMENT|[42]|i|0
06:51:18.2 (14808363)|STATEMENT_EXECUTE|[42]
06:51:18.2 (14810097)|STATEMENT_EXECUTE|[43]
06:51:18.2 (14813775)|HEAP_ALLOCATE|[43]|Bytes:17
06:51:18.2 (14851499)|HEAP_ALLOCATE|[43]|Bytes:1
06:51:18.2 (14862188)|HEAP_ALLOCATE|[43]|Bytes:2
06:51:18.2 (14870666)|HEAP_ALLOCATE|[43]|Bytes:8
06:51:18.2 (14881809)|HEAP_ALLOCATE|[43]|Bytes:1
06:51:18.2 (14895834)|HEAP_ALLOCATE|[43]|Bytes:21
06:51:18.2 (14918446)|USER_DEBUG|[43]|DEBUG|Array element at 0is5
06:51:18.2 (14927996)|HEAP_ALLOCATE|[42]|Bytes:4
06:51:18.2 (14947089)|VARIABLE_ASSIGNMENT|[42]|i|1
06:51:18.2 (14960192)|STATEMENT_EXECUTE|[42]
06:51:18.2 (14961922)|STATEMENT_EXECUTE|[43]
06:51:18.2 (14971333)|HEAP_ALLOCATE|[43]|Bytes:1
06:51:18.2 (14981418)|HEAP_ALLOCATE|[43]|Bytes:8
06:51:18.2 (14990145)|HEAP_ALLOCATE|[43]|Bytes:2
06:51:18.2 (15002426)|HEAP_ALLOCATE|[43]|Bytes:22
06:51:18.2 (15010466)|USER_DEBUG|[43]|DEBUG|Array element at 1is10
06:51:18.2 (15016750)|HEAP_ALLOCATE|[42]|Bytes:4
06:51:18.2 (15022703)|VARIABLE_ASSIGNMENT|[42]|i|2
06:51:18.2 (15032776)|STATEMENT_EXECUTE|[42]
06:51:18.2 (15034315)|STATEMENT_EXECUTE|[43]
06:51:18.2 (15041844)|HEAP_ALLOCATE|[43]|Bytes:1
06:51:18.2 (15050145)|HEAP_ALLOCATE|[43]|Bytes:8
06:51:18.2 (15058483)|HEAP_ALLOCATE|[43]|Bytes:2
06:51:18.2 (15066141)|HEAP_ALLOCATE|[43]|Bytes:22
06:51:18.2 (15071915)|USER_DEBUG|[43]|DEBUG|Array element at 2is15
06:51:18.2 (15077538)|HEAP_ALLOCATE|[42]|Bytes:4
06:51:18.2 (15082556)|VARIABLE_ASSIGNMENT|[42]|i|3
06:51:18.2 (15091390)|STATEMENT_EXECUTE|[42]
06:51:18.2 (15092888)|STATEMENT_EXECUTE|[43]
06:51:18.2 (15100186)|HEAP_ALLOCATE|[43]|Bytes:1
06:51:18.2 (15111311)|HEAP_ALLOCATE|[43]|Bytes:8
06:51:18.2 (15119680)|HEAP_ALLOCATE|[43]|Bytes:2
06:51:18.2 (15127810)|HEAP_ALLOCATE|[43]|Bytes:22
06:51:18.2 (15133374)|USER_DEBUG|[43]|DEBUG|Array element at 3is20
06:51:18.2 (15138877)|HEAP_ALLOCATE|[42]|Bytes:4
06:51:18.2 (15144588)|VARIABLE_ASSIGNMENT|[42]|i|4
06:51:18.2 (15160539)|METHOD_EXIT|[6]|01p6F00000CNPHj|BasicProgramming.arrayOperations(List<Integer>)
06:51:18.2 (15166990)|SYSTEM_MODE_EXIT|false
06:51:18.15 (15216806)|CUMULATIVE_LIMIT_USAGE
06:51:18.15 (15216806)|LIMIT_USAGE_FOR_NS|(default)|
  Number of SOQL queries: 0 out of 100
  Number of query rows: 0 out of 50000
  Number of SOSL queries: 0 out of 20
  Number of DML statements: 0 out of 150
  Number of DML rows: 0 out of 10000
  Maximum CPU time: 0 out of 10000
  Maximum heap size: 0 out of 6000000
  Number of callouts: 0 out of 100
  Number of Email Invocations: 0 out of 10
  Number of future calls: 0 out of 50
  Number of queueable jobs added to the queue: 0 out of 50
  Number of Mobile Apex push calls: 0 out of 10

06:51:18.15 (15216806)|CUMULATIVE_LIMIT_USAGE_END

06:51:18.2 (15247867)|CODE_UNIT_FINISHED|execute_anonymous_apex
06:51:18.2 (16199316)|EXECUTION_FINISHED
