43.0 APEX_CODE,FINEST;APEX_PROFILING,INFO;CALLOUT,INFO;DB,INFO;NBA,INFO;SYSTEM,DEBUG;VALIDATION,INFO;VISUALFORCE,INFO;WAVE,INFO;WORKFLOW,INFO
Execute Anonymous: Student s = new Subject();
Execute Anonymous: s.whoAmI();
09:40:16.1 (1140844)|USER_INFO|[EXTERNAL]|0056F000009ROqM|swaraj@espl.com|Pacific Standard Time|GMT-07:00
09:40:16.1 (1159126)|EXECUTION_STARTED
09:40:16.1 (1163662)|CODE_UNIT_STARTED|[EXTERNAL]|execute_anonymous_apex
09:40:16.1 (7533781)|VARIABLE_SCOPE_BEGIN|[2]|Student.college|String|false|true
09:40:16.1 (7574184)|VARIABLE_SCOPE_BEGIN|[1]|s|Student|true|false
09:40:16.1 (7660431)|HEAP_ALLOCATE|[72]|Bytes:3
09:40:16.1 (7687296)|HEAP_ALLOCATE|[77]|Bytes:152
09:40:16.1 (7699738)|HEAP_ALLOCATE|[342]|Bytes:408
09:40:16.1 (7711305)|HEAP_ALLOCATE|[355]|Bytes:408
09:40:16.1 (7721286)|HEAP_ALLOCATE|[467]|Bytes:48
09:40:16.1 (7743804)|HEAP_ALLOCATE|[139]|Bytes:6
09:40:16.1 (7766317)|HEAP_ALLOCATE|[EXTERNAL]|Bytes:3
09:40:16.1 (7794493)|STATEMENT_EXECUTE|[1]
09:40:16.1 (7797073)|STATEMENT_EXECUTE|[1]
09:40:16.1 (11855036)|HEAP_ALLOCATE|[1]|Bytes:3
09:40:16.1 (11866889)|HEAP_ALLOCATE|[1]|Bytes:1
09:40:16.1 (11900693)|METHOD_ENTRY|[1]|01p6F00000CNRn3|Subject.Subject()
09:40:16.1 (11908057)|STATEMENT_EXECUTE|[1]
09:40:16.1 (11912057)|STATEMENT_EXECUTE|[1]
09:40:16.1 (11917903)|METHOD_EXIT|[1]|Subject
09:40:16.1 (11936361)|HEAP_ALLOCATE|[1]|Bytes:4
09:40:16.1 (11971402)|HEAP_ALLOCATE|[50]|Bytes:5
09:40:16.1 (11990231)|HEAP_ALLOCATE|[56]|Bytes:5
09:40:16.1 (11998114)|HEAP_ALLOCATE|[64]|Bytes:7
09:40:16.1 (12013961)|SYSTEM_MODE_ENTER|false
09:40:16.1 (12033166)|HEAP_ALLOCATE|[1]|Bytes:5
09:40:16.1 (12045896)|CONSTRUCTOR_ENTRY|[1]|01p6F00000CNRn3|<init>()|Subject
09:40:16.1 (12072521)|VARIABLE_SCOPE_BEGIN|[2]|this|Subject|true|false
09:40:16.1 (12111986)|VARIABLE_ASSIGNMENT|[2]|this|{}|0x61b2141c
09:40:16.1 (12119966)|STATEMENT_EXECUTE|[1]
09:40:16.1 (12125571)|HEAP_ALLOCATE|[2]|Bytes:3
09:40:16.1 (12130802)|HEAP_ALLOCATE|[2]|Bytes:1
09:40:16.1 (12134345)|HEAP_ALLOCATE|[2]|Bytes:8
09:40:16.1 (12150724)|VARIABLE_ASSIGNMENT|[2]|Student.college|"K K Wagh"
09:40:16.1 (12162975)|METHOD_ENTRY|[1]|01p6F00000CNRmo|Student.Student()
09:40:16.1 (12168082)|STATEMENT_EXECUTE|[1]
09:40:16.1 (12170483)|STATEMENT_EXECUTE|[1]
09:40:16.1 (12174231)|METHOD_EXIT|[1]|Student
09:40:16.1 (12181004)|CONSTRUCTOR_ENTRY|[2]|01p6F00000CNRmo|<init>()|Student
09:40:16.1 (12214710)|VARIABLE_SCOPE_BEGIN|[3]|this|Student|true|false
09:40:16.1 (12231116)|VARIABLE_ASSIGNMENT|[3]|this|{}|0x61b2141c
09:40:16.1 (12237833)|STATEMENT_EXECUTE|[1]
09:40:16.1 (12243517)|HEAP_ALLOCATE|[EXTERNAL]|Bytes:6
09:40:16.1 (12279453)|STATEMENT_EXECUTE|[3]
09:40:16.1 (12284493)|CONSTRUCTOR_EXIT|[2]|01p6F00000CNRmo|<init>()|Student
09:40:16.1 (12290942)|STATEMENT_EXECUTE|[2]
09:40:16.1 (12293637)|CONSTRUCTOR_EXIT|[1]|01p6F00000CNRn3|<init>()|Subject
09:40:16.1 (12302426)|SYSTEM_MODE_EXIT|false
09:40:16.1 (12325325)|VARIABLE_ASSIGNMENT|[1]|s|{}|0x61b2141c
09:40:16.1 (12332177)|STATEMENT_EXECUTE|[2]
09:40:16.1 (12352170)|SYSTEM_MODE_ENTER|false
09:40:16.1 (12362421)|HEAP_ALLOCATE|[2]|Bytes:5
09:40:16.1 (12384479)|METHOD_ENTRY|[2]|01p6F00000CNRn3|Subject.whoAmI()
09:40:16.1 (12407951)|VARIABLE_SCOPE_BEGIN|[5]|this|Subject|true|false
09:40:16.1 (12422437)|VARIABLE_ASSIGNMENT|[5]|this|{}|0x61b2141c
09:40:16.1 (12429852)|STATEMENT_EXECUTE|[5]
09:40:16.1 (12431397)|STATEMENT_EXECUTE|[6]
09:40:16.1 (12434559)|HEAP_ALLOCATE|[6]|Bytes:22
09:40:16.1 (12472215)|USER_DEBUG|[6]|DEBUG|This is Subject class!
09:40:16.1 (12484600)|METHOD_EXIT|[2]|01p6F00000CNRn3|Subject.whoAmI()
09:40:16.1 (12491794)|SYSTEM_MODE_EXIT|false
09:40:16.12 (12523723)|CUMULATIVE_LIMIT_USAGE
09:40:16.12 (12523723)|LIMIT_USAGE_FOR_NS|(default)|
  Number of SOQL queries: 0 out of 100
  Number of query rows: 0 out of 50000
  Number of SOSL queries: 0 out of 20
  Number of DML statements: 0 out of 150
  Number of DML rows: 0 out of 10000
  Maximum CPU time: 0 out of 10000
  Maximum heap size: 0 out of 6000000
  Number of callouts: 0 out of 100
  Number of Email Invocations: 0 out of 10
  Number of future calls: 0 out of 50
  Number of queueable jobs added to the queue: 0 out of 50
  Number of Mobile Apex push calls: 0 out of 10

09:40:16.12 (12523723)|CUMULATIVE_LIMIT_USAGE_END

09:40:16.1 (12556934)|CODE_UNIT_FINISHED|execute_anonymous_apex
09:40:16.1 (13455124)|EXECUTION_FINISHED
