43.0 APEX_CODE,FINEST;APEX_PROFILING,INFO;CALLOUT,INFO;DB,INFO;NBA,INFO;SYSTEM,DEBUG;VALIDATION,INFO;VISUALFORCE,INFO;WAVE,INFO;WORKFLOW,INFO
Execute Anonymous: BasicProgramming obj = new BasicProgramming();
Execute Anonymous: String result = obj.determineEvenOdd(10);
Execute Anonymous: System.debug('Number is: '+ result);
05:28:01.1 (1622691)|USER_INFO|[EXTERNAL]|0056F000009ROqM|swaraj@espl.com|Pacific Standard Time|GMT-07:00
05:28:01.1 (1647522)|EXECUTION_STARTED
05:28:01.1 (1653106)|CODE_UNIT_STARTED|[EXTERNAL]|execute_anonymous_apex
05:28:01.1 (11898325)|VARIABLE_SCOPE_BEGIN|[1]|obj|BasicProgramming|true|false
05:28:01.1 (12144321)|VARIABLE_SCOPE_BEGIN|[2]|result|String|false|false
05:28:01.1 (12356077)|HEAP_ALLOCATE|[72]|Bytes:3
05:28:01.1 (12432252)|HEAP_ALLOCATE|[77]|Bytes:152
05:28:01.1 (12459567)|HEAP_ALLOCATE|[342]|Bytes:408
05:28:01.1 (12478763)|HEAP_ALLOCATE|[355]|Bytes:408
05:28:01.1 (12495443)|HEAP_ALLOCATE|[467]|Bytes:48
05:28:01.1 (12532253)|HEAP_ALLOCATE|[139]|Bytes:6
05:28:01.1 (12569478)|HEAP_ALLOCATE|[EXTERNAL]|Bytes:5
05:28:01.1 (12643666)|STATEMENT_EXECUTE|[1]
05:28:01.1 (12647789)|STATEMENT_EXECUTE|[1]
05:28:01.1 (12667050)|HEAP_ALLOCATE|[1]|Bytes:5
05:28:01.1 (12734931)|METHOD_ENTRY|[9]|01p6F00000CNPHj|BasicProgramming.BasicProgramming()
05:28:01.1 (12746161)|STATEMENT_EXECUTE|[9]
05:28:01.1 (12751493)|STATEMENT_EXECUTE|[9]
05:28:01.1 (12794276)|HEAP_ALLOCATE|[50]|Bytes:5
05:28:01.1 (12827239)|HEAP_ALLOCATE|[56]|Bytes:5
05:28:01.1 (12840230)|HEAP_ALLOCATE|[64]|Bytes:7
05:28:01.1 (12863944)|SYSTEM_MODE_ENTER|false
05:28:01.1 (12883949)|HEAP_ALLOCATE|[1]|Bytes:5
05:28:01.1 (12894944)|SYSTEM_MODE_EXIT|false
05:28:01.1 (12924983)|METHOD_EXIT|[9]|BasicProgramming
05:28:01.1 (12946166)|HEAP_ALLOCATE|[1]|Bytes:4
05:28:01.1 (12993499)|SYSTEM_MODE_ENTER|false
05:28:01.1 (13008432)|HEAP_ALLOCATE|[1]|Bytes:5
05:28:01.1 (13045054)|CONSTRUCTOR_ENTRY|[1]|01p6F00000CNPHj|<init>()|BasicProgramming
05:28:01.1 (13089524)|VARIABLE_SCOPE_BEGIN|[10]|this|BasicProgramming|true|false
05:28:01.1 (13144702)|VARIABLE_ASSIGNMENT|[10]|this|{}|0x20f2fc2e
05:28:01.1 (13162595)|HEAP_ALLOCATE|[EXTERNAL]|Bytes:5
05:28:01.1 (13170004)|STATEMENT_EXECUTE|[9]
05:28:01.1 (13175201)|HEAP_ALLOCATE|[EXTERNAL]|Bytes:5
05:28:01.1 (13189491)|HEAP_ALLOCATE|[EXTERNAL]|Bytes:6
05:28:01.1 (13235894)|STATEMENT_EXECUTE|[10]
05:28:01.1 (13266652)|CONSTRUCTOR_EXIT|[1]|01p6F00000CNPHj|<init>()|BasicProgramming
05:28:01.1 (13286563)|SYSTEM_MODE_EXIT|false
05:28:01.1 (13322582)|VARIABLE_ASSIGNMENT|[1]|obj|{}|0x20f2fc2e
05:28:01.1 (13333140)|STATEMENT_EXECUTE|[2]
05:28:01.1 (13364654)|SYSTEM_MODE_ENTER|false
05:28:01.1 (13375589)|HEAP_ALLOCATE|[2]|Bytes:5
05:28:01.1 (13433826)|METHOD_ENTRY|[2]|01p6F00000CNPHj|BasicProgramming.determineEvenOdd(Integer)
05:28:01.1 (13475180)|VARIABLE_SCOPE_BEGIN|[15]|this|BasicProgramming|true|false
05:28:01.1 (13516306)|VARIABLE_ASSIGNMENT|[15]|this|{}|0x20f2fc2e
05:28:01.1 (13529269)|VARIABLE_SCOPE_BEGIN|[15]|number1|Integer|false|false
05:28:01.1 (13540643)|VARIABLE_ASSIGNMENT|[15]|number1|10
05:28:01.1 (13556550)|HEAP_ALLOCATE|[16]|Bytes:5
05:28:01.1 (13563088)|STATEMENT_EXECUTE|[15]
05:28:01.1 (13565214)|STATEMENT_EXECUTE|[16]
05:28:01.1 (13601756)|VARIABLE_SCOPE_BEGIN|[2]|System.Math.E|Double|false|true
05:28:01.1 (13610587)|VARIABLE_SCOPE_BEGIN|[3]|System.Math.PI|Double|false|true
05:28:01.1 (13625971)|HEAP_ALLOCATE|[16]|Bytes:206
05:28:01.1 (13638214)|SYSTEM_METHOD_ENTRY|[1]|Math.Math()
05:28:01.1 (13642763)|STATEMENT_EXECUTE|[1]
05:28:01.1 (13690759)|SYSTEM_METHOD_EXIT|[1]|Math
05:28:01.1 (13704816)|METHOD_ENTRY|[16]||System.Math.mod(Integer, Integer)
05:28:01.1 (13817457)|METHOD_EXIT|[16]||System.Math.mod(Integer, Integer)
05:28:01.1 (13825502)|HEAP_ALLOCATE|[16]|Bytes:4
05:28:01.1 (13834627)|METHOD_EXIT|[2]|01p6F00000CNPHj|BasicProgramming.determineEvenOdd(Integer)
05:28:01.1 (13841109)|SYSTEM_MODE_EXIT|false
05:28:01.1 (13857172)|VARIABLE_ASSIGNMENT|[2]|result|"Even"
05:28:01.1 (13861908)|STATEMENT_EXECUTE|[3]
05:28:01.1 (13864984)|HEAP_ALLOCATE|[3]|Bytes:11
05:28:01.1 (13878681)|HEAP_ALLOCATE|[3]|Bytes:15
05:28:01.1 (13910974)|USER_DEBUG|[3]|DEBUG|Number is: Even
05:28:01.13 (13961027)|CUMULATIVE_LIMIT_USAGE
05:28:01.13 (13961027)|LIMIT_USAGE_FOR_NS|(default)|
  Number of SOQL queries: 0 out of 100
  Number of query rows: 0 out of 50000
  Number of SOSL queries: 0 out of 20
  Number of DML statements: 0 out of 150
  Number of DML rows: 0 out of 10000
  Maximum CPU time: 0 out of 10000
  Maximum heap size: 0 out of 6000000
  Number of callouts: 0 out of 100
  Number of Email Invocations: 0 out of 10
  Number of future calls: 0 out of 50
  Number of queueable jobs added to the queue: 0 out of 50
  Number of Mobile Apex push calls: 0 out of 10

05:28:01.13 (13961027)|CUMULATIVE_LIMIT_USAGE_END

05:28:01.1 (13993795)|CODE_UNIT_FINISHED|execute_anonymous_apex
05:28:01.1 (15576943)|EXECUTION_FINISHED
