43.0 APEX_CODE,FINEST;APEX_PROFILING,INFO;CALLOUT,INFO;DB,INFO;NBA,INFO;SYSTEM,DEBUG;VALIDATION,INFO;VISUALFORCE,INFO;WAVE,INFO;WORKFLOW,INFO
Execute Anonymous: Student s = new Subject();
Execute Anonymous: s.whoAmI();
09:43:14.1 (1343004)|USER_INFO|[EXTERNAL]|0056F000009ROqM|swaraj@espl.com|Pacific Standard Time|GMT-07:00
09:43:14.1 (1368430)|EXECUTION_STARTED
09:43:14.1 (1373808)|CODE_UNIT_STARTED|[EXTERNAL]|execute_anonymous_apex
09:43:14.1 (9608027)|VARIABLE_SCOPE_BEGIN|[2]|Student.college|String|false|true
09:43:14.1 (9680812)|VARIABLE_SCOPE_BEGIN|[1]|s|Student|true|false
09:43:14.1 (9811437)|HEAP_ALLOCATE|[72]|Bytes:3
09:43:14.1 (9849378)|HEAP_ALLOCATE|[77]|Bytes:152
09:43:14.1 (9867423)|HEAP_ALLOCATE|[342]|Bytes:408
09:43:14.1 (9889437)|HEAP_ALLOCATE|[355]|Bytes:408
09:43:14.1 (9909365)|HEAP_ALLOCATE|[467]|Bytes:48
09:43:14.1 (9943013)|HEAP_ALLOCATE|[139]|Bytes:6
09:43:14.1 (9976811)|HEAP_ALLOCATE|[EXTERNAL]|Bytes:3
09:43:14.1 (10019966)|STATEMENT_EXECUTE|[1]
09:43:14.1 (10025100)|STATEMENT_EXECUTE|[1]
09:43:14.1 (13811677)|HEAP_ALLOCATE|[1]|Bytes:3
09:43:14.1 (13826868)|HEAP_ALLOCATE|[1]|Bytes:3
09:43:14.1 (13879241)|METHOD_ENTRY|[1]|01p6F00000CNRn3|Subject.Subject()
09:43:14.1 (13890135)|STATEMENT_EXECUTE|[1]
09:43:14.1 (13896466)|STATEMENT_EXECUTE|[1]
09:43:14.1 (13905926)|METHOD_EXIT|[1]|Subject
09:43:14.1 (13931333)|HEAP_ALLOCATE|[1]|Bytes:4
09:43:14.1 (13978156)|HEAP_ALLOCATE|[50]|Bytes:5
09:43:14.1 (14027259)|HEAP_ALLOCATE|[56]|Bytes:5
09:43:14.1 (14045838)|HEAP_ALLOCATE|[64]|Bytes:7
09:43:14.1 (14074430)|SYSTEM_MODE_ENTER|false
09:43:14.1 (14122397)|HEAP_ALLOCATE|[1]|Bytes:5
09:43:14.1 (14143835)|CONSTRUCTOR_ENTRY|[1]|01p6F00000CNRn3|<init>()|Subject
09:43:14.1 (14184350)|VARIABLE_SCOPE_BEGIN|[2]|this|Subject|true|false
09:43:14.1 (14255281)|VARIABLE_ASSIGNMENT|[2]|this|{}|0xcfae60b
09:43:14.1 (14269320)|STATEMENT_EXECUTE|[1]
09:43:14.1 (14278598)|HEAP_ALLOCATE|[2]|Bytes:3
09:43:14.1 (14287804)|HEAP_ALLOCATE|[2]|Bytes:1
09:43:14.1 (14294253)|HEAP_ALLOCATE|[2]|Bytes:8
09:43:14.1 (14335115)|VARIABLE_ASSIGNMENT|[2]|Student.college|"K K Wagh"
09:43:14.1 (14356648)|METHOD_ENTRY|[1]|01p6F00000CNRmo|Student.Student()
09:43:14.1 (14365486)|STATEMENT_EXECUTE|[1]
09:43:14.1 (14369419)|STATEMENT_EXECUTE|[1]
09:43:14.1 (14375641)|METHOD_EXIT|[1]|Student
09:43:14.1 (14386975)|CONSTRUCTOR_ENTRY|[2]|01p6F00000CNRmo|<init>()|Student
09:43:14.1 (14445607)|VARIABLE_SCOPE_BEGIN|[3]|this|Student|true|false
09:43:14.1 (14473144)|VARIABLE_ASSIGNMENT|[3]|this|{}|0xcfae60b
09:43:14.1 (14483905)|STATEMENT_EXECUTE|[1]
09:43:14.1 (14493504)|HEAP_ALLOCATE|[EXTERNAL]|Bytes:6
09:43:14.1 (14543154)|STATEMENT_EXECUTE|[3]
09:43:14.1 (14552244)|CONSTRUCTOR_EXIT|[2]|01p6F00000CNRmo|<init>()|Student
09:43:14.1 (14563737)|STATEMENT_EXECUTE|[2]
09:43:14.1 (14568313)|CONSTRUCTOR_EXIT|[1]|01p6F00000CNRn3|<init>()|Subject
09:43:14.1 (14583848)|SYSTEM_MODE_EXIT|false
09:43:14.1 (14617950)|VARIABLE_ASSIGNMENT|[1]|s|{}|0xcfae60b
09:43:14.1 (14628772)|STATEMENT_EXECUTE|[2]
09:43:14.1 (14662434)|SYSTEM_MODE_ENTER|false
09:43:14.1 (14679173)|HEAP_ALLOCATE|[2]|Bytes:5
09:43:14.1 (14710569)|METHOD_ENTRY|[2]|01p6F00000CNRn3|Subject.whoAmI()
09:43:14.1 (14748275)|VARIABLE_SCOPE_BEGIN|[5]|this|Subject|true|false
09:43:14.1 (14773588)|VARIABLE_ASSIGNMENT|[5]|this|{}|0xcfae60b
09:43:14.1 (14791565)|STATEMENT_EXECUTE|[5]
09:43:14.1 (14794451)|STATEMENT_EXECUTE|[6]
09:43:14.1 (14799597)|HEAP_ALLOCATE|[6]|Bytes:9
09:43:14.1 (14821744)|HEAP_ALLOCATE|[6]|Bytes:17
09:43:14.1 (14870639)|USER_DEBUG|[6]|DEBUG|College: K K Wagh
09:43:14.1 (14886768)|STATEMENT_EXECUTE|[7]
09:43:14.1 (14891313)|HEAP_ALLOCATE|[7]|Bytes:22
09:43:14.1 (14912262)|USER_DEBUG|[7]|DEBUG|This is Subject class!
09:43:14.1 (14929402)|METHOD_EXIT|[2]|01p6F00000CNRn3|Subject.whoAmI()
09:43:14.1 (14942955)|SYSTEM_MODE_EXIT|false
09:43:14.14 (14988847)|CUMULATIVE_LIMIT_USAGE
09:43:14.14 (14988847)|LIMIT_USAGE_FOR_NS|(default)|
  Number of SOQL queries: 0 out of 100
  Number of query rows: 0 out of 50000
  Number of SOSL queries: 0 out of 20
  Number of DML statements: 0 out of 150
  Number of DML rows: 0 out of 10000
  Maximum CPU time: 0 out of 10000
  Maximum heap size: 0 out of 6000000
  Number of callouts: 0 out of 100
  Number of Email Invocations: 0 out of 10
  Number of future calls: 0 out of 50
  Number of queueable jobs added to the queue: 0 out of 50
  Number of Mobile Apex push calls: 0 out of 10

09:43:14.14 (14988847)|CUMULATIVE_LIMIT_USAGE_END

09:43:14.1 (15037495)|CODE_UNIT_FINISHED|execute_anonymous_apex
09:43:14.1 (16090090)|EXECUTION_FINISHED
