43.0 APEX_CODE,FINEST;APEX_PROFILING,INFO;CALLOUT,INFO;DB,INFO;NBA,INFO;SYSTEM,DEBUG;VALIDATION,INFO;VISUALFORCE,INFO;WAVE,INFO;WORKFLOW,INFO
Execute Anonymous: BasicProgramming obj = new BasicProgramming();
Execute Anonymous: String result = obj.determineEvenOdd(9);
Execute Anonymous: //System.debug('Number is: '+ result);
Execute Anonymous: List<Integer> resultArray = obj.printArray(5);
Execute Anonymous: for (Integer item: resultArray) {
Execute Anonymous:     System.debug('Item: '+ item);
Execute Anonymous: }
06:12:45.1 (1514158)|USER_INFO|[EXTERNAL]|0056F000009ROqM|swaraj@espl.com|Pacific Standard Time|GMT-07:00
06:12:45.1 (1661860)|EXECUTION_STARTED
06:12:45.1 (1666691)|CODE_UNIT_STARTED|[EXTERNAL]|execute_anonymous_apex
06:12:45.1 (9830860)|VARIABLE_SCOPE_BEGIN|[1]|obj|BasicProgramming|true|false
06:12:45.1 (10011830)|VARIABLE_SCOPE_BEGIN|[2]|result|String|false|false
06:12:45.1 (10064269)|VARIABLE_SCOPE_BEGIN|[4]|resultArray|List<Integer>|true|false
06:12:45.1 (10250685)|HEAP_ALLOCATE|[72]|Bytes:3
06:12:45.1 (10331360)|HEAP_ALLOCATE|[77]|Bytes:152
06:12:45.1 (10347833)|HEAP_ALLOCATE|[342]|Bytes:408
06:12:45.1 (10361745)|HEAP_ALLOCATE|[355]|Bytes:408
06:12:45.1 (10373795)|HEAP_ALLOCATE|[467]|Bytes:48
06:12:45.1 (10400884)|HEAP_ALLOCATE|[139]|Bytes:6
06:12:45.1 (10420008)|HEAP_ALLOCATE|[EXTERNAL]|Bytes:9
06:12:45.1 (10529715)|STATEMENT_EXECUTE|[1]
06:12:45.1 (10534567)|STATEMENT_EXECUTE|[1]
06:12:45.1 (10541836)|HEAP_ALLOCATE|[1]|Bytes:8
06:12:45.1 (10626251)|METHOD_ENTRY|[9]|01p6F00000CNPHj|BasicProgramming.BasicProgramming()
06:12:45.1 (10638713)|STATEMENT_EXECUTE|[9]
06:12:45.1 (10645666)|STATEMENT_EXECUTE|[9]
06:12:45.1 (10688185)|HEAP_ALLOCATE|[50]|Bytes:5
06:12:45.1 (10720536)|HEAP_ALLOCATE|[56]|Bytes:5
06:12:45.1 (10737059)|HEAP_ALLOCATE|[64]|Bytes:7
06:12:45.1 (10763694)|SYSTEM_MODE_ENTER|false
06:12:45.1 (10779425)|HEAP_ALLOCATE|[1]|Bytes:5
06:12:45.1 (10790906)|SYSTEM_MODE_EXIT|false
06:12:45.1 (10827035)|METHOD_EXIT|[9]|BasicProgramming
06:12:45.1 (10852395)|HEAP_ALLOCATE|[1]|Bytes:4
06:12:45.1 (10896300)|SYSTEM_MODE_ENTER|false
06:12:45.1 (10915456)|HEAP_ALLOCATE|[1]|Bytes:5
06:12:45.1 (10961239)|CONSTRUCTOR_ENTRY|[1]|01p6F00000CNPHj|<init>()|BasicProgramming
06:12:45.1 (11009677)|VARIABLE_SCOPE_BEGIN|[10]|this|BasicProgramming|true|false
06:12:45.1 (11064209)|VARIABLE_ASSIGNMENT|[10]|this|{}|0x11afbb59
06:12:45.1 (11082363)|HEAP_ALLOCATE|[EXTERNAL]|Bytes:5
06:12:45.1 (11090266)|STATEMENT_EXECUTE|[9]
06:12:45.1 (11095320)|HEAP_ALLOCATE|[EXTERNAL]|Bytes:5
06:12:45.1 (11109101)|HEAP_ALLOCATE|[EXTERNAL]|Bytes:6
06:12:45.1 (11158214)|STATEMENT_EXECUTE|[10]
06:12:45.1 (11196171)|CONSTRUCTOR_EXIT|[1]|01p6F00000CNPHj|<init>()|BasicProgramming
06:12:45.1 (11217875)|SYSTEM_MODE_EXIT|false
06:12:45.1 (11249470)|VARIABLE_ASSIGNMENT|[1]|obj|{}|0x11afbb59
06:12:45.1 (11260710)|STATEMENT_EXECUTE|[2]
06:12:45.1 (11295763)|SYSTEM_MODE_ENTER|false
06:12:45.1 (11314729)|HEAP_ALLOCATE|[2]|Bytes:5
06:12:45.1 (11401211)|METHOD_ENTRY|[2]|01p6F00000CNPHj|BasicProgramming.determineEvenOdd(Integer)
06:12:45.1 (11447760)|VARIABLE_SCOPE_BEGIN|[15]|this|BasicProgramming|true|false
06:12:45.1 (11480277)|VARIABLE_ASSIGNMENT|[15]|this|{}|0x11afbb59
06:12:45.1 (11492910)|VARIABLE_SCOPE_BEGIN|[15]|number1|Integer|false|false
06:12:45.1 (11508815)|VARIABLE_ASSIGNMENT|[15]|number1|9
06:12:45.1 (11527581)|HEAP_ALLOCATE|[16]|Bytes:5
06:12:45.1 (11535875)|STATEMENT_EXECUTE|[15]
06:12:45.1 (11538756)|STATEMENT_EXECUTE|[16]
06:12:45.1 (11581760)|VARIABLE_SCOPE_BEGIN|[2]|System.Math.E|Double|false|true
06:12:45.1 (11603003)|VARIABLE_SCOPE_BEGIN|[3]|System.Math.PI|Double|false|true
06:12:45.1 (11624346)|HEAP_ALLOCATE|[16]|Bytes:206
06:12:45.1 (11639889)|SYSTEM_METHOD_ENTRY|[1]|Math.Math()
06:12:45.1 (11646394)|STATEMENT_EXECUTE|[1]
06:12:45.1 (11714511)|SYSTEM_METHOD_EXIT|[1]|Math
06:12:45.1 (11748572)|METHOD_ENTRY|[16]||System.Math.mod(Integer, Integer)
06:12:45.1 (11908375)|METHOD_EXIT|[16]||System.Math.mod(Integer, Integer)
06:12:45.1 (11919468)|HEAP_ALLOCATE|[16]|Bytes:3
06:12:45.1 (11930275)|METHOD_EXIT|[2]|01p6F00000CNPHj|BasicProgramming.determineEvenOdd(Integer)
06:12:45.1 (11937034)|SYSTEM_MODE_EXIT|false
06:12:45.1 (11972498)|VARIABLE_ASSIGNMENT|[2]|result|"Odd"
06:12:45.1 (11979208)|STATEMENT_EXECUTE|[4]
06:12:45.1 (12007276)|SYSTEM_MODE_ENTER|false
06:12:45.1 (12019566)|HEAP_ALLOCATE|[4]|Bytes:5
06:12:45.1 (12034415)|METHOD_ENTRY|[4]|01p6F00000CNPHj|BasicProgramming.printArray(Integer)
06:12:45.1 (12053017)|VARIABLE_SCOPE_BEGIN|[33]|this|BasicProgramming|true|false
06:12:45.1 (12088900)|VARIABLE_ASSIGNMENT|[33]|this|{}|0x11afbb59
06:12:45.1 (12102084)|VARIABLE_SCOPE_BEGIN|[33]|arraySize|Integer|false|false
06:12:45.1 (12116802)|VARIABLE_ASSIGNMENT|[33]|arraySize|5
06:12:45.1 (12133938)|HEAP_ALLOCATE|[34]|Bytes:5
06:12:45.1 (12142030)|STATEMENT_EXECUTE|[33]
06:12:45.1 (12144856)|STATEMENT_EXECUTE|[34]
06:12:45.1 (12159153)|HEAP_ALLOCATE|[34]|Bytes:4
06:12:45.1 (12237312)|VARIABLE_SCOPE_BEGIN|[34]|myArray|List<Integer>|true|false
06:12:45.1 (12267077)|HEAP_ALLOCATE|[EXTERNAL]|Bytes:24
06:12:45.1 (12280638)|VARIABLE_ASSIGNMENT|[34]|myArray|[]|0x189fc2ed
06:12:45.1 (12287663)|STATEMENT_EXECUTE|[35]
06:12:45.1 (12291606)|VARIABLE_SCOPE_BEGIN|[35]|i|Integer|false|false
06:12:45.1 (12298860)|HEAP_ALLOCATE|[35]|Bytes:4
06:12:45.1 (12305897)|VARIABLE_ASSIGNMENT|[35]|i|10
06:12:45.1 (12352267)|STATEMENT_EXECUTE|[35]
06:12:45.1 (12354690)|STATEMENT_EXECUTE|[38]
06:12:45.1 (12362374)|METHOD_EXIT|[4]|01p6F00000CNPHj|BasicProgramming.printArray(Integer)
06:12:45.1 (12369942)|SYSTEM_MODE_EXIT|false
06:12:45.1 (12387412)|VARIABLE_ASSIGNMENT|[4]|resultArray|[]|0x189fc2ed
06:12:45.1 (12451834)|HEAP_ALLOCATE|[5]|Bytes:5
06:12:45.1 (12481350)|VARIABLE_SCOPE_BEGIN|[5]|item|Integer|false|false
06:12:45.1 (12491857)|VARIABLE_ASSIGNMENT|[5]|item|null
06:12:45.1 (12496542)|STATEMENT_EXECUTE|[5]
06:12:45.1 (12498431)|STATEMENT_EXECUTE|[6]
06:12:45.1 (12502612)|HEAP_ALLOCATE|[6]|Bytes:6
06:12:45.1 (12562560)|HEAP_ALLOCATE|[6]|Bytes:10
06:12:45.1 (12586296)|USER_DEBUG|[6]|DEBUG|Item: null
06:12:45.1 (12607825)|HEAP_ALLOCATE|[5]|Bytes:5
06:12:45.1 (12620049)|VARIABLE_SCOPE_BEGIN|[5]|item|Integer|false|false
06:12:45.1 (12629911)|VARIABLE_ASSIGNMENT|[5]|item|null
06:12:45.1 (12634453)|STATEMENT_EXECUTE|[5]
06:12:45.1 (12636283)|STATEMENT_EXECUTE|[6]
06:12:45.1 (12653966)|HEAP_ALLOCATE|[6]|Bytes:10
06:12:45.1 (12662576)|USER_DEBUG|[6]|DEBUG|Item: null
06:12:45.1 (12674574)|HEAP_ALLOCATE|[5]|Bytes:5
06:12:45.1 (12684109)|VARIABLE_SCOPE_BEGIN|[5]|item|Integer|false|false
06:12:45.1 (12692838)|VARIABLE_ASSIGNMENT|[5]|item|null
06:12:45.1 (12696940)|STATEMENT_EXECUTE|[5]
06:12:45.1 (12698786)|STATEMENT_EXECUTE|[6]
06:12:45.1 (12712460)|HEAP_ALLOCATE|[6]|Bytes:10
06:12:45.1 (12719286)|USER_DEBUG|[6]|DEBUG|Item: null
06:12:45.1 (12730442)|HEAP_ALLOCATE|[5]|Bytes:5
06:12:45.1 (12738586)|VARIABLE_SCOPE_BEGIN|[5]|item|Integer|false|false
06:12:45.1 (12747316)|VARIABLE_ASSIGNMENT|[5]|item|null
06:12:45.1 (12751198)|STATEMENT_EXECUTE|[5]
06:12:45.1 (12752868)|STATEMENT_EXECUTE|[6]
06:12:45.1 (12765660)|HEAP_ALLOCATE|[6]|Bytes:10
06:12:45.1 (12772106)|USER_DEBUG|[6]|DEBUG|Item: null
06:12:45.1 (12782540)|HEAP_ALLOCATE|[5]|Bytes:5
06:12:45.1 (12807673)|VARIABLE_SCOPE_BEGIN|[5]|item|Integer|false|false
06:12:45.1 (12824214)|VARIABLE_ASSIGNMENT|[5]|item|null
06:12:45.1 (12831355)|STATEMENT_EXECUTE|[5]
06:12:45.1 (12834105)|STATEMENT_EXECUTE|[6]
06:12:45.1 (12863271)|HEAP_ALLOCATE|[6]|Bytes:10
06:12:45.1 (12878066)|USER_DEBUG|[6]|DEBUG|Item: null
06:12:45.1 (12900097)|HEAP_ALLOCATE|[5]|Bytes:5
06:12:45.1 (12919355)|VARIABLE_ASSIGNMENT|[5]|item|null
06:12:45.12 (12979670)|CUMULATIVE_LIMIT_USAGE
06:12:45.12 (12979670)|LIMIT_USAGE_FOR_NS|(default)|
  Number of SOQL queries: 0 out of 100
  Number of query rows: 0 out of 50000
  Number of SOSL queries: 0 out of 20
  Number of DML statements: 0 out of 150
  Number of DML rows: 0 out of 10000
  Maximum CPU time: 0 out of 10000
  Maximum heap size: 0 out of 6000000
  Number of callouts: 0 out of 100
  Number of Email Invocations: 0 out of 10
  Number of future calls: 0 out of 50
  Number of queueable jobs added to the queue: 0 out of 50
  Number of Mobile Apex push calls: 0 out of 10

06:12:45.12 (12979670)|CUMULATIVE_LIMIT_USAGE_END

06:12:45.1 (13024865)|CODE_UNIT_FINISHED|execute_anonymous_apex
06:12:45.1 (14301997)|EXECUTION_FINISHED
