43.0 APEX_CODE,FINEST;APEX_PROFILING,INFO;CALLOUT,INFO;DB,INFO;NBA,INFO;SYSTEM,DEBUG;VALIDATION,INFO;VISUALFORCE,INFO;WAVE,INFO;WORKFLOW,INFO
Execute Anonymous: BasicProgramming obj = new BasicProgramming();
Execute Anonymous: String result = obj.determineEvenOdd(9);
Execute Anonymous: //System.debug('Number is: '+ result);
Execute Anonymous: //obj.printArray(10);
Execute Anonymous: Integer[] inputArray = new Integer[]{20,5,15,10};
Execute Anonymous: obj.arrayOperations(inputArray);
07:11:33.2 (2605161)|USER_INFO|[EXTERNAL]|0056F000009ROqM|swaraj@espl.com|Pacific Standard Time|GMT-07:00
07:11:33.2 (2654940)|EXECUTION_STARTED
07:11:33.2 (2669576)|CODE_UNIT_STARTED|[EXTERNAL]|execute_anonymous_apex
07:11:33.2 (4522337)|VARIABLE_SCOPE_BEGIN|[5]|inputArray|List<Integer>|true|false
07:11:33.2 (16175692)|VARIABLE_SCOPE_BEGIN|[1]|obj|BasicProgramming|true|false
07:11:33.2 (16249201)|VARIABLE_SCOPE_BEGIN|[2]|result|String|false|false
07:11:33.2 (19452199)|HEAP_ALLOCATE|[72]|Bytes:3
07:11:33.2 (19941697)|HEAP_ALLOCATE|[77]|Bytes:152
07:11:33.2 (20138688)|HEAP_ALLOCATE|[342]|Bytes:408
07:11:33.2 (21072444)|HEAP_ALLOCATE|[355]|Bytes:408
07:11:33.2 (21363200)|HEAP_ALLOCATE|[467]|Bytes:48
07:11:33.2 (22146114)|HEAP_ALLOCATE|[139]|Bytes:6
07:11:33.2 (23160762)|HEAP_ALLOCATE|[EXTERNAL]|Bytes:7
07:11:33.2 (23660402)|STATEMENT_EXECUTE|[1]
07:11:33.2 (23708701)|STATEMENT_EXECUTE|[1]
07:11:33.2 (23732767)|HEAP_ALLOCATE|[1]|Bytes:11
07:11:33.2 (23759419)|HEAP_ALLOCATE|[1]|Bytes:23
07:11:33.2 (23926993)|METHOD_ENTRY|[9]|01p6F00000CNPHj|BasicProgramming.BasicProgramming()
07:11:33.2 (23944051)|STATEMENT_EXECUTE|[9]
07:11:33.2 (23979528)|STATEMENT_EXECUTE|[9]
07:11:33.2 (24030214)|HEAP_ALLOCATE|[50]|Bytes:5
07:11:33.2 (24161299)|HEAP_ALLOCATE|[56]|Bytes:5
07:11:33.2 (24217064)|HEAP_ALLOCATE|[64]|Bytes:7
07:11:33.2 (24285355)|SYSTEM_MODE_ENTER|false
07:11:33.2 (24398489)|HEAP_ALLOCATE|[1]|Bytes:5
07:11:33.2 (24568185)|SYSTEM_MODE_EXIT|false
07:11:33.2 (24606876)|METHOD_EXIT|[9]|BasicProgramming
07:11:33.2 (24643963)|HEAP_ALLOCATE|[1]|Bytes:4
07:11:33.2 (24807926)|SYSTEM_MODE_ENTER|false
07:11:33.2 (24859381)|HEAP_ALLOCATE|[1]|Bytes:5
07:11:33.2 (25050575)|CONSTRUCTOR_ENTRY|[1]|01p6F00000CNPHj|<init>()|BasicProgramming
07:11:33.2 (26756000)|VARIABLE_SCOPE_BEGIN|[11]|this|BasicProgramming|true|false
07:11:33.2 (29170917)|VARIABLE_ASSIGNMENT|[11]|this|{}|0xd2746d3
07:11:33.2 (29230683)|HEAP_ALLOCATE|[EXTERNAL]|Bytes:5
07:11:33.2 (29302244)|STATEMENT_EXECUTE|[9]
07:11:33.2 (29316343)|HEAP_ALLOCATE|[EXTERNAL]|Bytes:5
07:11:33.2 (29348996)|HEAP_ALLOCATE|[EXTERNAL]|Bytes:6
07:11:33.2 (29482067)|STATEMENT_EXECUTE|[11]
07:11:33.2 (29565443)|CONSTRUCTOR_EXIT|[1]|01p6F00000CNPHj|<init>()|BasicProgramming
07:11:33.2 (29636376)|SYSTEM_MODE_EXIT|false
07:11:33.2 (29782987)|VARIABLE_ASSIGNMENT|[1]|obj|{}|0xd2746d3
07:11:33.2 (29799290)|STATEMENT_EXECUTE|[2]
07:11:33.2 (29929411)|SYSTEM_MODE_ENTER|false
07:11:33.2 (29953814)|HEAP_ALLOCATE|[2]|Bytes:5
07:11:33.2 (30075108)|METHOD_ENTRY|[2]|01p6F00000CNPHj|BasicProgramming.determineEvenOdd(Integer)
07:11:33.2 (30129952)|VARIABLE_SCOPE_BEGIN|[16]|this|BasicProgramming|true|false
07:11:33.2 (30194721)|VARIABLE_ASSIGNMENT|[16]|this|{}|0xd2746d3
07:11:33.2 (30254835)|VARIABLE_SCOPE_BEGIN|[16]|number1|Integer|false|false
07:11:33.2 (30281194)|VARIABLE_ASSIGNMENT|[16]|number1|9
07:11:33.2 (30315466)|HEAP_ALLOCATE|[17]|Bytes:5
07:11:33.2 (30331959)|STATEMENT_EXECUTE|[16]
07:11:33.2 (30337463)|STATEMENT_EXECUTE|[17]
07:11:33.2 (30475561)|VARIABLE_SCOPE_BEGIN|[2]|System.Math.E|Double|false|true
07:11:33.2 (30500242)|VARIABLE_SCOPE_BEGIN|[3]|System.Math.PI|Double|false|true
07:11:33.2 (30523776)|HEAP_ALLOCATE|[17]|Bytes:206
07:11:33.2 (30565447)|SYSTEM_METHOD_ENTRY|[1]|Math.Math()
07:11:33.2 (30575597)|STATEMENT_EXECUTE|[1]
07:11:33.2 (30822854)|SYSTEM_METHOD_EXIT|[1]|Math
07:11:33.2 (30872859)|METHOD_ENTRY|[17]||System.Math.mod(Integer, Integer)
07:11:33.2 (31238127)|METHOD_EXIT|[17]||System.Math.mod(Integer, Integer)
07:11:33.2 (31260767)|HEAP_ALLOCATE|[17]|Bytes:3
07:11:33.2 (31305937)|METHOD_EXIT|[2]|01p6F00000CNPHj|BasicProgramming.determineEvenOdd(Integer)
07:11:33.2 (31326322)|SYSTEM_MODE_EXIT|false
07:11:33.2 (31394893)|VARIABLE_ASSIGNMENT|[2]|result|"Odd"
07:11:33.2 (31408574)|STATEMENT_EXECUTE|[5]
07:11:33.2 (31426067)|HEAP_ALLOCATE|[5]|Bytes:4
07:11:33.2 (31656284)|HEAP_ALLOCATE|[5]|Bytes:4
07:11:33.2 (31692630)|HEAP_ALLOCATE|[5]|Bytes:4
07:11:33.2 (31716662)|HEAP_ALLOCATE|[5]|Bytes:4
07:11:33.2 (31738073)|HEAP_ALLOCATE|[5]|Bytes:4
07:11:33.2 (33480422)|HEAP_ALLOCATE|[EXTERNAL]|Bytes:20
07:11:33.2 (33589997)|VARIABLE_ASSIGNMENT|[5]|inputArray|[20,5,15,10]|0x183676dc
07:11:33.2 (33606058)|STATEMENT_EXECUTE|[6]
07:11:33.2 (33646747)|SYSTEM_MODE_ENTER|false
07:11:33.2 (33679639)|HEAP_ALLOCATE|[6]|Bytes:5
07:11:33.2 (33731928)|METHOD_ENTRY|[6]|01p6F00000CNPHj|BasicProgramming.arrayOperations(List<Integer>)
07:11:33.2 (33798405)|VARIABLE_SCOPE_BEGIN|[46]|this|BasicProgramming|true|false
07:11:33.2 (33888421)|VARIABLE_ASSIGNMENT|[46]|this|{}|0xd2746d3
07:11:33.2 (33916965)|VARIABLE_SCOPE_BEGIN|[46]|inputArray|List<Integer>|true|false
07:11:33.2 (33946523)|VARIABLE_ASSIGNMENT|[46]|inputArray|[20,5,15,10]|0x183676dc
07:11:33.2 (33971189)|HEAP_ALLOCATE|[48]|Bytes:5
07:11:33.2 (33987095)|STATEMENT_EXECUTE|[46]
07:11:33.2 (33992533)|STATEMENT_EXECUTE|[48]
07:11:33.2 (34178881)|STATEMENT_EXECUTE|[51]
07:11:33.2 (34191057)|HEAP_ALLOCATE|[51]|Bytes:16
07:11:33.2 (34757974)|USER_DEBUG|[51]|DEBUG|Assending oreder
07:11:33.2 (34847504)|STATEMENT_EXECUTE|[52]
07:11:33.2 (34925046)|VARIABLE_SCOPE_BEGIN|[52]|i|Integer|false|false
07:11:33.2 (34941670)|HEAP_ALLOCATE|[52]|Bytes:4
07:11:33.2 (34983710)|VARIABLE_ASSIGNMENT|[52]|i|0
07:11:33.2 (35355440)|STATEMENT_EXECUTE|[52]
07:11:33.2 (35363253)|STATEMENT_EXECUTE|[53]
07:11:33.2 (35372287)|HEAP_ALLOCATE|[53]|Bytes:17
07:11:33.2 (35508919)|HEAP_ALLOCATE|[53]|Bytes:1
07:11:33.2 (35544363)|HEAP_ALLOCATE|[53]|Bytes:2
07:11:33.2 (35567581)|HEAP_ALLOCATE|[53]|Bytes:8
07:11:33.2 (35605668)|HEAP_ALLOCATE|[53]|Bytes:1
07:11:33.2 (35644201)|HEAP_ALLOCATE|[53]|Bytes:21
07:11:33.2 (35842242)|USER_DEBUG|[53]|DEBUG|Array element at 0is5
07:11:33.2 (35937444)|HEAP_ALLOCATE|[52]|Bytes:4
07:11:33.2 (35971582)|VARIABLE_ASSIGNMENT|[52]|i|1
07:11:33.2 (36019435)|STATEMENT_EXECUTE|[52]
07:11:33.2 (36025955)|STATEMENT_EXECUTE|[53]
07:11:33.2 (36057593)|HEAP_ALLOCATE|[53]|Bytes:1
07:11:33.2 (36092119)|HEAP_ALLOCATE|[53]|Bytes:8
07:11:33.2 (36543053)|HEAP_ALLOCATE|[53]|Bytes:2
07:11:33.2 (36577998)|HEAP_ALLOCATE|[53]|Bytes:22
07:11:33.2 (36606024)|USER_DEBUG|[53]|DEBUG|Array element at 1is10
07:11:33.2 (36669999)|HEAP_ALLOCATE|[52]|Bytes:4
07:11:33.2 (36701458)|VARIABLE_ASSIGNMENT|[52]|i|2
07:11:33.2 (36750553)|STATEMENT_EXECUTE|[52]
07:11:33.2 (36756565)|STATEMENT_EXECUTE|[53]
07:11:33.2 (36786335)|HEAP_ALLOCATE|[53]|Bytes:1
07:11:33.2 (36820677)|HEAP_ALLOCATE|[53]|Bytes:8
07:11:33.2 (36855369)|HEAP_ALLOCATE|[53]|Bytes:2
07:11:33.2 (37192223)|HEAP_ALLOCATE|[53]|Bytes:22
07:11:33.2 (37234546)|USER_DEBUG|[53]|DEBUG|Array element at 2is15
07:11:33.2 (37267496)|HEAP_ALLOCATE|[52]|Bytes:4
07:11:33.2 (37302886)|VARIABLE_ASSIGNMENT|[52]|i|3
07:11:33.2 (37348090)|STATEMENT_EXECUTE|[52]
07:11:33.2 (37354053)|STATEMENT_EXECUTE|[53]
07:11:33.2 (37385213)|HEAP_ALLOCATE|[53]|Bytes:1
07:11:33.2 (37418570)|HEAP_ALLOCATE|[53]|Bytes:8
07:11:33.2 (37453479)|HEAP_ALLOCATE|[53]|Bytes:2
07:11:33.2 (37486475)|HEAP_ALLOCATE|[53]|Bytes:22
07:11:33.2 (37514016)|USER_DEBUG|[53]|DEBUG|Array element at 3is20
07:11:33.2 (37533402)|HEAP_ALLOCATE|[52]|Bytes:4
07:11:33.2 (37560213)|VARIABLE_ASSIGNMENT|[52]|i|4
07:11:33.2 (37602936)|STATEMENT_EXECUTE|[57]
07:11:33.2 (37611743)|HEAP_ALLOCATE|[57]|Bytes:17
07:11:33.2 (37662210)|USER_DEBUG|[57]|DEBUG|Descending oreder
07:11:33.2 (37686111)|STATEMENT_EXECUTE|[58]
07:11:33.2 (37757885)|VARIABLE_SCOPE_BEGIN|[58]|i|Integer|false|false
07:11:33.2 (37772990)|HEAP_ALLOCATE|[58]|Bytes:4
07:11:33.2 (37798780)|VARIABLE_ASSIGNMENT|[58]|i|3
07:11:33.2 (37813202)|STATEMENT_EXECUTE|[58]
07:11:33.2 (37817893)|STATEMENT_EXECUTE|[59]
07:11:33.2 (38126811)|HEAP_ALLOCATE|[59]|Bytes:1
07:11:33.2 (38170487)|HEAP_ALLOCATE|[59]|Bytes:8
07:11:33.2 (38211863)|HEAP_ALLOCATE|[59]|Bytes:2
07:11:33.2 (38253544)|HEAP_ALLOCATE|[59]|Bytes:22
07:11:33.2 (38283537)|USER_DEBUG|[59]|DEBUG|Array element at 3is20
07:11:33.2 (38306017)|HEAP_ALLOCATE|[58]|Bytes:4
07:11:33.2 (38333282)|VARIABLE_ASSIGNMENT|[58]|i|2
07:11:33.2 (38347869)|STATEMENT_EXECUTE|[58]
07:11:33.2 (38352529)|STATEMENT_EXECUTE|[59]
07:11:33.2 (38383266)|HEAP_ALLOCATE|[59]|Bytes:1
07:11:33.2 (38418316)|HEAP_ALLOCATE|[59]|Bytes:8
07:11:33.2 (38453840)|HEAP_ALLOCATE|[59]|Bytes:2
07:11:33.2 (38483579)|HEAP_ALLOCATE|[59]|Bytes:22
07:11:33.2 (38509830)|USER_DEBUG|[59]|DEBUG|Array element at 2is15
07:11:33.2 (38530452)|HEAP_ALLOCATE|[58]|Bytes:4
07:11:33.2 (38555843)|VARIABLE_ASSIGNMENT|[58]|i|1
07:11:33.2 (38569883)|STATEMENT_EXECUTE|[58]
07:11:33.2 (38574601)|STATEMENT_EXECUTE|[59]
07:11:33.2 (38604356)|HEAP_ALLOCATE|[59]|Bytes:1
07:11:33.2 (38636980)|HEAP_ALLOCATE|[59]|Bytes:8
07:11:33.2 (38675059)|HEAP_ALLOCATE|[59]|Bytes:2
07:11:33.2 (38705986)|HEAP_ALLOCATE|[59]|Bytes:22
07:11:33.2 (38736575)|USER_DEBUG|[59]|DEBUG|Array element at 1is10
07:11:33.2 (38758098)|HEAP_ALLOCATE|[58]|Bytes:4
07:11:33.2 (38784614)|VARIABLE_ASSIGNMENT|[58]|i|0
07:11:33.2 (38798033)|STATEMENT_EXECUTE|[58]
07:11:33.2 (38802462)|STATEMENT_EXECUTE|[59]
07:11:33.2 (38831462)|HEAP_ALLOCATE|[59]|Bytes:1
07:11:33.2 (38863763)|HEAP_ALLOCATE|[59]|Bytes:8
07:11:33.2 (38897340)|HEAP_ALLOCATE|[59]|Bytes:1
07:11:33.2 (38926924)|HEAP_ALLOCATE|[59]|Bytes:21
07:11:33.2 (38952441)|USER_DEBUG|[59]|DEBUG|Array element at 0is5
07:11:33.2 (38973023)|HEAP_ALLOCATE|[58]|Bytes:4
07:11:33.2 (38998645)|VARIABLE_ASSIGNMENT|[58]|i|-1
07:11:33.2 (39624609)|STATEMENT_EXECUTE|[63]
07:11:33.2 (39639053)|VARIABLE_SCOPE_BEGIN|[63]|maxValue|Integer|false|false
07:11:33.2 (39654082)|HEAP_ALLOCATE|[63]|Bytes:4
07:11:33.2 (39677879)|VARIABLE_ASSIGNMENT|[63]|maxValue|0
07:11:33.2 (39858897)|HEAP_ALLOCATE|[64]|Bytes:5
07:11:33.2 (39945797)|HEAP_ALLOCATE|[64]|Bytes:8
07:11:33.2 (39991818)|VARIABLE_SCOPE_BEGIN|[64]|value|Integer|false|false
07:11:33.2 (40021574)|VARIABLE_ASSIGNMENT|[64]|value|5
07:11:33.2 (40033260)|STATEMENT_EXECUTE|[64]
07:11:33.2 (40040664)|STATEMENT_EXECUTE|[65]
07:11:33.2 (40044630)|STATEMENT_EXECUTE|[66]
07:11:33.2 (40062538)|VARIABLE_ASSIGNMENT|[66]|maxValue|5
07:11:33.2 (40095023)|HEAP_ALLOCATE|[64]|Bytes:5
07:11:33.2 (40122355)|HEAP_ALLOCATE|[64]|Bytes:8
07:11:33.2 (40142547)|VARIABLE_SCOPE_BEGIN|[64]|value|Integer|false|false
07:11:33.2 (40167327)|VARIABLE_ASSIGNMENT|[64]|value|10
07:11:33.2 (40176736)|STATEMENT_EXECUTE|[64]
07:11:33.2 (40185261)|STATEMENT_EXECUTE|[65]
07:11:33.2 (40188859)|STATEMENT_EXECUTE|[66]
07:11:33.2 (40206854)|VARIABLE_ASSIGNMENT|[66]|maxValue|10
07:11:33.2 (40235002)|HEAP_ALLOCATE|[64]|Bytes:5
07:11:33.2 (40262676)|HEAP_ALLOCATE|[64]|Bytes:8
07:11:33.2 (40284643)|VARIABLE_SCOPE_BEGIN|[64]|value|Integer|false|false
07:11:33.2 (40311352)|VARIABLE_ASSIGNMENT|[64]|value|15
07:11:33.2 (40320995)|STATEMENT_EXECUTE|[64]
07:11:33.2 (40327380)|STATEMENT_EXECUTE|[65]
07:11:33.2 (40330912)|STATEMENT_EXECUTE|[66]
07:11:33.2 (40347741)|VARIABLE_ASSIGNMENT|[66]|maxValue|15
07:11:33.2 (40375407)|HEAP_ALLOCATE|[64]|Bytes:5
07:11:33.2 (40401215)|HEAP_ALLOCATE|[64]|Bytes:8
07:11:33.2 (40420380)|VARIABLE_SCOPE_BEGIN|[64]|value|Integer|false|false
07:11:33.2 (40445354)|VARIABLE_ASSIGNMENT|[64]|value|20
07:11:33.2 (40455153)|STATEMENT_EXECUTE|[64]
07:11:33.2 (40461032)|STATEMENT_EXECUTE|[65]
07:11:33.2 (40464531)|STATEMENT_EXECUTE|[66]
07:11:33.2 (40481123)|VARIABLE_ASSIGNMENT|[66]|maxValue|20
07:11:33.2 (42018381)|HEAP_ALLOCATE|[64]|Bytes:5
07:11:33.2 (42068724)|VARIABLE_ASSIGNMENT|[64]|value|null
07:11:33.2 (42079850)|STATEMENT_EXECUTE|[69]
07:11:33.2 (42087109)|HEAP_ALLOCATE|[69]|Bytes:5
07:11:33.2 (42168920)|HEAP_ALLOCATE|[69]|Bytes:2
07:11:33.2 (42218459)|HEAP_ALLOCATE|[69]|Bytes:7
07:11:33.2 (42249598)|USER_DEBUG|[69]|DEBUG|Max: 20
07:11:33.2 (42268715)|STATEMENT_EXECUTE|[72]
07:11:33.2 (42285966)|HEAP_ALLOCATE|[72]|Bytes:8
07:11:33.2 (42308360)|VARIABLE_SCOPE_BEGIN|[72]|minValue|Integer|false|false
07:11:33.2 (42339103)|VARIABLE_ASSIGNMENT|[72]|minValue|5
07:11:33.2 (43286614)|HEAP_ALLOCATE|[73]|Bytes:5
07:11:33.2 (43317845)|HEAP_ALLOCATE|[73]|Bytes:8
07:11:33.2 (43340402)|VARIABLE_SCOPE_BEGIN|[73]|value|Integer|false|false
07:11:33.2 (43369290)|VARIABLE_ASSIGNMENT|[73]|value|5
07:11:33.2 (43379914)|STATEMENT_EXECUTE|[73]
07:11:33.2 (43386657)|STATEMENT_EXECUTE|[74]
07:11:33.2 (43410835)|HEAP_ALLOCATE|[73]|Bytes:5
07:11:33.2 (43436303)|HEAP_ALLOCATE|[73]|Bytes:8
07:11:33.2 (43455932)|VARIABLE_SCOPE_BEGIN|[73]|value|Integer|false|false
07:11:33.2 (43481771)|VARIABLE_ASSIGNMENT|[73]|value|10
07:11:33.2 (43491673)|STATEMENT_EXECUTE|[73]
07:11:33.2 (43497627)|STATEMENT_EXECUTE|[74]
07:11:33.2 (43520285)|HEAP_ALLOCATE|[73]|Bytes:5
07:11:33.2 (43545265)|HEAP_ALLOCATE|[73]|Bytes:8
07:11:33.2 (43564099)|VARIABLE_SCOPE_BEGIN|[73]|value|Integer|false|false
07:11:33.2 (43703118)|VARIABLE_ASSIGNMENT|[73]|value|15
07:11:33.2 (43713549)|STATEMENT_EXECUTE|[73]
07:11:33.2 (43719782)|STATEMENT_EXECUTE|[74]
07:11:33.2 (43756660)|HEAP_ALLOCATE|[73]|Bytes:5
07:11:33.2 (43782970)|HEAP_ALLOCATE|[73]|Bytes:8
07:11:33.2 (43802513)|VARIABLE_SCOPE_BEGIN|[73]|value|Integer|false|false
07:11:33.2 (43828446)|VARIABLE_ASSIGNMENT|[73]|value|20
07:11:33.2 (43837955)|STATEMENT_EXECUTE|[73]
07:11:33.2 (43843928)|STATEMENT_EXECUTE|[74]
07:11:33.2 (43867475)|HEAP_ALLOCATE|[73]|Bytes:5
07:11:33.2 (43913576)|VARIABLE_ASSIGNMENT|[73]|value|null
07:11:33.2 (43924516)|STATEMENT_EXECUTE|[78]
07:11:33.2 (43932070)|HEAP_ALLOCATE|[78]|Bytes:5
07:11:33.2 (44000821)|HEAP_ALLOCATE|[78]|Bytes:1
07:11:33.2 (44038992)|HEAP_ALLOCATE|[78]|Bytes:6
07:11:33.2 (44070809)|USER_DEBUG|[78]|DEBUG|Min: 5
07:11:33.2 (44129216)|METHOD_EXIT|[6]|01p6F00000CNPHj|BasicProgramming.arrayOperations(List<Integer>)
07:11:33.2 (44249512)|SYSTEM_MODE_EXIT|false
07:11:33.44 (44445594)|CUMULATIVE_LIMIT_USAGE
07:11:33.44 (44445594)|LIMIT_USAGE_FOR_NS|(default)|
  Number of SOQL queries: 0 out of 100
  Number of query rows: 0 out of 50000
  Number of SOSL queries: 0 out of 20
  Number of DML statements: 0 out of 150
  Number of DML rows: 0 out of 10000
  Maximum CPU time: 0 out of 10000
  Maximum heap size: 0 out of 6000000
  Number of callouts: 0 out of 100
  Number of Email Invocations: 0 out of 10
  Number of future calls: 0 out of 50
  Number of queueable jobs added to the queue: 0 out of 50
  Number of Mobile Apex push calls: 0 out of 10

07:11:33.44 (44445594)|CUMULATIVE_LIMIT_USAGE_END

07:11:33.2 (44889986)|CODE_UNIT_FINISHED|execute_anonymous_apex
07:11:33.2 (55483281)|EXECUTION_FINISHED
