43.0 APEX_CODE,FINEST;APEX_PROFILING,INFO;CALLOUT,INFO;DB,INFO;NBA,INFO;SYSTEM,DEBUG;VALIDATION,INFO;VISUALFORCE,INFO;WAVE,INFO;WORKFLOW,INFO
Execute Anonymous: BasicProgramming obj = new BasicProgramming();
Execute Anonymous: String result = obj.determineEvenOdd(9);
Execute Anonymous: //System.debug('Number is: '+ result);
Execute Anonymous: //obj.printArray(10);
Execute Anonymous: Integer[] inputArray = new Integer[]{20,5,15,10};
Execute Anonymous: obj.arrayOperations(inputArray);
06:56:39.1 (1946569)|USER_INFO|[EXTERNAL]|0056F000009ROqM|swaraj@espl.com|Pacific Standard Time|GMT-07:00
06:56:39.1 (1979013)|EXECUTION_STARTED
06:56:39.1 (1987803)|CODE_UNIT_STARTED|[EXTERNAL]|execute_anonymous_apex
06:56:39.1 (2218102)|VARIABLE_SCOPE_BEGIN|[5]|inputArray|List<Integer>|true|false
06:56:39.1 (10926466)|VARIABLE_SCOPE_BEGIN|[1]|obj|BasicProgramming|true|false
06:56:39.1 (11000415)|VARIABLE_SCOPE_BEGIN|[2]|result|String|false|false
06:56:39.1 (11127582)|HEAP_ALLOCATE|[72]|Bytes:3
06:56:39.1 (11180224)|HEAP_ALLOCATE|[77]|Bytes:152
06:56:39.1 (11195474)|HEAP_ALLOCATE|[342]|Bytes:408
06:56:39.1 (11208430)|HEAP_ALLOCATE|[355]|Bytes:408
06:56:39.1 (11221135)|HEAP_ALLOCATE|[467]|Bytes:48
06:56:39.1 (11248520)|HEAP_ALLOCATE|[139]|Bytes:6
06:56:39.1 (11287747)|HEAP_ALLOCATE|[EXTERNAL]|Bytes:7
06:56:39.1 (11356191)|STATEMENT_EXECUTE|[1]
06:56:39.1 (11362304)|STATEMENT_EXECUTE|[1]
06:56:39.1 (11367220)|HEAP_ALLOCATE|[1]|Bytes:11
06:56:39.1 (11375270)|HEAP_ALLOCATE|[1]|Bytes:14
06:56:39.1 (11415662)|METHOD_ENTRY|[9]|01p6F00000CNPHj|BasicProgramming.BasicProgramming()
06:56:39.1 (11425915)|STATEMENT_EXECUTE|[9]
06:56:39.1 (11430914)|STATEMENT_EXECUTE|[9]
06:56:39.1 (11460320)|HEAP_ALLOCATE|[50]|Bytes:5
06:56:39.1 (11481359)|HEAP_ALLOCATE|[56]|Bytes:5
06:56:39.1 (11490764)|HEAP_ALLOCATE|[64]|Bytes:7
06:56:39.1 (11522200)|SYSTEM_MODE_ENTER|false
06:56:39.1 (11534951)|HEAP_ALLOCATE|[1]|Bytes:5
06:56:39.1 (11545333)|SYSTEM_MODE_EXIT|false
06:56:39.1 (11558393)|METHOD_EXIT|[9]|BasicProgramming
06:56:39.1 (11578564)|HEAP_ALLOCATE|[1]|Bytes:4
06:56:39.1 (11685450)|SYSTEM_MODE_ENTER|false
06:56:39.1 (11776897)|HEAP_ALLOCATE|[1]|Bytes:5
06:56:39.1 (11829644)|CONSTRUCTOR_ENTRY|[1]|01p6F00000CNPHj|<init>()|BasicProgramming
06:56:39.1 (12009724)|VARIABLE_SCOPE_BEGIN|[10]|this|BasicProgramming|true|false
06:56:39.1 (12114329)|VARIABLE_ASSIGNMENT|[10]|this|{}|0x69252c4a
06:56:39.1 (12132515)|HEAP_ALLOCATE|[EXTERNAL]|Bytes:5
06:56:39.1 (12141841)|STATEMENT_EXECUTE|[9]
06:56:39.1 (12147267)|HEAP_ALLOCATE|[EXTERNAL]|Bytes:5
06:56:39.1 (12164141)|HEAP_ALLOCATE|[EXTERNAL]|Bytes:6
06:56:39.1 (12254542)|STATEMENT_EXECUTE|[10]
06:56:39.1 (12270226)|CONSTRUCTOR_EXIT|[1]|01p6F00000CNPHj|<init>()|BasicProgramming
06:56:39.1 (12281961)|SYSTEM_MODE_EXIT|false
06:56:39.1 (12464643)|VARIABLE_ASSIGNMENT|[1]|obj|{}|0x69252c4a
06:56:39.1 (12482639)|STATEMENT_EXECUTE|[2]
06:56:39.1 (12519543)|SYSTEM_MODE_ENTER|false
06:56:39.1 (12533823)|HEAP_ALLOCATE|[2]|Bytes:5
06:56:39.1 (12584964)|METHOD_ENTRY|[2]|01p6F00000CNPHj|BasicProgramming.determineEvenOdd(Integer)
06:56:39.1 (12610288)|VARIABLE_SCOPE_BEGIN|[15]|this|BasicProgramming|true|false
06:56:39.1 (12650266)|VARIABLE_ASSIGNMENT|[15]|this|{}|0x69252c4a
06:56:39.1 (12663160)|VARIABLE_SCOPE_BEGIN|[15]|number1|Integer|false|false
06:56:39.1 (12682582)|VARIABLE_ASSIGNMENT|[15]|number1|9
06:56:39.1 (12697914)|HEAP_ALLOCATE|[16]|Bytes:5
06:56:39.1 (12706201)|STATEMENT_EXECUTE|[15]
06:56:39.1 (12708925)|STATEMENT_EXECUTE|[16]
06:56:39.1 (12797359)|VARIABLE_SCOPE_BEGIN|[2]|System.Math.E|Double|false|true
06:56:39.1 (12811042)|VARIABLE_SCOPE_BEGIN|[3]|System.Math.PI|Double|false|true
06:56:39.1 (12825898)|HEAP_ALLOCATE|[16]|Bytes:206
06:56:39.1 (12855478)|SYSTEM_METHOD_ENTRY|[1]|Math.Math()
06:56:39.1 (12864616)|STATEMENT_EXECUTE|[1]
06:56:39.1 (12966204)|SYSTEM_METHOD_EXIT|[1]|Math
06:56:39.1 (12989254)|METHOD_ENTRY|[16]||System.Math.mod(Integer, Integer)
06:56:39.1 (13136539)|METHOD_EXIT|[16]||System.Math.mod(Integer, Integer)
06:56:39.1 (13161186)|HEAP_ALLOCATE|[16]|Bytes:3
06:56:39.1 (13182208)|METHOD_EXIT|[2]|01p6F00000CNPHj|BasicProgramming.determineEvenOdd(Integer)
06:56:39.1 (13196712)|SYSTEM_MODE_EXIT|false
06:56:39.1 (13236452)|VARIABLE_ASSIGNMENT|[2]|result|"Odd"
06:56:39.1 (13247929)|STATEMENT_EXECUTE|[5]
06:56:39.1 (13262186)|HEAP_ALLOCATE|[5]|Bytes:4
06:56:39.1 (13317627)|HEAP_ALLOCATE|[5]|Bytes:4
06:56:39.1 (13329853)|HEAP_ALLOCATE|[5]|Bytes:4
06:56:39.1 (13338088)|HEAP_ALLOCATE|[5]|Bytes:4
06:56:39.1 (13364091)|HEAP_ALLOCATE|[5]|Bytes:4
06:56:39.1 (13396203)|HEAP_ALLOCATE|[EXTERNAL]|Bytes:20
06:56:39.1 (13478352)|VARIABLE_ASSIGNMENT|[5]|inputArray|[20,5,15,10]|0x1774c790
06:56:39.1 (13493648)|STATEMENT_EXECUTE|[6]
06:56:39.1 (13532818)|SYSTEM_MODE_ENTER|false
06:56:39.1 (13552457)|HEAP_ALLOCATE|[6]|Bytes:5
06:56:39.1 (13582077)|METHOD_ENTRY|[6]|01p6F00000CNPHj|BasicProgramming.arrayOperations(List<Integer>)
06:56:39.1 (13624833)|VARIABLE_SCOPE_BEGIN|[40]|this|BasicProgramming|true|false
06:56:39.1 (13681020)|VARIABLE_ASSIGNMENT|[40]|this|{}|0x69252c4a
06:56:39.1 (13703099)|VARIABLE_SCOPE_BEGIN|[40]|inputArray|List<Integer>|true|false
06:56:39.1 (13740296)|VARIABLE_ASSIGNMENT|[40]|inputArray|[20,5,15,10]|0x1774c790
06:56:39.1 (13760618)|HEAP_ALLOCATE|[42]|Bytes:5
06:56:39.1 (13772441)|STATEMENT_EXECUTE|[40]
06:56:39.1 (13776849)|STATEMENT_EXECUTE|[42]
06:56:39.1 (13835989)|STATEMENT_EXECUTE|[44]
06:56:39.1 (13842283)|HEAP_ALLOCATE|[44]|Bytes:16
06:56:39.1 (13901010)|USER_DEBUG|[44]|DEBUG|Assending oreder
06:56:39.1 (13931874)|STATEMENT_EXECUTE|[45]
06:56:39.1 (13948370)|VARIABLE_SCOPE_BEGIN|[45]|i|Integer|false|false
06:56:39.1 (13961625)|HEAP_ALLOCATE|[45]|Bytes:4
06:56:39.1 (14011217)|VARIABLE_ASSIGNMENT|[45]|i|0
06:56:39.1 (14056421)|STATEMENT_EXECUTE|[45]
06:56:39.1 (14061189)|STATEMENT_EXECUTE|[46]
06:56:39.1 (14066918)|HEAP_ALLOCATE|[46]|Bytes:17
06:56:39.1 (14131227)|HEAP_ALLOCATE|[46]|Bytes:1
06:56:39.1 (14158644)|HEAP_ALLOCATE|[46]|Bytes:2
06:56:39.1 (14176142)|HEAP_ALLOCATE|[46]|Bytes:8
06:56:39.1 (14198462)|HEAP_ALLOCATE|[46]|Bytes:1
06:56:39.1 (14221327)|HEAP_ALLOCATE|[46]|Bytes:21
06:56:39.1 (14242107)|USER_DEBUG|[46]|DEBUG|Array element at 0is5
06:56:39.1 (14280716)|HEAP_ALLOCATE|[45]|Bytes:4
06:56:39.1 (14311982)|VARIABLE_ASSIGNMENT|[45]|i|1
06:56:39.1 (14337596)|STATEMENT_EXECUTE|[45]
06:56:39.1 (14341619)|STATEMENT_EXECUTE|[46]
06:56:39.1 (14358541)|HEAP_ALLOCATE|[46]|Bytes:1
06:56:39.1 (14379108)|HEAP_ALLOCATE|[46]|Bytes:8
06:56:39.1 (14398131)|HEAP_ALLOCATE|[46]|Bytes:2
06:56:39.1 (14416509)|HEAP_ALLOCATE|[46]|Bytes:22
06:56:39.1 (14434238)|USER_DEBUG|[46]|DEBUG|Array element at 1is10
06:56:39.1 (14448286)|HEAP_ALLOCATE|[45]|Bytes:4
06:56:39.1 (14476252)|VARIABLE_ASSIGNMENT|[45]|i|2
06:56:39.1 (14500424)|STATEMENT_EXECUTE|[45]
06:56:39.1 (14504161)|STATEMENT_EXECUTE|[46]
06:56:39.1 (14519071)|HEAP_ALLOCATE|[46]|Bytes:1
06:56:39.1 (14538560)|HEAP_ALLOCATE|[46]|Bytes:8
06:56:39.1 (14556233)|HEAP_ALLOCATE|[46]|Bytes:2
06:56:39.1 (14573957)|HEAP_ALLOCATE|[46]|Bytes:22
06:56:39.1 (14600231)|USER_DEBUG|[46]|DEBUG|Array element at 2is15
06:56:39.1 (14612481)|HEAP_ALLOCATE|[45]|Bytes:4
06:56:39.1 (14640409)|VARIABLE_ASSIGNMENT|[45]|i|3
06:56:39.1 (14663967)|STATEMENT_EXECUTE|[45]
06:56:39.1 (14667798)|STATEMENT_EXECUTE|[46]
06:56:39.1 (14683813)|HEAP_ALLOCATE|[46]|Bytes:1
06:56:39.1 (14703026)|HEAP_ALLOCATE|[46]|Bytes:8
06:56:39.1 (14721474)|HEAP_ALLOCATE|[46]|Bytes:2
06:56:39.1 (14737755)|HEAP_ALLOCATE|[46]|Bytes:22
06:56:39.1 (14753084)|USER_DEBUG|[46]|DEBUG|Array element at 3is20
06:56:39.1 (14764915)|HEAP_ALLOCATE|[45]|Bytes:4
06:56:39.1 (14791067)|VARIABLE_ASSIGNMENT|[45]|i|4
06:56:39.1 (14814420)|STATEMENT_EXECUTE|[49]
06:56:39.1 (14820116)|HEAP_ALLOCATE|[49]|Bytes:17
06:56:39.1 (14878316)|USER_DEBUG|[49]|DEBUG|Descending oreder
06:56:39.1 (14896271)|STATEMENT_EXECUTE|[50]
06:56:39.1 (14947197)|VARIABLE_SCOPE_BEGIN|[50]|i|Integer|false|false
06:56:39.1 (15216151)|HEAP_ALLOCATE|[50]|Bytes:4
06:56:39.1 (15254176)|VARIABLE_ASSIGNMENT|[50]|i|4
06:56:39.1 (15265583)|STATEMENT_EXECUTE|[50]
06:56:39.1 (15269482)|STATEMENT_EXECUTE|[51]
06:56:39.1 (15319518)|HEAP_ALLOCATE|[51]|Bytes:1
06:56:39.1 (15572563)|HEAP_ALLOCATE|[51]|Bytes:31
06:56:39.1 (15613002)|METHOD_EXIT|[6]|01p6F00000CNPHj|BasicProgramming.arrayOperations(List<Integer>)
06:56:39.1 (15630807)|SYSTEM_MODE_EXIT|false
06:56:39.1 (16100537)|FATAL_ERROR|System.ListException: List index out of bounds: 4

Class.BasicProgramming.arrayOperations: line 51, column 1
AnonymousBlock: line 6, column 1
AnonymousBlock: line 6, column 1
06:56:39.16 (16372540)|CUMULATIVE_LIMIT_USAGE
06:56:39.16 (16372540)|LIMIT_USAGE_FOR_NS|(default)|
  Number of SOQL queries: 0 out of 100
  Number of query rows: 0 out of 50000
  Number of SOSL queries: 0 out of 20
  Number of DML statements: 0 out of 150
  Number of DML rows: 0 out of 10000
  Maximum CPU time: 0 out of 10000
  Maximum heap size: 0 out of 6000000
  Number of callouts: 0 out of 100
  Number of Email Invocations: 0 out of 10
  Number of future calls: 0 out of 50
  Number of queueable jobs added to the queue: 0 out of 50
  Number of Mobile Apex push calls: 0 out of 10

06:56:39.16 (16372540)|CUMULATIVE_LIMIT_USAGE_END

06:56:39.1 (16482390)|CODE_UNIT_FINISHED|execute_anonymous_apex
06:56:39.1 (17344044)|EXECUTION_FINISHED
