43.0 APEX_CODE,FINEST;APEX_PROFILING,INFO;CALLOUT,INFO;DB,INFO;NBA,INFO;SYSTEM,DEBUG;VALIDATION,INFO;VISUALFORCE,INFO;WAVE,INFO;WORKFLOW,INFO
Execute Anonymous: BasicProgramming obj = new BasicProgramming();
Execute Anonymous: String result = obj.determineEvenOdd(9);
Execute Anonymous: //System.debug('Number is: '+ result);
Execute Anonymous: obj.printArray(10);
06:25:02.14 (14920070)|USER_INFO|[EXTERNAL]|0056F000009ROqM|swaraj@espl.com|Pacific Standard Time|GMT-07:00
06:25:02.14 (14944008)|EXECUTION_STARTED
06:25:02.14 (14950202)|CODE_UNIT_STARTED|[EXTERNAL]|execute_anonymous_apex
06:25:02.14 (16993098)|VARIABLE_SCOPE_BEGIN|[1]|obj|BasicProgramming|true|false
06:25:02.14 (17268814)|VARIABLE_SCOPE_BEGIN|[2]|result|String|false|false
06:25:02.14 (17459990)|HEAP_ALLOCATE|[72]|Bytes:3
06:25:02.14 (17553602)|HEAP_ALLOCATE|[77]|Bytes:152
06:25:02.14 (17584146)|HEAP_ALLOCATE|[342]|Bytes:408
06:25:02.14 (17612628)|HEAP_ALLOCATE|[355]|Bytes:408
06:25:02.14 (17632195)|HEAP_ALLOCATE|[467]|Bytes:48
06:25:02.14 (17676144)|HEAP_ALLOCATE|[139]|Bytes:6
06:25:02.14 (17710629)|HEAP_ALLOCATE|[EXTERNAL]|Bytes:5
06:25:02.14 (17805423)|STATEMENT_EXECUTE|[1]
06:25:02.14 (17810013)|STATEMENT_EXECUTE|[1]
06:25:02.14 (17816930)|HEAP_ALLOCATE|[1]|Bytes:8
06:25:02.14 (17827498)|HEAP_ALLOCATE|[1]|Bytes:2
06:25:02.14 (17900453)|METHOD_ENTRY|[9]|01p6F00000CNPHj|BasicProgramming.BasicProgramming()
06:25:02.14 (17914179)|STATEMENT_EXECUTE|[9]
06:25:02.14 (17920870)|STATEMENT_EXECUTE|[9]
06:25:02.14 (17967596)|HEAP_ALLOCATE|[50]|Bytes:5
06:25:02.14 (18006985)|HEAP_ALLOCATE|[56]|Bytes:5
06:25:02.14 (18021781)|HEAP_ALLOCATE|[64]|Bytes:7
06:25:02.14 (18048762)|SYSTEM_MODE_ENTER|false
06:25:02.14 (18071762)|HEAP_ALLOCATE|[1]|Bytes:5
06:25:02.14 (18083978)|SYSTEM_MODE_EXIT|false
06:25:02.14 (18117300)|METHOD_EXIT|[9]|BasicProgramming
06:25:02.14 (18140899)|HEAP_ALLOCATE|[1]|Bytes:4
06:25:02.14 (18181765)|SYSTEM_MODE_ENTER|false
06:25:02.14 (18203517)|HEAP_ALLOCATE|[1]|Bytes:5
06:25:02.14 (18247573)|CONSTRUCTOR_ENTRY|[1]|01p6F00000CNPHj|<init>()|BasicProgramming
06:25:02.14 (18303630)|VARIABLE_SCOPE_BEGIN|[10]|this|BasicProgramming|true|false
06:25:02.14 (18373085)|VARIABLE_ASSIGNMENT|[10]|this|{}|0x716f0ecb
06:25:02.14 (18393765)|HEAP_ALLOCATE|[EXTERNAL]|Bytes:5
06:25:02.14 (18401392)|STATEMENT_EXECUTE|[9]
06:25:02.14 (18406412)|HEAP_ALLOCATE|[EXTERNAL]|Bytes:5
06:25:02.14 (18422056)|HEAP_ALLOCATE|[EXTERNAL]|Bytes:6
06:25:02.14 (18480174)|STATEMENT_EXECUTE|[10]
06:25:02.14 (18517441)|CONSTRUCTOR_EXIT|[1]|01p6F00000CNPHj|<init>()|BasicProgramming
06:25:02.14 (18541149)|SYSTEM_MODE_EXIT|false
06:25:02.14 (18573110)|VARIABLE_ASSIGNMENT|[1]|obj|{}|0x716f0ecb
06:25:02.14 (18581752)|STATEMENT_EXECUTE|[2]
06:25:02.14 (18610866)|SYSTEM_MODE_ENTER|false
06:25:02.14 (18622304)|HEAP_ALLOCATE|[2]|Bytes:5
06:25:02.14 (18676458)|METHOD_ENTRY|[2]|01p6F00000CNPHj|BasicProgramming.determineEvenOdd(Integer)
06:25:02.14 (18714493)|VARIABLE_SCOPE_BEGIN|[15]|this|BasicProgramming|true|false
06:25:02.14 (18740110)|VARIABLE_ASSIGNMENT|[15]|this|{}|0x716f0ecb
06:25:02.14 (18752830)|VARIABLE_SCOPE_BEGIN|[15]|number1|Integer|false|false
06:25:02.14 (18770557)|VARIABLE_ASSIGNMENT|[15]|number1|9
06:25:02.14 (18790624)|HEAP_ALLOCATE|[16]|Bytes:5
06:25:02.14 (18799007)|STATEMENT_EXECUTE|[15]
06:25:02.14 (18801769)|STATEMENT_EXECUTE|[16]
06:25:02.14 (18872088)|VARIABLE_SCOPE_BEGIN|[2]|System.Math.E|Double|false|true
06:25:02.14 (18896086)|VARIABLE_SCOPE_BEGIN|[3]|System.Math.PI|Double|false|true
06:25:02.14 (18918971)|HEAP_ALLOCATE|[16]|Bytes:206
06:25:02.14 (18931961)|SYSTEM_METHOD_ENTRY|[1]|Math.Math()
06:25:02.14 (18936813)|STATEMENT_EXECUTE|[1]
06:25:02.14 (18993709)|SYSTEM_METHOD_EXIT|[1]|Math
06:25:02.14 (19008472)|METHOD_ENTRY|[16]||System.Math.mod(Integer, Integer)
06:25:02.14 (19137312)|METHOD_EXIT|[16]||System.Math.mod(Integer, Integer)
06:25:02.14 (19147667)|HEAP_ALLOCATE|[16]|Bytes:3
06:25:02.14 (19157299)|METHOD_EXIT|[2]|01p6F00000CNPHj|BasicProgramming.determineEvenOdd(Integer)
06:25:02.14 (19164132)|SYSTEM_MODE_EXIT|false
06:25:02.14 (19184949)|VARIABLE_ASSIGNMENT|[2]|result|"Odd"
06:25:02.14 (19190816)|STATEMENT_EXECUTE|[4]
06:25:02.14 (19216505)|SYSTEM_MODE_ENTER|false
06:25:02.14 (19227677)|HEAP_ALLOCATE|[4]|Bytes:5
06:25:02.14 (19241821)|METHOD_ENTRY|[4]|01p6F00000CNPHj|BasicProgramming.printArray(Integer)
06:25:02.14 (19270066)|VARIABLE_SCOPE_BEGIN|[22]|this|BasicProgramming|true|false
06:25:02.14 (19287777)|VARIABLE_ASSIGNMENT|[22]|this|{}|0x716f0ecb
06:25:02.14 (19294735)|VARIABLE_SCOPE_BEGIN|[22]|arraySize|Integer|false|false
06:25:02.14 (19304007)|VARIABLE_ASSIGNMENT|[22]|arraySize|10
06:25:02.14 (19314364)|HEAP_ALLOCATE|[23]|Bytes:5
06:25:02.14 (19319504)|STATEMENT_EXECUTE|[22]
06:25:02.14 (19321631)|STATEMENT_EXECUTE|[23]
06:25:02.14 (19372825)|HEAP_ALLOCATE|[23]|Bytes:4
06:25:02.14 (19431324)|VARIABLE_SCOPE_BEGIN|[23]|myArray|List<Integer>|true|false
06:25:02.14 (19471021)|HEAP_ALLOCATE|[EXTERNAL]|Bytes:44
06:25:02.14 (19489412)|VARIABLE_ASSIGNMENT|[23]|myArray|"List of size 10 too large to display"|0xe24a460
06:25:02.14 (19496613)|STATEMENT_EXECUTE|[24]
06:25:02.14 (19500702)|VARIABLE_SCOPE_BEGIN|[24]|i|Integer|false|false
06:25:02.14 (19509502)|HEAP_ALLOCATE|[24]|Bytes:4
06:25:02.14 (19517113)|VARIABLE_ASSIGNMENT|[24]|i|0
06:25:02.14 (19523771)|STATEMENT_EXECUTE|[24]
06:25:02.14 (19525604)|STATEMENT_EXECUTE|[25]
06:25:02.14 (19530387)|HEAP_ALLOCATE|[25]|Bytes:4
06:25:02.14 (19557492)|HEAP_ALLOCATE|[25]|Bytes:4
06:25:02.14 (19567360)|HEAP_ALLOCATE|[24]|Bytes:4
06:25:02.14 (19573716)|VARIABLE_ASSIGNMENT|[24]|i|1
06:25:02.14 (19578810)|STATEMENT_EXECUTE|[24]
06:25:02.14 (19580644)|STATEMENT_EXECUTE|[25]
06:25:02.14 (19583037)|HEAP_ALLOCATE|[25]|Bytes:4
06:25:02.14 (19587745)|HEAP_ALLOCATE|[25]|Bytes:4
06:25:02.14 (19591841)|HEAP_ALLOCATE|[24]|Bytes:4
06:25:02.14 (19596968)|VARIABLE_ASSIGNMENT|[24]|i|2
06:25:02.14 (19601714)|STATEMENT_EXECUTE|[24]
06:25:02.14 (19603298)|STATEMENT_EXECUTE|[25]
06:25:02.14 (19605421)|HEAP_ALLOCATE|[25]|Bytes:4
06:25:02.14 (19609497)|HEAP_ALLOCATE|[25]|Bytes:4
06:25:02.14 (19613193)|HEAP_ALLOCATE|[24]|Bytes:4
06:25:02.14 (19620722)|VARIABLE_ASSIGNMENT|[24]|i|3
06:25:02.14 (19628426)|STATEMENT_EXECUTE|[24]
06:25:02.14 (19630793)|STATEMENT_EXECUTE|[25]
06:25:02.14 (19634692)|HEAP_ALLOCATE|[25]|Bytes:4
06:25:02.14 (19643251)|HEAP_ALLOCATE|[25]|Bytes:4
06:25:02.14 (19649808)|HEAP_ALLOCATE|[24]|Bytes:4
06:25:02.14 (19658507)|VARIABLE_ASSIGNMENT|[24]|i|4
06:25:02.14 (19666770)|STATEMENT_EXECUTE|[24]
06:25:02.14 (19669045)|STATEMENT_EXECUTE|[25]
06:25:02.14 (19672553)|HEAP_ALLOCATE|[25]|Bytes:4
06:25:02.14 (19680401)|HEAP_ALLOCATE|[25]|Bytes:4
06:25:02.14 (19686733)|HEAP_ALLOCATE|[24]|Bytes:4
06:25:02.14 (19695546)|VARIABLE_ASSIGNMENT|[24]|i|5
06:25:02.14 (19703146)|STATEMENT_EXECUTE|[24]
06:25:02.14 (19705554)|STATEMENT_EXECUTE|[25]
06:25:02.14 (19709353)|HEAP_ALLOCATE|[25]|Bytes:4
06:25:02.14 (19720119)|HEAP_ALLOCATE|[25]|Bytes:4
06:25:02.14 (19726398)|HEAP_ALLOCATE|[24]|Bytes:4
06:25:02.14 (19734702)|VARIABLE_ASSIGNMENT|[24]|i|6
06:25:02.14 (19742145)|STATEMENT_EXECUTE|[24]
06:25:02.14 (19744754)|STATEMENT_EXECUTE|[25]
06:25:02.14 (19748400)|HEAP_ALLOCATE|[25]|Bytes:4
06:25:02.14 (19755477)|HEAP_ALLOCATE|[25]|Bytes:4
06:25:02.14 (19762098)|HEAP_ALLOCATE|[24]|Bytes:4
06:25:02.14 (19771484)|VARIABLE_ASSIGNMENT|[24]|i|7
06:25:02.14 (19779445)|STATEMENT_EXECUTE|[24]
06:25:02.14 (19781816)|STATEMENT_EXECUTE|[25]
06:25:02.14 (19785240)|HEAP_ALLOCATE|[25]|Bytes:4
06:25:02.14 (19793817)|HEAP_ALLOCATE|[25]|Bytes:4
06:25:02.14 (19800784)|HEAP_ALLOCATE|[24]|Bytes:4
06:25:02.14 (19810091)|VARIABLE_ASSIGNMENT|[24]|i|8
06:25:02.14 (19816998)|STATEMENT_EXECUTE|[24]
06:25:02.14 (19819049)|STATEMENT_EXECUTE|[25]
06:25:02.14 (19822305)|HEAP_ALLOCATE|[25]|Bytes:4
06:25:02.14 (19828826)|HEAP_ALLOCATE|[25]|Bytes:4
06:25:02.14 (19834364)|HEAP_ALLOCATE|[24]|Bytes:4
06:25:02.14 (19841830)|VARIABLE_ASSIGNMENT|[24]|i|9
06:25:02.14 (19850220)|STATEMENT_EXECUTE|[24]
06:25:02.14 (19852652)|STATEMENT_EXECUTE|[25]
06:25:02.14 (19855917)|HEAP_ALLOCATE|[25]|Bytes:4
06:25:02.14 (19862720)|HEAP_ALLOCATE|[25]|Bytes:4
06:25:02.14 (19868867)|HEAP_ALLOCATE|[24]|Bytes:4
06:25:02.14 (19878214)|VARIABLE_ASSIGNMENT|[24]|i|10
06:25:02.14 (19895803)|STATEMENT_EXECUTE|[27]
06:25:02.14 (19900506)|VARIABLE_SCOPE_BEGIN|[27]|i|Integer|false|false
06:25:02.14 (19914194)|HEAP_ALLOCATE|[27]|Bytes:4
06:25:02.14 (19924637)|VARIABLE_ASSIGNMENT|[27]|i|0
06:25:02.14 (19992881)|STATEMENT_EXECUTE|[27]
06:25:02.14 (19997070)|STATEMENT_EXECUTE|[28]
06:25:02.14 (20002861)|HEAP_ALLOCATE|[28]|Bytes:17
06:25:02.14 (20067019)|HEAP_ALLOCATE|[28]|Bytes:1
06:25:02.14 (20082805)|HEAP_ALLOCATE|[28]|Bytes:2
06:25:02.14 (20095710)|HEAP_ALLOCATE|[28]|Bytes:8
06:25:02.14 (20109301)|HEAP_ALLOCATE|[28]|Bytes:2
06:25:02.14 (20127576)|HEAP_ALLOCATE|[28]|Bytes:22
06:25:02.14 (20158174)|USER_DEBUG|[28]|DEBUG|Array element at 0is10
06:25:02.14 (20169592)|HEAP_ALLOCATE|[27]|Bytes:4
06:25:02.14 (20181510)|VARIABLE_ASSIGNMENT|[27]|i|1
06:25:02.14 (20197372)|STATEMENT_EXECUTE|[27]
06:25:02.14 (20199535)|STATEMENT_EXECUTE|[28]
06:25:02.14 (20210234)|HEAP_ALLOCATE|[28]|Bytes:1
06:25:02.14 (20221795)|HEAP_ALLOCATE|[28]|Bytes:8
06:25:02.14 (20231579)|HEAP_ALLOCATE|[28]|Bytes:2
06:25:02.14 (20241513)|HEAP_ALLOCATE|[28]|Bytes:22
06:25:02.14 (20248696)|USER_DEBUG|[28]|DEBUG|Array element at 1is20
06:25:02.14 (20255872)|HEAP_ALLOCATE|[27]|Bytes:4
06:25:02.14 (20262548)|VARIABLE_ASSIGNMENT|[27]|i|2
06:25:02.14 (20273941)|STATEMENT_EXECUTE|[27]
06:25:02.14 (20275781)|STATEMENT_EXECUTE|[28]
06:25:02.14 (20284488)|HEAP_ALLOCATE|[28]|Bytes:1
06:25:02.14 (20294490)|HEAP_ALLOCATE|[28]|Bytes:8
06:25:02.14 (20303649)|HEAP_ALLOCATE|[28]|Bytes:2
06:25:02.14 (20312623)|HEAP_ALLOCATE|[28]|Bytes:22
06:25:02.14 (20318999)|USER_DEBUG|[28]|DEBUG|Array element at 2is30
06:25:02.14 (20325413)|HEAP_ALLOCATE|[27]|Bytes:4
06:25:02.14 (20331852)|VARIABLE_ASSIGNMENT|[27]|i|3
06:25:02.14 (20342027)|STATEMENT_EXECUTE|[27]
06:25:02.14 (20343786)|STATEMENT_EXECUTE|[28]
06:25:02.14 (20352009)|HEAP_ALLOCATE|[28]|Bytes:1
06:25:02.14 (20361273)|HEAP_ALLOCATE|[28]|Bytes:8
06:25:02.14 (20370843)|HEAP_ALLOCATE|[28]|Bytes:2
06:25:02.14 (20379911)|HEAP_ALLOCATE|[28]|Bytes:22
06:25:02.14 (20386322)|USER_DEBUG|[28]|DEBUG|Array element at 3is40
06:25:02.14 (20393193)|HEAP_ALLOCATE|[27]|Bytes:4
06:25:02.14 (20398816)|VARIABLE_ASSIGNMENT|[27]|i|4
06:25:02.14 (20409295)|STATEMENT_EXECUTE|[27]
06:25:02.14 (20411109)|STATEMENT_EXECUTE|[28]
06:25:02.14 (20419667)|HEAP_ALLOCATE|[28]|Bytes:1
06:25:02.14 (20429407)|HEAP_ALLOCATE|[28]|Bytes:8
06:25:02.14 (20438650)|HEAP_ALLOCATE|[28]|Bytes:2
06:25:02.14 (20447490)|HEAP_ALLOCATE|[28]|Bytes:22
06:25:02.14 (20453915)|USER_DEBUG|[28]|DEBUG|Array element at 4is50
06:25:02.14 (20460377)|HEAP_ALLOCATE|[27]|Bytes:4
06:25:02.14 (20469301)|VARIABLE_ASSIGNMENT|[27]|i|5
06:25:02.14 (20492841)|STATEMENT_EXECUTE|[27]
06:25:02.14 (20495986)|STATEMENT_EXECUTE|[28]
06:25:02.14 (20513394)|HEAP_ALLOCATE|[28]|Bytes:1
06:25:02.14 (20532639)|HEAP_ALLOCATE|[28]|Bytes:8
06:25:02.14 (20548535)|HEAP_ALLOCATE|[28]|Bytes:2
06:25:02.14 (20564731)|HEAP_ALLOCATE|[28]|Bytes:22
06:25:02.14 (20576418)|USER_DEBUG|[28]|DEBUG|Array element at 5is60
06:25:02.14 (20587491)|HEAP_ALLOCATE|[27]|Bytes:4
06:25:02.14 (20601735)|VARIABLE_ASSIGNMENT|[27]|i|6
06:25:02.14 (20622320)|STATEMENT_EXECUTE|[27]
06:25:02.14 (20625038)|STATEMENT_EXECUTE|[28]
06:25:02.14 (20640612)|HEAP_ALLOCATE|[28]|Bytes:1
06:25:02.14 (20657871)|HEAP_ALLOCATE|[28]|Bytes:8
06:25:02.14 (20673094)|HEAP_ALLOCATE|[28]|Bytes:2
06:25:02.14 (20692977)|HEAP_ALLOCATE|[28]|Bytes:22
06:25:02.14 (20706848)|USER_DEBUG|[28]|DEBUG|Array element at 6is70
06:25:02.14 (20718486)|HEAP_ALLOCATE|[27]|Bytes:4
06:25:02.14 (20729639)|VARIABLE_ASSIGNMENT|[27]|i|7
06:25:02.14 (20748819)|STATEMENT_EXECUTE|[27]
06:25:02.14 (20751439)|STATEMENT_EXECUTE|[28]
06:25:02.14 (20766764)|HEAP_ALLOCATE|[28]|Bytes:1
06:25:02.14 (20783718)|HEAP_ALLOCATE|[28]|Bytes:8
06:25:02.14 (20799508)|HEAP_ALLOCATE|[28]|Bytes:2
06:25:02.14 (20814901)|HEAP_ALLOCATE|[28]|Bytes:22
06:25:02.14 (20825567)|USER_DEBUG|[28]|DEBUG|Array element at 7is80
06:25:02.14 (20836309)|HEAP_ALLOCATE|[27]|Bytes:4
06:25:02.14 (20847458)|VARIABLE_ASSIGNMENT|[27]|i|8
06:25:02.14 (20865956)|STATEMENT_EXECUTE|[27]
06:25:02.14 (20868848)|STATEMENT_EXECUTE|[28]
06:25:02.14 (20884866)|HEAP_ALLOCATE|[28]|Bytes:1
06:25:02.14 (20903644)|HEAP_ALLOCATE|[28]|Bytes:8
06:25:02.14 (20934531)|HEAP_ALLOCATE|[28]|Bytes:2
06:25:02.14 (20971765)|HEAP_ALLOCATE|[28]|Bytes:22
06:25:02.14 (20986795)|USER_DEBUG|[28]|DEBUG|Array element at 8is90
06:25:02.14 (20996806)|HEAP_ALLOCATE|[27]|Bytes:4
06:25:02.14 (21008320)|VARIABLE_ASSIGNMENT|[27]|i|9
06:25:02.14 (21026931)|STATEMENT_EXECUTE|[27]
06:25:02.14 (21029272)|STATEMENT_EXECUTE|[28]
06:25:02.14 (21042162)|HEAP_ALLOCATE|[28]|Bytes:1
06:25:02.14 (21054865)|HEAP_ALLOCATE|[28]|Bytes:8
06:25:02.14 (21065544)|HEAP_ALLOCATE|[28]|Bytes:3
06:25:02.14 (21075102)|HEAP_ALLOCATE|[28]|Bytes:23
06:25:02.14 (21082517)|USER_DEBUG|[28]|DEBUG|Array element at 9is100
06:25:02.14 (21089879)|HEAP_ALLOCATE|[27]|Bytes:4
06:25:02.14 (21097163)|VARIABLE_ASSIGNMENT|[27]|i|10
06:25:02.14 (21117930)|METHOD_EXIT|[4]|01p6F00000CNPHj|BasicProgramming.printArray(Integer)
06:25:02.14 (21124857)|SYSTEM_MODE_EXIT|false
06:25:02.21 (21156381)|CUMULATIVE_LIMIT_USAGE
06:25:02.21 (21156381)|LIMIT_USAGE_FOR_NS|(default)|
  Number of SOQL queries: 0 out of 100
  Number of query rows: 0 out of 50000
  Number of SOSL queries: 0 out of 20
  Number of DML statements: 0 out of 150
  Number of DML rows: 0 out of 10000
  Maximum CPU time: 0 out of 10000
  Maximum heap size: 0 out of 6000000
  Number of callouts: 0 out of 100
  Number of Email Invocations: 0 out of 10
  Number of future calls: 0 out of 50
  Number of queueable jobs added to the queue: 0 out of 50
  Number of Mobile Apex push calls: 0 out of 10

06:25:02.21 (21156381)|CUMULATIVE_LIMIT_USAGE_END

06:25:02.14 (21199217)|CODE_UNIT_FINISHED|execute_anonymous_apex
06:25:02.14 (22459049)|EXECUTION_FINISHED
