43.0 APEX_CODE,FINEST;APEX_PROFILING,INFO;CALLOUT,INFO;DB,INFO;NBA,INFO;SYSTEM,DEBUG;VALIDATION,INFO;VISUALFORCE,INFO;WAVE,INFO;WORKFLOW,INFO
Execute Anonymous: BasicProgramming obj = new BasicProgramming();
Execute Anonymous: String result = obj.determineEvenOdd(9);
Execute Anonymous: //System.debug('Number is: '+ result);
Execute Anonymous: List<Integer> resultArray = obj.printArray(5);
Execute Anonymous: for (Integer item: resultArray) {
Execute Anonymous:     System.debug('Item: '+ item);
Execute Anonymous: }
05:57:13.1 (1083104)|USER_INFO|[EXTERNAL]|0056F000009ROqM|swaraj@espl.com|Pacific Standard Time|GMT-07:00
05:57:13.1 (1104041)|EXECUTION_STARTED
05:57:13.1 (1107974)|CODE_UNIT_STARTED|[EXTERNAL]|execute_anonymous_apex
05:57:13.1 (8140858)|VARIABLE_SCOPE_BEGIN|[1]|obj|BasicProgramming|true|false
05:57:13.1 (8174970)|VARIABLE_SCOPE_BEGIN|[2]|result|String|false|false
05:57:13.1 (8204978)|VARIABLE_SCOPE_BEGIN|[4]|resultArray|List<Integer>|true|false
05:57:13.1 (8325348)|HEAP_ALLOCATE|[72]|Bytes:3
05:57:13.1 (8363224)|HEAP_ALLOCATE|[77]|Bytes:152
05:57:13.1 (8378328)|HEAP_ALLOCATE|[342]|Bytes:408
05:57:13.1 (8391048)|HEAP_ALLOCATE|[355]|Bytes:408
05:57:13.1 (8401755)|HEAP_ALLOCATE|[467]|Bytes:48
05:57:13.1 (8427382)|HEAP_ALLOCATE|[139]|Bytes:6
05:57:13.1 (8444825)|HEAP_ALLOCATE|[EXTERNAL]|Bytes:9
05:57:13.1 (8500517)|STATEMENT_EXECUTE|[1]
05:57:13.1 (8503166)|STATEMENT_EXECUTE|[1]
05:57:13.1 (8507954)|HEAP_ALLOCATE|[1]|Bytes:8
05:57:13.1 (8536712)|METHOD_ENTRY|[9]|01p6F00000CNPHj|BasicProgramming.BasicProgramming()
05:57:13.1 (8542470)|STATEMENT_EXECUTE|[9]
05:57:13.1 (8546415)|STATEMENT_EXECUTE|[9]
05:57:13.1 (8576763)|HEAP_ALLOCATE|[50]|Bytes:5
05:57:13.1 (8600461)|HEAP_ALLOCATE|[56]|Bytes:5
05:57:13.1 (8608245)|HEAP_ALLOCATE|[64]|Bytes:7
05:57:13.1 (8624738)|SYSTEM_MODE_ENTER|false
05:57:13.1 (8635841)|HEAP_ALLOCATE|[1]|Bytes:5
05:57:13.1 (8642102)|SYSTEM_MODE_EXIT|false
05:57:13.1 (8650275)|METHOD_EXIT|[9]|BasicProgramming
05:57:13.1 (8661990)|HEAP_ALLOCATE|[1]|Bytes:4
05:57:13.1 (8682704)|SYSTEM_MODE_ENTER|false
05:57:13.1 (8691060)|HEAP_ALLOCATE|[1]|Bytes:5
05:57:13.1 (8701592)|CONSTRUCTOR_ENTRY|[1]|01p6F00000CNPHj|<init>()|BasicProgramming
05:57:13.1 (8727075)|VARIABLE_SCOPE_BEGIN|[10]|this|BasicProgramming|true|false
05:57:13.1 (8766984)|VARIABLE_ASSIGNMENT|[10]|this|{}|0x900a489
05:57:13.1 (8778222)|HEAP_ALLOCATE|[EXTERNAL]|Bytes:5
05:57:13.1 (8782150)|STATEMENT_EXECUTE|[9]
05:57:13.1 (8784800)|HEAP_ALLOCATE|[EXTERNAL]|Bytes:5
05:57:13.1 (8793283)|HEAP_ALLOCATE|[EXTERNAL]|Bytes:6
05:57:13.1 (8822958)|STATEMENT_EXECUTE|[10]
05:57:13.1 (8828861)|CONSTRUCTOR_EXIT|[1]|01p6F00000CNPHj|<init>()|BasicProgramming
05:57:13.1 (8836752)|SYSTEM_MODE_EXIT|false
05:57:13.1 (8854266)|VARIABLE_ASSIGNMENT|[1]|obj|{}|0x900a489
05:57:13.1 (8860299)|STATEMENT_EXECUTE|[2]
05:57:13.1 (8882573)|SYSTEM_MODE_ENTER|false
05:57:13.1 (8889470)|HEAP_ALLOCATE|[2]|Bytes:5
05:57:13.1 (8916804)|METHOD_ENTRY|[2]|01p6F00000CNPHj|BasicProgramming.determineEvenOdd(Integer)
05:57:13.1 (8931954)|VARIABLE_SCOPE_BEGIN|[15]|this|BasicProgramming|true|false
05:57:13.1 (8945940)|VARIABLE_ASSIGNMENT|[15]|this|{}|0x900a489
05:57:13.1 (8953203)|VARIABLE_SCOPE_BEGIN|[15]|number1|Integer|false|false
05:57:13.1 (8963355)|VARIABLE_ASSIGNMENT|[15]|number1|9
05:57:13.1 (8973748)|HEAP_ALLOCATE|[16]|Bytes:5
05:57:13.1 (8977891)|STATEMENT_EXECUTE|[15]
05:57:13.1 (8979629)|STATEMENT_EXECUTE|[16]
05:57:13.1 (9010150)|VARIABLE_SCOPE_BEGIN|[2]|System.Math.E|Double|false|true
05:57:13.1 (9018668)|VARIABLE_SCOPE_BEGIN|[3]|System.Math.PI|Double|false|true
05:57:13.1 (9031409)|HEAP_ALLOCATE|[16]|Bytes:206
05:57:13.1 (9041039)|SYSTEM_METHOD_ENTRY|[1]|Math.Math()
05:57:13.1 (9044624)|STATEMENT_EXECUTE|[1]
05:57:13.1 (9089246)|SYSTEM_METHOD_EXIT|[1]|Math
05:57:13.1 (9102029)|METHOD_ENTRY|[16]||System.Math.mod(Integer, Integer)
05:57:13.1 (9185614)|METHOD_EXIT|[16]||System.Math.mod(Integer, Integer)
05:57:13.1 (9192922)|HEAP_ALLOCATE|[16]|Bytes:3
05:57:13.1 (9201076)|METHOD_EXIT|[2]|01p6F00000CNPHj|BasicProgramming.determineEvenOdd(Integer)
05:57:13.1 (9206962)|SYSTEM_MODE_EXIT|false
05:57:13.1 (9225328)|VARIABLE_ASSIGNMENT|[2]|result|"Odd"
05:57:13.1 (9230524)|STATEMENT_EXECUTE|[4]
05:57:13.1 (9250385)|SYSTEM_MODE_ENTER|false
05:57:13.1 (9257986)|HEAP_ALLOCATE|[4]|Bytes:5
05:57:13.1 (9270554)|METHOD_ENTRY|[4]|01p6F00000CNPHj|BasicProgramming.printArray(Integer)
05:57:13.1 (9294625)|VARIABLE_SCOPE_BEGIN|[33]|this|BasicProgramming|true|false
05:57:13.1 (9310964)|VARIABLE_ASSIGNMENT|[33]|this|{}|0x900a489
05:57:13.1 (9317217)|VARIABLE_SCOPE_BEGIN|[33]|arraySize|Integer|false|false
05:57:13.1 (9325373)|VARIABLE_ASSIGNMENT|[33]|arraySize|5
05:57:13.1 (9334263)|HEAP_ALLOCATE|[34]|Bytes:5
05:57:13.1 (9338344)|STATEMENT_EXECUTE|[33]
05:57:13.1 (9340095)|STATEMENT_EXECUTE|[34]
05:57:13.1 (9353917)|HEAP_ALLOCATE|[34]|Bytes:4
05:57:13.1 (9386331)|VARIABLE_SCOPE_BEGIN|[34]|myArray|List<Integer>|true|false
05:57:13.1 (9418252)|HEAP_ALLOCATE|[EXTERNAL]|Bytes:24
05:57:13.1 (9431722)|VARIABLE_ASSIGNMENT|[34]|myArray|[]|0x7b7c600c
05:57:13.1 (9438160)|STATEMENT_EXECUTE|[35]
05:57:13.1 (9441614)|VARIABLE_SCOPE_BEGIN|[35]|i|Integer|false|false
05:57:13.1 (9447870)|HEAP_ALLOCATE|[35]|Bytes:4
05:57:13.1 (9453899)|VARIABLE_ASSIGNMENT|[35]|i|10
05:57:13.1 (9482951)|STATEMENT_EXECUTE|[35]
05:57:13.1 (9484936)|STATEMENT_EXECUTE|[38]
05:57:13.1 (9491521)|METHOD_EXIT|[4]|01p6F00000CNPHj|BasicProgramming.printArray(Integer)
05:57:13.1 (9498290)|SYSTEM_MODE_EXIT|false
05:57:13.1 (9511144)|VARIABLE_ASSIGNMENT|[4]|resultArray|[]|0x7b7c600c
05:57:13.1 (9571100)|HEAP_ALLOCATE|[5]|Bytes:5
05:57:13.1 (9604635)|VARIABLE_SCOPE_BEGIN|[5]|item|Integer|false|false
05:57:13.1 (9614960)|VARIABLE_ASSIGNMENT|[5]|item|null
05:57:13.1 (9619580)|STATEMENT_EXECUTE|[5]
05:57:13.1 (9621412)|STATEMENT_EXECUTE|[6]
05:57:13.1 (9624716)|HEAP_ALLOCATE|[6]|Bytes:6
05:57:13.1 (9677709)|HEAP_ALLOCATE|[6]|Bytes:10
05:57:13.1 (9700856)|USER_DEBUG|[6]|DEBUG|Item: null
05:57:13.1 (9715589)|HEAP_ALLOCATE|[5]|Bytes:5
05:57:13.1 (9725960)|VARIABLE_SCOPE_BEGIN|[5]|item|Integer|false|false
05:57:13.1 (9734961)|VARIABLE_ASSIGNMENT|[5]|item|null
05:57:13.1 (9739659)|STATEMENT_EXECUTE|[5]
05:57:13.1 (9741174)|STATEMENT_EXECUTE|[6]
05:57:13.1 (9756584)|HEAP_ALLOCATE|[6]|Bytes:10
05:57:13.1 (9763786)|USER_DEBUG|[6]|DEBUG|Item: null
05:57:13.1 (9774972)|HEAP_ALLOCATE|[5]|Bytes:5
05:57:13.1 (9783457)|VARIABLE_SCOPE_BEGIN|[5]|item|Integer|false|false
05:57:13.1 (9791234)|VARIABLE_ASSIGNMENT|[5]|item|null
05:57:13.1 (9795356)|STATEMENT_EXECUTE|[5]
05:57:13.1 (9796914)|STATEMENT_EXECUTE|[6]
05:57:13.1 (9809995)|HEAP_ALLOCATE|[6]|Bytes:10
05:57:13.1 (9816222)|USER_DEBUG|[6]|DEBUG|Item: null
05:57:13.1 (9826047)|HEAP_ALLOCATE|[5]|Bytes:5
05:57:13.1 (9833889)|VARIABLE_SCOPE_BEGIN|[5]|item|Integer|false|false
05:57:13.1 (9842026)|VARIABLE_ASSIGNMENT|[5]|item|null
05:57:13.1 (9845932)|STATEMENT_EXECUTE|[5]
05:57:13.1 (9847415)|STATEMENT_EXECUTE|[6]
05:57:13.1 (9859924)|HEAP_ALLOCATE|[6]|Bytes:10
05:57:13.1 (9866360)|USER_DEBUG|[6]|DEBUG|Item: null
05:57:13.1 (9876366)|HEAP_ALLOCATE|[5]|Bytes:5
05:57:13.1 (9883580)|VARIABLE_SCOPE_BEGIN|[5]|item|Integer|false|false
05:57:13.1 (9891910)|VARIABLE_ASSIGNMENT|[5]|item|null
05:57:13.1 (9895398)|STATEMENT_EXECUTE|[5]
05:57:13.1 (9896894)|STATEMENT_EXECUTE|[6]
05:57:13.1 (9909229)|HEAP_ALLOCATE|[6]|Bytes:10
05:57:13.1 (9915567)|USER_DEBUG|[6]|DEBUG|Item: null
05:57:13.1 (9925047)|HEAP_ALLOCATE|[5]|Bytes:5
05:57:13.1 (9933752)|VARIABLE_ASSIGNMENT|[5]|item|null
05:57:13.9 (9954493)|CUMULATIVE_LIMIT_USAGE
05:57:13.9 (9954493)|LIMIT_USAGE_FOR_NS|(default)|
  Number of SOQL queries: 0 out of 100
  Number of query rows: 0 out of 50000
  Number of SOSL queries: 0 out of 20
  Number of DML statements: 0 out of 150
  Number of DML rows: 0 out of 10000
  Maximum CPU time: 0 out of 10000
  Maximum heap size: 0 out of 6000000
  Number of callouts: 0 out of 100
  Number of Email Invocations: 0 out of 10
  Number of future calls: 0 out of 50
  Number of queueable jobs added to the queue: 0 out of 50
  Number of Mobile Apex push calls: 0 out of 10

05:57:13.9 (9954493)|CUMULATIVE_LIMIT_USAGE_END

05:57:13.1 (9984839)|CODE_UNIT_FINISHED|execute_anonymous_apex
05:57:13.1 (10843729)|EXECUTION_FINISHED
