43.0 APEX_CODE,FINEST;APEX_PROFILING,INFO;CALLOUT,INFO;DB,INFO;NBA,INFO;SYSTEM,DEBUG;VALIDATION,INFO;VISUALFORCE,INFO;WAVE,INFO;WORKFLOW,INFO
Execute Anonymous: OopsConcepts obj = new OopsConcepts();
Execute Anonymous: //OopsConcepts obj1 = new OopsConcepts(5);
Execute Anonymous: 
Execute Anonymous: System.debug('SUM is ' + obj.calculator('SUM',20,10));
Execute Anonymous: System.debug('SUM is ' + obj.calculator('SUB',20,10));
Execute Anonymous: System.debug('SUM is ' + obj.calculator('MUL',20,10));
Execute Anonymous: System.debug('SUM is ' + obj.calculator('DIV',20,10));
09:19:55.1 (1115744)|USER_INFO|[EXTERNAL]|0056F000009ROqM|swaraj@espl.com|Pacific Standard Time|GMT-07:00
09:19:55.1 (1135409)|EXECUTION_STARTED
09:19:55.1 (1141453)|CODE_UNIT_STARTED|[EXTERNAL]|execute_anonymous_apex
09:19:55.1 (7046481)|VARIABLE_SCOPE_BEGIN|[1]|obj|OopsConcepts|true|false
09:19:55.1 (7180566)|HEAP_ALLOCATE|[72]|Bytes:3
09:19:55.1 (7217410)|HEAP_ALLOCATE|[77]|Bytes:152
09:19:55.1 (7229725)|HEAP_ALLOCATE|[342]|Bytes:408
09:19:55.1 (7241527)|HEAP_ALLOCATE|[355]|Bytes:408
09:19:55.1 (7251508)|HEAP_ALLOCATE|[467]|Bytes:48
09:19:55.1 (7275129)|HEAP_ALLOCATE|[139]|Bytes:6
09:19:55.1 (7298940)|HEAP_ALLOCATE|[EXTERNAL]|Bytes:9
09:19:55.1 (7351753)|STATEMENT_EXECUTE|[1]
09:19:55.1 (7354326)|STATEMENT_EXECUTE|[1]
09:19:55.1 (7357688)|HEAP_ALLOCATE|[1]|Bytes:8
09:19:55.1 (7362984)|HEAP_ALLOCATE|[1]|Bytes:8
09:19:55.1 (7397068)|METHOD_ENTRY|[9]|01p6F00000CNReJ|OopsConcepts.OopsConcepts()
09:19:55.1 (7403693)|STATEMENT_EXECUTE|[9]
09:19:55.1 (7407375)|STATEMENT_EXECUTE|[9]
09:19:55.1 (7439539)|HEAP_ALLOCATE|[50]|Bytes:5
09:19:55.1 (7462486)|HEAP_ALLOCATE|[56]|Bytes:5
09:19:55.1 (7470123)|HEAP_ALLOCATE|[64]|Bytes:7
09:19:55.1 (7486646)|SYSTEM_MODE_ENTER|false
09:19:55.1 (7499707)|HEAP_ALLOCATE|[1]|Bytes:5
09:19:55.1 (7530666)|SYSTEM_MODE_EXIT|false
09:19:55.1 (7542905)|METHOD_EXIT|[9]|OopsConcepts
09:19:55.1 (7556171)|HEAP_ALLOCATE|[1]|Bytes:4
09:19:55.1 (7577981)|SYSTEM_MODE_ENTER|false
09:19:55.1 (7590996)|HEAP_ALLOCATE|[1]|Bytes:5
09:19:55.1 (7606002)|CONSTRUCTOR_ENTRY|[1]|01p6F00000CNReJ|<init>()|OopsConcepts
09:19:55.1 (7631912)|VARIABLE_SCOPE_BEGIN|[11]|this|OopsConcepts|true|false
09:19:55.1 (7678685)|VARIABLE_ASSIGNMENT|[11]|this|{}|0x3c732998
09:19:55.1 (7691814)|HEAP_ALLOCATE|[12]|Bytes:5
09:19:55.1 (7696408)|STATEMENT_EXECUTE|[9]
09:19:55.1 (7698913)|HEAP_ALLOCATE|[12]|Bytes:5
09:19:55.1 (7707115)|HEAP_ALLOCATE|[12]|Bytes:6
09:19:55.1 (7737186)|STATEMENT_EXECUTE|[11]
09:19:55.1 (7739070)|STATEMENT_EXECUTE|[12]
09:19:55.1 (7741721)|HEAP_ALLOCATE|[12]|Bytes:28
09:19:55.1 (7796774)|USER_DEBUG|[12]|DEBUG|This is Default Constructor!
09:19:55.1 (7816128)|CONSTRUCTOR_EXIT|[1]|01p6F00000CNReJ|<init>()|OopsConcepts
09:19:55.1 (7826074)|SYSTEM_MODE_EXIT|false
09:19:55.1 (7849798)|VARIABLE_ASSIGNMENT|[1]|obj|{}|0x3c732998
09:19:55.1 (7857288)|STATEMENT_EXECUTE|[4]
09:19:55.1 (7860439)|HEAP_ALLOCATE|[4]|Bytes:7
09:19:55.1 (7867656)|HEAP_ALLOCATE|[4]|Bytes:3
09:19:55.1 (7890766)|SYSTEM_MODE_ENTER|false
09:19:55.1 (7905775)|HEAP_ALLOCATE|[4]|Bytes:5
09:19:55.1 (7930723)|METHOD_ENTRY|[4]|01p6F00000CNReJ|OopsConcepts.calculator(String, Integer, Integer)
09:19:55.1 (7945471)|VARIABLE_SCOPE_BEGIN|[21]|this|OopsConcepts|true|false
09:19:55.1 (7961015)|VARIABLE_ASSIGNMENT|[21]|this|{}|0x3c732998
09:19:55.1 (7967812)|VARIABLE_SCOPE_BEGIN|[21]|operation|String|false|false
09:19:55.1 (7979893)|VARIABLE_ASSIGNMENT|[21]|operation|"SUM"
09:19:55.1 (7984848)|VARIABLE_SCOPE_BEGIN|[21]|num1|Integer|false|false
09:19:55.1 (7993788)|VARIABLE_ASSIGNMENT|[21]|num1|20
09:19:55.1 (7998224)|VARIABLE_SCOPE_BEGIN|[21]|num2|Integer|false|false
09:19:55.1 (8004730)|VARIABLE_ASSIGNMENT|[21]|num2|10
09:19:55.1 (8015065)|HEAP_ALLOCATE|[22]|Bytes:5
09:19:55.1 (8018978)|STATEMENT_EXECUTE|[21]
09:19:55.1 (8034806)|STATEMENT_EXECUTE|[23]
09:19:55.1 (8036876)|STATEMENT_EXECUTE|[24]
09:19:55.1 (8039903)|HEAP_ALLOCATE|[24]|Bytes:4
09:19:55.1 (8049669)|METHOD_EXIT|[4]|01p6F00000CNReJ|OopsConcepts.calculator(String, Integer, Integer)
09:19:55.1 (8055308)|HEAP_ALLOCATE|[4]|Bytes:4
09:19:55.1 (8061593)|SYSTEM_MODE_EXIT|false
09:19:55.1 (8093539)|HEAP_ALLOCATE|[4]|Bytes:2
09:19:55.1 (8108309)|HEAP_ALLOCATE|[4]|Bytes:9
09:19:55.1 (8116699)|USER_DEBUG|[4]|DEBUG|SUM is 30
09:19:55.1 (8123348)|STATEMENT_EXECUTE|[5]
09:19:55.1 (8127267)|HEAP_ALLOCATE|[5]|Bytes:3
09:19:55.1 (8146615)|SYSTEM_MODE_ENTER|false
09:19:55.1 (8155775)|HEAP_ALLOCATE|[5]|Bytes:5
09:19:55.1 (8163846)|METHOD_ENTRY|[5]|01p6F00000CNReJ|OopsConcepts.calculator(String, Integer, Integer)
09:19:55.1 (8174124)|VARIABLE_SCOPE_BEGIN|[21]|this|OopsConcepts|true|false
09:19:55.1 (8189379)|VARIABLE_ASSIGNMENT|[21]|this|{}|0x3c732998
09:19:55.1 (8195248)|VARIABLE_SCOPE_BEGIN|[21]|operation|String|false|false
09:19:55.1 (8203630)|VARIABLE_ASSIGNMENT|[21]|operation|"SUB"
09:19:55.1 (8208354)|VARIABLE_SCOPE_BEGIN|[21]|num1|Integer|false|false
09:19:55.1 (8215227)|VARIABLE_ASSIGNMENT|[21]|num1|20
09:19:55.1 (8218264)|VARIABLE_SCOPE_BEGIN|[21]|num2|Integer|false|false
09:19:55.1 (8225004)|VARIABLE_ASSIGNMENT|[21]|num2|10
09:19:55.1 (8232757)|HEAP_ALLOCATE|[22]|Bytes:5
09:19:55.1 (8236893)|STATEMENT_EXECUTE|[21]
09:19:55.1 (8248847)|STATEMENT_EXECUTE|[26]
09:19:55.1 (8250430)|STATEMENT_EXECUTE|[27]
09:19:55.1 (8253482)|HEAP_ALLOCATE|[27]|Bytes:4
09:19:55.1 (8260651)|METHOD_EXIT|[5]|01p6F00000CNReJ|OopsConcepts.calculator(String, Integer, Integer)
09:19:55.1 (8265970)|HEAP_ALLOCATE|[5]|Bytes:4
09:19:55.1 (8271360)|SYSTEM_MODE_EXIT|false
09:19:55.1 (8286788)|HEAP_ALLOCATE|[5]|Bytes:2
09:19:55.1 (8296160)|HEAP_ALLOCATE|[5]|Bytes:9
09:19:55.1 (8303174)|USER_DEBUG|[5]|DEBUG|SUM is 10
09:19:55.1 (8309516)|STATEMENT_EXECUTE|[6]
09:19:55.1 (8313074)|HEAP_ALLOCATE|[6]|Bytes:3
09:19:55.1 (8330043)|SYSTEM_MODE_ENTER|false
09:19:55.1 (8338111)|HEAP_ALLOCATE|[6]|Bytes:5
09:19:55.1 (8345301)|METHOD_ENTRY|[6]|01p6F00000CNReJ|OopsConcepts.calculator(String, Integer, Integer)
09:19:55.1 (8354302)|VARIABLE_SCOPE_BEGIN|[21]|this|OopsConcepts|true|false
09:19:55.1 (8368385)|VARIABLE_ASSIGNMENT|[21]|this|{}|0x3c732998
09:19:55.1 (8373693)|VARIABLE_SCOPE_BEGIN|[21]|operation|String|false|false
09:19:55.1 (8382059)|VARIABLE_ASSIGNMENT|[21]|operation|"MUL"
09:19:55.1 (8386664)|VARIABLE_SCOPE_BEGIN|[21]|num1|Integer|false|false
09:19:55.1 (8394008)|VARIABLE_ASSIGNMENT|[21]|num1|20
09:19:55.1 (8397512)|VARIABLE_SCOPE_BEGIN|[21]|num2|Integer|false|false
09:19:55.1 (8403661)|VARIABLE_ASSIGNMENT|[21]|num2|10
09:19:55.1 (8410521)|HEAP_ALLOCATE|[22]|Bytes:5
09:19:55.1 (8414763)|STATEMENT_EXECUTE|[21]
09:19:55.1 (8426722)|STATEMENT_EXECUTE|[29]
09:19:55.1 (8428352)|STATEMENT_EXECUTE|[30]
09:19:55.1 (8430992)|HEAP_ALLOCATE|[30]|Bytes:4
09:19:55.1 (8438176)|METHOD_EXIT|[6]|01p6F00000CNReJ|OopsConcepts.calculator(String, Integer, Integer)
09:19:55.1 (8443169)|HEAP_ALLOCATE|[6]|Bytes:4
09:19:55.1 (8448368)|SYSTEM_MODE_EXIT|false
09:19:55.1 (8462756)|HEAP_ALLOCATE|[6]|Bytes:3
09:19:55.1 (8472506)|HEAP_ALLOCATE|[6]|Bytes:10
09:19:55.1 (8479703)|USER_DEBUG|[6]|DEBUG|SUM is 200
09:19:55.1 (8485836)|STATEMENT_EXECUTE|[7]
09:19:55.1 (8489415)|HEAP_ALLOCATE|[7]|Bytes:3
09:19:55.1 (8504974)|SYSTEM_MODE_ENTER|false
09:19:55.1 (8512324)|HEAP_ALLOCATE|[7]|Bytes:5
09:19:55.1 (8519098)|METHOD_ENTRY|[7]|01p6F00000CNReJ|OopsConcepts.calculator(String, Integer, Integer)
09:19:55.1 (8528605)|VARIABLE_SCOPE_BEGIN|[21]|this|OopsConcepts|true|false
09:19:55.1 (8541894)|VARIABLE_ASSIGNMENT|[21]|this|{}|0x3c732998
09:19:55.1 (8547166)|VARIABLE_SCOPE_BEGIN|[21]|operation|String|false|false
09:19:55.1 (8556056)|VARIABLE_ASSIGNMENT|[21]|operation|"DIV"
09:19:55.1 (8560613)|VARIABLE_SCOPE_BEGIN|[21]|num1|Integer|false|false
09:19:55.1 (8570732)|VARIABLE_ASSIGNMENT|[21]|num1|20
09:19:55.1 (8576315)|VARIABLE_SCOPE_BEGIN|[21]|num2|Integer|false|false
09:19:55.1 (8586294)|VARIABLE_ASSIGNMENT|[21]|num2|10
09:19:55.1 (8593459)|HEAP_ALLOCATE|[22]|Bytes:5
09:19:55.1 (8597524)|STATEMENT_EXECUTE|[21]
09:19:55.1 (8610479)|STATEMENT_EXECUTE|[32]
09:19:55.1 (8612025)|STATEMENT_EXECUTE|[33]
09:19:55.1 (8614876)|HEAP_ALLOCATE|[33]|Bytes:4
09:19:55.1 (8621645)|METHOD_EXIT|[7]|01p6F00000CNReJ|OopsConcepts.calculator(String, Integer, Integer)
09:19:55.1 (8625970)|HEAP_ALLOCATE|[7]|Bytes:4
09:19:55.1 (8631778)|SYSTEM_MODE_EXIT|false
09:19:55.1 (8647203)|HEAP_ALLOCATE|[7]|Bytes:1
09:19:55.1 (8656024)|HEAP_ALLOCATE|[7]|Bytes:8
09:19:55.1 (8663075)|USER_DEBUG|[7]|DEBUG|SUM is 2
09:19:55.8 (8695142)|CUMULATIVE_LIMIT_USAGE
09:19:55.8 (8695142)|LIMIT_USAGE_FOR_NS|(default)|
  Number of SOQL queries: 0 out of 100
  Number of query rows: 0 out of 50000
  Number of SOSL queries: 0 out of 20
  Number of DML statements: 0 out of 150
  Number of DML rows: 0 out of 10000
  Maximum CPU time: 0 out of 10000
  Maximum heap size: 0 out of 6000000
  Number of callouts: 0 out of 100
  Number of Email Invocations: 0 out of 10
  Number of future calls: 0 out of 50
  Number of queueable jobs added to the queue: 0 out of 50
  Number of Mobile Apex push calls: 0 out of 10

09:19:55.8 (8695142)|CUMULATIVE_LIMIT_USAGE_END

09:19:55.1 (8734100)|CODE_UNIT_FINISHED|execute_anonymous_apex
09:19:55.1 (9591480)|EXECUTION_FINISHED
