43.0 APEX_CODE,FINEST;APEX_PROFILING,INFO;CALLOUT,INFO;DB,INFO;NBA,INFO;SYSTEM,DEBUG;VALIDATION,INFO;VISUALFORCE,INFO;WAVE,INFO;WORKFLOW,INFO
Execute Anonymous: OopsConcepts obj = new OopsConcepts();
Execute Anonymous: //OopsConcepts obj1 = new OopsConcepts(5);
Execute Anonymous: 
Execute Anonymous: System.debug('SUM is ' + obj.calculator('SUM',20,10));
Execute Anonymous: System.debug('SUM is ' + obj.calculator('SUB',20,10));
Execute Anonymous: System.debug('SUM is ' + obj.calculator('MUL',20,10));
Execute Anonymous: System.debug('SUM is ' + obj.calculator('DIV',20,10));
Execute Anonymous: System.debug('SUM is ' + obj.calculator('division',20,10));
09:21:10.1 (1288818)|USER_INFO|[EXTERNAL]|0056F000009ROqM|swaraj@espl.com|Pacific Standard Time|GMT-07:00
09:21:10.1 (1318138)|EXECUTION_STARTED
09:21:10.1 (1324289)|CODE_UNIT_STARTED|[EXTERNAL]|execute_anonymous_apex
09:21:10.1 (2810274)|VARIABLE_SCOPE_BEGIN|[1]|obj|OopsConcepts|true|false
09:21:10.1 (3076788)|HEAP_ALLOCATE|[72]|Bytes:3
09:21:10.1 (3119919)|HEAP_ALLOCATE|[77]|Bytes:152
09:21:10.1 (3133260)|HEAP_ALLOCATE|[342]|Bytes:408
09:21:10.1 (3145120)|HEAP_ALLOCATE|[355]|Bytes:408
09:21:10.1 (3161364)|HEAP_ALLOCATE|[467]|Bytes:48
09:21:10.1 (3186933)|HEAP_ALLOCATE|[139]|Bytes:6
09:21:10.1 (3208060)|HEAP_ALLOCATE|[EXTERNAL]|Bytes:11
09:21:10.1 (3286404)|STATEMENT_EXECUTE|[1]
09:21:10.1 (3289673)|STATEMENT_EXECUTE|[1]
09:21:10.1 (3293932)|HEAP_ALLOCATE|[1]|Bytes:8
09:21:10.1 (3299529)|HEAP_ALLOCATE|[1]|Bytes:8
09:21:10.1 (3344128)|METHOD_ENTRY|[9]|01p6F00000CNReJ|OopsConcepts.OopsConcepts()
09:21:10.1 (3352087)|STATEMENT_EXECUTE|[9]
09:21:10.1 (3355579)|STATEMENT_EXECUTE|[9]
09:21:10.1 (3384872)|HEAP_ALLOCATE|[50]|Bytes:5
09:21:10.1 (3407754)|HEAP_ALLOCATE|[56]|Bytes:5
09:21:10.1 (3414840)|HEAP_ALLOCATE|[64]|Bytes:7
09:21:10.1 (3431611)|SYSTEM_MODE_ENTER|false
09:21:10.1 (3445707)|HEAP_ALLOCATE|[1]|Bytes:5
09:21:10.1 (3453654)|SYSTEM_MODE_EXIT|false
09:21:10.1 (3476263)|METHOD_EXIT|[9]|OopsConcepts
09:21:10.1 (3491012)|HEAP_ALLOCATE|[1]|Bytes:4
09:21:10.1 (3513621)|SYSTEM_MODE_ENTER|false
09:21:10.1 (3526784)|HEAP_ALLOCATE|[1]|Bytes:5
09:21:10.1 (3552176)|CONSTRUCTOR_ENTRY|[1]|01p6F00000CNReJ|<init>()|OopsConcepts
09:21:10.1 (3585240)|VARIABLE_SCOPE_BEGIN|[11]|this|OopsConcepts|true|false
09:21:10.1 (3625741)|VARIABLE_ASSIGNMENT|[11]|this|{}|0x7f6aeefd
09:21:10.1 (3638696)|HEAP_ALLOCATE|[12]|Bytes:5
09:21:10.1 (3643309)|STATEMENT_EXECUTE|[9]
09:21:10.1 (3646152)|HEAP_ALLOCATE|[12]|Bytes:5
09:21:10.1 (3655293)|HEAP_ALLOCATE|[12]|Bytes:6
09:21:10.1 (3699530)|STATEMENT_EXECUTE|[11]
09:21:10.1 (3702708)|STATEMENT_EXECUTE|[12]
09:21:10.1 (3706812)|HEAP_ALLOCATE|[12]|Bytes:28
09:21:10.1 (3821633)|USER_DEBUG|[12]|DEBUG|This is Default Constructor!
09:21:10.1 (3880284)|CONSTRUCTOR_EXIT|[1]|01p6F00000CNReJ|<init>()|OopsConcepts
09:21:10.1 (3893170)|SYSTEM_MODE_EXIT|false
09:21:10.1 (3918117)|VARIABLE_ASSIGNMENT|[1]|obj|{}|0x7f6aeefd
09:21:10.1 (3924535)|STATEMENT_EXECUTE|[4]
09:21:10.1 (3928302)|HEAP_ALLOCATE|[4]|Bytes:7
09:21:10.1 (3934916)|HEAP_ALLOCATE|[4]|Bytes:3
09:21:10.1 (3961160)|SYSTEM_MODE_ENTER|false
09:21:10.1 (3972254)|HEAP_ALLOCATE|[4]|Bytes:5
09:21:10.1 (3999713)|METHOD_ENTRY|[4]|01p6F00000CNReJ|OopsConcepts.calculator(String, Integer, Integer)
09:21:10.1 (4017836)|VARIABLE_SCOPE_BEGIN|[21]|this|OopsConcepts|true|false
09:21:10.1 (4039827)|VARIABLE_ASSIGNMENT|[21]|this|{}|0x7f6aeefd
09:21:10.1 (4050975)|VARIABLE_SCOPE_BEGIN|[21]|operation|String|false|false
09:21:10.1 (4067904)|VARIABLE_ASSIGNMENT|[21]|operation|"SUM"
09:21:10.1 (4075780)|VARIABLE_SCOPE_BEGIN|[21]|num1|Integer|false|false
09:21:10.1 (4088997)|VARIABLE_ASSIGNMENT|[21]|num1|20
09:21:10.1 (4096262)|VARIABLE_SCOPE_BEGIN|[21]|num2|Integer|false|false
09:21:10.1 (4106612)|VARIABLE_ASSIGNMENT|[21]|num2|10
09:21:10.1 (4122282)|HEAP_ALLOCATE|[22]|Bytes:5
09:21:10.1 (4129695)|STATEMENT_EXECUTE|[21]
09:21:10.1 (4156400)|STATEMENT_EXECUTE|[23]
09:21:10.1 (4159126)|STATEMENT_EXECUTE|[24]
09:21:10.1 (4164160)|HEAP_ALLOCATE|[24]|Bytes:4
09:21:10.1 (4177791)|METHOD_EXIT|[4]|01p6F00000CNReJ|OopsConcepts.calculator(String, Integer, Integer)
09:21:10.1 (4187505)|HEAP_ALLOCATE|[4]|Bytes:4
09:21:10.1 (4194489)|SYSTEM_MODE_EXIT|false
09:21:10.1 (4238018)|HEAP_ALLOCATE|[4]|Bytes:2
09:21:10.1 (4263408)|HEAP_ALLOCATE|[4]|Bytes:9
09:21:10.1 (4278532)|USER_DEBUG|[4]|DEBUG|SUM is 30
09:21:10.1 (4289690)|STATEMENT_EXECUTE|[5]
09:21:10.1 (4296430)|HEAP_ALLOCATE|[5]|Bytes:3
09:21:10.1 (4328396)|SYSTEM_MODE_ENTER|false
09:21:10.1 (4344778)|HEAP_ALLOCATE|[5]|Bytes:5
09:21:10.1 (4359887)|METHOD_ENTRY|[5]|01p6F00000CNReJ|OopsConcepts.calculator(String, Integer, Integer)
09:21:10.1 (4378410)|VARIABLE_SCOPE_BEGIN|[21]|this|OopsConcepts|true|false
09:21:10.1 (4401146)|VARIABLE_ASSIGNMENT|[21]|this|{}|0x7f6aeefd
09:21:10.1 (4409808)|VARIABLE_SCOPE_BEGIN|[21]|operation|String|false|false
09:21:10.1 (4421333)|VARIABLE_ASSIGNMENT|[21]|operation|"SUB"
09:21:10.1 (4428151)|VARIABLE_SCOPE_BEGIN|[21]|num1|Integer|false|false
09:21:10.1 (4440881)|VARIABLE_ASSIGNMENT|[21]|num1|20
09:21:10.1 (4447341)|VARIABLE_SCOPE_BEGIN|[21]|num2|Integer|false|false
09:21:10.1 (4458391)|VARIABLE_ASSIGNMENT|[21]|num2|10
09:21:10.1 (4472872)|HEAP_ALLOCATE|[22]|Bytes:5
09:21:10.1 (4479696)|STATEMENT_EXECUTE|[21]
09:21:10.1 (4496514)|STATEMENT_EXECUTE|[26]
09:21:10.1 (4498382)|STATEMENT_EXECUTE|[27]
09:21:10.1 (4501255)|HEAP_ALLOCATE|[27]|Bytes:4
09:21:10.1 (4510567)|METHOD_EXIT|[5]|01p6F00000CNReJ|OopsConcepts.calculator(String, Integer, Integer)
09:21:10.1 (4516700)|HEAP_ALLOCATE|[5]|Bytes:4
09:21:10.1 (4520998)|SYSTEM_MODE_EXIT|false
09:21:10.1 (4541728)|HEAP_ALLOCATE|[5]|Bytes:2
09:21:10.1 (4553347)|HEAP_ALLOCATE|[5]|Bytes:9
09:21:10.1 (4562339)|USER_DEBUG|[5]|DEBUG|SUM is 10
09:21:10.1 (4569139)|STATEMENT_EXECUTE|[6]
09:21:10.1 (4573858)|HEAP_ALLOCATE|[6]|Bytes:3
09:21:10.1 (4595762)|SYSTEM_MODE_ENTER|false
09:21:10.1 (4606706)|HEAP_ALLOCATE|[6]|Bytes:5
09:21:10.1 (4619482)|METHOD_ENTRY|[6]|01p6F00000CNReJ|OopsConcepts.calculator(String, Integer, Integer)
09:21:10.1 (4636448)|VARIABLE_SCOPE_BEGIN|[21]|this|OopsConcepts|true|false
09:21:10.1 (4663434)|VARIABLE_ASSIGNMENT|[21]|this|{}|0x7f6aeefd
09:21:10.1 (4673123)|VARIABLE_SCOPE_BEGIN|[21]|operation|String|false|false
09:21:10.1 (4687560)|VARIABLE_ASSIGNMENT|[21]|operation|"MUL"
09:21:10.1 (4694401)|VARIABLE_SCOPE_BEGIN|[21]|num1|Integer|false|false
09:21:10.1 (4705850)|VARIABLE_ASSIGNMENT|[21]|num1|20
09:21:10.1 (4712164)|VARIABLE_SCOPE_BEGIN|[21]|num2|Integer|false|false
09:21:10.1 (4723503)|VARIABLE_ASSIGNMENT|[21]|num2|10
09:21:10.1 (4738073)|HEAP_ALLOCATE|[22]|Bytes:5
09:21:10.1 (4744815)|STATEMENT_EXECUTE|[21]
09:21:10.1 (4763839)|STATEMENT_EXECUTE|[29]
09:21:10.1 (4766168)|STATEMENT_EXECUTE|[30]
09:21:10.1 (4770563)|HEAP_ALLOCATE|[30]|Bytes:4
09:21:10.1 (4782796)|METHOD_EXIT|[6]|01p6F00000CNReJ|OopsConcepts.calculator(String, Integer, Integer)
09:21:10.1 (4792311)|HEAP_ALLOCATE|[6]|Bytes:4
09:21:10.1 (4799520)|SYSTEM_MODE_EXIT|false
09:21:10.1 (4826941)|HEAP_ALLOCATE|[6]|Bytes:3
09:21:10.1 (4844581)|HEAP_ALLOCATE|[6]|Bytes:10
09:21:10.1 (4855137)|USER_DEBUG|[6]|DEBUG|SUM is 200
09:21:10.1 (4862422)|STATEMENT_EXECUTE|[7]
09:21:10.1 (4867158)|HEAP_ALLOCATE|[7]|Bytes:3
09:21:10.1 (4889962)|SYSTEM_MODE_ENTER|false
09:21:10.1 (4900534)|HEAP_ALLOCATE|[7]|Bytes:5
09:21:10.1 (4909745)|METHOD_ENTRY|[7]|01p6F00000CNReJ|OopsConcepts.calculator(String, Integer, Integer)
09:21:10.1 (4921654)|VARIABLE_SCOPE_BEGIN|[21]|this|OopsConcepts|true|false
09:21:10.1 (4940903)|VARIABLE_ASSIGNMENT|[21]|this|{}|0x7f6aeefd
09:21:10.1 (4949924)|VARIABLE_SCOPE_BEGIN|[21]|operation|String|false|false
09:21:10.1 (4963470)|VARIABLE_ASSIGNMENT|[21]|operation|"DIV"
09:21:10.1 (4969932)|VARIABLE_SCOPE_BEGIN|[21]|num1|Integer|false|false
09:21:10.1 (4981753)|VARIABLE_ASSIGNMENT|[21]|num1|20
09:21:10.1 (4988336)|VARIABLE_SCOPE_BEGIN|[21]|num2|Integer|false|false
09:21:10.1 (4999752)|VARIABLE_ASSIGNMENT|[21]|num2|10
09:21:10.1 (5014150)|HEAP_ALLOCATE|[22]|Bytes:5
09:21:10.1 (5022160)|STATEMENT_EXECUTE|[21]
09:21:10.1 (5043634)|STATEMENT_EXECUTE|[32]
09:21:10.1 (5046269)|STATEMENT_EXECUTE|[33]
09:21:10.1 (5050489)|HEAP_ALLOCATE|[33]|Bytes:4
09:21:10.1 (5062547)|METHOD_EXIT|[7]|01p6F00000CNReJ|OopsConcepts.calculator(String, Integer, Integer)
09:21:10.1 (5071623)|HEAP_ALLOCATE|[7]|Bytes:4
09:21:10.1 (5078562)|SYSTEM_MODE_EXIT|false
09:21:10.1 (5105484)|HEAP_ALLOCATE|[7]|Bytes:1
09:21:10.1 (5122994)|HEAP_ALLOCATE|[7]|Bytes:8
09:21:10.1 (5136082)|USER_DEBUG|[7]|DEBUG|SUM is 2
09:21:10.1 (5152156)|STATEMENT_EXECUTE|[8]
09:21:10.1 (5158718)|HEAP_ALLOCATE|[8]|Bytes:8
09:21:10.1 (5189708)|SYSTEM_MODE_ENTER|false
09:21:10.1 (5204013)|HEAP_ALLOCATE|[8]|Bytes:5
09:21:10.1 (5218366)|METHOD_ENTRY|[8]|01p6F00000CNReJ|OopsConcepts.calculator(String, Integer, Integer)
09:21:10.1 (5236219)|VARIABLE_SCOPE_BEGIN|[21]|this|OopsConcepts|true|false
09:21:10.1 (5258132)|VARIABLE_ASSIGNMENT|[21]|this|{}|0x7f6aeefd
09:21:10.1 (5266926)|VARIABLE_SCOPE_BEGIN|[21]|operation|String|false|false
09:21:10.1 (5280687)|VARIABLE_ASSIGNMENT|[21]|operation|"division"
09:21:10.1 (5287789)|VARIABLE_SCOPE_BEGIN|[21]|num1|Integer|false|false
09:21:10.1 (5298519)|VARIABLE_ASSIGNMENT|[21]|num1|20
09:21:10.1 (5304315)|VARIABLE_SCOPE_BEGIN|[21]|num2|Integer|false|false
09:21:10.1 (5313998)|VARIABLE_ASSIGNMENT|[21]|num2|10
09:21:10.1 (5327470)|HEAP_ALLOCATE|[22]|Bytes:5
09:21:10.1 (5334322)|STATEMENT_EXECUTE|[21]
09:21:10.1 (5354020)|STATEMENT_EXECUTE|[35]
09:21:10.1 (5356737)|STATEMENT_EXECUTE|[36]
09:21:10.1 (5360841)|HEAP_ALLOCATE|[36]|Bytes:46
09:21:10.1 (5389054)|USER_DEBUG|[36]|DEBUG|The operation must be SUM or SUB or MUL or DIV
09:21:10.1 (5401198)|STATEMENT_EXECUTE|[37]
09:21:10.1 (5404102)|HEAP_ALLOCATE|[37]|Bytes:4
09:21:10.1 (5412397)|METHOD_EXIT|[8]|01p6F00000CNReJ|OopsConcepts.calculator(String, Integer, Integer)
09:21:10.1 (5417264)|HEAP_ALLOCATE|[8]|Bytes:4
09:21:10.1 (5422176)|SYSTEM_MODE_EXIT|false
09:21:10.1 (5443058)|HEAP_ALLOCATE|[8]|Bytes:1
09:21:10.1 (5454058)|HEAP_ALLOCATE|[8]|Bytes:8
09:21:10.1 (5462393)|USER_DEBUG|[8]|DEBUG|SUM is 0
09:21:10.5 (5517512)|CUMULATIVE_LIMIT_USAGE
09:21:10.5 (5517512)|LIMIT_USAGE_FOR_NS|(default)|
  Number of SOQL queries: 0 out of 100
  Number of query rows: 0 out of 50000
  Number of SOSL queries: 0 out of 20
  Number of DML statements: 0 out of 150
  Number of DML rows: 0 out of 10000
  Maximum CPU time: 0 out of 10000
  Maximum heap size: 0 out of 6000000
  Number of callouts: 0 out of 100
  Number of Email Invocations: 0 out of 10
  Number of future calls: 0 out of 50
  Number of queueable jobs added to the queue: 0 out of 50
  Number of Mobile Apex push calls: 0 out of 10

09:21:10.5 (5517512)|CUMULATIVE_LIMIT_USAGE_END

09:21:10.1 (5571309)|CODE_UNIT_FINISHED|execute_anonymous_apex
09:21:10.1 (6474386)|EXECUTION_FINISHED
