43.0 APEX_CODE,FINEST;APEX_PROFILING,INFO;CALLOUT,INFO;DB,INFO;NBA,INFO;SYSTEM,DEBUG;VALIDATION,INFO;VISUALFORCE,INFO;WAVE,INFO;WORKFLOW,INFO
Execute Anonymous: Student s = new Subject();
Execute Anonymous: s.whoAmI();
09:46:44.1 (1658842)|USER_INFO|[EXTERNAL]|0056F000009ROqM|swaraj@espl.com|Pacific Standard Time|GMT-07:00
09:46:44.1 (1684237)|EXECUTION_STARTED
09:46:44.1 (1690200)|CODE_UNIT_STARTED|[EXTERNAL]|execute_anonymous_apex
09:46:44.1 (14036919)|VARIABLE_SCOPE_BEGIN|[2]|Student.college|String|false|true
09:46:44.1 (14136350)|VARIABLE_SCOPE_BEGIN|[1]|s|Student|true|false
09:46:44.1 (14313323)|HEAP_ALLOCATE|[72]|Bytes:3
09:46:44.1 (14361590)|HEAP_ALLOCATE|[77]|Bytes:152
09:46:44.1 (14378517)|HEAP_ALLOCATE|[342]|Bytes:408
09:46:44.1 (14392371)|HEAP_ALLOCATE|[355]|Bytes:408
09:46:44.1 (14405379)|HEAP_ALLOCATE|[467]|Bytes:48
09:46:44.1 (14434327)|HEAP_ALLOCATE|[139]|Bytes:6
09:46:44.1 (14460436)|HEAP_ALLOCATE|[EXTERNAL]|Bytes:3
09:46:44.1 (14510062)|STATEMENT_EXECUTE|[1]
09:46:44.1 (14537579)|STATEMENT_EXECUTE|[1]
09:46:44.1 (18092937)|HEAP_ALLOCATE|[1]|Bytes:3
09:46:44.1 (18108884)|HEAP_ALLOCATE|[1]|Bytes:3
09:46:44.1 (18144079)|METHOD_ENTRY|[1]|01p6F00000CNRn3|Subject.Subject()
09:46:44.1 (18152439)|STATEMENT_EXECUTE|[1]
09:46:44.1 (18157340)|STATEMENT_EXECUTE|[1]
09:46:44.1 (18163692)|METHOD_EXIT|[1]|Subject
09:46:44.1 (18185567)|HEAP_ALLOCATE|[1]|Bytes:4
09:46:44.1 (18255721)|HEAP_ALLOCATE|[50]|Bytes:5
09:46:44.1 (18296008)|HEAP_ALLOCATE|[56]|Bytes:5
09:46:44.1 (18307882)|HEAP_ALLOCATE|[64]|Bytes:7
09:46:44.1 (18334511)|SYSTEM_MODE_ENTER|false
09:46:44.1 (18359224)|HEAP_ALLOCATE|[1]|Bytes:5
09:46:44.1 (18385158)|CONSTRUCTOR_ENTRY|[1]|01p6F00000CNRn3|<init>()|Subject
09:46:44.1 (18427469)|VARIABLE_SCOPE_BEGIN|[2]|this|Subject|true|false
09:46:44.1 (18516756)|VARIABLE_ASSIGNMENT|[2]|this|{}|0x2ae933bf
09:46:44.1 (18538377)|STATEMENT_EXECUTE|[1]
09:46:44.1 (18549466)|HEAP_ALLOCATE|[2]|Bytes:3
09:46:44.1 (18560202)|HEAP_ALLOCATE|[2]|Bytes:1
09:46:44.1 (18566730)|HEAP_ALLOCATE|[2]|Bytes:8
09:46:44.1 (18590675)|VARIABLE_ASSIGNMENT|[2]|Student.college|"K K Wagh"
09:46:44.1 (18610718)|METHOD_ENTRY|[1]|01p6F00000CNRmo|Student.Student()
09:46:44.1 (18619605)|STATEMENT_EXECUTE|[1]
09:46:44.1 (18624079)|STATEMENT_EXECUTE|[1]
09:46:44.1 (18630563)|METHOD_EXIT|[1]|Student
09:46:44.1 (18643340)|CONSTRUCTOR_ENTRY|[2]|01p6F00000CNRmo|<init>()|Student
09:46:44.1 (18693573)|VARIABLE_SCOPE_BEGIN|[3]|this|Student|true|false
09:46:44.1 (18715604)|VARIABLE_ASSIGNMENT|[3]|this|{}|0x2ae933bf
09:46:44.1 (18723537)|STATEMENT_EXECUTE|[1]
09:46:44.1 (18731353)|HEAP_ALLOCATE|[EXTERNAL]|Bytes:6
09:46:44.1 (18769099)|STATEMENT_EXECUTE|[3]
09:46:44.1 (18775257)|CONSTRUCTOR_EXIT|[2]|01p6F00000CNRmo|<init>()|Student
09:46:44.1 (18783098)|STATEMENT_EXECUTE|[2]
09:46:44.1 (18786199)|CONSTRUCTOR_EXIT|[1]|01p6F00000CNRn3|<init>()|Subject
09:46:44.1 (18796579)|SYSTEM_MODE_EXIT|false
09:46:44.1 (18822498)|VARIABLE_ASSIGNMENT|[1]|s|{}|0x2ae933bf
09:46:44.1 (18829437)|STATEMENT_EXECUTE|[2]
09:46:44.1 (18871007)|SYSTEM_MODE_ENTER|false
09:46:44.1 (18885388)|HEAP_ALLOCATE|[2]|Bytes:5
09:46:44.1 (18923873)|METHOD_ENTRY|[2]|01p6F00000CNRn3|Subject.whoAmI()
09:46:44.1 (18959435)|VARIABLE_SCOPE_BEGIN|[5]|this|Subject|true|false
09:46:44.1 (18979241)|VARIABLE_ASSIGNMENT|[5]|this|{}|0x2ae933bf
09:46:44.1 (18989300)|STATEMENT_EXECUTE|[5]
09:46:44.1 (18991351)|STATEMENT_EXECUTE|[6]
09:46:44.1 (18995380)|HEAP_ALLOCATE|[6]|Bytes:9
09:46:44.1 (19017628)|HEAP_ALLOCATE|[6]|Bytes:17
09:46:44.1 (19210319)|USER_DEBUG|[6]|DEBUG|College: K K Wagh
09:46:44.1 (19233257)|STATEMENT_EXECUTE|[7]
09:46:44.1 (19238526)|HEAP_ALLOCATE|[7]|Bytes:22
09:46:44.1 (19259187)|USER_DEBUG|[7]|DEBUG|This is Subject class!
09:46:44.1 (19270398)|METHOD_EXIT|[2]|01p6F00000CNRn3|Subject.whoAmI()
09:46:44.1 (19280070)|SYSTEM_MODE_EXIT|false
09:46:44.19 (19320648)|CUMULATIVE_LIMIT_USAGE
09:46:44.19 (19320648)|LIMIT_USAGE_FOR_NS|(default)|
  Number of SOQL queries: 0 out of 100
  Number of query rows: 0 out of 50000
  Number of SOSL queries: 0 out of 20
  Number of DML statements: 0 out of 150
  Number of DML rows: 0 out of 10000
  Maximum CPU time: 0 out of 10000
  Maximum heap size: 0 out of 6000000
  Number of callouts: 0 out of 100
  Number of Email Invocations: 0 out of 10
  Number of future calls: 0 out of 50
  Number of queueable jobs added to the queue: 0 out of 50
  Number of Mobile Apex push calls: 0 out of 10

09:46:44.19 (19320648)|CUMULATIVE_LIMIT_USAGE_END

09:46:44.1 (19363448)|CODE_UNIT_FINISHED|execute_anonymous_apex
09:46:44.1 (20252033)|EXECUTION_FINISHED
