43.0 APEX_CODE,FINEST;APEX_PROFILING,INFO;CALLOUT,INFO;DB,INFO;NBA,INFO;SYSTEM,DEBUG;VALIDATION,INFO;VISUALFORCE,INFO;WAVE,INFO;WORKFLOW,INFO
Execute Anonymous: BasicProgramming obj = new BasicProgramming();
Execute Anonymous: String result = obj.determineEvenOdd(9);
Execute Anonymous: //System.debug('Number is: '+ result);
Execute Anonymous: //obj.printArray(10);
Execute Anonymous: Integer[] inputArray = new Integer[]{20,5,15,10};
Execute Anonymous: obj.arrayOperations(inputArray);
07:08:04.1 (1587545)|USER_INFO|[EXTERNAL]|0056F000009ROqM|swaraj@espl.com|Pacific Standard Time|GMT-07:00
07:08:04.1 (1610452)|EXECUTION_STARTED
07:08:04.1 (1617246)|CODE_UNIT_STARTED|[EXTERNAL]|execute_anonymous_apex
07:08:04.1 (1814660)|VARIABLE_SCOPE_BEGIN|[5]|inputArray|List<Integer>|true|false
07:08:04.1 (11560359)|VARIABLE_SCOPE_BEGIN|[1]|obj|BasicProgramming|true|false
07:08:04.1 (11601407)|VARIABLE_SCOPE_BEGIN|[2]|result|String|false|false
07:08:04.1 (11735420)|HEAP_ALLOCATE|[72]|Bytes:3
07:08:04.1 (11782710)|HEAP_ALLOCATE|[77]|Bytes:152
07:08:04.1 (11796727)|HEAP_ALLOCATE|[342]|Bytes:408
07:08:04.1 (11808815)|HEAP_ALLOCATE|[355]|Bytes:408
07:08:04.1 (11818954)|HEAP_ALLOCATE|[467]|Bytes:48
07:08:04.1 (11844147)|HEAP_ALLOCATE|[139]|Bytes:6
07:08:04.1 (11867895)|HEAP_ALLOCATE|[EXTERNAL]|Bytes:7
07:08:04.1 (11917244)|STATEMENT_EXECUTE|[1]
07:08:04.1 (11920711)|STATEMENT_EXECUTE|[1]
07:08:04.1 (11925300)|HEAP_ALLOCATE|[1]|Bytes:11
07:08:04.1 (11931049)|HEAP_ALLOCATE|[1]|Bytes:20
07:08:04.1 (11979210)|METHOD_ENTRY|[9]|01p6F00000CNPHj|BasicProgramming.BasicProgramming()
07:08:04.1 (11989869)|STATEMENT_EXECUTE|[9]
07:08:04.1 (11993144)|STATEMENT_EXECUTE|[9]
07:08:04.1 (12030135)|HEAP_ALLOCATE|[50]|Bytes:5
07:08:04.1 (12055587)|HEAP_ALLOCATE|[56]|Bytes:5
07:08:04.1 (12064628)|HEAP_ALLOCATE|[64]|Bytes:7
07:08:04.1 (12084377)|SYSTEM_MODE_ENTER|false
07:08:04.1 (12099921)|HEAP_ALLOCATE|[1]|Bytes:5
07:08:04.1 (12109135)|SYSTEM_MODE_EXIT|false
07:08:04.1 (12122168)|METHOD_EXIT|[9]|BasicProgramming
07:08:04.1 (12138365)|HEAP_ALLOCATE|[1]|Bytes:4
07:08:04.1 (12162953)|SYSTEM_MODE_ENTER|false
07:08:04.1 (12176755)|HEAP_ALLOCATE|[1]|Bytes:5
07:08:04.1 (12241880)|CONSTRUCTOR_ENTRY|[1]|01p6F00000CNPHj|<init>()|BasicProgramming
07:08:04.1 (12416717)|VARIABLE_SCOPE_BEGIN|[11]|this|BasicProgramming|true|false
07:08:04.1 (12502771)|VARIABLE_ASSIGNMENT|[11]|this|{}|0x4d3b7b5a
07:08:04.1 (12518200)|HEAP_ALLOCATE|[EXTERNAL]|Bytes:5
07:08:04.1 (12524534)|STATEMENT_EXECUTE|[9]
07:08:04.1 (12527799)|HEAP_ALLOCATE|[EXTERNAL]|Bytes:5
07:08:04.1 (12537884)|HEAP_ALLOCATE|[EXTERNAL]|Bytes:6
07:08:04.1 (12578656)|STATEMENT_EXECUTE|[11]
07:08:04.1 (12609191)|CONSTRUCTOR_EXIT|[1]|01p6F00000CNPHj|<init>()|BasicProgramming
07:08:04.1 (12626392)|SYSTEM_MODE_EXIT|false
07:08:04.1 (12704124)|VARIABLE_ASSIGNMENT|[1]|obj|{}|0x4d3b7b5a
07:08:04.1 (12717806)|STATEMENT_EXECUTE|[2]
07:08:04.1 (12755657)|SYSTEM_MODE_ENTER|false
07:08:04.1 (12766828)|HEAP_ALLOCATE|[2]|Bytes:5
07:08:04.1 (12804300)|METHOD_ENTRY|[2]|01p6F00000CNPHj|BasicProgramming.determineEvenOdd(Integer)
07:08:04.1 (12825299)|VARIABLE_SCOPE_BEGIN|[16]|this|BasicProgramming|true|false
07:08:04.1 (12848098)|VARIABLE_ASSIGNMENT|[16]|this|{}|0x4d3b7b5a
07:08:04.1 (12857248)|VARIABLE_SCOPE_BEGIN|[16]|number1|Integer|false|false
07:08:04.1 (12869394)|VARIABLE_ASSIGNMENT|[16]|number1|9
07:08:04.1 (12892958)|HEAP_ALLOCATE|[17]|Bytes:5
07:08:04.1 (12898543)|STATEMENT_EXECUTE|[16]
07:08:04.1 (12900548)|STATEMENT_EXECUTE|[17]
07:08:04.1 (12947400)|VARIABLE_SCOPE_BEGIN|[2]|System.Math.E|Double|false|true
07:08:04.1 (12956230)|VARIABLE_SCOPE_BEGIN|[3]|System.Math.PI|Double|false|true
07:08:04.1 (12970273)|HEAP_ALLOCATE|[17]|Bytes:206
07:08:04.1 (12986684)|SYSTEM_METHOD_ENTRY|[1]|Math.Math()
07:08:04.1 (12992311)|STATEMENT_EXECUTE|[1]
07:08:04.1 (13070641)|SYSTEM_METHOD_EXIT|[1]|Math
07:08:04.1 (13096597)|METHOD_ENTRY|[17]||System.Math.mod(Integer, Integer)
07:08:04.1 (13193107)|METHOD_EXIT|[17]||System.Math.mod(Integer, Integer)
07:08:04.1 (13201182)|HEAP_ALLOCATE|[17]|Bytes:3
07:08:04.1 (13211746)|METHOD_EXIT|[2]|01p6F00000CNPHj|BasicProgramming.determineEvenOdd(Integer)
07:08:04.1 (13220844)|SYSTEM_MODE_EXIT|false
07:08:04.1 (13261567)|VARIABLE_ASSIGNMENT|[2]|result|"Odd"
07:08:04.1 (13272338)|STATEMENT_EXECUTE|[5]
07:08:04.1 (13294288)|HEAP_ALLOCATE|[5]|Bytes:4
07:08:04.1 (13353403)|HEAP_ALLOCATE|[5]|Bytes:4
07:08:04.1 (13360851)|HEAP_ALLOCATE|[5]|Bytes:4
07:08:04.1 (13364963)|HEAP_ALLOCATE|[5]|Bytes:4
07:08:04.1 (13368237)|HEAP_ALLOCATE|[5]|Bytes:4
07:08:04.1 (13401812)|HEAP_ALLOCATE|[EXTERNAL]|Bytes:20
07:08:04.1 (13422909)|VARIABLE_ASSIGNMENT|[5]|inputArray|[20,5,15,10]|0x56dd936
07:08:04.1 (13429992)|STATEMENT_EXECUTE|[6]
07:08:04.1 (13455511)|SYSTEM_MODE_ENTER|false
07:08:04.1 (13466941)|HEAP_ALLOCATE|[6]|Bytes:5
07:08:04.1 (13483599)|METHOD_ENTRY|[6]|01p6F00000CNPHj|BasicProgramming.arrayOperations(List<Integer>)
07:08:04.1 (13512003)|VARIABLE_SCOPE_BEGIN|[46]|this|BasicProgramming|true|false
07:08:04.1 (13536592)|VARIABLE_ASSIGNMENT|[46]|this|{}|0x4d3b7b5a
07:08:04.1 (13546618)|VARIABLE_SCOPE_BEGIN|[46]|inputArray|List<Integer>|true|false
07:08:04.1 (13560310)|VARIABLE_ASSIGNMENT|[46]|inputArray|[20,5,15,10]|0x56dd936
07:08:04.1 (13572462)|HEAP_ALLOCATE|[48]|Bytes:5
07:08:04.1 (13577823)|STATEMENT_EXECUTE|[46]
07:08:04.1 (13579631)|STATEMENT_EXECUTE|[48]
07:08:04.1 (13723377)|STATEMENT_EXECUTE|[51]
07:08:04.1 (13728458)|HEAP_ALLOCATE|[51]|Bytes:16
07:08:04.1 (13790949)|USER_DEBUG|[51]|DEBUG|Assending oreder
07:08:04.1 (13804133)|STATEMENT_EXECUTE|[52]
07:08:04.1 (13808872)|VARIABLE_SCOPE_BEGIN|[52]|i|Integer|false|false
07:08:04.1 (13818252)|HEAP_ALLOCATE|[52]|Bytes:4
07:08:04.1 (13829170)|VARIABLE_ASSIGNMENT|[52]|i|0
07:08:04.1 (13854919)|STATEMENT_EXECUTE|[52]
07:08:04.1 (13856761)|STATEMENT_EXECUTE|[53]
07:08:04.1 (13859564)|HEAP_ALLOCATE|[53]|Bytes:17
07:08:04.1 (13900186)|HEAP_ALLOCATE|[53]|Bytes:1
07:08:04.1 (13911755)|HEAP_ALLOCATE|[53]|Bytes:2
07:08:04.1 (13921139)|HEAP_ALLOCATE|[53]|Bytes:8
07:08:04.1 (13934343)|HEAP_ALLOCATE|[53]|Bytes:1
07:08:04.1 (13948759)|HEAP_ALLOCATE|[53]|Bytes:21
07:08:04.1 (13958883)|USER_DEBUG|[53]|DEBUG|Array element at 0is5
07:08:04.1 (13968284)|HEAP_ALLOCATE|[52]|Bytes:4
07:08:04.1 (13976343)|VARIABLE_ASSIGNMENT|[52]|i|1
07:08:04.1 (13989741)|STATEMENT_EXECUTE|[52]
07:08:04.1 (13991498)|STATEMENT_EXECUTE|[53]
07:08:04.1 (13999849)|HEAP_ALLOCATE|[53]|Bytes:1
07:08:04.1 (14009819)|HEAP_ALLOCATE|[53]|Bytes:8
07:08:04.1 (14019690)|HEAP_ALLOCATE|[53]|Bytes:2
07:08:04.1 (14028542)|HEAP_ALLOCATE|[53]|Bytes:22
07:08:04.1 (14035598)|USER_DEBUG|[53]|DEBUG|Array element at 1is10
07:08:04.1 (14042782)|HEAP_ALLOCATE|[52]|Bytes:4
07:08:04.1 (14049785)|VARIABLE_ASSIGNMENT|[52]|i|2
07:08:04.1 (14061575)|STATEMENT_EXECUTE|[52]
07:08:04.1 (14063149)|STATEMENT_EXECUTE|[53]
07:08:04.1 (14070743)|HEAP_ALLOCATE|[53]|Bytes:1
07:08:04.1 (14080049)|HEAP_ALLOCATE|[53]|Bytes:8
07:08:04.1 (14089410)|HEAP_ALLOCATE|[53]|Bytes:2
07:08:04.1 (14098384)|HEAP_ALLOCATE|[53]|Bytes:22
07:08:04.1 (14104974)|USER_DEBUG|[53]|DEBUG|Array element at 2is15
07:08:04.1 (14111165)|HEAP_ALLOCATE|[52]|Bytes:4
07:08:04.1 (14117533)|VARIABLE_ASSIGNMENT|[52]|i|3
07:08:04.1 (14127838)|STATEMENT_EXECUTE|[52]
07:08:04.1 (14129356)|STATEMENT_EXECUTE|[53]
07:08:04.1 (14137182)|HEAP_ALLOCATE|[53]|Bytes:1
07:08:04.1 (14146917)|HEAP_ALLOCATE|[53]|Bytes:8
07:08:04.1 (14155872)|HEAP_ALLOCATE|[53]|Bytes:2
07:08:04.1 (14164943)|HEAP_ALLOCATE|[53]|Bytes:22
07:08:04.1 (14171434)|USER_DEBUG|[53]|DEBUG|Array element at 3is20
07:08:04.1 (14178823)|HEAP_ALLOCATE|[52]|Bytes:4
07:08:04.1 (14185270)|VARIABLE_ASSIGNMENT|[52]|i|4
07:08:04.1 (14197221)|STATEMENT_EXECUTE|[57]
07:08:04.1 (14199529)|HEAP_ALLOCATE|[57]|Bytes:17
07:08:04.1 (14215100)|USER_DEBUG|[57]|DEBUG|Descending oreder
07:08:04.1 (14223586)|STATEMENT_EXECUTE|[58]
07:08:04.1 (14239511)|VARIABLE_SCOPE_BEGIN|[58]|i|Integer|false|false
07:08:04.1 (14247873)|HEAP_ALLOCATE|[58]|Bytes:4
07:08:04.1 (14255363)|VARIABLE_ASSIGNMENT|[58]|i|3
07:08:04.1 (14261209)|STATEMENT_EXECUTE|[58]
07:08:04.1 (14262681)|STATEMENT_EXECUTE|[59]
07:08:04.1 (14281758)|HEAP_ALLOCATE|[59]|Bytes:1
07:08:04.1 (14294681)|HEAP_ALLOCATE|[59]|Bytes:8
07:08:04.1 (14304885)|HEAP_ALLOCATE|[59]|Bytes:2
07:08:04.1 (14314789)|HEAP_ALLOCATE|[59]|Bytes:22
07:08:04.1 (14324127)|USER_DEBUG|[59]|DEBUG|Array element at 3is20
07:08:04.1 (14332462)|HEAP_ALLOCATE|[58]|Bytes:4
07:08:04.1 (14339525)|VARIABLE_ASSIGNMENT|[58]|i|2
07:08:04.1 (14345463)|STATEMENT_EXECUTE|[58]
07:08:04.1 (14347007)|STATEMENT_EXECUTE|[59]
07:08:04.1 (14354880)|HEAP_ALLOCATE|[59]|Bytes:1
07:08:04.1 (14364695)|HEAP_ALLOCATE|[59]|Bytes:8
07:08:04.1 (14373545)|HEAP_ALLOCATE|[59]|Bytes:2
07:08:04.1 (14382114)|HEAP_ALLOCATE|[59]|Bytes:22
07:08:04.1 (14388777)|USER_DEBUG|[59]|DEBUG|Array element at 2is15
07:08:04.1 (14396135)|HEAP_ALLOCATE|[58]|Bytes:4
07:08:04.1 (14402846)|VARIABLE_ASSIGNMENT|[58]|i|1
07:08:04.1 (14407904)|STATEMENT_EXECUTE|[58]
07:08:04.1 (14409369)|STATEMENT_EXECUTE|[59]
07:08:04.1 (14417026)|HEAP_ALLOCATE|[59]|Bytes:1
07:08:04.1 (14426445)|HEAP_ALLOCATE|[59]|Bytes:8
07:08:04.1 (14435429)|HEAP_ALLOCATE|[59]|Bytes:2
07:08:04.1 (14443713)|HEAP_ALLOCATE|[59]|Bytes:22
07:08:04.1 (14450638)|USER_DEBUG|[59]|DEBUG|Array element at 1is10
07:08:04.1 (14458114)|HEAP_ALLOCATE|[58]|Bytes:4
07:08:04.1 (14464604)|VARIABLE_ASSIGNMENT|[58]|i|0
07:08:04.1 (14469540)|STATEMENT_EXECUTE|[58]
07:08:04.1 (14471208)|STATEMENT_EXECUTE|[59]
07:08:04.1 (14478688)|HEAP_ALLOCATE|[59]|Bytes:1
07:08:04.1 (14487985)|HEAP_ALLOCATE|[59]|Bytes:8
07:08:04.1 (14496311)|HEAP_ALLOCATE|[59]|Bytes:1
07:08:04.1 (14504990)|HEAP_ALLOCATE|[59]|Bytes:21
07:08:04.1 (14511126)|USER_DEBUG|[59]|DEBUG|Array element at 0is5
07:08:04.1 (14518235)|HEAP_ALLOCATE|[58]|Bytes:4
07:08:04.1 (14524310)|VARIABLE_ASSIGNMENT|[58]|i|-1
07:08:04.1 (14530305)|STATEMENT_EXECUTE|[63]
07:08:04.1 (14532777)|VARIABLE_SCOPE_BEGIN|[63]|maxValue|Integer|false|false
07:08:04.1 (14540447)|HEAP_ALLOCATE|[63]|Bytes:4
07:08:04.1 (14545699)|VARIABLE_ASSIGNMENT|[63]|maxValue|0
07:08:04.1 (14618282)|HEAP_ALLOCATE|[64]|Bytes:5
07:08:04.1 (14647702)|HEAP_ALLOCATE|[64]|Bytes:8
07:08:04.1 (14656094)|VARIABLE_SCOPE_BEGIN|[64]|value|Integer|false|false
07:08:04.1 (14667729)|VARIABLE_ASSIGNMENT|[64]|value|5
07:08:04.1 (14673840)|STATEMENT_EXECUTE|[64]
07:08:04.1 (14677350)|STATEMENT_EXECUTE|[65]
07:08:04.1 (14679379)|STATEMENT_EXECUTE|[66]
07:08:04.1 (14683557)|VARIABLE_ASSIGNMENT|[66]|maxValue|5
07:08:04.1 (14694335)|HEAP_ALLOCATE|[64]|Bytes:5
07:08:04.1 (14702109)|HEAP_ALLOCATE|[64]|Bytes:8
07:08:04.1 (14707506)|VARIABLE_SCOPE_BEGIN|[64]|value|Integer|false|false
07:08:04.1 (14717387)|VARIABLE_ASSIGNMENT|[64]|value|10
07:08:04.1 (14722144)|STATEMENT_EXECUTE|[64]
07:08:04.1 (14724535)|STATEMENT_EXECUTE|[65]
07:08:04.1 (14725985)|STATEMENT_EXECUTE|[66]
07:08:04.1 (14729691)|VARIABLE_ASSIGNMENT|[66]|maxValue|10
07:08:04.1 (14742323)|HEAP_ALLOCATE|[64]|Bytes:5
07:08:04.1 (14750743)|HEAP_ALLOCATE|[64]|Bytes:8
07:08:04.1 (14756206)|VARIABLE_SCOPE_BEGIN|[64]|value|Integer|false|false
07:08:04.1 (14765602)|VARIABLE_ASSIGNMENT|[64]|value|15
07:08:04.1 (14770863)|STATEMENT_EXECUTE|[64]
07:08:04.1 (14773134)|STATEMENT_EXECUTE|[65]
07:08:04.1 (14774567)|STATEMENT_EXECUTE|[66]
07:08:04.1 (14778217)|VARIABLE_ASSIGNMENT|[66]|maxValue|15
07:08:04.1 (14785777)|HEAP_ALLOCATE|[64]|Bytes:5
07:08:04.1 (14793390)|HEAP_ALLOCATE|[64]|Bytes:8
07:08:04.1 (14797836)|VARIABLE_SCOPE_BEGIN|[64]|value|Integer|false|false
07:08:04.1 (14806717)|VARIABLE_ASSIGNMENT|[64]|value|20
07:08:04.1 (14811389)|STATEMENT_EXECUTE|[64]
07:08:04.1 (14813565)|STATEMENT_EXECUTE|[65]
07:08:04.1 (14814984)|STATEMENT_EXECUTE|[66]
07:08:04.1 (14818648)|VARIABLE_ASSIGNMENT|[66]|maxValue|20
07:08:04.1 (14826260)|HEAP_ALLOCATE|[64]|Bytes:5
07:08:04.1 (14836101)|VARIABLE_ASSIGNMENT|[64]|value|null
07:08:04.1 (14841233)|STATEMENT_EXECUTE|[69]
07:08:04.1 (14845344)|HEAP_ALLOCATE|[69]|Bytes:5
07:08:04.1 (14881055)|HEAP_ALLOCATE|[69]|Bytes:2
07:08:04.1 (14903794)|HEAP_ALLOCATE|[69]|Bytes:7
07:08:04.1 (14920169)|USER_DEBUG|[69]|DEBUG|Max: 20
07:08:04.1 (14942780)|METHOD_EXIT|[6]|01p6F00000CNPHj|BasicProgramming.arrayOperations(List<Integer>)
07:08:04.1 (14958038)|SYSTEM_MODE_EXIT|false
07:08:04.15 (15004291)|CUMULATIVE_LIMIT_USAGE
07:08:04.15 (15004291)|LIMIT_USAGE_FOR_NS|(default)|
  Number of SOQL queries: 0 out of 100
  Number of query rows: 0 out of 50000
  Number of SOSL queries: 0 out of 20
  Number of DML statements: 0 out of 150
  Number of DML rows: 0 out of 10000
  Maximum CPU time: 0 out of 10000
  Maximum heap size: 0 out of 6000000
  Number of callouts: 0 out of 100
  Number of Email Invocations: 0 out of 10
  Number of future calls: 0 out of 50
  Number of queueable jobs added to the queue: 0 out of 50
  Number of Mobile Apex push calls: 0 out of 10

07:08:04.15 (15004291)|CUMULATIVE_LIMIT_USAGE_END

07:08:04.1 (15060082)|CODE_UNIT_FINISHED|execute_anonymous_apex
07:08:04.1 (16327281)|EXECUTION_FINISHED
