43.0 APEX_CODE,FINEST;APEX_PROFILING,INFO;CALLOUT,INFO;DB,INFO;NBA,INFO;SYSTEM,DEBUG;VALIDATION,INFO;VISUALFORCE,INFO;WAVE,INFO;WORKFLOW,INFO
Execute Anonymous: OopsConcepts obj = new OopsConcepts();
Execute Anonymous: OopsConcepts obj1 = new OopsConcepts(5);
08:48:34.1 (1103193)|USER_INFO|[EXTERNAL]|0056F000009ROqM|swaraj@espl.com|Pacific Standard Time|GMT-07:00
08:48:34.1 (1123564)|EXECUTION_STARTED
08:48:34.1 (1127070)|CODE_UNIT_STARTED|[EXTERNAL]|execute_anonymous_apex
08:48:34.1 (2180162)|VARIABLE_SCOPE_BEGIN|[1]|obj|OopsConcepts|true|false
08:48:34.1 (2256853)|VARIABLE_SCOPE_BEGIN|[2]|obj1|OopsConcepts|true|false
08:48:34.1 (2404294)|HEAP_ALLOCATE|[72]|Bytes:3
08:48:34.1 (2445205)|HEAP_ALLOCATE|[77]|Bytes:152
08:48:34.1 (2459461)|HEAP_ALLOCATE|[342]|Bytes:408
08:48:34.1 (2471530)|HEAP_ALLOCATE|[355]|Bytes:408
08:48:34.1 (2482571)|HEAP_ALLOCATE|[467]|Bytes:48
08:48:34.1 (2507905)|HEAP_ALLOCATE|[139]|Bytes:6
08:48:34.1 (2529490)|HEAP_ALLOCATE|[EXTERNAL]|Bytes:3
08:48:34.1 (2571577)|STATEMENT_EXECUTE|[1]
08:48:34.1 (2574064)|STATEMENT_EXECUTE|[1]
08:48:34.1 (2577059)|HEAP_ALLOCATE|[1]|Bytes:3
08:48:34.1 (2582382)|HEAP_ALLOCATE|[1]|Bytes:3
08:48:34.1 (2623374)|METHOD_ENTRY|[1]|01p6F00000CNReJ|OopsConcepts.OopsConcepts()
08:48:34.1 (2629994)|STATEMENT_EXECUTE|[1]
08:48:34.1 (2633250)|STATEMENT_EXECUTE|[1]
08:48:34.1 (2668612)|HEAP_ALLOCATE|[50]|Bytes:5
08:48:34.1 (2688753)|HEAP_ALLOCATE|[56]|Bytes:5
08:48:34.1 (2696841)|HEAP_ALLOCATE|[64]|Bytes:7
08:48:34.1 (2714666)|SYSTEM_MODE_ENTER|false
08:48:34.1 (2727154)|HEAP_ALLOCATE|[1]|Bytes:5
08:48:34.1 (2737540)|SYSTEM_MODE_EXIT|false
08:48:34.1 (2756995)|METHOD_EXIT|[1]|OopsConcepts
08:48:34.1 (2770396)|HEAP_ALLOCATE|[1]|Bytes:4
08:48:34.1 (2792525)|SYSTEM_MODE_ENTER|false
08:48:34.1 (2805082)|HEAP_ALLOCATE|[1]|Bytes:5
08:48:34.1 (2830944)|CONSTRUCTOR_ENTRY|[1]|01p6F00000CNReJ|<init>()|OopsConcepts
08:48:34.1 (2859708)|VARIABLE_SCOPE_BEGIN|[2]|this|OopsConcepts|true|false
08:48:34.1 (2895383)|VARIABLE_ASSIGNMENT|[2]|this|{}|0x144f06e3
08:48:34.1 (2906975)|HEAP_ALLOCATE|[3]|Bytes:5
08:48:34.1 (2911073)|STATEMENT_EXECUTE|[1]
08:48:34.1 (2913791)|HEAP_ALLOCATE|[3]|Bytes:5
08:48:34.1 (2922144)|HEAP_ALLOCATE|[3]|Bytes:6
08:48:34.1 (2951802)|STATEMENT_EXECUTE|[2]
08:48:34.1 (2953726)|STATEMENT_EXECUTE|[3]
08:48:34.1 (2956429)|HEAP_ALLOCATE|[3]|Bytes:28
08:48:34.1 (3033481)|USER_DEBUG|[3]|DEBUG|This is Default Constructor!
08:48:34.1 (3077641)|CONSTRUCTOR_EXIT|[1]|01p6F00000CNReJ|<init>()|OopsConcepts
08:48:34.1 (3091795)|SYSTEM_MODE_EXIT|false
08:48:34.1 (3112877)|VARIABLE_ASSIGNMENT|[1]|obj|{}|0x144f06e3
08:48:34.1 (3119771)|STATEMENT_EXECUTE|[2]
08:48:34.1 (3123866)|HEAP_ALLOCATE|[2]|Bytes:4
08:48:34.1 (3144692)|SYSTEM_MODE_ENTER|false
08:48:34.1 (3155412)|HEAP_ALLOCATE|[2]|Bytes:5
08:48:34.1 (3302959)|CONSTRUCTOR_ENTRY|[2]|01p6F00000CNReJ|<init>(Integer)|OopsConcepts
08:48:34.1 (3324000)|VARIABLE_SCOPE_BEGIN|[5]|this|OopsConcepts|true|false
08:48:34.1 (3339678)|VARIABLE_ASSIGNMENT|[5]|this|{}|0x77515d02
08:48:34.1 (3346811)|VARIABLE_SCOPE_BEGIN|[5]|param|Integer|false|false
08:48:34.1 (3356460)|VARIABLE_ASSIGNMENT|[5]|param|5
08:48:34.1 (3366230)|HEAP_ALLOCATE|[6]|Bytes:5
08:48:34.1 (3370292)|STATEMENT_EXECUTE|[1]
08:48:34.1 (3373001)|HEAP_ALLOCATE|[6]|Bytes:5
08:48:34.1 (3387447)|STATEMENT_EXECUTE|[5]
08:48:34.1 (3389175)|STATEMENT_EXECUTE|[6]
08:48:34.1 (3391809)|HEAP_ALLOCATE|[6]|Bytes:34
08:48:34.1 (3411919)|USER_DEBUG|[6]|DEBUG|This is Parameterised Constructor!
08:48:34.1 (3664750)|CONSTRUCTOR_EXIT|[2]|01p6F00000CNReJ|<init>(Integer)|OopsConcepts
08:48:34.1 (3678271)|SYSTEM_MODE_EXIT|false
08:48:34.1 (3698550)|VARIABLE_ASSIGNMENT|[2]|obj1|{}|0x77515d02
08:48:34.3 (3737897)|CUMULATIVE_LIMIT_USAGE
08:48:34.3 (3737897)|LIMIT_USAGE_FOR_NS|(default)|
  Number of SOQL queries: 0 out of 100
  Number of query rows: 0 out of 50000
  Number of SOSL queries: 0 out of 20
  Number of DML statements: 0 out of 150
  Number of DML rows: 0 out of 10000
  Maximum CPU time: 0 out of 10000
  Maximum heap size: 0 out of 6000000
  Number of callouts: 0 out of 100
  Number of Email Invocations: 0 out of 10
  Number of future calls: 0 out of 50
  Number of queueable jobs added to the queue: 0 out of 50
  Number of Mobile Apex push calls: 0 out of 10

08:48:34.3 (3737897)|CUMULATIVE_LIMIT_USAGE_END

08:48:34.1 (3788271)|CODE_UNIT_FINISHED|execute_anonymous_apex
08:48:34.1 (4571144)|EXECUTION_FINISHED
