43.0 APEX_CODE,FINEST;APEX_PROFILING,INFO;CALLOUT,INFO;DB,INFO;NBA,INFO;SYSTEM,DEBUG;VALIDATION,INFO;VISUALFORCE,INFO;WAVE,INFO;WORKFLOW,INFO
Execute Anonymous: BasicProgramming obj = new BasicProgramming();
Execute Anonymous: String result = obj.determineEvenOdd(9);
Execute Anonymous: //System.debug('Number is: '+ result);
Execute Anonymous: obj.printArray(10);
06:25:45.34 (34512199)|USER_INFO|[EXTERNAL]|0056F000009ROqM|swaraj@espl.com|Pacific Standard Time|GMT-07:00
06:25:45.34 (34536143)|EXECUTION_STARTED
06:25:45.34 (34540111)|CODE_UNIT_STARTED|[EXTERNAL]|execute_anonymous_apex
06:25:45.34 (35934638)|VARIABLE_SCOPE_BEGIN|[1]|obj|BasicProgramming|true|false
06:25:45.34 (35964287)|VARIABLE_SCOPE_BEGIN|[2]|result|String|false|false
06:25:45.34 (36074984)|HEAP_ALLOCATE|[72]|Bytes:3
06:25:45.34 (36104261)|HEAP_ALLOCATE|[77]|Bytes:152
06:25:45.34 (36118694)|HEAP_ALLOCATE|[342]|Bytes:408
06:25:45.34 (36132528)|HEAP_ALLOCATE|[355]|Bytes:408
06:25:45.34 (36143618)|HEAP_ALLOCATE|[467]|Bytes:48
06:25:45.34 (36167444)|HEAP_ALLOCATE|[139]|Bytes:6
06:25:45.34 (36185678)|HEAP_ALLOCATE|[EXTERNAL]|Bytes:5
06:25:45.34 (36216327)|STATEMENT_EXECUTE|[1]
06:25:45.34 (36220098)|STATEMENT_EXECUTE|[1]
06:25:45.34 (36224011)|HEAP_ALLOCATE|[1]|Bytes:8
06:25:45.34 (36229760)|HEAP_ALLOCATE|[1]|Bytes:2
06:25:45.34 (36266703)|METHOD_ENTRY|[9]|01p6F00000CNPHj|BasicProgramming.BasicProgramming()
06:25:45.34 (36275051)|STATEMENT_EXECUTE|[9]
06:25:45.34 (36278689)|STATEMENT_EXECUTE|[9]
06:25:45.34 (36312180)|HEAP_ALLOCATE|[50]|Bytes:5
06:25:45.34 (36333456)|HEAP_ALLOCATE|[56]|Bytes:5
06:25:45.34 (36342082)|HEAP_ALLOCATE|[64]|Bytes:7
06:25:45.34 (36357767)|SYSTEM_MODE_ENTER|false
06:25:45.34 (36371012)|HEAP_ALLOCATE|[1]|Bytes:5
06:25:45.34 (36378273)|SYSTEM_MODE_EXIT|false
06:25:45.34 (36387572)|METHOD_EXIT|[9]|BasicProgramming
06:25:45.34 (36401134)|HEAP_ALLOCATE|[1]|Bytes:4
06:25:45.34 (36422772)|SYSTEM_MODE_ENTER|false
06:25:45.34 (36432823)|HEAP_ALLOCATE|[1]|Bytes:5
06:25:45.34 (36444292)|CONSTRUCTOR_ENTRY|[1]|01p6F00000CNPHj|<init>()|BasicProgramming
06:25:45.34 (36469856)|VARIABLE_SCOPE_BEGIN|[10]|this|BasicProgramming|true|false
06:25:45.34 (36507007)|VARIABLE_ASSIGNMENT|[10]|this|{}|0x7fd39d6e
06:25:45.34 (36519850)|HEAP_ALLOCATE|[EXTERNAL]|Bytes:5
06:25:45.34 (36526135)|STATEMENT_EXECUTE|[9]
06:25:45.34 (36528963)|HEAP_ALLOCATE|[EXTERNAL]|Bytes:5
06:25:45.34 (36538211)|HEAP_ALLOCATE|[EXTERNAL]|Bytes:6
06:25:45.34 (36570262)|STATEMENT_EXECUTE|[10]
06:25:45.34 (36575847)|CONSTRUCTOR_EXIT|[1]|01p6F00000CNPHj|<init>()|BasicProgramming
06:25:45.34 (36586019)|SYSTEM_MODE_EXIT|false
06:25:45.34 (36605064)|VARIABLE_ASSIGNMENT|[1]|obj|{}|0x7fd39d6e
06:25:45.34 (36613304)|STATEMENT_EXECUTE|[2]
06:25:45.34 (36634166)|SYSTEM_MODE_ENTER|false
06:25:45.34 (36643636)|HEAP_ALLOCATE|[2]|Bytes:5
06:25:45.34 (36671574)|METHOD_ENTRY|[2]|01p6F00000CNPHj|BasicProgramming.determineEvenOdd(Integer)
06:25:45.34 (36689235)|VARIABLE_SCOPE_BEGIN|[15]|this|BasicProgramming|true|false
06:25:45.34 (36706124)|VARIABLE_ASSIGNMENT|[15]|this|{}|0x7fd39d6e
06:25:45.34 (36713630)|VARIABLE_SCOPE_BEGIN|[15]|number1|Integer|false|false
06:25:45.34 (36726565)|VARIABLE_ASSIGNMENT|[15]|number1|9
06:25:45.34 (36737956)|HEAP_ALLOCATE|[16]|Bytes:5
06:25:45.34 (36742734)|STATEMENT_EXECUTE|[15]
06:25:45.34 (36744388)|STATEMENT_EXECUTE|[16]
06:25:45.34 (36774939)|VARIABLE_SCOPE_BEGIN|[2]|System.Math.E|Double|false|true
06:25:45.34 (36786821)|VARIABLE_SCOPE_BEGIN|[3]|System.Math.PI|Double|false|true
06:25:45.34 (36801223)|HEAP_ALLOCATE|[16]|Bytes:206
06:25:45.34 (36811257)|SYSTEM_METHOD_ENTRY|[1]|Math.Math()
06:25:45.34 (36815601)|STATEMENT_EXECUTE|[1]
06:25:45.34 (36857023)|SYSTEM_METHOD_EXIT|[1]|Math
06:25:45.34 (36869895)|METHOD_ENTRY|[16]||System.Math.mod(Integer, Integer)
06:25:45.34 (36976775)|METHOD_EXIT|[16]||System.Math.mod(Integer, Integer)
06:25:45.34 (36986903)|HEAP_ALLOCATE|[16]|Bytes:3
06:25:45.34 (36996975)|METHOD_EXIT|[2]|01p6F00000CNPHj|BasicProgramming.determineEvenOdd(Integer)
06:25:45.34 (37004630)|SYSTEM_MODE_EXIT|false
06:25:45.34 (37021335)|VARIABLE_ASSIGNMENT|[2]|result|"Odd"
06:25:45.34 (37027389)|STATEMENT_EXECUTE|[4]
06:25:45.34 (37048845)|SYSTEM_MODE_ENTER|false
06:25:45.34 (37057903)|HEAP_ALLOCATE|[4]|Bytes:5
06:25:45.34 (37070322)|METHOD_ENTRY|[4]|01p6F00000CNPHj|BasicProgramming.printArray(Integer)
06:25:45.34 (37096463)|VARIABLE_SCOPE_BEGIN|[22]|this|BasicProgramming|true|false
06:25:45.34 (37115814)|VARIABLE_ASSIGNMENT|[22]|this|{}|0x7fd39d6e
06:25:45.34 (37124140)|VARIABLE_SCOPE_BEGIN|[22]|arraySize|Integer|false|false
06:25:45.34 (37135276)|VARIABLE_ASSIGNMENT|[22]|arraySize|10
06:25:45.34 (37145037)|HEAP_ALLOCATE|[23]|Bytes:5
06:25:45.34 (37150318)|STATEMENT_EXECUTE|[22]
06:25:45.34 (37152005)|STATEMENT_EXECUTE|[23]
06:25:45.34 (37188775)|HEAP_ALLOCATE|[23]|Bytes:4
06:25:45.34 (37222883)|VARIABLE_SCOPE_BEGIN|[23]|myArray|List<Integer>|true|false
06:25:45.34 (37251487)|HEAP_ALLOCATE|[EXTERNAL]|Bytes:44
06:25:45.34 (37268994)|VARIABLE_ASSIGNMENT|[23]|myArray|"List of size 10 too large to display"|0x2a9d8be3
06:25:45.34 (37277087)|STATEMENT_EXECUTE|[24]
06:25:45.34 (37280710)|VARIABLE_SCOPE_BEGIN|[24]|i|Integer|false|false
06:25:45.34 (37289106)|HEAP_ALLOCATE|[24]|Bytes:4
06:25:45.34 (37298544)|VARIABLE_ASSIGNMENT|[24]|i|0
06:25:45.34 (37307247)|STATEMENT_EXECUTE|[24]
06:25:45.34 (37309083)|STATEMENT_EXECUTE|[25]
06:25:45.34 (37314343)|HEAP_ALLOCATE|[25]|Bytes:4
06:25:45.34 (37328342)|HEAP_ALLOCATE|[25]|Bytes:4
06:25:45.34 (37336705)|HEAP_ALLOCATE|[24]|Bytes:4
06:25:45.34 (37344091)|VARIABLE_ASSIGNMENT|[24]|i|1
06:25:45.34 (37350069)|STATEMENT_EXECUTE|[24]
06:25:45.34 (37352843)|STATEMENT_EXECUTE|[25]
06:25:45.34 (37355183)|HEAP_ALLOCATE|[25]|Bytes:4
06:25:45.34 (37360644)|HEAP_ALLOCATE|[25]|Bytes:4
06:25:45.34 (37366692)|HEAP_ALLOCATE|[24]|Bytes:4
06:25:45.34 (37372128)|VARIABLE_ASSIGNMENT|[24]|i|2
06:25:45.34 (37377664)|STATEMENT_EXECUTE|[24]
06:25:45.34 (37379196)|STATEMENT_EXECUTE|[25]
06:25:45.34 (37381249)|HEAP_ALLOCATE|[25]|Bytes:4
06:25:45.34 (37386546)|HEAP_ALLOCATE|[25]|Bytes:4
06:25:45.34 (37391281)|HEAP_ALLOCATE|[24]|Bytes:4
06:25:45.34 (37396316)|VARIABLE_ASSIGNMENT|[24]|i|3
06:25:45.34 (37402184)|STATEMENT_EXECUTE|[24]
06:25:45.34 (37403597)|STATEMENT_EXECUTE|[25]
06:25:45.34 (37406454)|HEAP_ALLOCATE|[25]|Bytes:4
06:25:45.34 (37411152)|HEAP_ALLOCATE|[25]|Bytes:4
06:25:45.34 (37416074)|HEAP_ALLOCATE|[24]|Bytes:4
06:25:45.34 (37421241)|VARIABLE_ASSIGNMENT|[24]|i|4
06:25:45.34 (37427242)|STATEMENT_EXECUTE|[24]
06:25:45.34 (37428675)|STATEMENT_EXECUTE|[25]
06:25:45.34 (37431220)|HEAP_ALLOCATE|[25]|Bytes:4
06:25:45.34 (37435819)|HEAP_ALLOCATE|[25]|Bytes:4
06:25:45.34 (37440681)|HEAP_ALLOCATE|[24]|Bytes:4
06:25:45.34 (37445923)|VARIABLE_ASSIGNMENT|[24]|i|5
06:25:45.34 (37450888)|STATEMENT_EXECUTE|[24]
06:25:45.34 (37452302)|STATEMENT_EXECUTE|[25]
06:25:45.34 (37455096)|HEAP_ALLOCATE|[25]|Bytes:4
06:25:45.34 (37460167)|HEAP_ALLOCATE|[25]|Bytes:4
06:25:45.34 (37464392)|HEAP_ALLOCATE|[24]|Bytes:4
06:25:45.34 (37469544)|VARIABLE_ASSIGNMENT|[24]|i|6
06:25:45.34 (37475140)|STATEMENT_EXECUTE|[24]
06:25:45.34 (37476661)|STATEMENT_EXECUTE|[25]
06:25:45.34 (37479233)|HEAP_ALLOCATE|[25]|Bytes:4
06:25:45.34 (37483792)|HEAP_ALLOCATE|[25]|Bytes:4
06:25:45.34 (37488315)|HEAP_ALLOCATE|[24]|Bytes:4
06:25:45.34 (37494253)|VARIABLE_ASSIGNMENT|[24]|i|7
06:25:45.34 (37499376)|STATEMENT_EXECUTE|[24]
06:25:45.34 (37501514)|STATEMENT_EXECUTE|[25]
06:25:45.34 (37503430)|HEAP_ALLOCATE|[25]|Bytes:4
06:25:45.34 (37507942)|HEAP_ALLOCATE|[25]|Bytes:4
06:25:45.34 (37512629)|HEAP_ALLOCATE|[24]|Bytes:4
06:25:45.34 (37518223)|VARIABLE_ASSIGNMENT|[24]|i|8
06:25:45.34 (37523054)|STATEMENT_EXECUTE|[24]
06:25:45.34 (37525396)|STATEMENT_EXECUTE|[25]
06:25:45.34 (37527703)|HEAP_ALLOCATE|[25]|Bytes:4
06:25:45.34 (37532003)|HEAP_ALLOCATE|[25]|Bytes:4
06:25:45.34 (37537718)|HEAP_ALLOCATE|[24]|Bytes:4
06:25:45.34 (37543093)|VARIABLE_ASSIGNMENT|[24]|i|9
06:25:45.34 (37547824)|STATEMENT_EXECUTE|[24]
06:25:45.34 (37549392)|STATEMENT_EXECUTE|[25]
06:25:45.34 (37551247)|HEAP_ALLOCATE|[25]|Bytes:4
06:25:45.34 (37556068)|HEAP_ALLOCATE|[25]|Bytes:4
06:25:45.34 (37560192)|HEAP_ALLOCATE|[24]|Bytes:4
06:25:45.34 (37565524)|VARIABLE_ASSIGNMENT|[24]|i|10
06:25:45.34 (37571774)|STATEMENT_EXECUTE|[27]
06:25:45.34 (37574397)|VARIABLE_SCOPE_BEGIN|[27]|i|Integer|false|false
06:25:45.34 (37582377)|HEAP_ALLOCATE|[27]|Bytes:4
06:25:45.34 (37588088)|VARIABLE_ASSIGNMENT|[27]|i|0
06:25:45.34 (37615443)|STATEMENT_EXECUTE|[27]
06:25:45.34 (37617388)|STATEMENT_EXECUTE|[28]
06:25:45.34 (37620909)|HEAP_ALLOCATE|[28]|Bytes:17
06:25:45.34 (37664218)|HEAP_ALLOCATE|[28]|Bytes:1
06:25:45.34 (37678200)|HEAP_ALLOCATE|[28]|Bytes:2
06:25:45.34 (37687487)|HEAP_ALLOCATE|[28]|Bytes:8
06:25:45.34 (37700400)|HEAP_ALLOCATE|[28]|Bytes:2
06:25:45.34 (37715350)|HEAP_ALLOCATE|[28]|Bytes:22
06:25:45.34 (37737535)|USER_DEBUG|[28]|DEBUG|Array element at 0is10
06:25:45.34 (37748039)|HEAP_ALLOCATE|[27]|Bytes:4
06:25:45.34 (37756769)|VARIABLE_ASSIGNMENT|[27]|i|1
06:25:45.34 (37769364)|STATEMENT_EXECUTE|[27]
06:25:45.34 (37771502)|STATEMENT_EXECUTE|[28]
06:25:45.34 (37781194)|HEAP_ALLOCATE|[28]|Bytes:1
06:25:45.34 (37791473)|HEAP_ALLOCATE|[28]|Bytes:8
06:25:45.34 (37800913)|HEAP_ALLOCATE|[28]|Bytes:2
06:25:45.34 (37810742)|HEAP_ALLOCATE|[28]|Bytes:22
06:25:45.34 (37818713)|USER_DEBUG|[28]|DEBUG|Array element at 1is20
06:25:45.34 (37827069)|HEAP_ALLOCATE|[27]|Bytes:4
06:25:45.34 (37834060)|VARIABLE_ASSIGNMENT|[27]|i|2
06:25:45.34 (37844709)|STATEMENT_EXECUTE|[27]
06:25:45.34 (37846341)|STATEMENT_EXECUTE|[28]
06:25:45.34 (37854668)|HEAP_ALLOCATE|[28]|Bytes:1
06:25:45.34 (37864183)|HEAP_ALLOCATE|[28]|Bytes:8
06:25:45.34 (37873416)|HEAP_ALLOCATE|[28]|Bytes:2
06:25:45.34 (37882013)|HEAP_ALLOCATE|[28]|Bytes:22
06:25:45.34 (37889026)|USER_DEBUG|[28]|DEBUG|Array element at 2is30
06:25:45.34 (37896505)|HEAP_ALLOCATE|[27]|Bytes:4
06:25:45.34 (37905646)|VARIABLE_ASSIGNMENT|[27]|i|3
06:25:45.34 (37918221)|STATEMENT_EXECUTE|[27]
06:25:45.34 (37919754)|STATEMENT_EXECUTE|[28]
06:25:45.34 (37928343)|HEAP_ALLOCATE|[28]|Bytes:1
06:25:45.34 (37937637)|HEAP_ALLOCATE|[28]|Bytes:8
06:25:45.34 (37947460)|HEAP_ALLOCATE|[28]|Bytes:2
06:25:45.34 (37956800)|HEAP_ALLOCATE|[28]|Bytes:22
06:25:45.34 (37964845)|USER_DEBUG|[28]|DEBUG|Array element at 3is40
06:25:45.34 (37976693)|HEAP_ALLOCATE|[27]|Bytes:4
06:25:45.34 (37983734)|VARIABLE_ASSIGNMENT|[27]|i|4
06:25:45.34 (37995464)|STATEMENT_EXECUTE|[27]
06:25:45.34 (37997101)|STATEMENT_EXECUTE|[28]
06:25:45.34 (38007834)|HEAP_ALLOCATE|[28]|Bytes:1
06:25:45.34 (38020717)|HEAP_ALLOCATE|[28]|Bytes:8
06:25:45.34 (38030496)|HEAP_ALLOCATE|[28]|Bytes:2
06:25:45.34 (38040405)|HEAP_ALLOCATE|[28]|Bytes:22
06:25:45.34 (38048569)|USER_DEBUG|[28]|DEBUG|Array element at 4is50
06:25:45.34 (38056019)|HEAP_ALLOCATE|[27]|Bytes:4
06:25:45.34 (38063265)|VARIABLE_ASSIGNMENT|[27]|i|5
06:25:45.34 (38074520)|STATEMENT_EXECUTE|[27]
06:25:45.34 (38076173)|STATEMENT_EXECUTE|[28]
06:25:45.34 (38084408)|HEAP_ALLOCATE|[28]|Bytes:1
06:25:45.34 (38093810)|HEAP_ALLOCATE|[28]|Bytes:8
06:25:45.34 (38103290)|HEAP_ALLOCATE|[28]|Bytes:2
06:25:45.34 (38112500)|HEAP_ALLOCATE|[28]|Bytes:22
06:25:45.34 (38118879)|USER_DEBUG|[28]|DEBUG|Array element at 5is60
06:25:45.34 (38126751)|HEAP_ALLOCATE|[27]|Bytes:4
06:25:45.34 (38132856)|VARIABLE_ASSIGNMENT|[27]|i|6
06:25:45.34 (38143798)|STATEMENT_EXECUTE|[27]
06:25:45.34 (38145432)|STATEMENT_EXECUTE|[28]
06:25:45.34 (38153768)|HEAP_ALLOCATE|[28]|Bytes:1
06:25:45.34 (38163076)|HEAP_ALLOCATE|[28]|Bytes:8
06:25:45.34 (38172880)|HEAP_ALLOCATE|[28]|Bytes:2
06:25:45.34 (38181814)|HEAP_ALLOCATE|[28]|Bytes:22
06:25:45.34 (38188768)|USER_DEBUG|[28]|DEBUG|Array element at 6is70
06:25:45.34 (38195767)|HEAP_ALLOCATE|[27]|Bytes:4
06:25:45.34 (38201909)|VARIABLE_ASSIGNMENT|[27]|i|7
06:25:45.34 (38212299)|STATEMENT_EXECUTE|[27]
06:25:45.34 (38213979)|STATEMENT_EXECUTE|[28]
06:25:45.34 (38222002)|HEAP_ALLOCATE|[28]|Bytes:1
06:25:45.34 (38231587)|HEAP_ALLOCATE|[28]|Bytes:8
06:25:45.34 (38240995)|HEAP_ALLOCATE|[28]|Bytes:2
06:25:45.34 (38249494)|HEAP_ALLOCATE|[28]|Bytes:22
06:25:45.34 (38255836)|USER_DEBUG|[28]|DEBUG|Array element at 7is80
06:25:45.34 (38262969)|HEAP_ALLOCATE|[27]|Bytes:4
06:25:45.34 (38269469)|VARIABLE_ASSIGNMENT|[27]|i|8
06:25:45.34 (38280412)|STATEMENT_EXECUTE|[27]
06:25:45.34 (38282000)|STATEMENT_EXECUTE|[28]
06:25:45.34 (38290009)|HEAP_ALLOCATE|[28]|Bytes:1
06:25:45.34 (38299130)|HEAP_ALLOCATE|[28]|Bytes:8
06:25:45.34 (38309905)|HEAP_ALLOCATE|[28]|Bytes:2
06:25:45.34 (38318724)|HEAP_ALLOCATE|[28]|Bytes:22
06:25:45.34 (38325614)|USER_DEBUG|[28]|DEBUG|Array element at 8is90
06:25:45.34 (38333049)|HEAP_ALLOCATE|[27]|Bytes:4
06:25:45.34 (38339493)|VARIABLE_ASSIGNMENT|[27]|i|9
06:25:45.34 (38350018)|STATEMENT_EXECUTE|[27]
06:25:45.34 (38351588)|STATEMENT_EXECUTE|[28]
06:25:45.34 (38359376)|HEAP_ALLOCATE|[28]|Bytes:1
06:25:45.34 (38368634)|HEAP_ALLOCATE|[28]|Bytes:8
06:25:45.34 (38378484)|HEAP_ALLOCATE|[28]|Bytes:3
06:25:45.34 (38387876)|HEAP_ALLOCATE|[28]|Bytes:23
06:25:45.34 (38394124)|USER_DEBUG|[28]|DEBUG|Array element at 9is100
06:25:45.34 (38401244)|HEAP_ALLOCATE|[27]|Bytes:4
06:25:45.34 (38407964)|VARIABLE_ASSIGNMENT|[27]|i|10
06:25:45.34 (38424891)|METHOD_EXIT|[4]|01p6F00000CNPHj|BasicProgramming.printArray(Integer)
06:25:45.34 (38433485)|SYSTEM_MODE_EXIT|false
06:25:45.38 (38457607)|CUMULATIVE_LIMIT_USAGE
06:25:45.38 (38457607)|LIMIT_USAGE_FOR_NS|(default)|
  Number of SOQL queries: 0 out of 100
  Number of query rows: 0 out of 50000
  Number of SOSL queries: 0 out of 20
  Number of DML statements: 0 out of 150
  Number of DML rows: 0 out of 10000
  Maximum CPU time: 0 out of 10000
  Maximum heap size: 0 out of 6000000
  Number of callouts: 0 out of 100
  Number of Email Invocations: 0 out of 10
  Number of future calls: 0 out of 50
  Number of queueable jobs added to the queue: 0 out of 50
  Number of Mobile Apex push calls: 0 out of 10

06:25:45.38 (38457607)|CUMULATIVE_LIMIT_USAGE_END

06:25:45.34 (38491613)|CODE_UNIT_FINISHED|execute_anonymous_apex
06:25:45.34 (39373868)|EXECUTION_FINISHED
