43.0 APEX_CODE,FINEST;APEX_PROFILING,INFO;CALLOUT,INFO;DB,INFO;NBA,INFO;SYSTEM,DEBUG;VALIDATION,INFO;VISUALFORCE,INFO;WAVE,INFO;WORKFLOW,INFO
Execute Anonymous: BasicProgramming obj = new BasicProgramming();
Execute Anonymous: String result = obj.determineEvenOdd(9);
Execute Anonymous: //System.debug('Number is: '+ result);
Execute Anonymous: obj.printArray(5);
05:42:34.1 (1109724)|USER_INFO|[EXTERNAL]|0056F000009ROqM|swaraj@espl.com|Pacific Standard Time|GMT-07:00
05:42:34.1 (1128660)|EXECUTION_STARTED
05:42:34.1 (1132361)|CODE_UNIT_STARTED|[EXTERNAL]|execute_anonymous_apex
05:42:34.1 (2114147)|VARIABLE_SCOPE_BEGIN|[1]|obj|BasicProgramming|true|false
05:42:34.1 (2135103)|VARIABLE_SCOPE_BEGIN|[2]|result|String|false|false
05:42:34.1 (2211478)|HEAP_ALLOCATE|[72]|Bytes:3
05:42:34.1 (2232778)|HEAP_ALLOCATE|[77]|Bytes:152
05:42:34.1 (2241955)|HEAP_ALLOCATE|[342]|Bytes:408
05:42:34.1 (2252916)|HEAP_ALLOCATE|[355]|Bytes:408
05:42:34.1 (2263598)|HEAP_ALLOCATE|[467]|Bytes:48
05:42:34.1 (2282296)|HEAP_ALLOCATE|[139]|Bytes:6
05:42:34.1 (2302064)|HEAP_ALLOCATE|[EXTERNAL]|Bytes:5
05:42:34.1 (2331409)|STATEMENT_EXECUTE|[1]
05:42:34.1 (2334234)|STATEMENT_EXECUTE|[1]
05:42:34.1 (2337279)|HEAP_ALLOCATE|[1]|Bytes:8
05:42:34.1 (2342282)|HEAP_ALLOCATE|[1]|Bytes:2
05:42:34.1 (2370994)|METHOD_ENTRY|[9]|01p6F00000CNPHj|BasicProgramming.BasicProgramming()
05:42:34.1 (2376423)|STATEMENT_EXECUTE|[9]
05:42:34.1 (2379659)|STATEMENT_EXECUTE|[9]
05:42:34.1 (2406300)|HEAP_ALLOCATE|[50]|Bytes:5
05:42:34.1 (2422698)|HEAP_ALLOCATE|[56]|Bytes:5
05:42:34.1 (2429995)|HEAP_ALLOCATE|[64]|Bytes:7
05:42:34.1 (2444251)|SYSTEM_MODE_ENTER|false
05:42:34.1 (2458271)|HEAP_ALLOCATE|[1]|Bytes:5
05:42:34.1 (2465333)|SYSTEM_MODE_EXIT|false
05:42:34.1 (2478427)|METHOD_EXIT|[9]|BasicProgramming
05:42:34.1 (2492099)|HEAP_ALLOCATE|[1]|Bytes:4
05:42:34.1 (2510981)|SYSTEM_MODE_ENTER|false
05:42:34.1 (2520676)|HEAP_ALLOCATE|[1]|Bytes:5
05:42:34.1 (2532469)|CONSTRUCTOR_ENTRY|[1]|01p6F00000CNPHj|<init>()|BasicProgramming
05:42:34.1 (2557677)|VARIABLE_SCOPE_BEGIN|[10]|this|BasicProgramming|true|false
05:42:34.1 (2595241)|VARIABLE_ASSIGNMENT|[10]|this|{}|0x1de8472e
05:42:34.1 (2606472)|HEAP_ALLOCATE|[EXTERNAL]|Bytes:5
05:42:34.1 (2610702)|STATEMENT_EXECUTE|[9]
05:42:34.1 (2613624)|HEAP_ALLOCATE|[EXTERNAL]|Bytes:5
05:42:34.1 (2621846)|HEAP_ALLOCATE|[EXTERNAL]|Bytes:6
05:42:34.1 (2650171)|STATEMENT_EXECUTE|[10]
05:42:34.1 (2656152)|CONSTRUCTOR_EXIT|[1]|01p6F00000CNPHj|<init>()|BasicProgramming
05:42:34.1 (2663669)|SYSTEM_MODE_EXIT|false
05:42:34.1 (2678857)|VARIABLE_ASSIGNMENT|[1]|obj|{}|0x1de8472e
05:42:34.1 (2684620)|STATEMENT_EXECUTE|[2]
05:42:34.1 (2705916)|SYSTEM_MODE_ENTER|false
05:42:34.1 (2713233)|HEAP_ALLOCATE|[2]|Bytes:5
05:42:34.1 (2739434)|METHOD_ENTRY|[2]|01p6F00000CNPHj|BasicProgramming.determineEvenOdd(Integer)
05:42:34.1 (2754776)|VARIABLE_SCOPE_BEGIN|[15]|this|BasicProgramming|true|false
05:42:34.1 (2768542)|VARIABLE_ASSIGNMENT|[15]|this|{}|0x1de8472e
05:42:34.1 (2775605)|VARIABLE_SCOPE_BEGIN|[15]|number1|Integer|false|false
05:42:34.1 (2785816)|VARIABLE_ASSIGNMENT|[15]|number1|9
05:42:34.1 (2794904)|HEAP_ALLOCATE|[16]|Bytes:5
05:42:34.1 (2798834)|STATEMENT_EXECUTE|[15]
05:42:34.1 (2800520)|STATEMENT_EXECUTE|[16]
05:42:34.1 (2828367)|VARIABLE_SCOPE_BEGIN|[2]|System.Math.E|Double|false|true
05:42:34.1 (2836796)|VARIABLE_SCOPE_BEGIN|[3]|System.Math.PI|Double|false|true
05:42:34.1 (2849113)|HEAP_ALLOCATE|[16]|Bytes:206
05:42:34.1 (2857634)|SYSTEM_METHOD_ENTRY|[1]|Math.Math()
05:42:34.1 (2861660)|STATEMENT_EXECUTE|[1]
05:42:34.1 (2902099)|SYSTEM_METHOD_EXIT|[1]|Math
05:42:34.1 (2914287)|METHOD_ENTRY|[16]||System.Math.mod(Integer, Integer)
05:42:34.1 (2991773)|METHOD_EXIT|[16]||System.Math.mod(Integer, Integer)
05:42:34.1 (2998812)|HEAP_ALLOCATE|[16]|Bytes:3
05:42:34.1 (3006992)|METHOD_EXIT|[2]|01p6F00000CNPHj|BasicProgramming.determineEvenOdd(Integer)
05:42:34.1 (3013022)|SYSTEM_MODE_EXIT|false
05:42:34.1 (3027792)|VARIABLE_ASSIGNMENT|[2]|result|"Odd"
05:42:34.1 (3032420)|STATEMENT_EXECUTE|[4]
05:42:34.1 (3050420)|SYSTEM_MODE_ENTER|false
05:42:34.1 (3058181)|HEAP_ALLOCATE|[4]|Bytes:5
05:42:34.1 (3068893)|METHOD_ENTRY|[4]|01p6F00000CNPHj|BasicProgramming.printArray(Integer)
05:42:34.1 (3089222)|VARIABLE_SCOPE_BEGIN|[21]|this|BasicProgramming|true|false
05:42:34.1 (3104855)|VARIABLE_ASSIGNMENT|[21]|this|{}|0x1de8472e
05:42:34.1 (3111274)|VARIABLE_SCOPE_BEGIN|[21]|arraySize|Integer|false|false
05:42:34.1 (3119516)|VARIABLE_ASSIGNMENT|[21]|arraySize|5
05:42:34.1 (3128086)|HEAP_ALLOCATE|[22]|Bytes:5
05:42:34.1 (3132652)|STATEMENT_EXECUTE|[21]
05:42:34.1 (3134405)|STATEMENT_EXECUTE|[22]
05:42:34.1 (3163606)|HEAP_ALLOCATE|[22]|Bytes:4
05:42:34.1 (3195372)|VARIABLE_SCOPE_BEGIN|[22]|myArray|List<Integer>|true|false
05:42:34.1 (3224743)|HEAP_ALLOCATE|[EXTERNAL]|Bytes:24
05:42:34.1 (3236835)|VARIABLE_ASSIGNMENT|[22]|myArray|[]|0x39c3e98f
05:42:34.1 (3243647)|STATEMENT_EXECUTE|[23]
05:42:34.1 (3247000)|VARIABLE_SCOPE_BEGIN|[23]|i|Integer|false|false
05:42:34.1 (3253627)|HEAP_ALLOCATE|[23]|Bytes:4
05:42:34.1 (3259150)|VARIABLE_ASSIGNMENT|[23]|i|10
05:42:34.1 (3286453)|STATEMENT_EXECUTE|[23]
05:42:34.1 (3288755)|STATEMENT_EXECUTE|[26]
05:42:34.1 (3291210)|VARIABLE_SCOPE_BEGIN|[26]|i|Integer|false|false
05:42:34.1 (3301759)|HEAP_ALLOCATE|[26]|Bytes:4
05:42:34.1 (3307523)|VARIABLE_ASSIGNMENT|[26]|i|10
05:42:34.1 (3322946)|STATEMENT_EXECUTE|[26]
05:42:34.1 (3329435)|METHOD_EXIT|[4]|01p6F00000CNPHj|BasicProgramming.printArray(Integer)
05:42:34.1 (3336108)|SYSTEM_MODE_EXIT|false
05:42:34.3 (3361795)|CUMULATIVE_LIMIT_USAGE
05:42:34.3 (3361795)|LIMIT_USAGE_FOR_NS|(default)|
  Number of SOQL queries: 0 out of 100
  Number of query rows: 0 out of 50000
  Number of SOSL queries: 0 out of 20
  Number of DML statements: 0 out of 150
  Number of DML rows: 0 out of 10000
  Maximum CPU time: 0 out of 10000
  Maximum heap size: 0 out of 6000000
  Number of callouts: 0 out of 100
  Number of Email Invocations: 0 out of 10
  Number of future calls: 0 out of 50
  Number of queueable jobs added to the queue: 0 out of 50
  Number of Mobile Apex push calls: 0 out of 10

05:42:34.3 (3361795)|CUMULATIVE_LIMIT_USAGE_END

05:42:34.1 (3390118)|CODE_UNIT_FINISHED|execute_anonymous_apex
05:42:34.1 (4450200)|EXECUTION_FINISHED
