43.0 APEX_CODE,FINEST;APEX_PROFILING,INFO;CALLOUT,INFO;DB,INFO;NBA,INFO;SYSTEM,DEBUG;VALIDATION,INFO;VISUALFORCE,INFO;WAVE,INFO;WORKFLOW,INFO
Execute Anonymous: BasicProgramming obj = new BasicProgramming();
Execute Anonymous: String result = obj.determineEvenOdd(9);
Execute Anonymous: System.debug('Number is: '+ result);
05:28:42.1 (1310556)|USER_INFO|[EXTERNAL]|0056F000009ROqM|swaraj@espl.com|Pacific Standard Time|GMT-07:00
05:28:42.1 (1336711)|EXECUTION_STARTED
05:28:42.1 (1342795)|CODE_UNIT_STARTED|[EXTERNAL]|execute_anonymous_apex
05:28:42.1 (2644504)|VARIABLE_SCOPE_BEGIN|[1]|obj|BasicProgramming|true|false
05:28:42.1 (2679390)|VARIABLE_SCOPE_BEGIN|[2]|result|String|false|false
05:28:42.1 (2791053)|HEAP_ALLOCATE|[72]|Bytes:3
05:28:42.1 (2830152)|HEAP_ALLOCATE|[77]|Bytes:152
05:28:42.1 (2844013)|HEAP_ALLOCATE|[342]|Bytes:408
05:28:42.1 (2857864)|HEAP_ALLOCATE|[355]|Bytes:408
05:28:42.1 (2869673)|HEAP_ALLOCATE|[467]|Bytes:48
05:28:42.1 (2893577)|HEAP_ALLOCATE|[139]|Bytes:6
05:28:42.1 (2913895)|HEAP_ALLOCATE|[EXTERNAL]|Bytes:5
05:28:42.1 (2949721)|STATEMENT_EXECUTE|[1]
05:28:42.1 (2952339)|STATEMENT_EXECUTE|[1]
05:28:42.1 (2956099)|HEAP_ALLOCATE|[1]|Bytes:5
05:28:42.1 (2985004)|METHOD_ENTRY|[9]|01p6F00000CNPHj|BasicProgramming.BasicProgramming()
05:28:42.1 (2991413)|STATEMENT_EXECUTE|[9]
05:28:42.1 (2995658)|STATEMENT_EXECUTE|[9]
05:28:42.1 (3025514)|HEAP_ALLOCATE|[50]|Bytes:5
05:28:42.1 (3047867)|HEAP_ALLOCATE|[56]|Bytes:5
05:28:42.1 (3068459)|HEAP_ALLOCATE|[64]|Bytes:7
05:28:42.1 (3098663)|SYSTEM_MODE_ENTER|false
05:28:42.1 (3119968)|HEAP_ALLOCATE|[1]|Bytes:5
05:28:42.1 (3130122)|SYSTEM_MODE_EXIT|false
05:28:42.1 (3141830)|METHOD_EXIT|[9]|BasicProgramming
05:28:42.1 (3157943)|HEAP_ALLOCATE|[1]|Bytes:4
05:28:42.1 (3187096)|SYSTEM_MODE_ENTER|false
05:28:42.1 (3201952)|HEAP_ALLOCATE|[1]|Bytes:5
05:28:42.1 (3218424)|CONSTRUCTOR_ENTRY|[1]|01p6F00000CNPHj|<init>()|BasicProgramming
05:28:42.1 (3253174)|VARIABLE_SCOPE_BEGIN|[10]|this|BasicProgramming|true|false
05:28:42.1 (3300557)|VARIABLE_ASSIGNMENT|[10]|this|{}|0xcb4d732
05:28:42.1 (3312950)|HEAP_ALLOCATE|[EXTERNAL]|Bytes:5
05:28:42.1 (3319196)|STATEMENT_EXECUTE|[9]
05:28:42.1 (3323366)|HEAP_ALLOCATE|[EXTERNAL]|Bytes:5
05:28:42.1 (3336030)|HEAP_ALLOCATE|[EXTERNAL]|Bytes:6
05:28:42.1 (3379263)|STATEMENT_EXECUTE|[10]
05:28:42.1 (3385760)|CONSTRUCTOR_EXIT|[1]|01p6F00000CNPHj|<init>()|BasicProgramming
05:28:42.1 (3393734)|SYSTEM_MODE_EXIT|false
05:28:42.1 (3412072)|VARIABLE_ASSIGNMENT|[1]|obj|{}|0xcb4d732
05:28:42.1 (3417947)|STATEMENT_EXECUTE|[2]
05:28:42.1 (3441519)|SYSTEM_MODE_ENTER|false
05:28:42.1 (3449338)|HEAP_ALLOCATE|[2]|Bytes:5
05:28:42.1 (3475855)|METHOD_ENTRY|[2]|01p6F00000CNPHj|BasicProgramming.determineEvenOdd(Integer)
05:28:42.1 (3491122)|VARIABLE_SCOPE_BEGIN|[15]|this|BasicProgramming|true|false
05:28:42.1 (3504419)|VARIABLE_ASSIGNMENT|[15]|this|{}|0xcb4d732
05:28:42.1 (3511780)|VARIABLE_SCOPE_BEGIN|[15]|number1|Integer|false|false
05:28:42.1 (3521175)|VARIABLE_ASSIGNMENT|[15]|number1|9
05:28:42.1 (3530766)|HEAP_ALLOCATE|[16]|Bytes:5
05:28:42.1 (3535355)|STATEMENT_EXECUTE|[15]
05:28:42.1 (3537021)|STATEMENT_EXECUTE|[16]
05:28:42.1 (3569707)|VARIABLE_SCOPE_BEGIN|[2]|System.Math.E|Double|false|true
05:28:42.1 (3577749)|VARIABLE_SCOPE_BEGIN|[3]|System.Math.PI|Double|false|true
05:28:42.1 (3589959)|HEAP_ALLOCATE|[16]|Bytes:206
05:28:42.1 (3599190)|SYSTEM_METHOD_ENTRY|[1]|Math.Math()
05:28:42.1 (3602968)|STATEMENT_EXECUTE|[1]
05:28:42.1 (3643639)|SYSTEM_METHOD_EXIT|[1]|Math
05:28:42.1 (3656352)|METHOD_ENTRY|[16]||System.Math.mod(Integer, Integer)
05:28:42.1 (3747284)|METHOD_EXIT|[16]||System.Math.mod(Integer, Integer)
05:28:42.1 (3754497)|HEAP_ALLOCATE|[16]|Bytes:3
05:28:42.1 (3762312)|METHOD_EXIT|[2]|01p6F00000CNPHj|BasicProgramming.determineEvenOdd(Integer)
05:28:42.1 (3767597)|SYSTEM_MODE_EXIT|false
05:28:42.1 (3782223)|VARIABLE_ASSIGNMENT|[2]|result|"Odd"
05:28:42.1 (3786779)|STATEMENT_EXECUTE|[3]
05:28:42.1 (3789327)|HEAP_ALLOCATE|[3]|Bytes:11
05:28:42.1 (3802788)|HEAP_ALLOCATE|[3]|Bytes:14
05:28:42.1 (3833459)|USER_DEBUG|[3]|DEBUG|Number is: Odd
05:28:42.3 (3858300)|CUMULATIVE_LIMIT_USAGE
05:28:42.3 (3858300)|LIMIT_USAGE_FOR_NS|(default)|
  Number of SOQL queries: 0 out of 100
  Number of query rows: 0 out of 50000
  Number of SOSL queries: 0 out of 20
  Number of DML statements: 0 out of 150
  Number of DML rows: 0 out of 10000
  Maximum CPU time: 0 out of 10000
  Maximum heap size: 0 out of 6000000
  Number of callouts: 0 out of 100
  Number of Email Invocations: 0 out of 10
  Number of future calls: 0 out of 50
  Number of queueable jobs added to the queue: 0 out of 50
  Number of Mobile Apex push calls: 0 out of 10

05:28:42.3 (3858300)|CUMULATIVE_LIMIT_USAGE_END

05:28:42.1 (3886591)|CODE_UNIT_FINISHED|execute_anonymous_apex
05:28:42.1 (4820119)|EXECUTION_FINISHED
