43.0 APEX_CODE,FINEST;APEX_PROFILING,INFO;CALLOUT,INFO;DB,INFO;NBA,INFO;SYSTEM,DEBUG;VALIDATION,INFO;VISUALFORCE,INFO;WAVE,INFO;WORKFLOW,INFO
Execute Anonymous: Integer[] myArray = new Integer[5];
Execute Anonymous: 		for(Integer i = 10; i < myArray.size(); i++) {
Execute Anonymous: 			myArray[i] = (i + 1) * 10;
Execute Anonymous: 		}
Execute Anonymous: 	for (Integer item: myArray) {
Execute Anonymous:    		 System.debug('Item: '+ item);
Execute Anonymous: 	}
06:03:52.1 (1494577)|USER_INFO|[EXTERNAL]|0056F000009ROqM|swaraj@espl.com|Pacific Standard Time|GMT-07:00
06:03:52.1 (1525453)|EXECUTION_STARTED
06:03:52.1 (1531082)|CODE_UNIT_STARTED|[EXTERNAL]|execute_anonymous_apex
06:03:52.1 (1718127)|VARIABLE_SCOPE_BEGIN|[1]|myArray|List<Integer>|true|false
06:03:52.1 (1905743)|HEAP_ALLOCATE|[72]|Bytes:3
06:03:52.1 (1959523)|HEAP_ALLOCATE|[77]|Bytes:152
06:03:52.1 (1981949)|HEAP_ALLOCATE|[342]|Bytes:408
06:03:52.1 (2001412)|HEAP_ALLOCATE|[355]|Bytes:408
06:03:52.1 (2019282)|HEAP_ALLOCATE|[467]|Bytes:48
06:03:52.1 (2058760)|HEAP_ALLOCATE|[139]|Bytes:6
06:03:52.1 (2083475)|HEAP_ALLOCATE|[EXTERNAL]|Bytes:9
06:03:52.1 (2286954)|STATEMENT_EXECUTE|[1]
06:03:52.1 (2290954)|STATEMENT_EXECUTE|[1]
06:03:52.1 (2313152)|HEAP_ALLOCATE|[1]|Bytes:4
06:03:52.1 (2411323)|HEAP_ALLOCATE|[EXTERNAL]|Bytes:24
06:03:52.1 (2464431)|VARIABLE_ASSIGNMENT|[1]|myArray|[]|0x46d8fb8d
06:03:52.1 (2475516)|STATEMENT_EXECUTE|[2]
06:03:52.1 (2482774)|VARIABLE_SCOPE_BEGIN|[2]|i|Integer|false|false
06:03:52.1 (2521286)|HEAP_ALLOCATE|[2]|Bytes:4
06:03:52.1 (2540218)|VARIABLE_ASSIGNMENT|[2]|i|10
06:03:52.1 (2590275)|STATEMENT_EXECUTE|[2]
06:03:52.1 (2725004)|HEAP_ALLOCATE|[50]|Bytes:5
06:03:52.1 (2783397)|HEAP_ALLOCATE|[56]|Bytes:5
06:03:52.1 (2795365)|HEAP_ALLOCATE|[64]|Bytes:7
06:03:52.1 (2825964)|HEAP_ALLOCATE|[5]|Bytes:5
06:03:52.1 (2851471)|VARIABLE_SCOPE_BEGIN|[5]|item|Integer|false|false
06:03:52.1 (2865591)|VARIABLE_ASSIGNMENT|[5]|item|null
06:03:52.1 (2873021)|STATEMENT_EXECUTE|[5]
06:03:52.1 (2875167)|STATEMENT_EXECUTE|[6]
06:03:52.1 (2878975)|HEAP_ALLOCATE|[6]|Bytes:6
06:03:52.1 (2984312)|HEAP_ALLOCATE|[6]|Bytes:10
06:03:52.1 (3021569)|USER_DEBUG|[6]|DEBUG|Item: null
06:03:52.1 (3047952)|HEAP_ALLOCATE|[5]|Bytes:5
06:03:52.1 (3062242)|VARIABLE_SCOPE_BEGIN|[5]|item|Integer|false|false
06:03:52.1 (3074684)|VARIABLE_ASSIGNMENT|[5]|item|null
06:03:52.1 (3081444)|STATEMENT_EXECUTE|[5]
06:03:52.1 (3083549)|STATEMENT_EXECUTE|[6]
06:03:52.1 (3106432)|HEAP_ALLOCATE|[6]|Bytes:10
06:03:52.1 (3116039)|USER_DEBUG|[6]|DEBUG|Item: null
06:03:52.1 (3130516)|HEAP_ALLOCATE|[5]|Bytes:5
06:03:52.1 (3141596)|VARIABLE_SCOPE_BEGIN|[5]|item|Integer|false|false
06:03:52.1 (3152952)|VARIABLE_ASSIGNMENT|[5]|item|null
06:03:52.1 (3158864)|STATEMENT_EXECUTE|[5]
06:03:52.1 (3160961)|STATEMENT_EXECUTE|[6]
06:03:52.1 (3180439)|HEAP_ALLOCATE|[6]|Bytes:10
06:03:52.1 (3189946)|USER_DEBUG|[6]|DEBUG|Item: null
06:03:52.1 (3205449)|HEAP_ALLOCATE|[5]|Bytes:5
06:03:52.1 (3246038)|VARIABLE_SCOPE_BEGIN|[5]|item|Integer|false|false
06:03:52.1 (3258744)|VARIABLE_ASSIGNMENT|[5]|item|null
06:03:52.1 (3264916)|STATEMENT_EXECUTE|[5]
06:03:52.1 (3269679)|STATEMENT_EXECUTE|[6]
06:03:52.1 (3289459)|HEAP_ALLOCATE|[6]|Bytes:10
06:03:52.1 (3298240)|USER_DEBUG|[6]|DEBUG|Item: null
06:03:52.1 (3313332)|HEAP_ALLOCATE|[5]|Bytes:5
06:03:52.1 (3324286)|VARIABLE_SCOPE_BEGIN|[5]|item|Integer|false|false
06:03:52.1 (3335855)|VARIABLE_ASSIGNMENT|[5]|item|null
06:03:52.1 (3341579)|STATEMENT_EXECUTE|[5]
06:03:52.1 (3343919)|STATEMENT_EXECUTE|[6]
06:03:52.1 (3360992)|HEAP_ALLOCATE|[6]|Bytes:10
06:03:52.1 (3369134)|USER_DEBUG|[6]|DEBUG|Item: null
06:03:52.1 (3382859)|HEAP_ALLOCATE|[5]|Bytes:5
06:03:52.1 (3394744)|VARIABLE_ASSIGNMENT|[5]|item|null
06:03:52.3 (3430436)|CUMULATIVE_LIMIT_USAGE
06:03:52.3 (3430436)|LIMIT_USAGE_FOR_NS|(default)|
  Number of SOQL queries: 0 out of 100
  Number of query rows: 0 out of 50000
  Number of SOSL queries: 0 out of 20
  Number of DML statements: 0 out of 150
  Number of DML rows: 0 out of 10000
  Maximum CPU time: 0 out of 10000
  Maximum heap size: 0 out of 6000000
  Number of callouts: 0 out of 100
  Number of Email Invocations: 0 out of 10
  Number of future calls: 0 out of 50
  Number of queueable jobs added to the queue: 0 out of 50
  Number of Mobile Apex push calls: 0 out of 10

06:03:52.3 (3430436)|CUMULATIVE_LIMIT_USAGE_END

06:03:52.1 (3471351)|CODE_UNIT_FINISHED|execute_anonymous_apex
06:03:52.1 (4569056)|EXECUTION_FINISHED
