43.0 APEX_CODE,FINEST;APEX_PROFILING,INFO;CALLOUT,INFO;DB,INFO;NBA,INFO;SYSTEM,DEBUG;VALIDATION,INFO;VISUALFORCE,INFO;WAVE,INFO;WORKFLOW,INFO
Execute Anonymous: BasicProgramming obj = new BasicProgramming();
Execute Anonymous: String result = obj.determineEvenOdd(9);
Execute Anonymous: //System.debug('Number is: '+ result);
Execute Anonymous: //obj.printArray(10);
Execute Anonymous: Integer[] inputArray = new Integer[]{20,5,15,10};
Execute Anonymous: obj.arrayOperations(inputArray);
06:57:17.1 (1668981)|USER_INFO|[EXTERNAL]|0056F000009ROqM|swaraj@espl.com|Pacific Standard Time|GMT-07:00
06:57:17.1 (1709807)|EXECUTION_STARTED
06:57:17.1 (1720887)|CODE_UNIT_STARTED|[EXTERNAL]|execute_anonymous_apex
06:57:17.1 (2128673)|VARIABLE_SCOPE_BEGIN|[5]|inputArray|List<Integer>|true|false
06:57:17.1 (14294453)|VARIABLE_SCOPE_BEGIN|[1]|obj|BasicProgramming|true|false
06:57:17.1 (14354432)|VARIABLE_SCOPE_BEGIN|[2]|result|String|false|false
06:57:17.1 (14557695)|HEAP_ALLOCATE|[72]|Bytes:3
06:57:17.1 (14612656)|HEAP_ALLOCATE|[77]|Bytes:152
06:57:17.1 (14628817)|HEAP_ALLOCATE|[342]|Bytes:408
06:57:17.1 (14643512)|HEAP_ALLOCATE|[355]|Bytes:408
06:57:17.1 (14656667)|HEAP_ALLOCATE|[467]|Bytes:48
06:57:17.1 (14685961)|HEAP_ALLOCATE|[139]|Bytes:6
06:57:17.1 (14714972)|HEAP_ALLOCATE|[EXTERNAL]|Bytes:7
06:57:17.1 (14779670)|STATEMENT_EXECUTE|[1]
06:57:17.1 (14783730)|STATEMENT_EXECUTE|[1]
06:57:17.1 (14789284)|HEAP_ALLOCATE|[1]|Bytes:11
06:57:17.1 (14796829)|HEAP_ALLOCATE|[1]|Bytes:14
06:57:17.1 (14851890)|METHOD_ENTRY|[9]|01p6F00000CNPHj|BasicProgramming.BasicProgramming()
06:57:17.1 (14862046)|STATEMENT_EXECUTE|[9]
06:57:17.1 (14871393)|STATEMENT_EXECUTE|[9]
06:57:17.1 (14915294)|HEAP_ALLOCATE|[50]|Bytes:5
06:57:17.1 (14946028)|HEAP_ALLOCATE|[56]|Bytes:5
06:57:17.1 (14956794)|HEAP_ALLOCATE|[64]|Bytes:7
06:57:17.1 (15003561)|SYSTEM_MODE_ENTER|false
06:57:17.1 (15021883)|HEAP_ALLOCATE|[1]|Bytes:5
06:57:17.1 (15033991)|SYSTEM_MODE_EXIT|false
06:57:17.1 (15049805)|METHOD_EXIT|[9]|BasicProgramming
06:57:17.1 (15069979)|HEAP_ALLOCATE|[1]|Bytes:4
06:57:17.1 (15100908)|SYSTEM_MODE_ENTER|false
06:57:17.1 (15121779)|HEAP_ALLOCATE|[1]|Bytes:5
06:57:17.1 (15154703)|CONSTRUCTOR_ENTRY|[1]|01p6F00000CNPHj|<init>()|BasicProgramming
06:57:17.1 (15203384)|VARIABLE_SCOPE_BEGIN|[10]|this|BasicProgramming|true|false
06:57:17.1 (15301479)|VARIABLE_ASSIGNMENT|[10]|this|{}|0x1820308a
06:57:17.1 (15328451)|HEAP_ALLOCATE|[EXTERNAL]|Bytes:5
06:57:17.1 (15335980)|STATEMENT_EXECUTE|[9]
06:57:17.1 (15343744)|HEAP_ALLOCATE|[EXTERNAL]|Bytes:5
06:57:17.1 (15356489)|HEAP_ALLOCATE|[EXTERNAL]|Bytes:6
06:57:17.1 (15410965)|STATEMENT_EXECUTE|[10]
06:57:17.1 (15438772)|CONSTRUCTOR_EXIT|[1]|01p6F00000CNPHj|<init>()|BasicProgramming
06:57:17.1 (15451696)|SYSTEM_MODE_EXIT|false
06:57:17.1 (15492919)|VARIABLE_ASSIGNMENT|[1]|obj|{}|0x1820308a
06:57:17.1 (15501887)|STATEMENT_EXECUTE|[2]
06:57:17.1 (15534840)|SYSTEM_MODE_ENTER|false
06:57:17.1 (15548362)|HEAP_ALLOCATE|[2]|Bytes:5
06:57:17.1 (15604421)|METHOD_ENTRY|[2]|01p6F00000CNPHj|BasicProgramming.determineEvenOdd(Integer)
06:57:17.1 (15635148)|VARIABLE_SCOPE_BEGIN|[15]|this|BasicProgramming|true|false
06:57:17.1 (15660944)|VARIABLE_ASSIGNMENT|[15]|this|{}|0x1820308a
06:57:17.1 (15672204)|VARIABLE_SCOPE_BEGIN|[15]|number1|Integer|false|false
06:57:17.1 (15684641)|VARIABLE_ASSIGNMENT|[15]|number1|9
06:57:17.1 (15698627)|HEAP_ALLOCATE|[16]|Bytes:5
06:57:17.1 (15704869)|STATEMENT_EXECUTE|[15]
06:57:17.1 (15707306)|STATEMENT_EXECUTE|[16]
06:57:17.1 (15859937)|VARIABLE_SCOPE_BEGIN|[2]|System.Math.E|Double|false|true
06:57:17.1 (15876712)|VARIABLE_SCOPE_BEGIN|[3]|System.Math.PI|Double|false|true
06:57:17.1 (15893853)|HEAP_ALLOCATE|[16]|Bytes:206
06:57:17.1 (15920664)|SYSTEM_METHOD_ENTRY|[1]|Math.Math()
06:57:17.1 (15927663)|STATEMENT_EXECUTE|[1]
06:57:17.1 (16006777)|SYSTEM_METHOD_EXIT|[1]|Math
06:57:17.1 (16045075)|METHOD_ENTRY|[16]||System.Math.mod(Integer, Integer)
06:57:17.1 (16192401)|METHOD_EXIT|[16]||System.Math.mod(Integer, Integer)
06:57:17.1 (16204358)|HEAP_ALLOCATE|[16]|Bytes:3
06:57:17.1 (16218119)|METHOD_EXIT|[2]|01p6F00000CNPHj|BasicProgramming.determineEvenOdd(Integer)
06:57:17.1 (16228280)|SYSTEM_MODE_EXIT|false
06:57:17.1 (16255619)|VARIABLE_ASSIGNMENT|[2]|result|"Odd"
06:57:17.1 (16262668)|STATEMENT_EXECUTE|[5]
06:57:17.1 (16282570)|HEAP_ALLOCATE|[5]|Bytes:4
06:57:17.1 (16333809)|HEAP_ALLOCATE|[5]|Bytes:4
06:57:17.1 (16342853)|HEAP_ALLOCATE|[5]|Bytes:4
06:57:17.1 (16347891)|HEAP_ALLOCATE|[5]|Bytes:4
06:57:17.1 (16352491)|HEAP_ALLOCATE|[5]|Bytes:4
06:57:17.1 (16388585)|HEAP_ALLOCATE|[EXTERNAL]|Bytes:20
06:57:17.1 (16423939)|VARIABLE_ASSIGNMENT|[5]|inputArray|[20,5,15,10]|0x7d64c257
06:57:17.1 (16432304)|STATEMENT_EXECUTE|[6]
06:57:17.1 (16464658)|SYSTEM_MODE_ENTER|false
06:57:17.1 (16480545)|HEAP_ALLOCATE|[6]|Bytes:5
06:57:17.1 (16503362)|METHOD_ENTRY|[6]|01p6F00000CNPHj|BasicProgramming.arrayOperations(List<Integer>)
06:57:17.1 (16538683)|VARIABLE_SCOPE_BEGIN|[40]|this|BasicProgramming|true|false
06:57:17.1 (16566603)|VARIABLE_ASSIGNMENT|[40]|this|{}|0x1820308a
06:57:17.1 (16577135)|VARIABLE_SCOPE_BEGIN|[40]|inputArray|List<Integer>|true|false
06:57:17.1 (16591910)|VARIABLE_ASSIGNMENT|[40]|inputArray|[20,5,15,10]|0x7d64c257
06:57:17.1 (16604927)|HEAP_ALLOCATE|[42]|Bytes:5
06:57:17.1 (16611873)|STATEMENT_EXECUTE|[40]
06:57:17.1 (16614239)|STATEMENT_EXECUTE|[42]
06:57:17.1 (16669685)|STATEMENT_EXECUTE|[44]
06:57:17.1 (16675313)|HEAP_ALLOCATE|[44]|Bytes:16
06:57:17.1 (16758125)|USER_DEBUG|[44]|DEBUG|Assending oreder
06:57:17.1 (16775518)|STATEMENT_EXECUTE|[45]
06:57:17.1 (16784588)|VARIABLE_SCOPE_BEGIN|[45]|i|Integer|false|false
06:57:17.1 (16795161)|HEAP_ALLOCATE|[45]|Bytes:4
06:57:17.1 (16808140)|VARIABLE_ASSIGNMENT|[45]|i|0
06:57:17.1 (16841416)|STATEMENT_EXECUTE|[45]
06:57:17.1 (16844178)|STATEMENT_EXECUTE|[46]
06:57:17.1 (16849013)|HEAP_ALLOCATE|[46]|Bytes:17
06:57:17.1 (16904670)|HEAP_ALLOCATE|[46]|Bytes:1
06:57:17.1 (16920142)|HEAP_ALLOCATE|[46]|Bytes:2
06:57:17.1 (16932450)|HEAP_ALLOCATE|[46]|Bytes:8
06:57:17.1 (16947664)|HEAP_ALLOCATE|[46]|Bytes:1
06:57:17.1 (16966027)|HEAP_ALLOCATE|[46]|Bytes:21
06:57:17.1 (16982199)|USER_DEBUG|[46]|DEBUG|Array element at 0is5
06:57:17.1 (16993532)|HEAP_ALLOCATE|[45]|Bytes:4
06:57:17.1 (17004701)|VARIABLE_ASSIGNMENT|[45]|i|1
06:57:17.1 (17021762)|STATEMENT_EXECUTE|[45]
06:57:17.1 (17024131)|STATEMENT_EXECUTE|[46]
06:57:17.1 (17035550)|HEAP_ALLOCATE|[46]|Bytes:1
06:57:17.1 (17048552)|HEAP_ALLOCATE|[46]|Bytes:8
06:57:17.1 (17060492)|HEAP_ALLOCATE|[46]|Bytes:2
06:57:17.1 (17071290)|HEAP_ALLOCATE|[46]|Bytes:22
06:57:17.1 (17082575)|USER_DEBUG|[46]|DEBUG|Array element at 1is10
06:57:17.1 (17092005)|HEAP_ALLOCATE|[45]|Bytes:4
06:57:17.1 (17101182)|VARIABLE_ASSIGNMENT|[45]|i|2
06:57:17.1 (17113974)|STATEMENT_EXECUTE|[45]
06:57:17.1 (17116271)|STATEMENT_EXECUTE|[46]
06:57:17.1 (17126753)|HEAP_ALLOCATE|[46]|Bytes:1
06:57:17.1 (17138460)|HEAP_ALLOCATE|[46]|Bytes:8
06:57:17.1 (17149594)|HEAP_ALLOCATE|[46]|Bytes:2
06:57:17.1 (17159392)|HEAP_ALLOCATE|[46]|Bytes:22
06:57:17.1 (17170553)|USER_DEBUG|[46]|DEBUG|Array element at 2is15
06:57:17.1 (17179416)|HEAP_ALLOCATE|[45]|Bytes:4
06:57:17.1 (17187721)|VARIABLE_ASSIGNMENT|[45]|i|3
06:57:17.1 (17200329)|STATEMENT_EXECUTE|[45]
06:57:17.1 (17202487)|STATEMENT_EXECUTE|[46]
06:57:17.1 (17212465)|HEAP_ALLOCATE|[46]|Bytes:1
06:57:17.1 (17223386)|HEAP_ALLOCATE|[46]|Bytes:8
06:57:17.1 (17234373)|HEAP_ALLOCATE|[46]|Bytes:2
06:57:17.1 (17244998)|HEAP_ALLOCATE|[46]|Bytes:22
06:57:17.1 (17254919)|USER_DEBUG|[46]|DEBUG|Array element at 3is20
06:57:17.1 (17263526)|HEAP_ALLOCATE|[45]|Bytes:4
06:57:17.1 (17271789)|VARIABLE_ASSIGNMENT|[45]|i|4
06:57:17.1 (17284509)|STATEMENT_EXECUTE|[49]
06:57:17.1 (17288189)|HEAP_ALLOCATE|[49]|Bytes:17
06:57:17.1 (17315513)|USER_DEBUG|[49]|DEBUG|Descending oreder
06:57:17.1 (17327608)|STATEMENT_EXECUTE|[50]
06:57:17.1 (17467583)|VARIABLE_SCOPE_BEGIN|[50]|i|Integer|false|false
06:57:17.1 (17480834)|HEAP_ALLOCATE|[50]|Bytes:4
06:57:17.1 (17493747)|VARIABLE_ASSIGNMENT|[50]|i|3
06:57:17.1 (17501025)|STATEMENT_EXECUTE|[50]
06:57:17.1 (17503127)|STATEMENT_EXECUTE|[51]
06:57:17.1 (17539610)|HEAP_ALLOCATE|[51]|Bytes:1
06:57:17.1 (17558568)|HEAP_ALLOCATE|[51]|Bytes:8
06:57:17.1 (17573093)|HEAP_ALLOCATE|[51]|Bytes:2
06:57:17.1 (17585299)|HEAP_ALLOCATE|[51]|Bytes:22
06:57:17.1 (17600118)|USER_DEBUG|[51]|DEBUG|Array element at 3is20
06:57:17.1 (17611663)|HEAP_ALLOCATE|[50]|Bytes:4
06:57:17.1 (17621294)|VARIABLE_ASSIGNMENT|[50]|i|2
06:57:17.1 (17627623)|STATEMENT_EXECUTE|[50]
06:57:17.1 (17629582)|STATEMENT_EXECUTE|[51]
06:57:17.1 (17641058)|HEAP_ALLOCATE|[51]|Bytes:1
06:57:17.1 (17652904)|HEAP_ALLOCATE|[51]|Bytes:8
06:57:17.1 (17664218)|HEAP_ALLOCATE|[51]|Bytes:2
06:57:17.1 (17674723)|HEAP_ALLOCATE|[51]|Bytes:22
06:57:17.1 (17685133)|USER_DEBUG|[51]|DEBUG|Array element at 2is15
06:57:17.1 (17694985)|HEAP_ALLOCATE|[50]|Bytes:4
06:57:17.1 (17703549)|VARIABLE_ASSIGNMENT|[50]|i|1
06:57:17.1 (17709289)|STATEMENT_EXECUTE|[50]
06:57:17.1 (17711341)|STATEMENT_EXECUTE|[51]
06:57:17.1 (17722035)|HEAP_ALLOCATE|[51]|Bytes:1
06:57:17.1 (17733431)|HEAP_ALLOCATE|[51]|Bytes:8
06:57:17.1 (17744291)|HEAP_ALLOCATE|[51]|Bytes:2
06:57:17.1 (17754251)|HEAP_ALLOCATE|[51]|Bytes:22
06:57:17.1 (17764089)|USER_DEBUG|[51]|DEBUG|Array element at 1is10
06:57:17.1 (17773533)|HEAP_ALLOCATE|[50]|Bytes:4
06:57:17.1 (17782301)|VARIABLE_ASSIGNMENT|[50]|i|0
06:57:17.1 (17799490)|METHOD_EXIT|[6]|01p6F00000CNPHj|BasicProgramming.arrayOperations(List<Integer>)
06:57:17.1 (17809947)|SYSTEM_MODE_EXIT|false
06:57:17.17 (17873265)|CUMULATIVE_LIMIT_USAGE
06:57:17.17 (17873265)|LIMIT_USAGE_FOR_NS|(default)|
  Number of SOQL queries: 0 out of 100
  Number of query rows: 0 out of 50000
  Number of SOSL queries: 0 out of 20
  Number of DML statements: 0 out of 150
  Number of DML rows: 0 out of 10000
  Maximum CPU time: 0 out of 10000
  Maximum heap size: 0 out of 6000000
  Number of callouts: 0 out of 100
  Number of Email Invocations: 0 out of 10
  Number of future calls: 0 out of 50
  Number of queueable jobs added to the queue: 0 out of 50
  Number of Mobile Apex push calls: 0 out of 10

06:57:17.17 (17873265)|CUMULATIVE_LIMIT_USAGE_END

06:57:17.1 (17946192)|CODE_UNIT_FINISHED|execute_anonymous_apex
06:57:17.1 (19003674)|EXECUTION_FINISHED
