43.0 APEX_CODE,FINEST;APEX_PROFILING,INFO;CALLOUT,INFO;DB,INFO;NBA,INFO;SYSTEM,DEBUG;VALIDATION,INFO;VISUALFORCE,INFO;WAVE,INFO;WORKFLOW,INFO
Execute Anonymous: BasicProgramming obj = new BasicProgramming();
Execute Anonymous: String result = obj.determineEvenOdd(9);
Execute Anonymous: //System.debug('Number is: '+ result);
Execute Anonymous: 
Execute Anonymous: //obj.printArray(10);
Execute Anonymous: 
Execute Anonymous: /*
Execute Anonymous: Integer[] inputArray = new Integer[]{20,5,5,10};
Execute Anonymous: obj.arrayOperations(inputArray);*/
Execute Anonymous: 
Execute Anonymous: obj.displaySum(3);
Execute Anonymous: 
Execute Anonymous: Decimal simpleInterest = obj.calculateSI(10000,10,1);
Execute Anonymous: System.debug('SI : ' + simpleInterest);
08:14:01.1 (1644705)|USER_INFO|[EXTERNAL]|0056F000009ROqM|swaraj@espl.com|Pacific Standard Time|GMT-07:00
08:14:01.1 (1667226)|EXECUTION_STARTED
08:14:01.1 (1672090)|CODE_UNIT_STARTED|[EXTERNAL]|execute_anonymous_apex
08:14:01.1 (16400389)|VARIABLE_SCOPE_BEGIN|[1]|obj|BasicProgramming|true|false
08:14:01.1 (16437451)|VARIABLE_SCOPE_BEGIN|[2]|result|String|false|false
08:14:01.1 (16449924)|VARIABLE_SCOPE_BEGIN|[13]|simpleInterest|Decimal|false|false
08:14:01.1 (16583557)|HEAP_ALLOCATE|[72]|Bytes:3
08:14:01.1 (16621543)|HEAP_ALLOCATE|[77]|Bytes:152
08:14:01.1 (16634887)|HEAP_ALLOCATE|[342]|Bytes:408
08:14:01.1 (16647239)|HEAP_ALLOCATE|[355]|Bytes:408
08:14:01.1 (16658853)|HEAP_ALLOCATE|[467]|Bytes:48
08:14:01.1 (16686122)|HEAP_ALLOCATE|[139]|Bytes:6
08:14:01.1 (16712883)|HEAP_ALLOCATE|[EXTERNAL]|Bytes:12
08:14:01.1 (16760128)|STATEMENT_EXECUTE|[1]
08:14:01.1 (16763194)|STATEMENT_EXECUTE|[1]
08:14:01.1 (16766972)|HEAP_ALLOCATE|[1]|Bytes:18
08:14:01.1 (16772449)|HEAP_ALLOCATE|[1]|Bytes:37
08:14:01.1 (16806414)|METHOD_ENTRY|[9]|01p6F00000CNPHj|BasicProgramming.BasicProgramming()
08:14:01.1 (16813998)|STATEMENT_EXECUTE|[9]
08:14:01.1 (16817750)|STATEMENT_EXECUTE|[9]
08:14:01.1 (16846614)|HEAP_ALLOCATE|[50]|Bytes:5
08:14:01.1 (16868902)|HEAP_ALLOCATE|[56]|Bytes:5
08:14:01.1 (16880588)|HEAP_ALLOCATE|[64]|Bytes:7
08:14:01.1 (16898621)|SYSTEM_MODE_ENTER|false
08:14:01.1 (16910780)|HEAP_ALLOCATE|[1]|Bytes:5
08:14:01.1 (16918151)|SYSTEM_MODE_EXIT|false
08:14:01.1 (16928441)|METHOD_EXIT|[9]|BasicProgramming
08:14:01.1 (16942527)|HEAP_ALLOCATE|[1]|Bytes:4
08:14:01.1 (16965016)|SYSTEM_MODE_ENTER|false
08:14:01.1 (16981604)|HEAP_ALLOCATE|[1]|Bytes:5
08:14:01.1 (16995111)|CONSTRUCTOR_ENTRY|[1]|01p6F00000CNPHj|<init>()|BasicProgramming
08:14:01.1 (17044085)|VARIABLE_SCOPE_BEGIN|[11]|this|BasicProgramming|true|false
08:14:01.1 (17099252)|VARIABLE_ASSIGNMENT|[11]|this|{}|0x290f845
08:14:01.1 (17111206)|HEAP_ALLOCATE|[EXTERNAL]|Bytes:5
08:14:01.1 (17115840)|STATEMENT_EXECUTE|[9]
08:14:01.1 (17118459)|HEAP_ALLOCATE|[EXTERNAL]|Bytes:5
08:14:01.1 (17127512)|HEAP_ALLOCATE|[EXTERNAL]|Bytes:6
08:14:01.1 (17162628)|STATEMENT_EXECUTE|[11]
08:14:01.1 (17170053)|CONSTRUCTOR_EXIT|[1]|01p6F00000CNPHj|<init>()|BasicProgramming
08:14:01.1 (17177859)|SYSTEM_MODE_EXIT|false
08:14:01.1 (17205535)|VARIABLE_ASSIGNMENT|[1]|obj|{}|0x290f845
08:14:01.1 (17211324)|STATEMENT_EXECUTE|[2]
08:14:01.1 (17234532)|SYSTEM_MODE_ENTER|false
08:14:01.1 (17243605)|HEAP_ALLOCATE|[2]|Bytes:5
08:14:01.1 (17275602)|METHOD_ENTRY|[2]|01p6F00000CNPHj|BasicProgramming.determineEvenOdd(Integer)
08:14:01.1 (17292630)|VARIABLE_SCOPE_BEGIN|[16]|this|BasicProgramming|true|false
08:14:01.1 (17307486)|VARIABLE_ASSIGNMENT|[16]|this|{}|0x290f845
08:14:01.1 (17314074)|VARIABLE_SCOPE_BEGIN|[16]|number1|Integer|false|false
08:14:01.1 (17325576)|VARIABLE_ASSIGNMENT|[16]|number1|9
08:14:01.1 (17335023)|HEAP_ALLOCATE|[17]|Bytes:5
08:14:01.1 (17339623)|STATEMENT_EXECUTE|[16]
08:14:01.1 (17341288)|STATEMENT_EXECUTE|[17]
08:14:01.1 (17688018)|VARIABLE_SCOPE_BEGIN|[2]|System.Math.E|Double|false|true
08:14:01.1 (17700199)|VARIABLE_SCOPE_BEGIN|[3]|System.Math.PI|Double|false|true
08:14:01.1 (17714342)|HEAP_ALLOCATE|[17]|Bytes:206
08:14:01.1 (17726188)|SYSTEM_METHOD_ENTRY|[1]|Math.Math()
08:14:01.1 (17731161)|STATEMENT_EXECUTE|[1]
08:14:01.1 (17791114)|SYSTEM_METHOD_EXIT|[1]|Math
08:14:01.1 (17805347)|METHOD_ENTRY|[17]||System.Math.mod(Integer, Integer)
08:14:01.1 (17903821)|METHOD_EXIT|[17]||System.Math.mod(Integer, Integer)
08:14:01.1 (17911409)|HEAP_ALLOCATE|[17]|Bytes:3
08:14:01.1 (17920081)|METHOD_EXIT|[2]|01p6F00000CNPHj|BasicProgramming.determineEvenOdd(Integer)
08:14:01.1 (17926990)|SYSTEM_MODE_EXIT|false
08:14:01.1 (17956141)|VARIABLE_ASSIGNMENT|[2]|result|"Odd"
08:14:01.1 (17961719)|STATEMENT_EXECUTE|[11]
08:14:01.1 (17987397)|SYSTEM_MODE_ENTER|false
08:14:01.1 (17998470)|HEAP_ALLOCATE|[11]|Bytes:5
08:14:01.1 (18011480)|METHOD_ENTRY|[11]|01p6F00000CNPHj|BasicProgramming.displaySum(Integer)
08:14:01.1 (18033501)|VARIABLE_SCOPE_BEGIN|[99]|this|BasicProgramming|true|false
08:14:01.1 (18050799)|VARIABLE_ASSIGNMENT|[99]|this|{}|0x290f845
08:14:01.1 (18056877)|VARIABLE_SCOPE_BEGIN|[99]|inputNumber|Integer|false|false
08:14:01.1 (18065066)|VARIABLE_ASSIGNMENT|[99]|inputNumber|3
08:14:01.1 (18073960)|HEAP_ALLOCATE|[100]|Bytes:5
08:14:01.1 (18078238)|STATEMENT_EXECUTE|[99]
08:14:01.1 (18080109)|STATEMENT_EXECUTE|[100]
08:14:01.1 (18083712)|VARIABLE_SCOPE_BEGIN|[100]|sum|Integer|false|false
08:14:01.1 (18091066)|HEAP_ALLOCATE|[100]|Bytes:4
08:14:01.1 (18098306)|VARIABLE_ASSIGNMENT|[100]|sum|0
08:14:01.1 (18102750)|STATEMENT_EXECUTE|[101]
08:14:01.1 (18105305)|VARIABLE_SCOPE_BEGIN|[101]|i|Integer|false|false
08:14:01.1 (18111134)|HEAP_ALLOCATE|[101]|Bytes:4
08:14:01.1 (18115808)|VARIABLE_ASSIGNMENT|[101]|i|1
08:14:01.1 (18121488)|STATEMENT_EXECUTE|[101]
08:14:01.1 (18122920)|STATEMENT_EXECUTE|[102]
08:14:01.1 (18124793)|HEAP_ALLOCATE|[102]|Bytes:4
08:14:01.1 (18129278)|VARIABLE_ASSIGNMENT|[102]|sum|1
08:14:01.1 (18133262)|HEAP_ALLOCATE|[101]|Bytes:4
08:14:01.1 (18138159)|VARIABLE_ASSIGNMENT|[101]|i|2
08:14:01.1 (18142388)|STATEMENT_EXECUTE|[101]
08:14:01.1 (18143837)|STATEMENT_EXECUTE|[102]
08:14:01.1 (18145554)|HEAP_ALLOCATE|[102]|Bytes:4
08:14:01.1 (18150075)|VARIABLE_ASSIGNMENT|[102]|sum|3
08:14:01.1 (18153420)|HEAP_ALLOCATE|[101]|Bytes:4
08:14:01.1 (18157849)|VARIABLE_ASSIGNMENT|[101]|i|3
08:14:01.1 (18161786)|STATEMENT_EXECUTE|[101]
08:14:01.1 (18163193)|STATEMENT_EXECUTE|[102]
08:14:01.1 (18165292)|HEAP_ALLOCATE|[102]|Bytes:4
08:14:01.1 (18169759)|VARIABLE_ASSIGNMENT|[102]|sum|6
08:14:01.1 (18173298)|HEAP_ALLOCATE|[101]|Bytes:4
08:14:01.1 (18177979)|VARIABLE_ASSIGNMENT|[101]|i|4
08:14:01.1 (18182321)|STATEMENT_EXECUTE|[104]
08:14:01.1 (18185248)|HEAP_ALLOCATE|[104]|Bytes:8
08:14:01.1 (18228521)|HEAP_ALLOCATE|[104]|Bytes:1
08:14:01.1 (18240279)|HEAP_ALLOCATE|[104]|Bytes:4
08:14:01.1 (18250105)|HEAP_ALLOCATE|[104]|Bytes:1
08:14:01.1 (18266851)|HEAP_ALLOCATE|[104]|Bytes:14
08:14:01.1 (18292484)|USER_DEBUG|[104]|DEBUG|Sum for 3 is 6
08:14:01.1 (18305801)|METHOD_EXIT|[11]|01p6F00000CNPHj|BasicProgramming.displaySum(Integer)
08:14:01.1 (18311686)|SYSTEM_MODE_EXIT|false
08:14:01.1 (18318339)|STATEMENT_EXECUTE|[13]
08:14:01.1 (18345609)|HEAP_ALLOCATE|[13]|Bytes:28
08:14:01.1 (18350142)|HEAP_ALLOCATE|[13]|Bytes:28
08:14:01.1 (18370728)|SYSTEM_MODE_ENTER|false
08:14:01.1 (18378900)|HEAP_ALLOCATE|[13]|Bytes:5
08:14:01.1 (18391623)|METHOD_ENTRY|[13]|01p6F00000CNPHj|BasicProgramming.calculateSI(Integer, Decimal, Integer)
08:14:01.1 (18405386)|VARIABLE_SCOPE_BEGIN|[108]|this|BasicProgramming|true|false
08:14:01.1 (18422219)|VARIABLE_ASSIGNMENT|[108]|this|{}|0x290f845
08:14:01.1 (18429229)|VARIABLE_SCOPE_BEGIN|[108]|princial|Integer|false|false
08:14:01.1 (18437789)|VARIABLE_ASSIGNMENT|[108]|princial|10000
08:14:01.1 (18442415)|VARIABLE_SCOPE_BEGIN|[108]|rate|Decimal|false|false
08:14:01.1 (18453178)|VARIABLE_ASSIGNMENT|[108]|rate|10
08:14:01.1 (18457840)|VARIABLE_SCOPE_BEGIN|[108]|duration|Integer|false|false
08:14:01.1 (18464908)|VARIABLE_ASSIGNMENT|[108]|duration|1
08:14:01.1 (18472995)|HEAP_ALLOCATE|[109]|Bytes:5
08:14:01.1 (18477159)|STATEMENT_EXECUTE|[108]
08:14:01.1 (18478916)|STATEMENT_EXECUTE|[109]
08:14:01.1 (18481877)|VARIABLE_SCOPE_BEGIN|[109]|simpleInterest|Decimal|false|false
08:14:01.1 (18490839)|VARIABLE_ASSIGNMENT|[109]|simpleInterest|null
08:14:01.1 (18505963)|HEAP_ALLOCATE|[110]|Bytes:28
08:14:01.1 (18510363)|HEAP_ALLOCATE|[110]|Bytes:28
08:14:01.1 (18558619)|HEAP_ALLOCATE|[110]|Bytes:28
08:14:01.1 (18580249)|STATEMENT_EXECUTE|[113]
08:14:01.1 (18582123)|STATEMENT_EXECUTE|[115]
08:14:01.1 (18585642)|HEAP_ALLOCATE|[115]|Bytes:28
08:14:01.1 (18620051)|HEAP_ALLOCATE|[115]|Bytes:28
08:14:01.1 (18634420)|HEAP_ALLOCATE|[115]|Bytes:28
08:14:01.1 (18638068)|HEAP_ALLOCATE|[115]|Bytes:28
08:14:01.1 (18650198)|HEAP_ALLOCATE|[115]|Bytes:28
08:14:01.1 (18663855)|HEAP_ALLOCATE|[115]|Bytes:28
08:14:01.1 (18735167)|HEAP_ALLOCATE|[115]|Bytes:28
08:14:01.1 (18740058)|HEAP_ALLOCATE|[115]|Bytes:28
08:14:01.1 (18755693)|VARIABLE_ASSIGNMENT|[115]|simpleInterest|1000
08:14:01.1 (18760898)|STATEMENT_EXECUTE|[117]
08:14:01.1 (18768990)|METHOD_EXIT|[13]|01p6F00000CNPHj|BasicProgramming.calculateSI(Integer, Decimal, Integer)
08:14:01.1 (18775342)|SYSTEM_MODE_EXIT|false
08:14:01.1 (18789632)|VARIABLE_ASSIGNMENT|[13]|simpleInterest|1000
08:14:01.1 (18793962)|STATEMENT_EXECUTE|[14]
08:14:01.1 (18797478)|HEAP_ALLOCATE|[14]|Bytes:5
08:14:01.1 (18822778)|HEAP_ALLOCATE|[14]|Bytes:4
08:14:01.1 (18837049)|HEAP_ALLOCATE|[14]|Bytes:9
08:14:01.1 (18846884)|USER_DEBUG|[14]|DEBUG|SI : 1000
08:14:01.18 (18886077)|CUMULATIVE_LIMIT_USAGE
08:14:01.18 (18886077)|LIMIT_USAGE_FOR_NS|(default)|
  Number of SOQL queries: 0 out of 100
  Number of query rows: 0 out of 50000
  Number of SOSL queries: 0 out of 20
  Number of DML statements: 0 out of 150
  Number of DML rows: 0 out of 10000
  Maximum CPU time: 0 out of 10000
  Maximum heap size: 0 out of 6000000
  Number of callouts: 0 out of 100
  Number of Email Invocations: 0 out of 10
  Number of future calls: 0 out of 50
  Number of queueable jobs added to the queue: 0 out of 50
  Number of Mobile Apex push calls: 0 out of 10

08:14:01.18 (18886077)|CUMULATIVE_LIMIT_USAGE_END

08:14:01.1 (18934023)|CODE_UNIT_FINISHED|execute_anonymous_apex
08:14:01.1 (19925223)|EXECUTION_FINISHED
