43.0 APEX_CODE,FINEST;APEX_PROFILING,INFO;CALLOUT,INFO;DB,INFO;NBA,INFO;SYSTEM,DEBUG;VALIDATION,INFO;VISUALFORCE,INFO;WAVE,INFO;WORKFLOW,INFO
Execute Anonymous: BasicProgramming obj = new BasicProgramming();
Execute Anonymous: String result = obj.determineEvenOdd(9);
Execute Anonymous: //System.debug('Number is: '+ result);
Execute Anonymous: //obj.printArray(10);
Execute Anonymous: Integer[] inputArray = new Integer[]{20,5,15,10};
Execute Anonymous: obj.arrayOperations(inputArray);
06:55:51.2 (2671509)|USER_INFO|[EXTERNAL]|0056F000009ROqM|swaraj@espl.com|Pacific Standard Time|GMT-07:00
06:55:51.2 (2701617)|EXECUTION_STARTED
06:55:51.2 (2708521)|CODE_UNIT_STARTED|[EXTERNAL]|execute_anonymous_apex
06:55:51.2 (3068379)|VARIABLE_SCOPE_BEGIN|[5]|inputArray|List<Integer>|true|false
06:55:51.2 (13963338)|VARIABLE_SCOPE_BEGIN|[1]|obj|BasicProgramming|true|false
06:55:51.2 (14052681)|VARIABLE_SCOPE_BEGIN|[2]|result|String|false|false
06:55:51.2 (14205911)|HEAP_ALLOCATE|[72]|Bytes:3
06:55:51.2 (14291093)|HEAP_ALLOCATE|[77]|Bytes:152
06:55:51.2 (14320416)|HEAP_ALLOCATE|[342]|Bytes:408
06:55:51.2 (14334309)|HEAP_ALLOCATE|[355]|Bytes:408
06:55:51.2 (14353401)|HEAP_ALLOCATE|[467]|Bytes:48
06:55:51.2 (14394202)|HEAP_ALLOCATE|[139]|Bytes:6
06:55:51.2 (14422872)|HEAP_ALLOCATE|[EXTERNAL]|Bytes:7
06:55:51.2 (14491889)|STATEMENT_EXECUTE|[1]
06:55:51.2 (14498998)|STATEMENT_EXECUTE|[1]
06:55:51.2 (14506454)|HEAP_ALLOCATE|[1]|Bytes:11
06:55:51.2 (14518885)|HEAP_ALLOCATE|[1]|Bytes:14
06:55:51.2 (14564651)|METHOD_ENTRY|[9]|01p6F00000CNPHj|BasicProgramming.BasicProgramming()
06:55:51.2 (14574907)|STATEMENT_EXECUTE|[9]
06:55:51.2 (14580056)|STATEMENT_EXECUTE|[9]
06:55:51.2 (14610525)|HEAP_ALLOCATE|[50]|Bytes:5
06:55:51.2 (14638336)|HEAP_ALLOCATE|[56]|Bytes:5
06:55:51.2 (14655282)|HEAP_ALLOCATE|[64]|Bytes:7
06:55:51.2 (14688154)|SYSTEM_MODE_ENTER|false
06:55:51.2 (14710646)|HEAP_ALLOCATE|[1]|Bytes:5
06:55:51.2 (14721731)|SYSTEM_MODE_EXIT|false
06:55:51.2 (14736915)|METHOD_EXIT|[9]|BasicProgramming
06:55:51.2 (14756547)|HEAP_ALLOCATE|[1]|Bytes:4
06:55:51.2 (14883372)|SYSTEM_MODE_ENTER|false
06:55:51.2 (14907431)|HEAP_ALLOCATE|[1]|Bytes:5
06:55:51.2 (14957215)|CONSTRUCTOR_ENTRY|[1]|01p6F00000CNPHj|<init>()|BasicProgramming
06:55:51.2 (16025664)|VARIABLE_SCOPE_BEGIN|[10]|this|BasicProgramming|true|false
06:55:51.2 (16538728)|VARIABLE_ASSIGNMENT|[10]|this|{}|0x8f51523
06:55:51.2 (16570764)|HEAP_ALLOCATE|[EXTERNAL]|Bytes:5
06:55:51.2 (16580346)|STATEMENT_EXECUTE|[9]
06:55:51.2 (16584954)|HEAP_ALLOCATE|[EXTERNAL]|Bytes:5
06:55:51.2 (16598671)|HEAP_ALLOCATE|[EXTERNAL]|Bytes:6
06:55:51.2 (16703970)|STATEMENT_EXECUTE|[10]
06:55:51.2 (16725651)|CONSTRUCTOR_EXIT|[1]|01p6F00000CNPHj|<init>()|BasicProgramming
06:55:51.2 (16741710)|SYSTEM_MODE_EXIT|false
06:55:51.2 (16800304)|VARIABLE_ASSIGNMENT|[1]|obj|{}|0x8f51523
06:55:51.2 (16815938)|STATEMENT_EXECUTE|[2]
06:55:51.2 (16855786)|SYSTEM_MODE_ENTER|false
06:55:51.2 (16871737)|HEAP_ALLOCATE|[2]|Bytes:5
06:55:51.2 (16924194)|METHOD_ENTRY|[2]|01p6F00000CNPHj|BasicProgramming.determineEvenOdd(Integer)
06:55:51.2 (17033305)|VARIABLE_SCOPE_BEGIN|[15]|this|BasicProgramming|true|false
06:55:51.2 (17108410)|VARIABLE_ASSIGNMENT|[15]|this|{}|0x8f51523
06:55:51.2 (17190758)|VARIABLE_SCOPE_BEGIN|[15]|number1|Integer|false|false
06:55:51.2 (17342117)|VARIABLE_ASSIGNMENT|[15]|number1|9
06:55:51.2 (17385643)|HEAP_ALLOCATE|[16]|Bytes:5
06:55:51.2 (17396421)|STATEMENT_EXECUTE|[15]
06:55:51.2 (17399184)|STATEMENT_EXECUTE|[16]
06:55:51.2 (17714409)|VARIABLE_SCOPE_BEGIN|[2]|System.Math.E|Double|false|true
06:55:51.2 (17753311)|VARIABLE_SCOPE_BEGIN|[3]|System.Math.PI|Double|false|true
06:55:51.2 (17774811)|HEAP_ALLOCATE|[16]|Bytes:206
06:55:51.2 (17810305)|SYSTEM_METHOD_ENTRY|[1]|Math.Math()
06:55:51.2 (17818937)|STATEMENT_EXECUTE|[1]
06:55:51.2 (17955519)|SYSTEM_METHOD_EXIT|[1]|Math
06:55:51.2 (17986986)|METHOD_ENTRY|[16]||System.Math.mod(Integer, Integer)
06:55:51.2 (18132042)|METHOD_EXIT|[16]||System.Math.mod(Integer, Integer)
06:55:51.2 (18146585)|HEAP_ALLOCATE|[16]|Bytes:3
06:55:51.2 (18173098)|METHOD_EXIT|[2]|01p6F00000CNPHj|BasicProgramming.determineEvenOdd(Integer)
06:55:51.2 (18186171)|SYSTEM_MODE_EXIT|false
06:55:51.2 (18219584)|VARIABLE_ASSIGNMENT|[2]|result|"Odd"
06:55:51.2 (18227756)|STATEMENT_EXECUTE|[5]
06:55:51.2 (18241035)|HEAP_ALLOCATE|[5]|Bytes:4
06:55:51.2 (18291179)|HEAP_ALLOCATE|[5]|Bytes:4
06:55:51.2 (18301904)|HEAP_ALLOCATE|[5]|Bytes:4
06:55:51.2 (18308529)|HEAP_ALLOCATE|[5]|Bytes:4
06:55:51.2 (18314505)|HEAP_ALLOCATE|[5]|Bytes:4
06:55:51.2 (18345382)|HEAP_ALLOCATE|[EXTERNAL]|Bytes:20
06:55:51.2 (18406447)|VARIABLE_ASSIGNMENT|[5]|inputArray|[20,5,15,10]|0x1ec6172c
06:55:51.2 (18417217)|STATEMENT_EXECUTE|[6]
06:55:51.2 (18450968)|SYSTEM_MODE_ENTER|false
06:55:51.2 (18468357)|HEAP_ALLOCATE|[6]|Bytes:5
06:55:51.2 (18493241)|METHOD_ENTRY|[6]|01p6F00000CNPHj|BasicProgramming.arrayOperations(List<Integer>)
06:55:51.2 (18531425)|VARIABLE_SCOPE_BEGIN|[40]|this|BasicProgramming|true|false
06:55:51.2 (18569432)|VARIABLE_ASSIGNMENT|[40]|this|{}|0x8f51523
06:55:51.2 (18584390)|VARIABLE_SCOPE_BEGIN|[40]|inputArray|List<Integer>|true|false
06:55:51.2 (18605514)|VARIABLE_ASSIGNMENT|[40]|inputArray|[20,5,15,10]|0x1ec6172c
06:55:51.2 (18620920)|HEAP_ALLOCATE|[42]|Bytes:5
06:55:51.2 (18628437)|STATEMENT_EXECUTE|[40]
06:55:51.2 (18630962)|STATEMENT_EXECUTE|[42]
06:55:51.2 (18739269)|STATEMENT_EXECUTE|[44]
06:55:51.2 (18745762)|HEAP_ALLOCATE|[44]|Bytes:16
06:55:51.2 (18801076)|USER_DEBUG|[44]|DEBUG|Assending oreder
06:55:51.2 (18827212)|STATEMENT_EXECUTE|[45]
06:55:51.2 (18876209)|VARIABLE_SCOPE_BEGIN|[45]|i|Integer|false|false
06:55:51.2 (18890033)|HEAP_ALLOCATE|[45]|Bytes:4
06:55:51.2 (18929230)|VARIABLE_ASSIGNMENT|[45]|i|0
06:55:51.2 (18969102)|STATEMENT_EXECUTE|[45]
06:55:51.2 (18972394)|STATEMENT_EXECUTE|[46]
06:55:51.2 (18976646)|HEAP_ALLOCATE|[46]|Bytes:17
06:55:51.2 (19032392)|HEAP_ALLOCATE|[46]|Bytes:1
06:55:51.2 (19493727)|HEAP_ALLOCATE|[46]|Bytes:2
06:55:51.2 (19511133)|HEAP_ALLOCATE|[46]|Bytes:8
06:55:51.2 (19532722)|HEAP_ALLOCATE|[46]|Bytes:1
06:55:51.2 (19554253)|HEAP_ALLOCATE|[46]|Bytes:21
06:55:51.2 (19572753)|USER_DEBUG|[46]|DEBUG|Array element at 0is5
06:55:51.2 (19611185)|HEAP_ALLOCATE|[45]|Bytes:4
06:55:51.2 (19633010)|VARIABLE_ASSIGNMENT|[45]|i|1
06:55:51.2 (19656615)|STATEMENT_EXECUTE|[45]
06:55:51.2 (19659654)|STATEMENT_EXECUTE|[46]
06:55:51.2 (19674244)|HEAP_ALLOCATE|[46]|Bytes:1
06:55:51.2 (19691615)|HEAP_ALLOCATE|[46]|Bytes:8
06:55:51.2 (19707745)|HEAP_ALLOCATE|[46]|Bytes:2
06:55:51.2 (19726793)|HEAP_ALLOCATE|[46]|Bytes:22
06:55:51.2 (19747179)|USER_DEBUG|[46]|DEBUG|Array element at 1is10
06:55:51.2 (19772909)|HEAP_ALLOCATE|[45]|Bytes:4
06:55:51.2 (19944954)|VARIABLE_ASSIGNMENT|[45]|i|2
06:55:51.2 (19967040)|STATEMENT_EXECUTE|[45]
06:55:51.2 (19969789)|STATEMENT_EXECUTE|[46]
06:55:51.2 (19983480)|HEAP_ALLOCATE|[46]|Bytes:1
06:55:51.2 (20000595)|HEAP_ALLOCATE|[46]|Bytes:8
06:55:51.2 (20017411)|HEAP_ALLOCATE|[46]|Bytes:2
06:55:51.2 (20032344)|HEAP_ALLOCATE|[46]|Bytes:22
06:55:51.2 (20046574)|USER_DEBUG|[46]|DEBUG|Array element at 2is15
06:55:51.2 (20064546)|HEAP_ALLOCATE|[45]|Bytes:4
06:55:51.2 (20079070)|VARIABLE_ASSIGNMENT|[45]|i|3
06:55:51.2 (20097880)|STATEMENT_EXECUTE|[45]
06:55:51.2 (20100534)|STATEMENT_EXECUTE|[46]
06:55:51.2 (20112978)|HEAP_ALLOCATE|[46]|Bytes:1
06:55:51.2 (20128948)|HEAP_ALLOCATE|[46]|Bytes:8
06:55:51.2 (20143916)|HEAP_ALLOCATE|[46]|Bytes:2
06:55:51.2 (20158294)|HEAP_ALLOCATE|[46]|Bytes:22
06:55:51.2 (20171541)|USER_DEBUG|[46]|DEBUG|Array element at 3is20
06:55:51.2 (20182936)|HEAP_ALLOCATE|[45]|Bytes:4
06:55:51.2 (20195764)|VARIABLE_ASSIGNMENT|[45]|i|4
06:55:51.2 (20214097)|STATEMENT_EXECUTE|[49]
06:55:51.2 (20218421)|HEAP_ALLOCATE|[49]|Bytes:17
06:55:51.2 (20252156)|USER_DEBUG|[49]|DEBUG|Descending oreder
06:55:51.2 (20340835)|STATEMENT_EXECUTE|[50]
06:55:51.2 (20378268)|VARIABLE_SCOPE_BEGIN|[50]|i|Integer|false|false
06:55:51.2 (20393114)|HEAP_ALLOCATE|[50]|Bytes:4
06:55:51.2 (20407435)|VARIABLE_ASSIGNMENT|[50]|i|4
06:55:51.2 (20415541)|STATEMENT_EXECUTE|[50]
06:55:51.2 (20417782)|STATEMENT_EXECUTE|[51]
06:55:51.2 (20451584)|HEAP_ALLOCATE|[51]|Bytes:1
06:55:51.2 (20530048)|HEAP_ALLOCATE|[51]|Bytes:31
06:55:51.2 (20570214)|METHOD_EXIT|[6]|01p6F00000CNPHj|BasicProgramming.arrayOperations(List<Integer>)
06:55:51.2 (20585398)|SYSTEM_MODE_EXIT|false
06:55:51.2 (20805935)|FATAL_ERROR|System.ListException: List index out of bounds: 4

Class.BasicProgramming.arrayOperations: line 51, column 1
AnonymousBlock: line 6, column 1
AnonymousBlock: line 6, column 1
06:55:51.20 (20969754)|CUMULATIVE_LIMIT_USAGE
06:55:51.20 (20969754)|LIMIT_USAGE_FOR_NS|(default)|
  Number of SOQL queries: 0 out of 100
  Number of query rows: 0 out of 50000
  Number of SOSL queries: 0 out of 20
  Number of DML statements: 0 out of 150
  Number of DML rows: 0 out of 10000
  Maximum CPU time: 0 out of 10000
  Maximum heap size: 0 out of 6000000
  Number of callouts: 0 out of 100
  Number of Email Invocations: 0 out of 10
  Number of future calls: 0 out of 50
  Number of queueable jobs added to the queue: 0 out of 50
  Number of Mobile Apex push calls: 0 out of 10

06:55:51.20 (20969754)|CUMULATIVE_LIMIT_USAGE_END

06:55:51.2 (21029431)|CODE_UNIT_FINISHED|execute_anonymous_apex
06:55:51.2 (22221852)|EXECUTION_FINISHED
