43.0 APEX_CODE,FINEST;APEX_PROFILING,INFO;CALLOUT,INFO;DB,INFO;NBA,INFO;SYSTEM,DEBUG;VALIDATION,INFO;VISUALFORCE,INFO;WAVE,INFO;WORKFLOW,INFO
Execute Anonymous: OopsConcepts obj = new OopsConcepts();
Execute Anonymous: //OopsConcepts obj1 = new OopsConcepts(5);
Execute Anonymous: 
Execute Anonymous: System.debug('SUM is ' + obj.calculator('SUM',20,10));
Execute Anonymous: System.debug('SUM is ' + obj.calculator('SUB',20,10));
Execute Anonymous: System.debug('SUM is ' + obj.calculator('MUL',20,10));
Execute Anonymous: System.debug('SUM is ' + obj.calculator('DIV',20,10));
Execute Anonymous: System.debug('SUM is ' + obj.calculator('div',20,10));
09:20:38.1 (1161403)|USER_INFO|[EXTERNAL]|0056F000009ROqM|swaraj@espl.com|Pacific Standard Time|GMT-07:00
09:20:38.1 (1183509)|EXECUTION_STARTED
09:20:38.1 (1188120)|CODE_UNIT_STARTED|[EXTERNAL]|execute_anonymous_apex
09:20:38.1 (2340657)|VARIABLE_SCOPE_BEGIN|[1]|obj|OopsConcepts|true|false
09:20:38.1 (2461080)|HEAP_ALLOCATE|[72]|Bytes:3
09:20:38.1 (2494426)|HEAP_ALLOCATE|[77]|Bytes:152
09:20:38.1 (2507528)|HEAP_ALLOCATE|[342]|Bytes:408
09:20:38.1 (2520306)|HEAP_ALLOCATE|[355]|Bytes:408
09:20:38.1 (2530531)|HEAP_ALLOCATE|[467]|Bytes:48
09:20:38.1 (2554847)|HEAP_ALLOCATE|[139]|Bytes:6
09:20:38.1 (2576370)|HEAP_ALLOCATE|[EXTERNAL]|Bytes:11
09:20:38.1 (2634475)|STATEMENT_EXECUTE|[1]
09:20:38.1 (2637199)|STATEMENT_EXECUTE|[1]
09:20:38.1 (2640328)|HEAP_ALLOCATE|[1]|Bytes:8
09:20:38.1 (2645559)|HEAP_ALLOCATE|[1]|Bytes:8
09:20:38.1 (2671545)|METHOD_ENTRY|[9]|01p6F00000CNReJ|OopsConcepts.OopsConcepts()
09:20:38.1 (2677636)|STATEMENT_EXECUTE|[9]
09:20:38.1 (2680826)|STATEMENT_EXECUTE|[9]
09:20:38.1 (2711571)|HEAP_ALLOCATE|[50]|Bytes:5
09:20:38.1 (2733209)|HEAP_ALLOCATE|[56]|Bytes:5
09:20:38.1 (2740621)|HEAP_ALLOCATE|[64]|Bytes:7
09:20:38.1 (2758340)|SYSTEM_MODE_ENTER|false
09:20:38.1 (2770103)|HEAP_ALLOCATE|[1]|Bytes:5
09:20:38.1 (2777888)|SYSTEM_MODE_EXIT|false
09:20:38.1 (2786387)|METHOD_EXIT|[9]|OopsConcepts
09:20:38.1 (2799776)|HEAP_ALLOCATE|[1]|Bytes:4
09:20:38.1 (2819211)|SYSTEM_MODE_ENTER|false
09:20:38.1 (2831007)|HEAP_ALLOCATE|[1]|Bytes:5
09:20:38.1 (2848684)|CONSTRUCTOR_ENTRY|[1]|01p6F00000CNReJ|<init>()|OopsConcepts
09:20:38.1 (2873741)|VARIABLE_SCOPE_BEGIN|[11]|this|OopsConcepts|true|false
09:20:38.1 (2907947)|VARIABLE_ASSIGNMENT|[11]|this|{}|0x4a75f95f
09:20:38.1 (2918997)|HEAP_ALLOCATE|[12]|Bytes:5
09:20:38.1 (2923204)|STATEMENT_EXECUTE|[9]
09:20:38.1 (2925969)|HEAP_ALLOCATE|[12]|Bytes:5
09:20:38.1 (2934051)|HEAP_ALLOCATE|[12]|Bytes:6
09:20:38.1 (2963362)|STATEMENT_EXECUTE|[11]
09:20:38.1 (2965301)|STATEMENT_EXECUTE|[12]
09:20:38.1 (2968197)|HEAP_ALLOCATE|[12]|Bytes:28
09:20:38.1 (3021686)|USER_DEBUG|[12]|DEBUG|This is Default Constructor!
09:20:38.1 (3037042)|CONSTRUCTOR_EXIT|[1]|01p6F00000CNReJ|<init>()|OopsConcepts
09:20:38.1 (3044347)|SYSTEM_MODE_EXIT|false
09:20:38.1 (3066889)|VARIABLE_ASSIGNMENT|[1]|obj|{}|0x4a75f95f
09:20:38.1 (3073045)|STATEMENT_EXECUTE|[4]
09:20:38.1 (3075930)|HEAP_ALLOCATE|[4]|Bytes:7
09:20:38.1 (3081855)|HEAP_ALLOCATE|[4]|Bytes:3
09:20:38.1 (3103275)|SYSTEM_MODE_ENTER|false
09:20:38.1 (3112086)|HEAP_ALLOCATE|[4]|Bytes:5
09:20:38.1 (3140087)|METHOD_ENTRY|[4]|01p6F00000CNReJ|OopsConcepts.calculator(String, Integer, Integer)
09:20:38.1 (3154275)|VARIABLE_SCOPE_BEGIN|[21]|this|OopsConcepts|true|false
09:20:38.1 (3168003)|VARIABLE_ASSIGNMENT|[21]|this|{}|0x4a75f95f
09:20:38.1 (3174256)|VARIABLE_SCOPE_BEGIN|[21]|operation|String|false|false
09:20:38.1 (3186609)|VARIABLE_ASSIGNMENT|[21]|operation|"SUM"
09:20:38.1 (3191540)|VARIABLE_SCOPE_BEGIN|[21]|num1|Integer|false|false
09:20:38.1 (3199984)|VARIABLE_ASSIGNMENT|[21]|num1|20
09:20:38.1 (3203816)|VARIABLE_SCOPE_BEGIN|[21]|num2|Integer|false|false
09:20:38.1 (3209875)|VARIABLE_ASSIGNMENT|[21]|num2|10
09:20:38.1 (3219300)|HEAP_ALLOCATE|[22]|Bytes:5
09:20:38.1 (3224132)|STATEMENT_EXECUTE|[21]
09:20:38.1 (3242443)|STATEMENT_EXECUTE|[23]
09:20:38.1 (3244019)|STATEMENT_EXECUTE|[24]
09:20:38.1 (3246984)|HEAP_ALLOCATE|[24]|Bytes:4
09:20:38.1 (3255537)|METHOD_EXIT|[4]|01p6F00000CNReJ|OopsConcepts.calculator(String, Integer, Integer)
09:20:38.1 (3260916)|HEAP_ALLOCATE|[4]|Bytes:4
09:20:38.1 (3265308)|SYSTEM_MODE_EXIT|false
09:20:38.1 (3298625)|HEAP_ALLOCATE|[4]|Bytes:2
09:20:38.1 (3315047)|HEAP_ALLOCATE|[4]|Bytes:9
09:20:38.1 (3324590)|USER_DEBUG|[4]|DEBUG|SUM is 30
09:20:38.1 (3331503)|STATEMENT_EXECUTE|[5]
09:20:38.1 (3335714)|HEAP_ALLOCATE|[5]|Bytes:3
09:20:38.1 (3353387)|SYSTEM_MODE_ENTER|false
09:20:38.1 (3361451)|HEAP_ALLOCATE|[5]|Bytes:5
09:20:38.1 (3370449)|METHOD_ENTRY|[5]|01p6F00000CNReJ|OopsConcepts.calculator(String, Integer, Integer)
09:20:38.1 (3381734)|VARIABLE_SCOPE_BEGIN|[21]|this|OopsConcepts|true|false
09:20:38.1 (3395283)|VARIABLE_ASSIGNMENT|[21]|this|{}|0x4a75f95f
09:20:38.1 (3400499)|VARIABLE_SCOPE_BEGIN|[21]|operation|String|false|false
09:20:38.1 (3408811)|VARIABLE_ASSIGNMENT|[21]|operation|"SUB"
09:20:38.1 (3412935)|VARIABLE_SCOPE_BEGIN|[21]|num1|Integer|false|false
09:20:38.1 (3420033)|VARIABLE_ASSIGNMENT|[21]|num1|20
09:20:38.1 (3423557)|VARIABLE_SCOPE_BEGIN|[21]|num2|Integer|false|false
09:20:38.1 (3430310)|VARIABLE_ASSIGNMENT|[21]|num2|10
09:20:38.1 (3437344)|HEAP_ALLOCATE|[22]|Bytes:5
09:20:38.1 (3441285)|STATEMENT_EXECUTE|[21]
09:20:38.1 (3453483)|STATEMENT_EXECUTE|[26]
09:20:38.1 (3455087)|STATEMENT_EXECUTE|[27]
09:20:38.1 (3457498)|HEAP_ALLOCATE|[27]|Bytes:4
09:20:38.1 (3464662)|METHOD_EXIT|[5]|01p6F00000CNReJ|OopsConcepts.calculator(String, Integer, Integer)
09:20:38.1 (3469590)|HEAP_ALLOCATE|[5]|Bytes:4
09:20:38.1 (3473718)|SYSTEM_MODE_EXIT|false
09:20:38.1 (3489180)|HEAP_ALLOCATE|[5]|Bytes:2
09:20:38.1 (3498720)|HEAP_ALLOCATE|[5]|Bytes:9
09:20:38.1 (3505385)|USER_DEBUG|[5]|DEBUG|SUM is 10
09:20:38.1 (3511496)|STATEMENT_EXECUTE|[6]
09:20:38.1 (3515490)|HEAP_ALLOCATE|[6]|Bytes:3
09:20:38.1 (3531668)|SYSTEM_MODE_ENTER|false
09:20:38.1 (3539156)|HEAP_ALLOCATE|[6]|Bytes:5
09:20:38.1 (3546954)|METHOD_ENTRY|[6]|01p6F00000CNReJ|OopsConcepts.calculator(String, Integer, Integer)
09:20:38.1 (3556371)|VARIABLE_SCOPE_BEGIN|[21]|this|OopsConcepts|true|false
09:20:38.1 (3569027)|VARIABLE_ASSIGNMENT|[21]|this|{}|0x4a75f95f
09:20:38.1 (3574208)|VARIABLE_SCOPE_BEGIN|[21]|operation|String|false|false
09:20:38.1 (3582130)|VARIABLE_ASSIGNMENT|[21]|operation|"MUL"
09:20:38.1 (3585821)|VARIABLE_SCOPE_BEGIN|[21]|num1|Integer|false|false
09:20:38.1 (3593097)|VARIABLE_ASSIGNMENT|[21]|num1|20
09:20:38.1 (3596452)|VARIABLE_SCOPE_BEGIN|[21]|num2|Integer|false|false
09:20:38.1 (3603335)|VARIABLE_ASSIGNMENT|[21]|num2|10
09:20:38.1 (3610487)|HEAP_ALLOCATE|[22]|Bytes:5
09:20:38.1 (3614502)|STATEMENT_EXECUTE|[21]
09:20:38.1 (3626487)|STATEMENT_EXECUTE|[29]
09:20:38.1 (3628046)|STATEMENT_EXECUTE|[30]
09:20:38.1 (3630516)|HEAP_ALLOCATE|[30]|Bytes:4
09:20:38.1 (3637000)|METHOD_EXIT|[6]|01p6F00000CNReJ|OopsConcepts.calculator(String, Integer, Integer)
09:20:38.1 (3641422)|HEAP_ALLOCATE|[6]|Bytes:4
09:20:38.1 (3645355)|SYSTEM_MODE_EXIT|false
09:20:38.1 (3658971)|HEAP_ALLOCATE|[6]|Bytes:3
09:20:38.1 (3668730)|HEAP_ALLOCATE|[6]|Bytes:10
09:20:38.1 (3676320)|USER_DEBUG|[6]|DEBUG|SUM is 200
09:20:38.1 (3682482)|STATEMENT_EXECUTE|[7]
09:20:38.1 (3686458)|HEAP_ALLOCATE|[7]|Bytes:3
09:20:38.1 (3701609)|SYSTEM_MODE_ENTER|false
09:20:38.1 (3708485)|HEAP_ALLOCATE|[7]|Bytes:5
09:20:38.1 (3716201)|METHOD_ENTRY|[7]|01p6F00000CNReJ|OopsConcepts.calculator(String, Integer, Integer)
09:20:38.1 (3724823)|VARIABLE_SCOPE_BEGIN|[21]|this|OopsConcepts|true|false
09:20:38.1 (3736426)|VARIABLE_ASSIGNMENT|[21]|this|{}|0x4a75f95f
09:20:38.1 (3741710)|VARIABLE_SCOPE_BEGIN|[21]|operation|String|false|false
09:20:38.1 (3749102)|VARIABLE_ASSIGNMENT|[21]|operation|"DIV"
09:20:38.1 (3752628)|VARIABLE_SCOPE_BEGIN|[21]|num1|Integer|false|false
09:20:38.1 (3760141)|VARIABLE_ASSIGNMENT|[21]|num1|20
09:20:38.1 (3764004)|VARIABLE_SCOPE_BEGIN|[21]|num2|Integer|false|false
09:20:38.1 (3770339)|VARIABLE_ASSIGNMENT|[21]|num2|10
09:20:38.1 (3777428)|HEAP_ALLOCATE|[22]|Bytes:5
09:20:38.1 (3781279)|STATEMENT_EXECUTE|[21]
09:20:38.1 (3793483)|STATEMENT_EXECUTE|[32]
09:20:38.1 (3795127)|STATEMENT_EXECUTE|[33]
09:20:38.1 (3797619)|HEAP_ALLOCATE|[33]|Bytes:4
09:20:38.1 (3804471)|METHOD_EXIT|[7]|01p6F00000CNReJ|OopsConcepts.calculator(String, Integer, Integer)
09:20:38.1 (3809186)|HEAP_ALLOCATE|[7]|Bytes:4
09:20:38.1 (3813132)|SYSTEM_MODE_EXIT|false
09:20:38.1 (3826395)|HEAP_ALLOCATE|[7]|Bytes:1
09:20:38.1 (3835135)|HEAP_ALLOCATE|[7]|Bytes:8
09:20:38.1 (3842065)|USER_DEBUG|[7]|DEBUG|SUM is 2
09:20:38.1 (3852873)|STATEMENT_EXECUTE|[8]
09:20:38.1 (3856553)|HEAP_ALLOCATE|[8]|Bytes:3
09:20:38.1 (3871737)|SYSTEM_MODE_ENTER|false
09:20:38.1 (3878491)|HEAP_ALLOCATE|[8]|Bytes:5
09:20:38.1 (3886400)|METHOD_ENTRY|[8]|01p6F00000CNReJ|OopsConcepts.calculator(String, Integer, Integer)
09:20:38.1 (3895080)|VARIABLE_SCOPE_BEGIN|[21]|this|OopsConcepts|true|false
09:20:38.1 (3907322)|VARIABLE_ASSIGNMENT|[21]|this|{}|0x4a75f95f
09:20:38.1 (3912435)|VARIABLE_SCOPE_BEGIN|[21]|operation|String|false|false
09:20:38.1 (3919603)|VARIABLE_ASSIGNMENT|[21]|operation|"div"
09:20:38.1 (3923288)|VARIABLE_SCOPE_BEGIN|[21]|num1|Integer|false|false
09:20:38.1 (3930296)|VARIABLE_ASSIGNMENT|[21]|num1|20
09:20:38.1 (3933865)|VARIABLE_SCOPE_BEGIN|[21]|num2|Integer|false|false
09:20:38.1 (3939941)|VARIABLE_ASSIGNMENT|[21]|num2|10
09:20:38.1 (3947258)|HEAP_ALLOCATE|[22]|Bytes:5
09:20:38.1 (3951653)|STATEMENT_EXECUTE|[21]
09:20:38.1 (3962576)|STATEMENT_EXECUTE|[32]
09:20:38.1 (3964043)|STATEMENT_EXECUTE|[33]
09:20:38.1 (3966271)|HEAP_ALLOCATE|[33]|Bytes:4
09:20:38.1 (3972580)|METHOD_EXIT|[8]|01p6F00000CNReJ|OopsConcepts.calculator(String, Integer, Integer)
09:20:38.1 (3976982)|HEAP_ALLOCATE|[8]|Bytes:4
09:20:38.1 (3980855)|SYSTEM_MODE_EXIT|false
09:20:38.1 (3993845)|HEAP_ALLOCATE|[8]|Bytes:1
09:20:38.1 (4002660)|HEAP_ALLOCATE|[8]|Bytes:8
09:20:38.1 (4027888)|USER_DEBUG|[8]|DEBUG|SUM is 2
09:20:38.4 (4058913)|CUMULATIVE_LIMIT_USAGE
09:20:38.4 (4058913)|LIMIT_USAGE_FOR_NS|(default)|
  Number of SOQL queries: 0 out of 100
  Number of query rows: 0 out of 50000
  Number of SOSL queries: 0 out of 20
  Number of DML statements: 0 out of 150
  Number of DML rows: 0 out of 10000
  Maximum CPU time: 0 out of 10000
  Maximum heap size: 0 out of 6000000
  Number of callouts: 0 out of 100
  Number of Email Invocations: 0 out of 10
  Number of future calls: 0 out of 50
  Number of queueable jobs added to the queue: 0 out of 50
  Number of Mobile Apex push calls: 0 out of 10

09:20:38.4 (4058913)|CUMULATIVE_LIMIT_USAGE_END

09:20:38.1 (4097888)|CODE_UNIT_FINISHED|execute_anonymous_apex
09:20:38.1 (4886212)|EXECUTION_FINISHED
