43.0 APEX_CODE,FINEST;APEX_PROFILING,INFO;CALLOUT,INFO;DB,INFO;NBA,INFO;SYSTEM,DEBUG;VALIDATION,INFO;VISUALFORCE,INFO;WAVE,INFO;WORKFLOW,INFO
Execute Anonymous: BasicProgramming obj = new BasicProgramming();
Execute Anonymous: String result = obj.determineEvenOdd(9);
Execute Anonymous: //System.debug('Number is: '+ result);
Execute Anonymous: //obj.printArray(10);
Execute Anonymous: Integer[] inputArray = new Integer[]{20,5,5,10};
Execute Anonymous: obj.arrayOperations(inputArray);
07:51:43.1 (1253853)|USER_INFO|[EXTERNAL]|0056F000009ROqM|swaraj@espl.com|Pacific Standard Time|GMT-07:00
07:51:43.1 (1355055)|EXECUTION_STARTED
07:51:43.1 (1360698)|CODE_UNIT_STARTED|[EXTERNAL]|execute_anonymous_apex
07:51:43.1 (1505131)|VARIABLE_SCOPE_BEGIN|[5]|inputArray|List<Integer>|true|false
07:51:43.1 (10174105)|VARIABLE_SCOPE_BEGIN|[1]|obj|BasicProgramming|true|false
07:51:43.1 (10208944)|VARIABLE_SCOPE_BEGIN|[2]|result|String|false|false
07:51:43.1 (10387953)|HEAP_ALLOCATE|[72]|Bytes:3
07:51:43.1 (10443207)|HEAP_ALLOCATE|[77]|Bytes:152
07:51:43.1 (10458326)|HEAP_ALLOCATE|[342]|Bytes:408
07:51:43.1 (10471125)|HEAP_ALLOCATE|[355]|Bytes:408
07:51:43.1 (10482797)|HEAP_ALLOCATE|[467]|Bytes:48
07:51:43.1 (10508449)|HEAP_ALLOCATE|[139]|Bytes:6
07:51:43.1 (10532506)|HEAP_ALLOCATE|[EXTERNAL]|Bytes:7
07:51:43.1 (10593513)|STATEMENT_EXECUTE|[1]
07:51:43.1 (10596591)|STATEMENT_EXECUTE|[1]
07:51:43.1 (10601219)|HEAP_ALLOCATE|[1]|Bytes:11
07:51:43.1 (10607187)|HEAP_ALLOCATE|[1]|Bytes:29
07:51:43.1 (10655172)|METHOD_ENTRY|[9]|01p6F00000CNPHj|BasicProgramming.BasicProgramming()
07:51:43.1 (10662219)|STATEMENT_EXECUTE|[9]
07:51:43.1 (10665888)|STATEMENT_EXECUTE|[9]
07:51:43.1 (10695154)|HEAP_ALLOCATE|[50]|Bytes:5
07:51:43.1 (10719071)|HEAP_ALLOCATE|[56]|Bytes:5
07:51:43.1 (10726881)|HEAP_ALLOCATE|[64]|Bytes:7
07:51:43.1 (10746389)|SYSTEM_MODE_ENTER|false
07:51:43.1 (10760041)|HEAP_ALLOCATE|[1]|Bytes:5
07:51:43.1 (10771702)|SYSTEM_MODE_EXIT|false
07:51:43.1 (10792725)|METHOD_EXIT|[9]|BasicProgramming
07:51:43.1 (10807105)|HEAP_ALLOCATE|[1]|Bytes:4
07:51:43.1 (10837761)|SYSTEM_MODE_ENTER|false
07:51:43.1 (10852072)|HEAP_ALLOCATE|[1]|Bytes:5
07:51:43.1 (10882445)|CONSTRUCTOR_ENTRY|[1]|01p6F00000CNPHj|<init>()|BasicProgramming
07:51:43.1 (10916384)|VARIABLE_SCOPE_BEGIN|[11]|this|BasicProgramming|true|false
07:51:43.1 (10964156)|VARIABLE_ASSIGNMENT|[11]|this|{}|0x7c93489f
07:51:43.1 (10976614)|HEAP_ALLOCATE|[EXTERNAL]|Bytes:5
07:51:43.1 (10981212)|STATEMENT_EXECUTE|[9]
07:51:43.1 (10984009)|HEAP_ALLOCATE|[EXTERNAL]|Bytes:5
07:51:43.1 (10997741)|HEAP_ALLOCATE|[EXTERNAL]|Bytes:6
07:51:43.1 (11033894)|STATEMENT_EXECUTE|[11]
07:51:43.1 (11057909)|CONSTRUCTOR_EXIT|[1]|01p6F00000CNPHj|<init>()|BasicProgramming
07:51:43.1 (11075447)|SYSTEM_MODE_EXIT|false
07:51:43.1 (11098590)|VARIABLE_ASSIGNMENT|[1]|obj|{}|0x7c93489f
07:51:43.1 (11104958)|STATEMENT_EXECUTE|[2]
07:51:43.1 (11129282)|SYSTEM_MODE_ENTER|false
07:51:43.1 (11139750)|HEAP_ALLOCATE|[2]|Bytes:5
07:51:43.1 (11183860)|METHOD_ENTRY|[2]|01p6F00000CNPHj|BasicProgramming.determineEvenOdd(Integer)
07:51:43.1 (11207966)|VARIABLE_SCOPE_BEGIN|[16]|this|BasicProgramming|true|false
07:51:43.1 (11222036)|VARIABLE_ASSIGNMENT|[16]|this|{}|0x7c93489f
07:51:43.1 (11228603)|VARIABLE_SCOPE_BEGIN|[16]|number1|Integer|false|false
07:51:43.1 (11238644)|VARIABLE_ASSIGNMENT|[16]|number1|9
07:51:43.1 (11248416)|HEAP_ALLOCATE|[17]|Bytes:5
07:51:43.1 (11252600)|STATEMENT_EXECUTE|[16]
07:51:43.1 (11254263)|STATEMENT_EXECUTE|[17]
07:51:43.1 (11286430)|VARIABLE_SCOPE_BEGIN|[2]|System.Math.E|Double|false|true
07:51:43.1 (11294716)|VARIABLE_SCOPE_BEGIN|[3]|System.Math.PI|Double|false|true
07:51:43.1 (11308413)|HEAP_ALLOCATE|[17]|Bytes:206
07:51:43.1 (11318515)|SYSTEM_METHOD_ENTRY|[1]|Math.Math()
07:51:43.1 (11322862)|STATEMENT_EXECUTE|[1]
07:51:43.1 (11379103)|SYSTEM_METHOD_EXIT|[1]|Math
07:51:43.1 (11392942)|METHOD_ENTRY|[17]||System.Math.mod(Integer, Integer)
07:51:43.1 (11497960)|METHOD_EXIT|[17]||System.Math.mod(Integer, Integer)
07:51:43.1 (11506374)|HEAP_ALLOCATE|[17]|Bytes:3
07:51:43.1 (11515231)|METHOD_EXIT|[2]|01p6F00000CNPHj|BasicProgramming.determineEvenOdd(Integer)
07:51:43.1 (11523502)|SYSTEM_MODE_EXIT|false
07:51:43.1 (11542632)|VARIABLE_ASSIGNMENT|[2]|result|"Odd"
07:51:43.1 (11547917)|STATEMENT_EXECUTE|[5]
07:51:43.1 (11564602)|HEAP_ALLOCATE|[5]|Bytes:4
07:51:43.1 (11620244)|HEAP_ALLOCATE|[5]|Bytes:4
07:51:43.1 (11626702)|HEAP_ALLOCATE|[5]|Bytes:4
07:51:43.1 (11630323)|HEAP_ALLOCATE|[5]|Bytes:4
07:51:43.1 (11633555)|HEAP_ALLOCATE|[5]|Bytes:4
07:51:43.1 (11665469)|HEAP_ALLOCATE|[EXTERNAL]|Bytes:20
07:51:43.1 (11687805)|VARIABLE_ASSIGNMENT|[5]|inputArray|[20,5,5,10]|0x1738bdc7
07:51:43.1 (11693905)|STATEMENT_EXECUTE|[6]
07:51:43.1 (11717681)|SYSTEM_MODE_ENTER|false
07:51:43.1 (11729142)|HEAP_ALLOCATE|[6]|Bytes:5
07:51:43.1 (11742910)|METHOD_ENTRY|[6]|01p6F00000CNPHj|BasicProgramming.arrayOperations(List<Integer>)
07:51:43.1 (11764778)|VARIABLE_SCOPE_BEGIN|[46]|this|BasicProgramming|true|false
07:51:43.1 (11780552)|VARIABLE_ASSIGNMENT|[46]|this|{}|0x7c93489f
07:51:43.1 (11786803)|VARIABLE_SCOPE_BEGIN|[46]|inputArray|List<Integer>|true|false
07:51:43.1 (11797286)|VARIABLE_ASSIGNMENT|[46]|inputArray|[20,5,5,10]|0x1738bdc7
07:51:43.1 (11807626)|HEAP_ALLOCATE|[48]|Bytes:5
07:51:43.1 (11812136)|STATEMENT_EXECUTE|[46]
07:51:43.1 (11813875)|STATEMENT_EXECUTE|[48]
07:51:43.1 (11950751)|STATEMENT_EXECUTE|[51]
07:51:43.1 (11954703)|HEAP_ALLOCATE|[51]|Bytes:16
07:51:43.1 (12022194)|USER_DEBUG|[51]|DEBUG|Assending oreder
07:51:43.1 (12035097)|STATEMENT_EXECUTE|[52]
07:51:43.1 (12039262)|VARIABLE_SCOPE_BEGIN|[52]|i|Integer|false|false
07:51:43.1 (12046457)|HEAP_ALLOCATE|[52]|Bytes:4
07:51:43.1 (12054081)|VARIABLE_ASSIGNMENT|[52]|i|0
07:51:43.1 (12078510)|STATEMENT_EXECUTE|[52]
07:51:43.1 (12080332)|STATEMENT_EXECUTE|[53]
07:51:43.1 (12083391)|HEAP_ALLOCATE|[53]|Bytes:17
07:51:43.1 (12121713)|HEAP_ALLOCATE|[53]|Bytes:1
07:51:43.1 (12131764)|HEAP_ALLOCATE|[53]|Bytes:2
07:51:43.1 (12140996)|HEAP_ALLOCATE|[53]|Bytes:8
07:51:43.1 (12151869)|HEAP_ALLOCATE|[53]|Bytes:1
07:51:43.1 (12165576)|HEAP_ALLOCATE|[53]|Bytes:21
07:51:43.1 (12177198)|USER_DEBUG|[53]|DEBUG|Array element at 0is5
07:51:43.1 (12185440)|HEAP_ALLOCATE|[52]|Bytes:4
07:51:43.1 (12191629)|VARIABLE_ASSIGNMENT|[52]|i|1
07:51:43.1 (12203347)|STATEMENT_EXECUTE|[52]
07:51:43.1 (12205039)|STATEMENT_EXECUTE|[53]
07:51:43.1 (12213340)|HEAP_ALLOCATE|[53]|Bytes:1
07:51:43.1 (12222541)|HEAP_ALLOCATE|[53]|Bytes:8
07:51:43.1 (12231000)|HEAP_ALLOCATE|[53]|Bytes:1
07:51:43.1 (12238814)|HEAP_ALLOCATE|[53]|Bytes:21
07:51:43.1 (12246826)|USER_DEBUG|[53]|DEBUG|Array element at 1is5
07:51:43.1 (12253266)|HEAP_ALLOCATE|[52]|Bytes:4
07:51:43.1 (12258629)|VARIABLE_ASSIGNMENT|[52]|i|2
07:51:43.1 (12268755)|STATEMENT_EXECUTE|[52]
07:51:43.1 (12270312)|STATEMENT_EXECUTE|[53]
07:51:43.1 (12278196)|HEAP_ALLOCATE|[53]|Bytes:1
07:51:43.1 (12286675)|HEAP_ALLOCATE|[53]|Bytes:8
07:51:43.1 (12294791)|HEAP_ALLOCATE|[53]|Bytes:2
07:51:43.1 (12302313)|HEAP_ALLOCATE|[53]|Bytes:22
07:51:43.1 (12309529)|USER_DEBUG|[53]|DEBUG|Array element at 2is10
07:51:43.1 (12315646)|HEAP_ALLOCATE|[52]|Bytes:4
07:51:43.1 (12320677)|VARIABLE_ASSIGNMENT|[52]|i|3
07:51:43.1 (12329974)|STATEMENT_EXECUTE|[52]
07:51:43.1 (12331518)|STATEMENT_EXECUTE|[53]
07:51:43.1 (12339248)|HEAP_ALLOCATE|[53]|Bytes:1
07:51:43.1 (12347813)|HEAP_ALLOCATE|[53]|Bytes:8
07:51:43.1 (12356104)|HEAP_ALLOCATE|[53]|Bytes:2
07:51:43.1 (12363834)|HEAP_ALLOCATE|[53]|Bytes:22
07:51:43.1 (12371106)|USER_DEBUG|[53]|DEBUG|Array element at 3is20
07:51:43.1 (12377282)|HEAP_ALLOCATE|[52]|Bytes:4
07:51:43.1 (12382253)|VARIABLE_ASSIGNMENT|[52]|i|4
07:51:43.1 (12392331)|STATEMENT_EXECUTE|[57]
07:51:43.1 (12394835)|HEAP_ALLOCATE|[57]|Bytes:17
07:51:43.1 (12410633)|USER_DEBUG|[57]|DEBUG|Descending oreder
07:51:43.1 (12418177)|STATEMENT_EXECUTE|[58]
07:51:43.1 (12433003)|VARIABLE_SCOPE_BEGIN|[58]|i|Integer|false|false
07:51:43.1 (12440176)|HEAP_ALLOCATE|[58]|Bytes:4
07:51:43.1 (12445725)|VARIABLE_ASSIGNMENT|[58]|i|3
07:51:43.1 (12450840)|STATEMENT_EXECUTE|[58]
07:51:43.1 (12452374)|STATEMENT_EXECUTE|[59]
07:51:43.1 (12470166)|HEAP_ALLOCATE|[59]|Bytes:1
07:51:43.1 (12481512)|HEAP_ALLOCATE|[59]|Bytes:8
07:51:43.1 (12491382)|HEAP_ALLOCATE|[59]|Bytes:2
07:51:43.1 (12500387)|HEAP_ALLOCATE|[59]|Bytes:22
07:51:43.1 (12509816)|USER_DEBUG|[59]|DEBUG|Array element at 3is20
07:51:43.1 (12517317)|HEAP_ALLOCATE|[58]|Bytes:4
07:51:43.1 (12522807)|VARIABLE_ASSIGNMENT|[58]|i|2
07:51:43.1 (12527523)|STATEMENT_EXECUTE|[58]
07:51:43.1 (12529048)|STATEMENT_EXECUTE|[59]
07:51:43.1 (12537031)|HEAP_ALLOCATE|[59]|Bytes:1
07:51:43.1 (12545865)|HEAP_ALLOCATE|[59]|Bytes:8
07:51:43.1 (12554161)|HEAP_ALLOCATE|[59]|Bytes:2
07:51:43.1 (12562313)|HEAP_ALLOCATE|[59]|Bytes:22
07:51:43.1 (12569402)|USER_DEBUG|[59]|DEBUG|Array element at 2is10
07:51:43.1 (12576308)|HEAP_ALLOCATE|[58]|Bytes:4
07:51:43.1 (12581606)|VARIABLE_ASSIGNMENT|[58]|i|1
07:51:43.1 (12586416)|STATEMENT_EXECUTE|[58]
07:51:43.1 (12587927)|STATEMENT_EXECUTE|[59]
07:51:43.1 (12595788)|HEAP_ALLOCATE|[59]|Bytes:1
07:51:43.1 (12604283)|HEAP_ALLOCATE|[59]|Bytes:8
07:51:43.1 (12612552)|HEAP_ALLOCATE|[59]|Bytes:1
07:51:43.1 (12620483)|HEAP_ALLOCATE|[59]|Bytes:21
07:51:43.1 (12627362)|USER_DEBUG|[59]|DEBUG|Array element at 1is5
07:51:43.1 (12633858)|HEAP_ALLOCATE|[58]|Bytes:4
07:51:43.1 (12638943)|VARIABLE_ASSIGNMENT|[58]|i|0
07:51:43.1 (12643059)|STATEMENT_EXECUTE|[58]
07:51:43.1 (12644554)|STATEMENT_EXECUTE|[59]
07:51:43.1 (12652094)|HEAP_ALLOCATE|[59]|Bytes:1
07:51:43.1 (12660490)|HEAP_ALLOCATE|[59]|Bytes:8
07:51:43.1 (12668671)|HEAP_ALLOCATE|[59]|Bytes:1
07:51:43.1 (12676478)|HEAP_ALLOCATE|[59]|Bytes:21
07:51:43.1 (12683447)|USER_DEBUG|[59]|DEBUG|Array element at 0is5
07:51:43.1 (12690056)|HEAP_ALLOCATE|[58]|Bytes:4
07:51:43.1 (12695067)|VARIABLE_ASSIGNMENT|[58]|i|-1
07:51:43.1 (12700274)|STATEMENT_EXECUTE|[63]
07:51:43.1 (12702785)|VARIABLE_SCOPE_BEGIN|[63]|maxValue|Integer|false|false
07:51:43.1 (12709521)|HEAP_ALLOCATE|[63]|Bytes:4
07:51:43.1 (12713916)|VARIABLE_ASSIGNMENT|[63]|maxValue|0
07:51:43.1 (12772877)|HEAP_ALLOCATE|[64]|Bytes:5
07:51:43.1 (12798070)|HEAP_ALLOCATE|[64]|Bytes:8
07:51:43.1 (12805334)|VARIABLE_SCOPE_BEGIN|[64]|value|Integer|false|false
07:51:43.1 (12814436)|VARIABLE_ASSIGNMENT|[64]|value|5
07:51:43.1 (12818980)|STATEMENT_EXECUTE|[64]
07:51:43.1 (12822281)|STATEMENT_EXECUTE|[65]
07:51:43.1 (12824179)|STATEMENT_EXECUTE|[66]
07:51:43.1 (12827582)|VARIABLE_ASSIGNMENT|[66]|maxValue|5
07:51:43.1 (12837459)|HEAP_ALLOCATE|[64]|Bytes:5
07:51:43.1 (12844801)|HEAP_ALLOCATE|[64]|Bytes:8
07:51:43.1 (12849485)|VARIABLE_SCOPE_BEGIN|[64]|value|Integer|false|false
07:51:43.1 (12857047)|VARIABLE_ASSIGNMENT|[64]|value|5
07:51:43.1 (12860837)|STATEMENT_EXECUTE|[64]
07:51:43.1 (12863044)|STATEMENT_EXECUTE|[65]
07:51:43.1 (12868211)|HEAP_ALLOCATE|[64]|Bytes:5
07:51:43.1 (12874618)|HEAP_ALLOCATE|[64]|Bytes:8
07:51:43.1 (12879216)|VARIABLE_SCOPE_BEGIN|[64]|value|Integer|false|false
07:51:43.1 (12886208)|VARIABLE_ASSIGNMENT|[64]|value|10
07:51:43.1 (12889641)|STATEMENT_EXECUTE|[64]
07:51:43.1 (12891831)|STATEMENT_EXECUTE|[65]
07:51:43.1 (12893213)|STATEMENT_EXECUTE|[66]
07:51:43.1 (12896282)|VARIABLE_ASSIGNMENT|[66]|maxValue|10
07:51:43.1 (12903791)|HEAP_ALLOCATE|[64]|Bytes:5
07:51:43.1 (12910113)|HEAP_ALLOCATE|[64]|Bytes:8
07:51:43.1 (12914224)|VARIABLE_SCOPE_BEGIN|[64]|value|Integer|false|false
07:51:43.1 (12921595)|VARIABLE_ASSIGNMENT|[64]|value|20
07:51:43.1 (12924953)|STATEMENT_EXECUTE|[64]
07:51:43.1 (12927075)|STATEMENT_EXECUTE|[65]
07:51:43.1 (12928469)|STATEMENT_EXECUTE|[66]
07:51:43.1 (12931540)|VARIABLE_ASSIGNMENT|[66]|maxValue|20
07:51:43.1 (12938978)|HEAP_ALLOCATE|[64]|Bytes:5
07:51:43.1 (12947142)|VARIABLE_ASSIGNMENT|[64]|value|null
07:51:43.1 (12951471)|STATEMENT_EXECUTE|[69]
07:51:43.1 (12954328)|HEAP_ALLOCATE|[69]|Bytes:5
07:51:43.1 (12977752)|HEAP_ALLOCATE|[69]|Bytes:2
07:51:43.1 (12996155)|HEAP_ALLOCATE|[69]|Bytes:7
07:51:43.1 (13007282)|USER_DEBUG|[69]|DEBUG|Max: 20
07:51:43.1 (13015224)|STATEMENT_EXECUTE|[72]
07:51:43.1 (13020443)|HEAP_ALLOCATE|[72]|Bytes:8
07:51:43.1 (13025354)|VARIABLE_SCOPE_BEGIN|[72]|minValue|Integer|false|false
07:51:43.1 (13033530)|VARIABLE_ASSIGNMENT|[72]|minValue|5
07:51:43.1 (13056886)|HEAP_ALLOCATE|[73]|Bytes:5
07:51:43.1 (13067435)|HEAP_ALLOCATE|[73]|Bytes:8
07:51:43.1 (13072619)|VARIABLE_SCOPE_BEGIN|[73]|value|Integer|false|false
07:51:43.1 (13080548)|VARIABLE_ASSIGNMENT|[73]|value|5
07:51:43.1 (13084670)|STATEMENT_EXECUTE|[73]
07:51:43.1 (13087630)|STATEMENT_EXECUTE|[74]
07:51:43.1 (13093486)|HEAP_ALLOCATE|[73]|Bytes:5
07:51:43.1 (13100322)|HEAP_ALLOCATE|[73]|Bytes:8
07:51:43.1 (13104811)|VARIABLE_SCOPE_BEGIN|[73]|value|Integer|false|false
07:51:43.1 (13111811)|VARIABLE_ASSIGNMENT|[73]|value|5
07:51:43.1 (13115117)|STATEMENT_EXECUTE|[73]
07:51:43.1 (13117133)|STATEMENT_EXECUTE|[74]
07:51:43.1 (13122231)|HEAP_ALLOCATE|[73]|Bytes:5
07:51:43.1 (13128287)|HEAP_ALLOCATE|[73]|Bytes:8
07:51:43.1 (13132088)|VARIABLE_SCOPE_BEGIN|[73]|value|Integer|false|false
07:51:43.1 (13139372)|VARIABLE_ASSIGNMENT|[73]|value|10
07:51:43.1 (13143256)|STATEMENT_EXECUTE|[73]
07:51:43.1 (13145293)|STATEMENT_EXECUTE|[74]
07:51:43.1 (13150364)|HEAP_ALLOCATE|[73]|Bytes:5
07:51:43.1 (13156426)|HEAP_ALLOCATE|[73]|Bytes:8
07:51:43.1 (13160504)|VARIABLE_SCOPE_BEGIN|[73]|value|Integer|false|false
07:51:43.1 (13167472)|VARIABLE_ASSIGNMENT|[73]|value|20
07:51:43.1 (13170819)|STATEMENT_EXECUTE|[73]
07:51:43.1 (13173016)|STATEMENT_EXECUTE|[74]
07:51:43.1 (13178016)|HEAP_ALLOCATE|[73]|Bytes:5
07:51:43.1 (13185669)|VARIABLE_ASSIGNMENT|[73]|value|null
07:51:43.1 (13190220)|STATEMENT_EXECUTE|[78]
07:51:43.1 (13192942)|HEAP_ALLOCATE|[78]|Bytes:5
07:51:43.1 (13212855)|HEAP_ALLOCATE|[78]|Bytes:1
07:51:43.1 (13223305)|HEAP_ALLOCATE|[78]|Bytes:6
07:51:43.1 (13233241)|USER_DEBUG|[78]|DEBUG|Min: 5
07:51:43.1 (13240182)|STATEMENT_EXECUTE|[81]
07:51:43.1 (13243004)|HEAP_ALLOCATE|[81]|Bytes:18
07:51:43.1 (13258115)|USER_DEBUG|[81]|DEBUG|Duplication count.
07:51:43.1 (13265037)|STATEMENT_EXECUTE|[82]
07:51:43.1 (13281396)|HEAP_ALLOCATE|[82]|Bytes:4
07:51:43.1 (13295635)|VARIABLE_SCOPE_BEGIN|[82]|duplicateCount|Map<Integer,Integer>|true|false
07:51:43.1 (13314909)|VARIABLE_ASSIGNMENT|[82]|duplicateCount|{}|0x435f0d21
07:51:43.1 (13341082)|HEAP_ALLOCATE|[83]|Bytes:5
07:51:43.1 (13349882)|HEAP_ALLOCATE|[83]|Bytes:8
07:51:43.1 (13355354)|VARIABLE_SCOPE_BEGIN|[83]|key|Integer|false|false
07:51:43.1 (13363580)|VARIABLE_ASSIGNMENT|[83]|key|5
07:51:43.1 (13368040)|STATEMENT_EXECUTE|[83]
07:51:43.1 (13395713)|STATEMENT_EXECUTE|[84]
07:51:43.1 (13397673)|STATEMENT_EXECUTE|[85]
07:51:43.1 (13412260)|HEAP_ALLOCATE|[85]|Bytes:4
07:51:43.1 (13419667)|HEAP_ALLOCATE|[EXTERNAL]|Bytes:-4
07:51:43.1 (13431667)|HEAP_ALLOCATE|[83]|Bytes:5
07:51:43.1 (13438964)|HEAP_ALLOCATE|[83]|Bytes:8
07:51:43.1 (13443913)|VARIABLE_SCOPE_BEGIN|[83]|key|Integer|false|false
07:51:43.1 (13452090)|VARIABLE_ASSIGNMENT|[83]|key|5
07:51:43.1 (13456307)|STATEMENT_EXECUTE|[83]
07:51:43.1 (13464106)|STATEMENT_EXECUTE|[87]
07:51:43.1 (13465634)|STATEMENT_EXECUTE|[88]
07:51:43.1 (13486238)|VARIABLE_SCOPE_BEGIN|[88]|keyCount|Integer|false|false
07:51:43.1 (13492874)|HEAP_ALLOCATE|[88]|Bytes:4
07:51:43.1 (13498064)|VARIABLE_ASSIGNMENT|[88]|keyCount|2
07:51:43.1 (13502204)|STATEMENT_EXECUTE|[89]
07:51:43.1 (13515822)|HEAP_ALLOCATE|[89]|Bytes:4
07:51:43.1 (13528050)|HEAP_ALLOCATE|[83]|Bytes:5
07:51:43.1 (13534997)|HEAP_ALLOCATE|[83]|Bytes:8
07:51:43.1 (13539742)|VARIABLE_SCOPE_BEGIN|[83]|key|Integer|false|false
07:51:43.1 (13547828)|VARIABLE_ASSIGNMENT|[83]|key|10
07:51:43.1 (13551622)|STATEMENT_EXECUTE|[83]
07:51:43.1 (13558897)|STATEMENT_EXECUTE|[84]
07:51:43.1 (13560391)|STATEMENT_EXECUTE|[85]
07:51:43.1 (13564549)|HEAP_ALLOCATE|[85]|Bytes:4
07:51:43.1 (13568463)|HEAP_ALLOCATE|[EXTERNAL]|Bytes:-4
07:51:43.1 (13576899)|HEAP_ALLOCATE|[83]|Bytes:5
07:51:43.1 (13583159)|HEAP_ALLOCATE|[83]|Bytes:8
07:51:43.1 (13587595)|VARIABLE_SCOPE_BEGIN|[83]|key|Integer|false|false
07:51:43.1 (13595300)|VARIABLE_ASSIGNMENT|[83]|key|20
07:51:43.1 (13599355)|STATEMENT_EXECUTE|[83]
07:51:43.1 (13612465)|STATEMENT_EXECUTE|[84]
07:51:43.1 (13615193)|STATEMENT_EXECUTE|[85]
07:51:43.1 (13622035)|HEAP_ALLOCATE|[85]|Bytes:4
07:51:43.1 (13630452)|HEAP_ALLOCATE|[EXTERNAL]|Bytes:-4
07:51:43.1 (13648463)|HEAP_ALLOCATE|[83]|Bytes:5
07:51:43.1 (13663802)|VARIABLE_ASSIGNMENT|[83]|key|null
07:51:43.1 (13677058)|HEAP_ALLOCATE|[93]|Bytes:4
07:51:43.1 (13730850)|HEAP_ALLOCATE|[93]|Bytes:28
07:51:43.1 (13756680)|HEAP_ALLOCATE|[93]|Bytes:12
07:51:43.1 (13781448)|HEAP_ALLOCATE|[93]|Bytes:5
07:51:43.1 (13793609)|VARIABLE_SCOPE_BEGIN|[93]|key|Integer|false|false
07:51:43.1 (13803005)|VARIABLE_ASSIGNMENT|[93]|key|5
07:51:43.1 (13807477)|STATEMENT_EXECUTE|[93]
07:51:43.1 (13809157)|STATEMENT_EXECUTE|[94]
07:51:43.1 (13834779)|HEAP_ALLOCATE|[94]|Bytes:1
07:51:43.1 (13845080)|HEAP_ALLOCATE|[94]|Bytes:3
07:51:43.1 (13862153)|HEAP_ALLOCATE|[94]|Bytes:1
07:51:43.1 (13875255)|HEAP_ALLOCATE|[94]|Bytes:5
07:51:43.1 (13888838)|USER_DEBUG|[94]|DEBUG|5 : 2
07:51:43.1 (13903545)|HEAP_ALLOCATE|[93]|Bytes:5
07:51:43.1 (13912597)|VARIABLE_SCOPE_BEGIN|[93]|key|Integer|false|false
07:51:43.1 (13921956)|VARIABLE_ASSIGNMENT|[93]|key|10
07:51:43.1 (13926396)|STATEMENT_EXECUTE|[93]
07:51:43.1 (13928272)|STATEMENT_EXECUTE|[94]
07:51:43.1 (13947474)|HEAP_ALLOCATE|[94]|Bytes:2
07:51:43.1 (13982350)|HEAP_ALLOCATE|[94]|Bytes:1
07:51:43.1 (13997688)|HEAP_ALLOCATE|[94]|Bytes:6
07:51:43.1 (14009063)|USER_DEBUG|[94]|DEBUG|10 : 1
07:51:43.1 (14025146)|HEAP_ALLOCATE|[93]|Bytes:5
07:51:43.1 (14035687)|VARIABLE_SCOPE_BEGIN|[93]|key|Integer|false|false
07:51:43.1 (14045586)|VARIABLE_ASSIGNMENT|[93]|key|20
07:51:43.1 (14050050)|STATEMENT_EXECUTE|[93]
07:51:43.1 (14051624)|STATEMENT_EXECUTE|[94]
07:51:43.1 (14060759)|HEAP_ALLOCATE|[94]|Bytes:2
07:51:43.1 (14081788)|HEAP_ALLOCATE|[94]|Bytes:1
07:51:43.1 (14090177)|HEAP_ALLOCATE|[94]|Bytes:6
07:51:43.1 (14098183)|USER_DEBUG|[94]|DEBUG|20 : 1
07:51:43.1 (14109527)|HEAP_ALLOCATE|[93]|Bytes:5
07:51:43.1 (14119143)|VARIABLE_ASSIGNMENT|[93]|key|null
07:51:43.1 (14130485)|METHOD_EXIT|[6]|01p6F00000CNPHj|BasicProgramming.arrayOperations(List<Integer>)
07:51:43.1 (14139203)|SYSTEM_MODE_EXIT|false
07:51:43.14 (14200865)|CUMULATIVE_LIMIT_USAGE
07:51:43.14 (14200865)|LIMIT_USAGE_FOR_NS|(default)|
  Number of SOQL queries: 0 out of 100
  Number of query rows: 0 out of 50000
  Number of SOSL queries: 0 out of 20
  Number of DML statements: 0 out of 150
  Number of DML rows: 0 out of 10000
  Maximum CPU time: 0 out of 10000
  Maximum heap size: 0 out of 6000000
  Number of callouts: 0 out of 100
  Number of Email Invocations: 0 out of 10
  Number of future calls: 0 out of 50
  Number of queueable jobs added to the queue: 0 out of 50
  Number of Mobile Apex push calls: 0 out of 10

07:51:43.14 (14200865)|CUMULATIVE_LIMIT_USAGE_END

07:51:43.1 (14259508)|CODE_UNIT_FINISHED|execute_anonymous_apex
07:51:43.1 (15219752)|EXECUTION_FINISHED
