43.0 APEX_CODE,FINEST;APEX_PROFILING,INFO;CALLOUT,INFO;DB,INFO;NBA,INFO;SYSTEM,DEBUG;VALIDATION,INFO;VISUALFORCE,INFO;WAVE,INFO;WORKFLOW,INFO
Execute Anonymous: BasicProgramming obj = new BasicProgramming();
Execute Anonymous: String result = obj.determineEvenOdd(9);
Execute Anonymous: //System.debug('Number is: '+ result);
Execute Anonymous: //obj.printArray(10);
Execute Anonymous: /*
Execute Anonymous: Integer[] inputArray = new Integer[]{20,5,5,10};
Execute Anonymous: obj.arrayOperations(inputArray);*/
Execute Anonymous: obj.displaySum(5);
07:59:36.1 (1108560)|USER_INFO|[EXTERNAL]|0056F000009ROqM|swaraj@espl.com|Pacific Standard Time|GMT-07:00
07:59:36.1 (1127587)|EXECUTION_STARTED
07:59:36.1 (1133979)|CODE_UNIT_STARTED|[EXTERNAL]|execute_anonymous_apex
07:59:36.1 (12993608)|VARIABLE_SCOPE_BEGIN|[1]|obj|BasicProgramming|true|false
07:59:36.1 (13022520)|VARIABLE_SCOPE_BEGIN|[2]|result|String|false|false
07:59:36.1 (13131206)|HEAP_ALLOCATE|[72]|Bytes:3
07:59:36.1 (13187480)|HEAP_ALLOCATE|[77]|Bytes:152
07:59:36.1 (13200596)|HEAP_ALLOCATE|[342]|Bytes:408
07:59:36.1 (13211713)|HEAP_ALLOCATE|[355]|Bytes:408
07:59:36.1 (13221863)|HEAP_ALLOCATE|[467]|Bytes:48
07:59:36.1 (13246879)|HEAP_ALLOCATE|[139]|Bytes:6
07:59:36.1 (13268990)|HEAP_ALLOCATE|[EXTERNAL]|Bytes:5
07:59:36.1 (13317551)|STATEMENT_EXECUTE|[1]
07:59:36.1 (13320524)|STATEMENT_EXECUTE|[1]
07:59:36.1 (13324273)|HEAP_ALLOCATE|[1]|Bytes:14
07:59:36.1 (13331068)|HEAP_ALLOCATE|[1]|Bytes:33
07:59:36.1 (13366298)|METHOD_ENTRY|[9]|01p6F00000CNPHj|BasicProgramming.BasicProgramming()
07:59:36.1 (13373129)|STATEMENT_EXECUTE|[9]
07:59:36.1 (13376566)|STATEMENT_EXECUTE|[9]
07:59:36.1 (13408120)|HEAP_ALLOCATE|[50]|Bytes:5
07:59:36.1 (13431337)|HEAP_ALLOCATE|[56]|Bytes:5
07:59:36.1 (13439429)|HEAP_ALLOCATE|[64]|Bytes:7
07:59:36.1 (13460261)|SYSTEM_MODE_ENTER|false
07:59:36.1 (13473439)|HEAP_ALLOCATE|[1]|Bytes:5
07:59:36.1 (13481635)|SYSTEM_MODE_EXIT|false
07:59:36.1 (13491470)|METHOD_EXIT|[9]|BasicProgramming
07:59:36.1 (13504991)|HEAP_ALLOCATE|[1]|Bytes:4
07:59:36.1 (13526632)|SYSTEM_MODE_ENTER|false
07:59:36.1 (13539586)|HEAP_ALLOCATE|[1]|Bytes:5
07:59:36.1 (13574273)|CONSTRUCTOR_ENTRY|[1]|01p6F00000CNPHj|<init>()|BasicProgramming
07:59:36.1 (13614106)|VARIABLE_SCOPE_BEGIN|[11]|this|BasicProgramming|true|false
07:59:36.1 (13664010)|VARIABLE_ASSIGNMENT|[11]|this|{}|0x2e9f790c
07:59:36.1 (13678957)|HEAP_ALLOCATE|[EXTERNAL]|Bytes:5
07:59:36.1 (13684157)|STATEMENT_EXECUTE|[9]
07:59:36.1 (13687530)|HEAP_ALLOCATE|[EXTERNAL]|Bytes:5
07:59:36.1 (13696890)|HEAP_ALLOCATE|[EXTERNAL]|Bytes:6
07:59:36.1 (13728542)|STATEMENT_EXECUTE|[11]
07:59:36.1 (13753149)|CONSTRUCTOR_EXIT|[1]|01p6F00000CNPHj|<init>()|BasicProgramming
07:59:36.1 (13766911)|SYSTEM_MODE_EXIT|false
07:59:36.1 (13794275)|VARIABLE_ASSIGNMENT|[1]|obj|{}|0x2e9f790c
07:59:36.1 (13802016)|STATEMENT_EXECUTE|[2]
07:59:36.1 (13825732)|SYSTEM_MODE_ENTER|false
07:59:36.1 (13836080)|HEAP_ALLOCATE|[2]|Bytes:5
07:59:36.1 (13867347)|METHOD_ENTRY|[2]|01p6F00000CNPHj|BasicProgramming.determineEvenOdd(Integer)
07:59:36.1 (13885739)|VARIABLE_SCOPE_BEGIN|[16]|this|BasicProgramming|true|false
07:59:36.1 (13903571)|VARIABLE_ASSIGNMENT|[16]|this|{}|0x2e9f790c
07:59:36.1 (13911512)|VARIABLE_SCOPE_BEGIN|[16]|number1|Integer|false|false
07:59:36.1 (13922007)|VARIABLE_ASSIGNMENT|[16]|number1|9
07:59:36.1 (13936663)|HEAP_ALLOCATE|[17]|Bytes:5
07:59:36.1 (13941526)|STATEMENT_EXECUTE|[16]
07:59:36.1 (13943178)|STATEMENT_EXECUTE|[17]
07:59:36.1 (14240131)|VARIABLE_SCOPE_BEGIN|[2]|System.Math.E|Double|false|true
07:59:36.1 (14253022)|VARIABLE_SCOPE_BEGIN|[3]|System.Math.PI|Double|false|true
07:59:36.1 (14266529)|HEAP_ALLOCATE|[17]|Bytes:206
07:59:36.1 (14278037)|SYSTEM_METHOD_ENTRY|[1]|Math.Math()
07:59:36.1 (14282645)|STATEMENT_EXECUTE|[1]
07:59:36.1 (14337992)|SYSTEM_METHOD_EXIT|[1]|Math
07:59:36.1 (14354044)|METHOD_ENTRY|[17]||System.Math.mod(Integer, Integer)
07:59:36.1 (14443567)|METHOD_EXIT|[17]||System.Math.mod(Integer, Integer)
07:59:36.1 (14450810)|HEAP_ALLOCATE|[17]|Bytes:3
07:59:36.1 (14460314)|METHOD_EXIT|[2]|01p6F00000CNPHj|BasicProgramming.determineEvenOdd(Integer)
07:59:36.1 (14466753)|SYSTEM_MODE_EXIT|false
07:59:36.1 (14485729)|VARIABLE_ASSIGNMENT|[2]|result|"Odd"
07:59:36.1 (14492186)|STATEMENT_EXECUTE|[8]
07:59:36.1 (14513810)|SYSTEM_MODE_ENTER|false
07:59:36.1 (14525408)|HEAP_ALLOCATE|[8]|Bytes:5
07:59:36.1 (14539271)|METHOD_ENTRY|[8]|01p6F00000CNPHj|BasicProgramming.displaySum(Integer)
07:59:36.1 (14561264)|VARIABLE_SCOPE_BEGIN|[99]|this|BasicProgramming|true|false
07:59:36.1 (14580184)|VARIABLE_ASSIGNMENT|[99]|this|{}|0x2e9f790c
07:59:36.1 (14588080)|VARIABLE_SCOPE_BEGIN|[99]|inputNumber|Integer|false|false
07:59:36.1 (14604389)|VARIABLE_ASSIGNMENT|[99]|inputNumber|5
07:59:36.1 (14615826)|HEAP_ALLOCATE|[100]|Bytes:5
07:59:36.1 (14620765)|STATEMENT_EXECUTE|[99]
07:59:36.1 (14622579)|STATEMENT_EXECUTE|[100]
07:59:36.1 (14626046)|VARIABLE_SCOPE_BEGIN|[100]|sum|Integer|false|false
07:59:36.1 (14633125)|HEAP_ALLOCATE|[100]|Bytes:4
07:59:36.1 (14639321)|VARIABLE_ASSIGNMENT|[100]|sum|0
07:59:36.1 (14644546)|STATEMENT_EXECUTE|[101]
07:59:36.1 (14646890)|VARIABLE_SCOPE_BEGIN|[101]|i|Integer|false|false
07:59:36.1 (14653807)|HEAP_ALLOCATE|[101]|Bytes:4
07:59:36.1 (14659610)|VARIABLE_ASSIGNMENT|[101]|i|0
07:59:36.1 (14666098)|STATEMENT_EXECUTE|[101]
07:59:36.1 (14667740)|STATEMENT_EXECUTE|[102]
07:59:36.1 (14670466)|HEAP_ALLOCATE|[102]|Bytes:4
07:59:36.1 (14676459)|VARIABLE_ASSIGNMENT|[102]|sum|0
07:59:36.1 (14681226)|HEAP_ALLOCATE|[101]|Bytes:4
07:59:36.1 (14686279)|VARIABLE_ASSIGNMENT|[101]|i|1
07:59:36.1 (14690584)|STATEMENT_EXECUTE|[101]
07:59:36.1 (14692117)|STATEMENT_EXECUTE|[102]
07:59:36.1 (14693904)|HEAP_ALLOCATE|[102]|Bytes:4
07:59:36.1 (14699656)|VARIABLE_ASSIGNMENT|[102]|sum|1
07:59:36.1 (14703247)|HEAP_ALLOCATE|[101]|Bytes:4
07:59:36.1 (14708237)|VARIABLE_ASSIGNMENT|[101]|i|2
07:59:36.1 (14712582)|STATEMENT_EXECUTE|[101]
07:59:36.1 (14714049)|STATEMENT_EXECUTE|[102]
07:59:36.1 (14716206)|HEAP_ALLOCATE|[102]|Bytes:4
07:59:36.1 (14721430)|VARIABLE_ASSIGNMENT|[102]|sum|3
07:59:36.1 (14725717)|HEAP_ALLOCATE|[101]|Bytes:4
07:59:36.1 (14731125)|VARIABLE_ASSIGNMENT|[101]|i|3
07:59:36.1 (14735510)|STATEMENT_EXECUTE|[101]
07:59:36.1 (14736989)|STATEMENT_EXECUTE|[102]
07:59:36.1 (14739355)|HEAP_ALLOCATE|[102]|Bytes:4
07:59:36.1 (14744743)|VARIABLE_ASSIGNMENT|[102]|sum|6
07:59:36.1 (14748768)|HEAP_ALLOCATE|[101]|Bytes:4
07:59:36.1 (14754054)|VARIABLE_ASSIGNMENT|[101]|i|4
07:59:36.1 (14758396)|STATEMENT_EXECUTE|[101]
07:59:36.1 (14759894)|STATEMENT_EXECUTE|[102]
07:59:36.1 (14761664)|HEAP_ALLOCATE|[102]|Bytes:4
07:59:36.1 (14767129)|VARIABLE_ASSIGNMENT|[102]|sum|10
07:59:36.1 (14771579)|HEAP_ALLOCATE|[101]|Bytes:4
07:59:36.1 (14776746)|VARIABLE_ASSIGNMENT|[101]|i|5
07:59:36.1 (14781708)|STATEMENT_EXECUTE|[104]
07:59:36.1 (14784598)|HEAP_ALLOCATE|[104]|Bytes:8
07:59:36.1 (14828057)|HEAP_ALLOCATE|[104]|Bytes:1
07:59:36.1 (14840584)|HEAP_ALLOCATE|[104]|Bytes:4
07:59:36.1 (14874546)|HEAP_ALLOCATE|[104]|Bytes:2
07:59:36.1 (14903124)|HEAP_ALLOCATE|[104]|Bytes:15
07:59:36.1 (14929907)|USER_DEBUG|[104]|DEBUG|Sum for 5 is 10
07:59:36.1 (14945650)|METHOD_EXIT|[8]|01p6F00000CNPHj|BasicProgramming.displaySum(Integer)
07:59:36.1 (14965882)|SYSTEM_MODE_EXIT|false
07:59:36.15 (15008917)|CUMULATIVE_LIMIT_USAGE
07:59:36.15 (15008917)|LIMIT_USAGE_FOR_NS|(default)|
  Number of SOQL queries: 0 out of 100
  Number of query rows: 0 out of 50000
  Number of SOSL queries: 0 out of 20
  Number of DML statements: 0 out of 150
  Number of DML rows: 0 out of 10000
  Maximum CPU time: 0 out of 10000
  Maximum heap size: 0 out of 6000000
  Number of callouts: 0 out of 100
  Number of Email Invocations: 0 out of 10
  Number of future calls: 0 out of 50
  Number of queueable jobs added to the queue: 0 out of 50
  Number of Mobile Apex push calls: 0 out of 10

07:59:36.15 (15008917)|CUMULATIVE_LIMIT_USAGE_END

07:59:36.1 (15046875)|CODE_UNIT_FINISHED|execute_anonymous_apex
07:59:36.1 (15906887)|EXECUTION_FINISHED
