43.0 APEX_CODE,FINEST;APEX_PROFILING,INFO;CALLOUT,INFO;DB,INFO;NBA,INFO;SYSTEM,DEBUG;VALIDATION,INFO;VISUALFORCE,INFO;WAVE,INFO;WORKFLOW,INFO
Execute Anonymous: BasicProgramming obj = new BasicProgramming();
Execute Anonymous: String result = obj.determineEvenOdd(9);
Execute Anonymous: //System.debug('Number is: '+ result);
Execute Anonymous: List<Integer> resultArray = obj.printArray(5);
Execute Anonymous: for (Integer item: resultArray) {
Execute Anonymous:     System.debug('Item: '+ item);
Execute Anonymous: }
06:13:09.1 (1256013)|USER_INFO|[EXTERNAL]|0056F000009ROqM|swaraj@espl.com|Pacific Standard Time|GMT-07:00
06:13:09.1 (1277700)|EXECUTION_STARTED
06:13:09.1 (1282838)|CODE_UNIT_STARTED|[EXTERNAL]|execute_anonymous_apex
06:13:09.1 (2819653)|VARIABLE_SCOPE_BEGIN|[1]|obj|BasicProgramming|true|false
06:13:09.1 (2849377)|VARIABLE_SCOPE_BEGIN|[2]|result|String|false|false
06:13:09.1 (2877927)|VARIABLE_SCOPE_BEGIN|[4]|resultArray|List<Integer>|true|false
06:13:09.1 (2982289)|HEAP_ALLOCATE|[72]|Bytes:3
06:13:09.1 (3013866)|HEAP_ALLOCATE|[77]|Bytes:152
06:13:09.1 (3028809)|HEAP_ALLOCATE|[342]|Bytes:408
06:13:09.1 (3042576)|HEAP_ALLOCATE|[355]|Bytes:408
06:13:09.1 (3053064)|HEAP_ALLOCATE|[467]|Bytes:48
06:13:09.1 (3078501)|HEAP_ALLOCATE|[139]|Bytes:6
06:13:09.1 (3096274)|HEAP_ALLOCATE|[EXTERNAL]|Bytes:9
06:13:09.1 (3152400)|STATEMENT_EXECUTE|[1]
06:13:09.1 (3155536)|STATEMENT_EXECUTE|[1]
06:13:09.1 (3159672)|HEAP_ALLOCATE|[1]|Bytes:8
06:13:09.1 (3188959)|METHOD_ENTRY|[9]|01p6F00000CNPHj|BasicProgramming.BasicProgramming()
06:13:09.1 (3195711)|STATEMENT_EXECUTE|[9]
06:13:09.1 (3199310)|STATEMENT_EXECUTE|[9]
06:13:09.1 (3234109)|HEAP_ALLOCATE|[50]|Bytes:5
06:13:09.1 (3255681)|HEAP_ALLOCATE|[56]|Bytes:5
06:13:09.1 (3264288)|HEAP_ALLOCATE|[64]|Bytes:7
06:13:09.1 (3281767)|SYSTEM_MODE_ENTER|false
06:13:09.1 (3292916)|HEAP_ALLOCATE|[1]|Bytes:5
06:13:09.1 (3300527)|SYSTEM_MODE_EXIT|false
06:13:09.1 (3309240)|METHOD_EXIT|[9]|BasicProgramming
06:13:09.1 (3322814)|HEAP_ALLOCATE|[1]|Bytes:4
06:13:09.1 (3343131)|SYSTEM_MODE_ENTER|false
06:13:09.1 (3357500)|HEAP_ALLOCATE|[1]|Bytes:5
06:13:09.1 (3367458)|CONSTRUCTOR_ENTRY|[1]|01p6F00000CNPHj|<init>()|BasicProgramming
06:13:09.1 (3392778)|VARIABLE_SCOPE_BEGIN|[10]|this|BasicProgramming|true|false
06:13:09.1 (3432647)|VARIABLE_ASSIGNMENT|[10]|this|{}|0x57868ebb
06:13:09.1 (3444385)|HEAP_ALLOCATE|[EXTERNAL]|Bytes:5
06:13:09.1 (3449143)|STATEMENT_EXECUTE|[9]
06:13:09.1 (3451769)|HEAP_ALLOCATE|[EXTERNAL]|Bytes:5
06:13:09.1 (3460466)|HEAP_ALLOCATE|[EXTERNAL]|Bytes:6
06:13:09.1 (3491528)|STATEMENT_EXECUTE|[10]
06:13:09.1 (3497452)|CONSTRUCTOR_EXIT|[1]|01p6F00000CNPHj|<init>()|BasicProgramming
06:13:09.1 (3505868)|SYSTEM_MODE_EXIT|false
06:13:09.1 (3522818)|VARIABLE_ASSIGNMENT|[1]|obj|{}|0x57868ebb
06:13:09.1 (3529367)|STATEMENT_EXECUTE|[2]
06:13:09.1 (3550462)|SYSTEM_MODE_ENTER|false
06:13:09.1 (3557936)|HEAP_ALLOCATE|[2]|Bytes:5
06:13:09.1 (3586410)|METHOD_ENTRY|[2]|01p6F00000CNPHj|BasicProgramming.determineEvenOdd(Integer)
06:13:09.1 (3602499)|VARIABLE_SCOPE_BEGIN|[15]|this|BasicProgramming|true|false
06:13:09.1 (3616756)|VARIABLE_ASSIGNMENT|[15]|this|{}|0x57868ebb
06:13:09.1 (3623918)|VARIABLE_SCOPE_BEGIN|[15]|number1|Integer|false|false
06:13:09.1 (3634794)|VARIABLE_ASSIGNMENT|[15]|number1|9
06:13:09.1 (3643847)|HEAP_ALLOCATE|[16]|Bytes:5
06:13:09.1 (3647871)|STATEMENT_EXECUTE|[15]
06:13:09.1 (3649505)|STATEMENT_EXECUTE|[16]
06:13:09.1 (3680545)|VARIABLE_SCOPE_BEGIN|[2]|System.Math.E|Double|false|true
06:13:09.1 (3688683)|VARIABLE_SCOPE_BEGIN|[3]|System.Math.PI|Double|false|true
06:13:09.1 (3702462)|HEAP_ALLOCATE|[16]|Bytes:206
06:13:09.1 (3712319)|SYSTEM_METHOD_ENTRY|[1]|Math.Math()
06:13:09.1 (3716206)|STATEMENT_EXECUTE|[1]
06:13:09.1 (3757992)|SYSTEM_METHOD_EXIT|[1]|Math
06:13:09.1 (3770532)|METHOD_ENTRY|[16]||System.Math.mod(Integer, Integer)
06:13:09.1 (3853290)|METHOD_EXIT|[16]||System.Math.mod(Integer, Integer)
06:13:09.1 (3860673)|HEAP_ALLOCATE|[16]|Bytes:3
06:13:09.1 (3868456)|METHOD_EXIT|[2]|01p6F00000CNPHj|BasicProgramming.determineEvenOdd(Integer)
06:13:09.1 (3873951)|SYSTEM_MODE_EXIT|false
06:13:09.1 (3890390)|VARIABLE_ASSIGNMENT|[2]|result|"Odd"
06:13:09.1 (3895612)|STATEMENT_EXECUTE|[4]
06:13:09.1 (3915261)|SYSTEM_MODE_ENTER|false
06:13:09.1 (3922637)|HEAP_ALLOCATE|[4]|Bytes:5
06:13:09.1 (3933856)|METHOD_ENTRY|[4]|01p6F00000CNPHj|BasicProgramming.printArray(Integer)
06:13:09.1 (3947827)|VARIABLE_SCOPE_BEGIN|[33]|this|BasicProgramming|true|false
06:13:09.1 (3963091)|VARIABLE_ASSIGNMENT|[33]|this|{}|0x57868ebb
06:13:09.1 (3969122)|VARIABLE_SCOPE_BEGIN|[33]|arraySize|Integer|false|false
06:13:09.1 (3977243)|VARIABLE_ASSIGNMENT|[33]|arraySize|5
06:13:09.1 (3985897)|HEAP_ALLOCATE|[34]|Bytes:5
06:13:09.1 (3990297)|STATEMENT_EXECUTE|[33]
06:13:09.1 (3992080)|STATEMENT_EXECUTE|[34]
06:13:09.1 (4002012)|HEAP_ALLOCATE|[34]|Bytes:4
06:13:09.1 (4033561)|VARIABLE_SCOPE_BEGIN|[34]|myArray|List<Integer>|true|false
06:13:09.1 (4065078)|HEAP_ALLOCATE|[EXTERNAL]|Bytes:24
06:13:09.1 (4078964)|VARIABLE_ASSIGNMENT|[34]|myArray|[]|0x42d9ae
06:13:09.1 (4085607)|STATEMENT_EXECUTE|[35]
06:13:09.1 (4089127)|VARIABLE_SCOPE_BEGIN|[35]|i|Integer|false|false
06:13:09.1 (4096286)|HEAP_ALLOCATE|[35]|Bytes:4
06:13:09.1 (4102952)|VARIABLE_ASSIGNMENT|[35]|i|10
06:13:09.1 (4129872)|STATEMENT_EXECUTE|[35]
06:13:09.1 (4131632)|STATEMENT_EXECUTE|[38]
06:13:09.1 (4137262)|METHOD_EXIT|[4]|01p6F00000CNPHj|BasicProgramming.printArray(Integer)
06:13:09.1 (4145218)|SYSTEM_MODE_EXIT|false
06:13:09.1 (4159893)|VARIABLE_ASSIGNMENT|[4]|resultArray|[]|0x42d9ae
06:13:09.1 (4219679)|HEAP_ALLOCATE|[5]|Bytes:5
06:13:09.1 (4258749)|VARIABLE_SCOPE_BEGIN|[5]|item|Integer|false|false
06:13:09.1 (4269198)|VARIABLE_ASSIGNMENT|[5]|item|null
06:13:09.1 (4274027)|STATEMENT_EXECUTE|[5]
06:13:09.1 (4275610)|STATEMENT_EXECUTE|[6]
06:13:09.1 (4279239)|HEAP_ALLOCATE|[6]|Bytes:6
06:13:09.1 (4338220)|HEAP_ALLOCATE|[6]|Bytes:10
06:13:09.1 (4362628)|USER_DEBUG|[6]|DEBUG|Item: null
06:13:09.1 (4377850)|HEAP_ALLOCATE|[5]|Bytes:5
06:13:09.1 (4388599)|VARIABLE_SCOPE_BEGIN|[5]|item|Integer|false|false
06:13:09.1 (4397716)|VARIABLE_ASSIGNMENT|[5]|item|null
06:13:09.1 (4403119)|STATEMENT_EXECUTE|[5]
06:13:09.1 (4404695)|STATEMENT_EXECUTE|[6]
06:13:09.1 (4419569)|HEAP_ALLOCATE|[6]|Bytes:10
06:13:09.1 (4426846)|USER_DEBUG|[6]|DEBUG|Item: null
06:13:09.1 (4437499)|HEAP_ALLOCATE|[5]|Bytes:5
06:13:09.1 (4445353)|VARIABLE_SCOPE_BEGIN|[5]|item|Integer|false|false
06:13:09.1 (4453854)|VARIABLE_ASSIGNMENT|[5]|item|null
06:13:09.1 (4457992)|STATEMENT_EXECUTE|[5]
06:13:09.1 (4459397)|STATEMENT_EXECUTE|[6]
06:13:09.1 (4471815)|HEAP_ALLOCATE|[6]|Bytes:10
06:13:09.1 (4478723)|USER_DEBUG|[6]|DEBUG|Item: null
06:13:09.1 (4488651)|HEAP_ALLOCATE|[5]|Bytes:5
06:13:09.1 (4496545)|VARIABLE_SCOPE_BEGIN|[5]|item|Integer|false|false
06:13:09.1 (4505200)|VARIABLE_ASSIGNMENT|[5]|item|null
06:13:09.1 (4509530)|STATEMENT_EXECUTE|[5]
06:13:09.1 (4510926)|STATEMENT_EXECUTE|[6]
06:13:09.1 (4523016)|HEAP_ALLOCATE|[6]|Bytes:10
06:13:09.1 (4529376)|USER_DEBUG|[6]|DEBUG|Item: null
06:13:09.1 (4538867)|HEAP_ALLOCATE|[5]|Bytes:5
06:13:09.1 (4546703)|VARIABLE_SCOPE_BEGIN|[5]|item|Integer|false|false
06:13:09.1 (4554425)|VARIABLE_ASSIGNMENT|[5]|item|null
06:13:09.1 (4558701)|STATEMENT_EXECUTE|[5]
06:13:09.1 (4560181)|STATEMENT_EXECUTE|[6]
06:13:09.1 (4572056)|HEAP_ALLOCATE|[6]|Bytes:10
06:13:09.1 (4578571)|USER_DEBUG|[6]|DEBUG|Item: null
06:13:09.1 (4588272)|HEAP_ALLOCATE|[5]|Bytes:5
06:13:09.1 (4596960)|VARIABLE_ASSIGNMENT|[5]|item|null
06:13:09.4 (4626330)|CUMULATIVE_LIMIT_USAGE
06:13:09.4 (4626330)|LIMIT_USAGE_FOR_NS|(default)|
  Number of SOQL queries: 0 out of 100
  Number of query rows: 0 out of 50000
  Number of SOSL queries: 0 out of 20
  Number of DML statements: 0 out of 150
  Number of DML rows: 0 out of 10000
  Maximum CPU time: 0 out of 10000
  Maximum heap size: 0 out of 6000000
  Number of callouts: 0 out of 100
  Number of Email Invocations: 0 out of 10
  Number of future calls: 0 out of 50
  Number of queueable jobs added to the queue: 0 out of 50
  Number of Mobile Apex push calls: 0 out of 10

06:13:09.4 (4626330)|CUMULATIVE_LIMIT_USAGE_END

06:13:09.1 (4660117)|CODE_UNIT_FINISHED|execute_anonymous_apex
06:13:09.1 (5558150)|EXECUTION_FINISHED
