43.0 APEX_CODE,FINEST;APEX_PROFILING,INFO;CALLOUT,INFO;DB,INFO;NBA,INFO;SYSTEM,DEBUG;VALIDATION,INFO;VISUALFORCE,INFO;WAVE,INFO;WORKFLOW,INFO
Execute Anonymous: BasicProgramming obj = new BasicProgramming();
Execute Anonymous: String result = obj.determineEvenOdd(9);
Execute Anonymous: System.debug('Number is: '+ result);
Execute Anonymous: obj.printArray(5);
05:41:08.1 (1483775)|USER_INFO|[EXTERNAL]|0056F000009ROqM|swaraj@espl.com|Pacific Standard Time|GMT-07:00
05:41:08.1 (1519532)|EXECUTION_STARTED
05:41:08.1 (1526543)|CODE_UNIT_STARTED|[EXTERNAL]|execute_anonymous_apex
05:41:08.1 (15692328)|VARIABLE_SCOPE_BEGIN|[1]|obj|BasicProgramming|true|false
05:41:08.1 (15743523)|VARIABLE_SCOPE_BEGIN|[2]|result|String|false|false
05:41:08.1 (15909073)|HEAP_ALLOCATE|[72]|Bytes:3
05:41:08.1 (15961227)|HEAP_ALLOCATE|[77]|Bytes:152
05:41:08.1 (15983939)|HEAP_ALLOCATE|[342]|Bytes:408
05:41:08.1 (16004615)|HEAP_ALLOCATE|[355]|Bytes:408
05:41:08.1 (16026567)|HEAP_ALLOCATE|[467]|Bytes:48
05:41:08.1 (16069910)|HEAP_ALLOCATE|[139]|Bytes:6
05:41:08.1 (16107591)|HEAP_ALLOCATE|[EXTERNAL]|Bytes:7
05:41:08.1 (16173853)|STATEMENT_EXECUTE|[1]
05:41:08.1 (16178609)|STATEMENT_EXECUTE|[1]
05:41:08.1 (16186548)|HEAP_ALLOCATE|[1]|Bytes:8
05:41:08.1 (16198790)|HEAP_ALLOCATE|[1]|Bytes:2
05:41:08.1 (16244534)|METHOD_ENTRY|[9]|01p6F00000CNPHj|BasicProgramming.BasicProgramming()
05:41:08.1 (16258995)|STATEMENT_EXECUTE|[9]
05:41:08.1 (16265841)|STATEMENT_EXECUTE|[9]
05:41:08.1 (16309278)|HEAP_ALLOCATE|[50]|Bytes:5
05:41:08.1 (16349187)|HEAP_ALLOCATE|[56]|Bytes:5
05:41:08.1 (16365285)|HEAP_ALLOCATE|[64]|Bytes:7
05:41:08.1 (16394696)|SYSTEM_MODE_ENTER|false
05:41:08.1 (16411386)|HEAP_ALLOCATE|[1]|Bytes:5
05:41:08.1 (16422019)|SYSTEM_MODE_EXIT|false
05:41:08.1 (16443693)|METHOD_EXIT|[9]|BasicProgramming
05:41:08.1 (16466276)|HEAP_ALLOCATE|[1]|Bytes:4
05:41:08.1 (16546033)|SYSTEM_MODE_ENTER|false
05:41:08.1 (16571565)|HEAP_ALLOCATE|[1]|Bytes:5
05:41:08.1 (16596042)|CONSTRUCTOR_ENTRY|[1]|01p6F00000CNPHj|<init>()|BasicProgramming
05:41:08.1 (16638413)|VARIABLE_SCOPE_BEGIN|[10]|this|BasicProgramming|true|false
05:41:08.1 (16731710)|VARIABLE_ASSIGNMENT|[10]|this|{}|0x2cbe467d
05:41:08.1 (16756266)|HEAP_ALLOCATE|[EXTERNAL]|Bytes:5
05:41:08.1 (16765550)|STATEMENT_EXECUTE|[9]
05:41:08.1 (16771170)|HEAP_ALLOCATE|[EXTERNAL]|Bytes:5
05:41:08.1 (16787227)|HEAP_ALLOCATE|[EXTERNAL]|Bytes:6
05:41:08.1 (16848594)|STATEMENT_EXECUTE|[10]
05:41:08.1 (16862378)|CONSTRUCTOR_EXIT|[1]|01p6F00000CNPHj|<init>()|BasicProgramming
05:41:08.1 (16877577)|SYSTEM_MODE_EXIT|false
05:41:08.1 (16911442)|VARIABLE_ASSIGNMENT|[1]|obj|{}|0x2cbe467d
05:41:08.1 (16923791)|STATEMENT_EXECUTE|[2]
05:41:08.1 (16964175)|SYSTEM_MODE_ENTER|false
05:41:08.1 (16983335)|HEAP_ALLOCATE|[2]|Bytes:5
05:41:08.1 (17030977)|METHOD_ENTRY|[2]|01p6F00000CNPHj|BasicProgramming.determineEvenOdd(Integer)
05:41:08.1 (17062732)|VARIABLE_SCOPE_BEGIN|[15]|this|BasicProgramming|true|false
05:41:08.1 (17091800)|VARIABLE_ASSIGNMENT|[15]|this|{}|0x2cbe467d
05:41:08.1 (17105586)|VARIABLE_SCOPE_BEGIN|[15]|number1|Integer|false|false
05:41:08.1 (17121876)|VARIABLE_ASSIGNMENT|[15]|number1|9
05:41:08.1 (17141834)|HEAP_ALLOCATE|[16]|Bytes:5
05:41:08.1 (17150025)|STATEMENT_EXECUTE|[15]
05:41:08.1 (17152915)|STATEMENT_EXECUTE|[16]
05:41:08.1 (17198584)|VARIABLE_SCOPE_BEGIN|[2]|System.Math.E|Double|false|true
05:41:08.1 (17213958)|VARIABLE_SCOPE_BEGIN|[3]|System.Math.PI|Double|false|true
05:41:08.1 (17236584)|HEAP_ALLOCATE|[16]|Bytes:206
05:41:08.1 (17255378)|SYSTEM_METHOD_ENTRY|[1]|Math.Math()
05:41:08.1 (17262288)|STATEMENT_EXECUTE|[1]
05:41:08.1 (17334950)|SYSTEM_METHOD_EXIT|[1]|Math
05:41:08.1 (17360308)|METHOD_ENTRY|[16]||System.Math.mod(Integer, Integer)
05:41:08.1 (17501260)|METHOD_EXIT|[16]||System.Math.mod(Integer, Integer)
05:41:08.1 (17515910)|HEAP_ALLOCATE|[16]|Bytes:3
05:41:08.1 (17532173)|METHOD_EXIT|[2]|01p6F00000CNPHj|BasicProgramming.determineEvenOdd(Integer)
05:41:08.1 (17542507)|SYSTEM_MODE_EXIT|false
05:41:08.1 (17568620)|VARIABLE_ASSIGNMENT|[2]|result|"Odd"
05:41:08.1 (17578326)|STATEMENT_EXECUTE|[3]
05:41:08.1 (17583859)|HEAP_ALLOCATE|[3]|Bytes:11
05:41:08.1 (17606961)|HEAP_ALLOCATE|[3]|Bytes:14
05:41:08.1 (17658021)|USER_DEBUG|[3]|DEBUG|Number is: Odd
05:41:08.1 (17677024)|STATEMENT_EXECUTE|[4]
05:41:08.1 (17716671)|SYSTEM_MODE_ENTER|false
05:41:08.1 (17734218)|HEAP_ALLOCATE|[4]|Bytes:5
05:41:08.1 (17758242)|METHOD_ENTRY|[4]|01p6F00000CNPHj|BasicProgramming.printArray(Integer)
05:41:08.1 (17792867)|VARIABLE_SCOPE_BEGIN|[21]|this|BasicProgramming|true|false
05:41:08.1 (17823638)|VARIABLE_ASSIGNMENT|[21]|this|{}|0x2cbe467d
05:41:08.1 (17836988)|VARIABLE_SCOPE_BEGIN|[21]|arraySize|Integer|false|false
05:41:08.1 (17852296)|VARIABLE_ASSIGNMENT|[21]|arraySize|5
05:41:08.1 (17869396)|HEAP_ALLOCATE|[22]|Bytes:5
05:41:08.1 (17878031)|STATEMENT_EXECUTE|[21]
05:41:08.1 (17880848)|STATEMENT_EXECUTE|[22]
05:41:08.1 (17935465)|HEAP_ALLOCATE|[22]|Bytes:4
05:41:08.1 (17990521)|VARIABLE_SCOPE_BEGIN|[22]|myArray|List<Integer>|true|false
05:41:08.1 (18041603)|HEAP_ALLOCATE|[EXTERNAL]|Bytes:24
05:41:08.1 (18066370)|VARIABLE_ASSIGNMENT|[22]|myArray|[]|0x70b296e8
05:41:08.1 (18077505)|STATEMENT_EXECUTE|[23]
05:41:08.1 (18084462)|VARIABLE_SCOPE_BEGIN|[23]|i|Integer|false|false
05:41:08.1 (18096958)|HEAP_ALLOCATE|[23]|Bytes:4
05:41:08.1 (18108931)|VARIABLE_ASSIGNMENT|[23]|i|10
05:41:08.1 (18157222)|STATEMENT_EXECUTE|[23]
05:41:08.1 (18161575)|STATEMENT_EXECUTE|[26]
05:41:08.1 (18166471)|VARIABLE_SCOPE_BEGIN|[26]|i|Integer|false|false
05:41:08.1 (18180116)|HEAP_ALLOCATE|[26]|Bytes:4
05:41:08.1 (18192328)|VARIABLE_ASSIGNMENT|[26]|i|10
05:41:08.1 (18229400)|STATEMENT_EXECUTE|[26]
05:41:08.1 (18242063)|METHOD_EXIT|[4]|01p6F00000CNPHj|BasicProgramming.printArray(Integer)
05:41:08.1 (18256293)|SYSTEM_MODE_EXIT|false
05:41:08.18 (18304756)|CUMULATIVE_LIMIT_USAGE
05:41:08.18 (18304756)|LIMIT_USAGE_FOR_NS|(default)|
  Number of SOQL queries: 0 out of 100
  Number of query rows: 0 out of 50000
  Number of SOSL queries: 0 out of 20
  Number of DML statements: 0 out of 150
  Number of DML rows: 0 out of 10000
  Maximum CPU time: 0 out of 10000
  Maximum heap size: 0 out of 6000000
  Number of callouts: 0 out of 100
  Number of Email Invocations: 0 out of 10
  Number of future calls: 0 out of 50
  Number of queueable jobs added to the queue: 0 out of 50
  Number of Mobile Apex push calls: 0 out of 10

05:41:08.18 (18304756)|CUMULATIVE_LIMIT_USAGE_END

05:41:08.1 (18353909)|CODE_UNIT_FINISHED|execute_anonymous_apex
05:41:08.1 (19387396)|EXECUTION_FINISHED
