43.0 APEX_CODE,FINEST;APEX_PROFILING,INFO;CALLOUT,INFO;DB,INFO;NBA,INFO;SYSTEM,DEBUG;VALIDATION,INFO;VISUALFORCE,INFO;WAVE,INFO;WORKFLOW,INFO
Execute Anonymous: BasicProgramming obj = new BasicProgramming();
Execute Anonymous: String result = obj.determineEvenOdd(9);
Execute Anonymous: //System.debug('Number is: '+ result);
Execute Anonymous: //obj.printArray(10);
Execute Anonymous: Integer[] inputArray = new Integer[]{20,5,15,10};
Execute Anonymous: obj.arrayOperations(inputArray);
07:40:15.1 (1281566)|USER_INFO|[EXTERNAL]|0056F000009ROqM|swaraj@espl.com|Pacific Standard Time|GMT-07:00
07:40:15.1 (1299567)|EXECUTION_STARTED
07:40:15.1 (1303737)|CODE_UNIT_STARTED|[EXTERNAL]|execute_anonymous_apex
07:40:15.1 (1450583)|VARIABLE_SCOPE_BEGIN|[5]|inputArray|List<Integer>|true|false
07:40:15.1 (10050480)|VARIABLE_SCOPE_BEGIN|[1]|obj|BasicProgramming|true|false
07:40:15.1 (10095237)|VARIABLE_SCOPE_BEGIN|[2]|result|String|false|false
07:40:15.1 (10205195)|HEAP_ALLOCATE|[72]|Bytes:3
07:40:15.1 (10249812)|HEAP_ALLOCATE|[77]|Bytes:152
07:40:15.1 (10265589)|HEAP_ALLOCATE|[342]|Bytes:408
07:40:15.1 (10280301)|HEAP_ALLOCATE|[355]|Bytes:408
07:40:15.1 (10293458)|HEAP_ALLOCATE|[467]|Bytes:48
07:40:15.1 (10320439)|HEAP_ALLOCATE|[139]|Bytes:6
07:40:15.1 (10346890)|HEAP_ALLOCATE|[EXTERNAL]|Bytes:7
07:40:15.1 (10393592)|STATEMENT_EXECUTE|[1]
07:40:15.1 (10407853)|STATEMENT_EXECUTE|[1]
07:40:15.1 (10418231)|HEAP_ALLOCATE|[1]|Bytes:11
07:40:15.1 (10425098)|HEAP_ALLOCATE|[1]|Bytes:29
07:40:15.1 (10452716)|METHOD_ENTRY|[9]|01p6F00000CNPHj|BasicProgramming.BasicProgramming()
07:40:15.1 (10459459)|STATEMENT_EXECUTE|[9]
07:40:15.1 (10463128)|STATEMENT_EXECUTE|[9]
07:40:15.1 (10495576)|HEAP_ALLOCATE|[50]|Bytes:5
07:40:15.1 (10518157)|HEAP_ALLOCATE|[56]|Bytes:5
07:40:15.1 (10527060)|HEAP_ALLOCATE|[64]|Bytes:7
07:40:15.1 (10544107)|SYSTEM_MODE_ENTER|false
07:40:15.1 (10555873)|HEAP_ALLOCATE|[1]|Bytes:5
07:40:15.1 (10563158)|SYSTEM_MODE_EXIT|false
07:40:15.1 (10572040)|METHOD_EXIT|[9]|BasicProgramming
07:40:15.1 (10586217)|HEAP_ALLOCATE|[1]|Bytes:4
07:40:15.1 (10611127)|SYSTEM_MODE_ENTER|false
07:40:15.1 (10627448)|HEAP_ALLOCATE|[1]|Bytes:5
07:40:15.1 (10710324)|CONSTRUCTOR_ENTRY|[1]|01p6F00000CNPHj|<init>()|BasicProgramming
07:40:15.1 (10739413)|VARIABLE_SCOPE_BEGIN|[11]|this|BasicProgramming|true|false
07:40:15.1 (10774496)|VARIABLE_ASSIGNMENT|[11]|this|{}|0x3b68ed13
07:40:15.1 (10786756)|HEAP_ALLOCATE|[EXTERNAL]|Bytes:5
07:40:15.1 (10791925)|STATEMENT_EXECUTE|[9]
07:40:15.1 (10795213)|HEAP_ALLOCATE|[EXTERNAL]|Bytes:5
07:40:15.1 (10805038)|HEAP_ALLOCATE|[EXTERNAL]|Bytes:6
07:40:15.1 (10837727)|STATEMENT_EXECUTE|[11]
07:40:15.1 (22516187)|CONSTRUCTOR_EXIT|[1]|01p6F00000CNPHj|<init>()|BasicProgramming
07:40:15.1 (22552379)|SYSTEM_MODE_EXIT|false
07:40:15.1 (22654815)|VARIABLE_ASSIGNMENT|[1]|obj|{}|0x3b68ed13
07:40:15.1 (22668263)|STATEMENT_EXECUTE|[2]
07:40:15.1 (22743802)|SYSTEM_MODE_ENTER|false
07:40:15.1 (22768396)|HEAP_ALLOCATE|[2]|Bytes:5
07:40:15.1 (22831236)|METHOD_ENTRY|[2]|01p6F00000CNPHj|BasicProgramming.determineEvenOdd(Integer)
07:40:15.1 (22869277)|VARIABLE_SCOPE_BEGIN|[16]|this|BasicProgramming|true|false
07:40:15.1 (22893516)|VARIABLE_ASSIGNMENT|[16]|this|{}|0x3b68ed13
07:40:15.1 (22904340)|VARIABLE_SCOPE_BEGIN|[16]|number1|Integer|false|false
07:40:15.1 (22932251)|VARIABLE_ASSIGNMENT|[16]|number1|9
07:40:15.1 (22948753)|HEAP_ALLOCATE|[17]|Bytes:5
07:40:15.1 (22956525)|STATEMENT_EXECUTE|[16]
07:40:15.1 (22959471)|STATEMENT_EXECUTE|[17]
07:40:15.1 (23697443)|VARIABLE_SCOPE_BEGIN|[2]|System.Math.E|Double|false|true
07:40:15.1 (23719566)|VARIABLE_SCOPE_BEGIN|[3]|System.Math.PI|Double|false|true
07:40:15.1 (23747678)|HEAP_ALLOCATE|[17]|Bytes:206
07:40:15.1 (23770609)|SYSTEM_METHOD_ENTRY|[1]|Math.Math()
07:40:15.1 (23777714)|STATEMENT_EXECUTE|[1]
07:40:15.1 (23869665)|SYSTEM_METHOD_EXIT|[1]|Math
07:40:15.1 (23892586)|METHOD_ENTRY|[17]||System.Math.mod(Integer, Integer)
07:40:15.1 (24007562)|METHOD_EXIT|[17]||System.Math.mod(Integer, Integer)
07:40:15.1 (24019377)|HEAP_ALLOCATE|[17]|Bytes:3
07:40:15.1 (24029199)|METHOD_EXIT|[2]|01p6F00000CNPHj|BasicProgramming.determineEvenOdd(Integer)
07:40:15.1 (24035893)|SYSTEM_MODE_EXIT|false
07:40:15.1 (24058653)|VARIABLE_ASSIGNMENT|[2]|result|"Odd"
07:40:15.1 (24064174)|STATEMENT_EXECUTE|[5]
07:40:15.1 (24084269)|HEAP_ALLOCATE|[5]|Bytes:4
07:40:15.1 (24149668)|HEAP_ALLOCATE|[5]|Bytes:4
07:40:15.1 (24158403)|HEAP_ALLOCATE|[5]|Bytes:4
07:40:15.1 (24162518)|HEAP_ALLOCATE|[5]|Bytes:4
07:40:15.1 (24166406)|HEAP_ALLOCATE|[5]|Bytes:4
07:40:15.1 (24207477)|HEAP_ALLOCATE|[EXTERNAL]|Bytes:20
07:40:15.1 (24234719)|VARIABLE_ASSIGNMENT|[5]|inputArray|[20,5,15,10]|0x578ab9ad
07:40:15.1 (24240844)|STATEMENT_EXECUTE|[6]
07:40:15.1 (24269281)|SYSTEM_MODE_ENTER|false
07:40:15.1 (24282763)|HEAP_ALLOCATE|[6]|Bytes:5
07:40:15.1 (24299886)|METHOD_ENTRY|[6]|01p6F00000CNPHj|BasicProgramming.arrayOperations(List<Integer>)
07:40:15.1 (24326128)|VARIABLE_SCOPE_BEGIN|[46]|this|BasicProgramming|true|false
07:40:15.1 (24343525)|VARIABLE_ASSIGNMENT|[46]|this|{}|0x3b68ed13
07:40:15.1 (24350059)|VARIABLE_SCOPE_BEGIN|[46]|inputArray|List<Integer>|true|false
07:40:15.1 (24360692)|VARIABLE_ASSIGNMENT|[46]|inputArray|[20,5,15,10]|0x578ab9ad
07:40:15.1 (24371460)|HEAP_ALLOCATE|[48]|Bytes:5
07:40:15.1 (24377344)|STATEMENT_EXECUTE|[46]
07:40:15.1 (24379456)|STATEMENT_EXECUTE|[48]
07:40:15.1 (24416147)|STATEMENT_EXECUTE|[51]
07:40:15.1 (24420666)|HEAP_ALLOCATE|[51]|Bytes:16
07:40:15.1 (24464994)|USER_DEBUG|[51]|DEBUG|Assending oreder
07:40:15.1 (24476259)|STATEMENT_EXECUTE|[52]
07:40:15.1 (24480871)|VARIABLE_SCOPE_BEGIN|[52]|i|Integer|false|false
07:40:15.1 (24487678)|HEAP_ALLOCATE|[52]|Bytes:4
07:40:15.1 (24495882)|VARIABLE_ASSIGNMENT|[52]|i|0
07:40:15.1 (24519496)|STATEMENT_EXECUTE|[52]
07:40:15.1 (24521632)|STATEMENT_EXECUTE|[53]
07:40:15.1 (24525339)|HEAP_ALLOCATE|[53]|Bytes:17
07:40:15.1 (24565828)|HEAP_ALLOCATE|[53]|Bytes:1
07:40:15.1 (24577367)|HEAP_ALLOCATE|[53]|Bytes:2
07:40:15.1 (24586787)|HEAP_ALLOCATE|[53]|Bytes:8
07:40:15.1 (24599352)|HEAP_ALLOCATE|[53]|Bytes:1
07:40:15.1 (24615428)|HEAP_ALLOCATE|[53]|Bytes:21
07:40:15.1 (24626318)|USER_DEBUG|[53]|DEBUG|Array element at 0is5
07:40:15.1 (24634624)|HEAP_ALLOCATE|[52]|Bytes:4
07:40:15.1 (24642343)|VARIABLE_ASSIGNMENT|[52]|i|1
07:40:15.1 (24655324)|STATEMENT_EXECUTE|[52]
07:40:15.1 (24657227)|STATEMENT_EXECUTE|[53]
07:40:15.1 (24666746)|HEAP_ALLOCATE|[53]|Bytes:1
07:40:15.1 (24676877)|HEAP_ALLOCATE|[53]|Bytes:8
07:40:15.1 (24686182)|HEAP_ALLOCATE|[53]|Bytes:2
07:40:15.1 (24695302)|HEAP_ALLOCATE|[53]|Bytes:22
07:40:15.1 (24703235)|USER_DEBUG|[53]|DEBUG|Array element at 1is10
07:40:15.1 (24709931)|HEAP_ALLOCATE|[52]|Bytes:4
07:40:15.1 (24716184)|VARIABLE_ASSIGNMENT|[52]|i|2
07:40:15.1 (24726654)|STATEMENT_EXECUTE|[52]
07:40:15.1 (24728578)|STATEMENT_EXECUTE|[53]
07:40:15.1 (24737165)|HEAP_ALLOCATE|[53]|Bytes:1
07:40:15.1 (24746402)|HEAP_ALLOCATE|[53]|Bytes:8
07:40:15.1 (24755540)|HEAP_ALLOCATE|[53]|Bytes:2
07:40:15.1 (24764273)|HEAP_ALLOCATE|[53]|Bytes:22
07:40:15.1 (24771273)|USER_DEBUG|[53]|DEBUG|Array element at 2is15
07:40:15.1 (24777471)|HEAP_ALLOCATE|[52]|Bytes:4
07:40:15.1 (24783427)|VARIABLE_ASSIGNMENT|[52]|i|3
07:40:15.1 (24793408)|STATEMENT_EXECUTE|[52]
07:40:15.1 (24795200)|STATEMENT_EXECUTE|[53]
07:40:15.1 (24803602)|HEAP_ALLOCATE|[53]|Bytes:1
07:40:15.1 (24813014)|HEAP_ALLOCATE|[53]|Bytes:8
07:40:15.1 (24822084)|HEAP_ALLOCATE|[53]|Bytes:2
07:40:15.1 (24830810)|HEAP_ALLOCATE|[53]|Bytes:22
07:40:15.1 (24837556)|USER_DEBUG|[53]|DEBUG|Array element at 3is20
07:40:15.1 (24843945)|HEAP_ALLOCATE|[52]|Bytes:4
07:40:15.1 (24849613)|VARIABLE_ASSIGNMENT|[52]|i|4
07:40:15.1 (24860033)|STATEMENT_EXECUTE|[57]
07:40:15.1 (24863127)|HEAP_ALLOCATE|[57]|Bytes:17
07:40:15.1 (24882863)|USER_DEBUG|[57]|DEBUG|Descending oreder
07:40:15.1 (24891832)|STATEMENT_EXECUTE|[58]
07:40:15.1 (24909342)|VARIABLE_SCOPE_BEGIN|[58]|i|Integer|false|false
07:40:15.1 (24916436)|HEAP_ALLOCATE|[58]|Bytes:4
07:40:15.1 (24923468)|VARIABLE_ASSIGNMENT|[58]|i|3
07:40:15.1 (24929344)|STATEMENT_EXECUTE|[58]
07:40:15.1 (24931253)|STATEMENT_EXECUTE|[59]
07:40:15.1 (24952468)|HEAP_ALLOCATE|[59]|Bytes:1
07:40:15.1 (24966353)|HEAP_ALLOCATE|[59]|Bytes:8
07:40:15.1 (24977501)|HEAP_ALLOCATE|[59]|Bytes:2
07:40:15.1 (24987218)|HEAP_ALLOCATE|[59]|Bytes:22
07:40:15.1 (24997105)|USER_DEBUG|[59]|DEBUG|Array element at 3is20
07:40:15.1 (25004914)|HEAP_ALLOCATE|[58]|Bytes:4
07:40:15.1 (25012403)|VARIABLE_ASSIGNMENT|[58]|i|2
07:40:15.1 (25017664)|STATEMENT_EXECUTE|[58]
07:40:15.1 (25019498)|STATEMENT_EXECUTE|[59]
07:40:15.1 (25028949)|HEAP_ALLOCATE|[59]|Bytes:1
07:40:15.1 (25038458)|HEAP_ALLOCATE|[59]|Bytes:8
07:40:15.1 (25047794)|HEAP_ALLOCATE|[59]|Bytes:2
07:40:15.1 (25056559)|HEAP_ALLOCATE|[59]|Bytes:22
07:40:15.1 (25063857)|USER_DEBUG|[59]|DEBUG|Array element at 2is15
07:40:15.1 (25070757)|HEAP_ALLOCATE|[58]|Bytes:4
07:40:15.1 (25076839)|VARIABLE_ASSIGNMENT|[58]|i|1
07:40:15.1 (25081759)|STATEMENT_EXECUTE|[58]
07:40:15.1 (25083506)|STATEMENT_EXECUTE|[59]
07:40:15.1 (25092036)|HEAP_ALLOCATE|[59]|Bytes:1
07:40:15.1 (25101387)|HEAP_ALLOCATE|[59]|Bytes:8
07:40:15.1 (25110458)|HEAP_ALLOCATE|[59]|Bytes:2
07:40:15.1 (25119296)|HEAP_ALLOCATE|[59]|Bytes:22
07:40:15.1 (25125941)|USER_DEBUG|[59]|DEBUG|Array element at 1is10
07:40:15.1 (25132849)|HEAP_ALLOCATE|[58]|Bytes:4
07:40:15.1 (25138969)|VARIABLE_ASSIGNMENT|[58]|i|0
07:40:15.1 (25143755)|STATEMENT_EXECUTE|[58]
07:40:15.1 (25145601)|STATEMENT_EXECUTE|[59]
07:40:15.1 (25153945)|HEAP_ALLOCATE|[59]|Bytes:1
07:40:15.1 (25163114)|HEAP_ALLOCATE|[59]|Bytes:8
07:40:15.1 (25172154)|HEAP_ALLOCATE|[59]|Bytes:1
07:40:15.1 (25180846)|HEAP_ALLOCATE|[59]|Bytes:21
07:40:15.1 (25187762)|USER_DEBUG|[59]|DEBUG|Array element at 0is5
07:40:15.1 (25194503)|HEAP_ALLOCATE|[58]|Bytes:4
07:40:15.1 (25200424)|VARIABLE_ASSIGNMENT|[58]|i|-1
07:40:15.1 (25205678)|STATEMENT_EXECUTE|[63]
07:40:15.1 (25208553)|VARIABLE_SCOPE_BEGIN|[63]|maxValue|Integer|false|false
07:40:15.1 (25220282)|HEAP_ALLOCATE|[63]|Bytes:4
07:40:15.1 (25225961)|VARIABLE_ASSIGNMENT|[63]|maxValue|0
07:40:15.1 (25293679)|HEAP_ALLOCATE|[64]|Bytes:5
07:40:15.1 (25308715)|HEAP_ALLOCATE|[64]|Bytes:8
07:40:15.1 (25316595)|VARIABLE_SCOPE_BEGIN|[64]|value|Integer|false|false
07:40:15.1 (25326146)|VARIABLE_ASSIGNMENT|[64]|value|5
07:40:15.1 (25330959)|STATEMENT_EXECUTE|[64]
07:40:15.1 (25334545)|STATEMENT_EXECUTE|[65]
07:40:15.1 (25336508)|STATEMENT_EXECUTE|[66]
07:40:15.1 (25340512)|VARIABLE_ASSIGNMENT|[66]|maxValue|5
07:40:15.1 (25350577)|HEAP_ALLOCATE|[64]|Bytes:5
07:40:15.1 (25358575)|HEAP_ALLOCATE|[64]|Bytes:8
07:40:15.1 (25363518)|VARIABLE_SCOPE_BEGIN|[64]|value|Integer|false|false
07:40:15.1 (25371420)|VARIABLE_ASSIGNMENT|[64]|value|10
07:40:15.1 (25375489)|STATEMENT_EXECUTE|[64]
07:40:15.1 (25378005)|STATEMENT_EXECUTE|[65]
07:40:15.1 (25379670)|STATEMENT_EXECUTE|[66]
07:40:15.1 (25383470)|VARIABLE_ASSIGNMENT|[66]|maxValue|10
07:40:15.1 (25391667)|HEAP_ALLOCATE|[64]|Bytes:5
07:40:15.1 (25399062)|HEAP_ALLOCATE|[64]|Bytes:8
07:40:15.1 (25403921)|VARIABLE_SCOPE_BEGIN|[64]|value|Integer|false|false
07:40:15.1 (25411489)|VARIABLE_ASSIGNMENT|[64]|value|15
07:40:15.1 (25415332)|STATEMENT_EXECUTE|[64]
07:40:15.1 (25417716)|STATEMENT_EXECUTE|[65]
07:40:15.1 (25419379)|STATEMENT_EXECUTE|[66]
07:40:15.1 (25423163)|VARIABLE_ASSIGNMENT|[66]|maxValue|15
07:40:15.1 (25431166)|HEAP_ALLOCATE|[64]|Bytes:5
07:40:15.1 (25438577)|HEAP_ALLOCATE|[64]|Bytes:8
07:40:15.1 (25443117)|VARIABLE_SCOPE_BEGIN|[64]|value|Integer|false|false
07:40:15.1 (25453652)|VARIABLE_ASSIGNMENT|[64]|value|20
07:40:15.1 (25457603)|STATEMENT_EXECUTE|[64]
07:40:15.1 (25460069)|STATEMENT_EXECUTE|[65]
07:40:15.1 (25461707)|STATEMENT_EXECUTE|[66]
07:40:15.1 (25465432)|VARIABLE_ASSIGNMENT|[66]|maxValue|20
07:40:15.1 (25473783)|HEAP_ALLOCATE|[64]|Bytes:5
07:40:15.1 (25482703)|VARIABLE_ASSIGNMENT|[64]|value|null
07:40:15.1 (25487183)|STATEMENT_EXECUTE|[69]
07:40:15.1 (25490756)|HEAP_ALLOCATE|[69]|Bytes:5
07:40:15.1 (25518821)|HEAP_ALLOCATE|[69]|Bytes:2
07:40:15.1 (25534492)|HEAP_ALLOCATE|[69]|Bytes:7
07:40:15.1 (25545250)|USER_DEBUG|[69]|DEBUG|Max: 20
07:40:15.1 (25552539)|STATEMENT_EXECUTE|[72]
07:40:15.1 (25558974)|HEAP_ALLOCATE|[72]|Bytes:8
07:40:15.1 (25564447)|VARIABLE_SCOPE_BEGIN|[72]|minValue|Integer|false|false
07:40:15.1 (25573970)|VARIABLE_ASSIGNMENT|[72]|minValue|5
07:40:15.1 (25600182)|HEAP_ALLOCATE|[73]|Bytes:5
07:40:15.1 (25609938)|HEAP_ALLOCATE|[73]|Bytes:8
07:40:15.1 (25615900)|VARIABLE_SCOPE_BEGIN|[73]|value|Integer|false|false
07:40:15.1 (25624414)|VARIABLE_ASSIGNMENT|[73]|value|5
07:40:15.1 (25628774)|STATEMENT_EXECUTE|[73]
07:40:15.1 (25632120)|STATEMENT_EXECUTE|[74]
07:40:15.1 (25638748)|HEAP_ALLOCATE|[73]|Bytes:5
07:40:15.1 (25645960)|HEAP_ALLOCATE|[73]|Bytes:8
07:40:15.1 (25650584)|VARIABLE_SCOPE_BEGIN|[73]|value|Integer|false|false
07:40:15.1 (25658113)|VARIABLE_ASSIGNMENT|[73]|value|10
07:40:15.1 (25661802)|STATEMENT_EXECUTE|[73]
07:40:15.1 (25664106)|STATEMENT_EXECUTE|[74]
07:40:15.1 (25669841)|HEAP_ALLOCATE|[73]|Bytes:5
07:40:15.1 (25677044)|HEAP_ALLOCATE|[73]|Bytes:8
07:40:15.1 (25681423)|VARIABLE_SCOPE_BEGIN|[73]|value|Integer|false|false
07:40:15.1 (25688895)|VARIABLE_ASSIGNMENT|[73]|value|15
07:40:15.1 (25692621)|STATEMENT_EXECUTE|[73]
07:40:15.1 (25694984)|STATEMENT_EXECUTE|[74]
07:40:15.1 (25700736)|HEAP_ALLOCATE|[73]|Bytes:5
07:40:15.1 (25707473)|HEAP_ALLOCATE|[73]|Bytes:8
07:40:15.1 (25711982)|VARIABLE_SCOPE_BEGIN|[73]|value|Integer|false|false
07:40:15.1 (25719658)|VARIABLE_ASSIGNMENT|[73]|value|20
07:40:15.1 (25723305)|STATEMENT_EXECUTE|[73]
07:40:15.1 (25725649)|STATEMENT_EXECUTE|[74]
07:40:15.1 (25731431)|HEAP_ALLOCATE|[73]|Bytes:5
07:40:15.1 (25739805)|VARIABLE_ASSIGNMENT|[73]|value|null
07:40:15.1 (25744277)|STATEMENT_EXECUTE|[78]
07:40:15.1 (25747302)|HEAP_ALLOCATE|[78]|Bytes:5
07:40:15.1 (25770770)|HEAP_ALLOCATE|[78]|Bytes:1
07:40:15.1 (25782246)|HEAP_ALLOCATE|[78]|Bytes:6
07:40:15.1 (25791662)|USER_DEBUG|[78]|DEBUG|Min: 5
07:40:15.1 (25798697)|STATEMENT_EXECUTE|[81]
07:40:15.1 (25801622)|HEAP_ALLOCATE|[81]|Bytes:18
07:40:15.1 (25817025)|USER_DEBUG|[81]|DEBUG|Duplication count.
07:40:15.1 (25824433)|STATEMENT_EXECUTE|[82]
07:40:15.1 (25843457)|HEAP_ALLOCATE|[82]|Bytes:4
07:40:15.1 (25859030)|VARIABLE_SCOPE_BEGIN|[82]|duplicateCount|Map<Integer,Integer>|true|false
07:40:15.1 (25882973)|VARIABLE_ASSIGNMENT|[82]|duplicateCount|{}|0x280b1b76
07:40:15.1 (25914187)|HEAP_ALLOCATE|[83]|Bytes:5
07:40:15.1 (25924555)|HEAP_ALLOCATE|[83]|Bytes:8
07:40:15.1 (25930892)|VARIABLE_SCOPE_BEGIN|[83]|key|Integer|false|false
07:40:15.1 (25940348)|VARIABLE_ASSIGNMENT|[83]|key|5
07:40:15.1 (25944678)|STATEMENT_EXECUTE|[83]
07:40:15.1 (25976107)|STATEMENT_EXECUTE|[84]
07:40:15.1 (25978384)|STATEMENT_EXECUTE|[85]
07:40:15.1 (25995400)|HEAP_ALLOCATE|[85]|Bytes:4
07:40:15.1 (26017457)|HEAP_ALLOCATE|[EXTERNAL]|Bytes:-4
07:40:15.1 (26035066)|HEAP_ALLOCATE|[83]|Bytes:5
07:40:15.1 (26043662)|HEAP_ALLOCATE|[83]|Bytes:8
07:40:15.1 (26049913)|VARIABLE_SCOPE_BEGIN|[83]|key|Integer|false|false
07:40:15.1 (26062146)|VARIABLE_ASSIGNMENT|[83]|key|10
07:40:15.1 (26066241)|STATEMENT_EXECUTE|[83]
07:40:15.1 (26075471)|STATEMENT_EXECUTE|[84]
07:40:15.1 (26077353)|STATEMENT_EXECUTE|[85]
07:40:15.1 (26082171)|HEAP_ALLOCATE|[85]|Bytes:4
07:40:15.1 (26086951)|HEAP_ALLOCATE|[EXTERNAL]|Bytes:-4
07:40:15.1 (26097171)|HEAP_ALLOCATE|[83]|Bytes:5
07:40:15.1 (26104736)|HEAP_ALLOCATE|[83]|Bytes:8
07:40:15.1 (26109692)|VARIABLE_SCOPE_BEGIN|[83]|key|Integer|false|false
07:40:15.1 (26117886)|VARIABLE_ASSIGNMENT|[83]|key|15
07:40:15.1 (26121937)|STATEMENT_EXECUTE|[83]
07:40:15.1 (26129558)|STATEMENT_EXECUTE|[84]
07:40:15.1 (26131368)|STATEMENT_EXECUTE|[85]
07:40:15.1 (26135820)|HEAP_ALLOCATE|[85]|Bytes:4
07:40:15.1 (26139704)|HEAP_ALLOCATE|[EXTERNAL]|Bytes:-4
07:40:15.1 (26149030)|HEAP_ALLOCATE|[83]|Bytes:5
07:40:15.1 (26156430)|HEAP_ALLOCATE|[83]|Bytes:8
07:40:15.1 (26161275)|VARIABLE_SCOPE_BEGIN|[83]|key|Integer|false|false
07:40:15.1 (26169104)|VARIABLE_ASSIGNMENT|[83]|key|20
07:40:15.1 (26173015)|STATEMENT_EXECUTE|[83]
07:40:15.1 (26180151)|STATEMENT_EXECUTE|[84]
07:40:15.1 (26181962)|STATEMENT_EXECUTE|[85]
07:40:15.1 (26186289)|HEAP_ALLOCATE|[85]|Bytes:4
07:40:15.1 (26190037)|HEAP_ALLOCATE|[EXTERNAL]|Bytes:-4
07:40:15.1 (26199339)|HEAP_ALLOCATE|[83]|Bytes:5
07:40:15.1 (26208640)|VARIABLE_ASSIGNMENT|[83]|key|null
07:40:15.1 (26226386)|HEAP_ALLOCATE|[93]|Bytes:4
07:40:15.1 (26281695)|HEAP_ALLOCATE|[93]|Bytes:36
07:40:15.1 (26302049)|HEAP_ALLOCATE|[93]|Bytes:16
07:40:15.1 (26321098)|HEAP_ALLOCATE|[93]|Bytes:5
07:40:15.1 (26333093)|VARIABLE_SCOPE_BEGIN|[93]|key|Integer|false|false
07:40:15.1 (26342410)|VARIABLE_ASSIGNMENT|[93]|key|5
07:40:15.1 (26346695)|STATEMENT_EXECUTE|[93]
07:40:15.1 (26348649)|STATEMENT_EXECUTE|[94]
07:40:15.1 (26374189)|HEAP_ALLOCATE|[94]|Bytes:1
07:40:15.1 (26385440)|HEAP_ALLOCATE|[94]|Bytes:3
07:40:15.1 (26407229)|HEAP_ALLOCATE|[94]|Bytes:1
07:40:15.1 (26420552)|HEAP_ALLOCATE|[94]|Bytes:5
07:40:15.1 (26431596)|USER_DEBUG|[94]|DEBUG|5 : 0
07:40:15.1 (26445406)|HEAP_ALLOCATE|[93]|Bytes:5
07:40:15.1 (26455694)|VARIABLE_SCOPE_BEGIN|[93]|key|Integer|false|false
07:40:15.1 (26465010)|VARIABLE_ASSIGNMENT|[93]|key|10
07:40:15.1 (26469203)|STATEMENT_EXECUTE|[93]
07:40:15.1 (26470942)|STATEMENT_EXECUTE|[94]
07:40:15.1 (26481142)|HEAP_ALLOCATE|[94]|Bytes:2
07:40:15.1 (26500995)|HEAP_ALLOCATE|[94]|Bytes:1
07:40:15.1 (26509961)|HEAP_ALLOCATE|[94]|Bytes:6
07:40:15.1 (26517234)|USER_DEBUG|[94]|DEBUG|10 : 0
07:40:15.1 (26528351)|HEAP_ALLOCATE|[93]|Bytes:5
07:40:15.1 (26537629)|VARIABLE_SCOPE_BEGIN|[93]|key|Integer|false|false
07:40:15.1 (26546448)|VARIABLE_ASSIGNMENT|[93]|key|15
07:40:15.1 (26550415)|STATEMENT_EXECUTE|[93]
07:40:15.1 (26552067)|STATEMENT_EXECUTE|[94]
07:40:15.1 (26561436)|HEAP_ALLOCATE|[94]|Bytes:2
07:40:15.1 (26580142)|HEAP_ALLOCATE|[94]|Bytes:1
07:40:15.1 (26588907)|HEAP_ALLOCATE|[94]|Bytes:6
07:40:15.1 (26595955)|USER_DEBUG|[94]|DEBUG|15 : 0
07:40:15.1 (26607172)|HEAP_ALLOCATE|[93]|Bytes:5
07:40:15.1 (26615986)|VARIABLE_SCOPE_BEGIN|[93]|key|Integer|false|false
07:40:15.1 (26624768)|VARIABLE_ASSIGNMENT|[93]|key|20
07:40:15.1 (26628800)|STATEMENT_EXECUTE|[93]
07:40:15.1 (26630475)|STATEMENT_EXECUTE|[94]
07:40:15.1 (26639652)|HEAP_ALLOCATE|[94]|Bytes:2
07:40:15.1 (26658216)|HEAP_ALLOCATE|[94]|Bytes:1
07:40:15.1 (26667209)|HEAP_ALLOCATE|[94]|Bytes:6
07:40:15.1 (26674410)|USER_DEBUG|[94]|DEBUG|20 : 0
07:40:15.1 (26685533)|HEAP_ALLOCATE|[93]|Bytes:5
07:40:15.1 (26695282)|VARIABLE_ASSIGNMENT|[93]|key|null
07:40:15.1 (26705970)|METHOD_EXIT|[6]|01p6F00000CNPHj|BasicProgramming.arrayOperations(List<Integer>)
07:40:15.1 (26713156)|SYSTEM_MODE_EXIT|false
07:40:15.26 (26763629)|CUMULATIVE_LIMIT_USAGE
07:40:15.26 (26763629)|LIMIT_USAGE_FOR_NS|(default)|
  Number of SOQL queries: 0 out of 100
  Number of query rows: 0 out of 50000
  Number of SOSL queries: 0 out of 20
  Number of DML statements: 0 out of 150
  Number of DML rows: 0 out of 10000
  Maximum CPU time: 0 out of 10000
  Maximum heap size: 0 out of 6000000
  Number of callouts: 0 out of 100
  Number of Email Invocations: 0 out of 10
  Number of future calls: 0 out of 50
  Number of queueable jobs added to the queue: 0 out of 50
  Number of Mobile Apex push calls: 0 out of 10

07:40:15.26 (26763629)|CUMULATIVE_LIMIT_USAGE_END

07:40:15.1 (26806010)|CODE_UNIT_FINISHED|execute_anonymous_apex
07:40:15.1 (27733837)|EXECUTION_FINISHED
